<?xml version="1.0" encoding="UTF-8"?>
<testsuite name="comprobantectacte-20240612163314" tests="2" file=".py" time="220.695" timestamp="2024-06-12T16:36:55" failures="0" errors="2" skipped="0">
	<testcase classname="comprobantectacte" name="test_vouchers_ctacte" time="0.000" timestamp="0001-01-01T00:00:00" file="comproCtaCte.py" line="16">
		<error type="AttributeError" message="'NoneType' object has no attribute 'is_displayed'"><![CDATA[Traceback (most recent call last):
  File "c:\Users\luist\repos\Automatizaciones-SILOHUB-\comproCtaCte.py", line 104, in test_vouchers_ctacte
    find_elements(self.driver,  download_button1)
  File "c:\Users\luist\repos\Automatizaciones-SILOHUB-\Elements.py", line 19, in find_elements
    select_nex_button = WebDriverWait(driver, 10).until(
  File "C:\Users\luist\AppData\Roaming\Python\Python310\site-packages\selenium\webdriver\support\wait.py", line 96, in until
    value = method(self._driver)
  File "C:\Users\luist\AppData\Roaming\Python\Python310\site-packages\selenium\webdriver\support\expected_conditions.py", line 364, in _predicate
    element = visibility_of(target)(driver)
  File "C:\Users\luist\AppData\Roaming\Python\Python310\site-packages\selenium\webdriver\support\expected_conditions.py", line 173, in _predicate
    return _element_if_visible(element)
  File "C:\Users\luist\AppData\Roaming\Python\Python310\site-packages\selenium\webdriver\support\expected_conditions.py", line 179, in _element_if_visible
    return element if element.is_displayed() == visibility else False
AttributeError: 'NoneType' object has no attribute 'is_displayed'
]]></error>
		<system-out><![CDATA[El texto encontrado es  COMPROBANTES
¡Elemento encontrado y clickeado 5 veces con éxito!
¡Elemento encontrado y clickeado 1 veces con éxito!
Tiempo de espera agotado. El texto por xpaht no está presente.
Tiempo de espera agotado. El elemento no está presente o no es clickeable.
Tiempo de espera agotado. El texto por xpaht no está presente.
Tiempo de espera agotado. El elemento no está presente o no es visible.
Tiempo de espera agotado. El texto por xpaht no está presente.
]]></system-out>
	</testcase>
	<testcase classname="comprobantectacte" name="test_vouchers_ctacte" time="220.695" timestamp="2024-06-12T16:36:55" file="comproCtaCte.py" line="16">
		<error type="NoSuchWindowException" message="Message: no such window: target window already closed
from unknown error: web view not found
  (Session info: chrome=125.0.6422.144)
Stacktrace:
	GetHandleVerifier [0x00007FF7D2771F52+60322]
	(No symbol) [0x00007FF7D26ECEC9]
	(No symbol) [0x00007FF7D25A7EBA]
	(No symbol) [0x00007FF7D257D5A5]
	(No symbol) [0x00007FF7D26236B7]
	(No symbol) [0x00007FF7D262A812]
	(No symbol) [0x00007FF7D261C1E0]
	(No symbol) [0x00007FF7D25E9617]
	(No symbol) [0x00007FF7D25EA211]
	GetHandleVerifier [0x00007FF7D2A894AD+3301629]
	GetHandleVerifier [0x00007FF7D2AD36D3+3605283]
	GetHandleVerifier [0x00007FF7D2AC9450+3563680]
	GetHandleVerifier [0x00007FF7D2824326+790390]
	(No symbol) [0x00007FF7D26F750F]
	(No symbol) [0x00007FF7D26F3404]
	(No symbol) [0x00007FF7D26F3592]
	(No symbol) [0x00007FF7D26E2F9F]
	BaseThreadInitThunk [0x00007FFBED37257D+29]
	RtlUserThreadStart [0x00007FFBEECEAA48+40]
"><![CDATA[Traceback (most recent call last):
  File "c:\Users\luist\repos\Automatizaciones-SILOHUB-\comproCtaCte.py", line 130, in tearDown
    self.driver.close()
  File "C:\Users\luist\AppData\Roaming\Python\Python310\site-packages\selenium\webdriver\remote\webdriver.py", line 459, in close
    self.execute(Command.CLOSE)
  File "C:\Users\luist\AppData\Roaming\Python\Python310\site-packages\selenium\webdriver\remote\webdriver.py", line 348, in execute
    self.error_handler.check_response(response)
  File "C:\Users\luist\AppData\Roaming\Python\Python310\site-packages\selenium\webdriver\remote\errorhandler.py", line 229, in check_response
    raise exception_class(message, screen, stacktrace)
selenium.common.exceptions.NoSuchWindowException: Message: no such window: target window already closed
from unknown error: web view not found
  (Session info: chrome=125.0.6422.144)
Stacktrace:
	GetHandleVerifier [0x00007FF7D2771F52+60322]
	(No symbol) [0x00007FF7D26ECEC9]
	(No symbol) [0x00007FF7D25A7EBA]
	(No symbol) [0x00007FF7D257D5A5]
	(No symbol) [0x00007FF7D26236B7]
	(No symbol) [0x00007FF7D262A812]
	(No symbol) [0x00007FF7D261C1E0]
	(No symbol) [0x00007FF7D25E9617]
	(No symbol) [0x00007FF7D25EA211]
	GetHandleVerifier [0x00007FF7D2A894AD+3301629]
	GetHandleVerifier [0x00007FF7D2AD36D3+3605283]
	GetHandleVerifier [0x00007FF7D2AC9450+3563680]
	GetHandleVerifier [0x00007FF7D2824326+790390]
	(No symbol) [0x00007FF7D26F750F]
	(No symbol) [0x00007FF7D26F3404]
	(No symbol) [0x00007FF7D26F3592]
	(No symbol) [0x00007FF7D26E2F9F]
	BaseThreadInitThunk [0x00007FFBED37257D+29]
	RtlUserThreadStart [0x00007FFBEECEAA48+40]

]]></error>
		<system-out><![CDATA[El texto encontrado es  COMPROBANTES
¡Elemento encontrado y clickeado 5 veces con éxito!
¡Elemento encontrado y clickeado 1 veces con éxito!
Tiempo de espera agotado. El texto por xpaht no está presente.
Tiempo de espera agotado. El elemento no está presente o no es clickeable.
Tiempo de espera agotado. El texto por xpaht no está presente.
Tiempo de espera agotado. El elemento no está presente o no es visible.
Tiempo de espera agotado. El texto por xpaht no está presente.
]]></system-out>
	</testcase>
</testsuite>
