<?xml version="1.0" encoding="UTF-8"?>
<testsuite name="comprobantectacte-20240612160845" tests="1" file=".py" time="325.047" timestamp="2024-06-12T16:14:10" failures="0" errors="0" skipped="0">
	<testcase classname="comprobantectacte" name="test_vouchers_ctacte" time="325.047" timestamp="2024-06-12T16:14:10" file="comproCtaCte.py" line="16">
		<system-out><![CDATA[El texto encontrado es  COMPROBANTES
¡Elemento encontrado y clickeado 5 veces con éxito!
¡Elemento encontrado y clickeado 1 veces con éxito!
Tiempo de espera agotado. El texto por xpaht no está presente.
Tiempo de espera agotado. El elemento no está presente o no es clickeable.
Tiempo de espera agotado. El texto por xpaht no está presente.
Tiempo de espera agotado. El elemento no está presente o no es visible.
Tiempo de espera agotado. El texto por xpaht no está presente.
Tiempo de espera agotado. El elemento no está presente o no es clickeable.
Tiempo de espera agotado. El elemento no está presente o no es clickeable.
Tiempo de espera agotado. El texto por xpaht no está presente.
Tiempo de espera agotado. El elemento no está presente o no es clickeable.
]]></system-out>
	</testcase>
</testsuite>
