<?xml version="1.0" encoding="UTF-8"?>
<testsuite name="cta_cte_apliAvencer-20241009131219" tests="2" file=".py" time="47.906" timestamp="2024-10-09T13:13:07" failures="0" errors="2" skipped="0">
	<testcase classname="cta_cte_apliAvencer" name="test_ctacte_apliAvencer" time="0.000" timestamp="0001-01-01T00:00:00" file="ctacte_ApliAvencer.py" line="18">
		<error type="NoSuchWindowException" message="Message: no such window: target window already closed
from unknown error: web view not found
  (Session info: chrome=129.0.6668.90)
Stacktrace:
	GetHandleVerifier [0x00007FF6B8A8B675+29573]
	(No symbol) [0x00007FF6B8A004A0]
	(No symbol) [0x00007FF6B88BB6EA]
	(No symbol) [0x00007FF6B888FCD5]
	(No symbol) [0x00007FF6B893EF67]
	(No symbol) [0x00007FF6B8957FC1]
	(No symbol) [0x00007FF6B89370A3]
	(No symbol) [0x00007FF6B89012DF]
	(No symbol) [0x00007FF6B8902441]
	GetHandleVerifier [0x00007FF6B8DBC5BD+3375821]
	GetHandleVerifier [0x00007FF6B8E079B7+3684039]
	GetHandleVerifier [0x00007FF6B8DFCDDB+3640043]
	GetHandleVerifier [0x00007FF6B8B4B7F6+816390]
	(No symbol) [0x00007FF6B8A0B7AF]
	(No symbol) [0x00007FF6B8A075D4]
	(No symbol) [0x00007FF6B8A07770]
	(No symbol) [0x00007FF6B89F65CF]
	BaseThreadInitThunk [0x00007FFFD2F3257D+29]
	RtlUserThreadStart [0x00007FFFD420AF08+40]
"><![CDATA[Traceback (most recent call last):
  File "c:\Users\luist\repos\Automatizaciones_M-dulos-\ctacte_ApliAvencer.py", line 20, in test_ctacte_apliAvencer
    self.login_helper.login("admingd@silohub.ag", "G@viglio123")
  File "c:\Users\luist\repos\Automatizaciones_M-dulos-\loginhelper.py", line 9, in login
    user = find_element_by_id(self.driver, "email")  # asegÃºrate de pasar self.driver
  File "c:\Users\luist\repos\Automatizaciones_M-dulos-\findElements.py", line 10, in find_element_by_id
    return WebDriverWait(driver, 10).until(EC.presence_of_element_located((By.ID, id)))
  File "C:\Users\luist\AppData\Roaming\Python\Python310\site-packages\selenium\webdriver\support\wait.py", line 96, in until
    value = method(self._driver)
  File "C:\Users\luist\AppData\Roaming\Python\Python310\site-packages\selenium\webdriver\support\expected_conditions.py", line 84, in _predicate
    return driver.find_element(*locator)
  File "C:\Users\luist\AppData\Roaming\Python\Python310\site-packages\selenium\webdriver\remote\webdriver.py", line 748, in find_element
    return self.execute(Command.FIND_ELEMENT, {"using": by, "value": value})["value"]
  File "C:\Users\luist\AppData\Roaming\Python\Python310\site-packages\selenium\webdriver\remote\webdriver.py", line 354, in execute
    self.error_handler.check_response(response)
  File "C:\Users\luist\AppData\Roaming\Python\Python310\site-packages\selenium\webdriver\remote\errorhandler.py", line 229, in check_response
    raise exception_class(message, screen, stacktrace)
selenium.common.exceptions.NoSuchWindowException: Message: no such window: target window already closed
from unknown error: web view not found
  (Session info: chrome=129.0.6668.90)
Stacktrace:
	GetHandleVerifier [0x00007FF6B8A8B675+29573]
	(No symbol) [0x00007FF6B8A004A0]
	(No symbol) [0x00007FF6B88BB6EA]
	(No symbol) [0x00007FF6B888FCD5]
	(No symbol) [0x00007FF6B893EF67]
	(No symbol) [0x00007FF6B8957FC1]
	(No symbol) [0x00007FF6B89370A3]
	(No symbol) [0x00007FF6B89012DF]
	(No symbol) [0x00007FF6B8902441]
	GetHandleVerifier [0x00007FF6B8DBC5BD+3375821]
	GetHandleVerifier [0x00007FF6B8E079B7+3684039]
	GetHandleVerifier [0x00007FF6B8DFCDDB+3640043]
	GetHandleVerifier [0x00007FF6B8B4B7F6+816390]
	(No symbol) [0x00007FF6B8A0B7AF]
	(No symbol) [0x00007FF6B8A075D4]
	(No symbol) [0x00007FF6B8A07770]
	(No symbol) [0x00007FF6B89F65CF]
	BaseThreadInitThunk [0x00007FFFD2F3257D+29]
	RtlUserThreadStart [0x00007FFFD420AF08+40]

]]></error>
	</testcase>
	<testcase classname="cta_cte_apliAvencer" name="test_ctacte_apliAvencer" time="47.906" timestamp="2024-10-09T13:13:07" file="ctacte_ApliAvencer.py" line="18">
		<error type="NoSuchWindowException" message="Message: no such window: target window already closed
from unknown error: web view not found
  (Session info: chrome=129.0.6668.90)
Stacktrace:
	GetHandleVerifier [0x00007FF6B8A8B675+29573]
	(No symbol) [0x00007FF6B8A004A0]
	(No symbol) [0x00007FF6B88BB6EA]
	(No symbol) [0x00007FF6B888FCD5]
	(No symbol) [0x00007FF6B893EF67]
	(No symbol) [0x00007FF6B89464F8]
	(No symbol) [0x00007FF6B89372C0]
	(No symbol) [0x00007FF6B89012DF]
	(No symbol) [0x00007FF6B8902441]
	GetHandleVerifier [0x00007FF6B8DBC5BD+3375821]
	GetHandleVerifier [0x00007FF6B8E079B7+3684039]
	GetHandleVerifier [0x00007FF6B8DFCDDB+3640043]
	GetHandleVerifier [0x00007FF6B8B4B7F6+816390]
	(No symbol) [0x00007FF6B8A0B7AF]
	(No symbol) [0x00007FF6B8A075D4]
	(No symbol) [0x00007FF6B8A07770]
	(No symbol) [0x00007FF6B89F65CF]
	BaseThreadInitThunk [0x00007FFFD2F3257D+29]
	RtlUserThreadStart [0x00007FFFD420AF08+40]
"><![CDATA[Traceback (most recent call last):
  File "c:\Users\luist\repos\Automatizaciones_M-dulos-\ctacte_ApliAvencer.py", line 158, in tearDown
    self.driver.close()
  File "C:\Users\luist\AppData\Roaming\Python\Python310\site-packages\selenium\webdriver\remote\webdriver.py", line 465, in close
    self.execute(Command.CLOSE)
  File "C:\Users\luist\AppData\Roaming\Python\Python310\site-packages\selenium\webdriver\remote\webdriver.py", line 354, in execute
    self.error_handler.check_response(response)
  File "C:\Users\luist\AppData\Roaming\Python\Python310\site-packages\selenium\webdriver\remote\errorhandler.py", line 229, in check_response
    raise exception_class(message, screen, stacktrace)
selenium.common.exceptions.NoSuchWindowException: Message: no such window: target window already closed
from unknown error: web view not found
  (Session info: chrome=129.0.6668.90)
Stacktrace:
	GetHandleVerifier [0x00007FF6B8A8B675+29573]
	(No symbol) [0x00007FF6B8A004A0]
	(No symbol) [0x00007FF6B88BB6EA]
	(No symbol) [0x00007FF6B888FCD5]
	(No symbol) [0x00007FF6B893EF67]
	(No symbol) [0x00007FF6B89464F8]
	(No symbol) [0x00007FF6B89372C0]
	(No symbol) [0x00007FF6B89012DF]
	(No symbol) [0x00007FF6B8902441]
	GetHandleVerifier [0x00007FF6B8DBC5BD+3375821]
	GetHandleVerifier [0x00007FF6B8E079B7+3684039]
	GetHandleVerifier [0x00007FF6B8DFCDDB+3640043]
	GetHandleVerifier [0x00007FF6B8B4B7F6+816390]
	(No symbol) [0x00007FF6B8A0B7AF]
	(No symbol) [0x00007FF6B8A075D4]
	(No symbol) [0x00007FF6B8A07770]
	(No symbol) [0x00007FF6B89F65CF]
	BaseThreadInitThunk [0x00007FFFD2F3257D+29]
	RtlUserThreadStart [0x00007FFFD420AF08+40]

]]></error>
	</testcase>
</testsuite>
