<?xml version="1.0" encoding="UTF-8"?>
<testsuite name="cta_cte_apliAvencer-20241009132433" tests="1" file=".py" time="74.975" timestamp="2024-10-09T13:25:48" failures="0" errors="0" skipped="0">
	<testcase classname="cta_cte_apliAvencer" name="test_ctacte_apliAvencer" time="74.975" timestamp="2024-10-09T13:25:48" file="ctacte_ApliAvencer.py" line="18">
		<system-out><![CDATA[El texto encontrado es  Cuenta Corriente Aplicada
El valor es un carácter numérico. Valor: -457.168.003,77
El valor es un carácter numérico. Valor: -286.131.590,64
El valor es un carácter numérico. Valor: -821.106,16
El texto encontrado es  CUENTA CORRIENTE
El valor es un string. Valor: Movimiento FC 1118 00082264
El valor es un string. Valor: - ARS 12.082.809,70
El valor es un string. Valor: GASTOS COMER. S/ 373030 KGRS. Soja Cosecha 2324-
]]></system-out>
	</testcase>
</testsuite>
