<?xml version="1.0" encoding="UTF-8"?>
<testsuite name="cta_cte_apliAvencer-20240405135530" tests="1" file=".py" time="57.081" timestamp="2024-04-05T13:56:27" failures="0" errors="0" skipped="0">
	<testcase classname="cta_cte_apliAvencer" name="test_ctacte_apliAvencer" time="57.081" timestamp="2024-04-05T13:56:27" file="CtaCte_ApliAvencer.py" line="17">
		<system-out><![CDATA[¡Elemento encontrado y clickeado con éxito!
¡Elemento encontrado y clickeado con éxito!
¡Elemento encontrado y clickeado con éxito!
¡Elemento encontrado y clickeado con éxito!
¡Elemento encontrado y clickeado con éxito!
¡Elemento encontrado y clickeado con éxito!
¡Elemento encontrado y clickeado con éxito!
¡Elemento encontrado y clickeado con éxito!
¡Elemento encontrado y clickeado 6 veces con éxito!
¡Elemento encontrado y clickeado con éxito!
¡Elemento encontrado y clickeado 2 veces con éxito!
¡Elemento encontrado y clickeado con éxito!
¡Elemento encontrado y clickeado con éxito!
El texto encontrado es  Cuenta Corriente Aplicada
El valor es un carácter numérico. Valor: -66.143.502,81
El valor es un carácter numérico. Valor: 0,00
El valor es un carácter numérico. Valor: 1.267.912,56
¡Elemento encontrado y clickeado con éxito!
¡Elemento encontrado y clickeado con éxito!
¡Elemento encontrado y clickeado con éxito!
¡Elemento encontrado y clickeado con éxito!
¡Elemento encontrado y clickeado con éxito!
¡Elemento encontrado y clickeado con éxito!
El texto encontrado es  CUENTA CORRIENTE
El texto encontrado es  Movimiento NC 1051 00007140
El texto encontrado es  USD 236,68
El texto encontrado es  NC Bonificacion afecta a fra. 1051-14310-(3 bidon
¡Elemento encontrado y clickeado con éxito!
]]></system-out>
	</testcase>
</testsuite>
