<?xml version="1.0" encoding="UTF-8"?>
<testsuite name="cta_cte_apliAvencer-20240312161809" tests="1" file=".py" time="54.949" timestamp="2024-03-12T16:19:04" failures="0" errors="0" skipped="0">
	<testcase classname="cta_cte_apliAvencer" name="test_ctacte_apliAvencer" time="54.949" timestamp="2024-03-12T16:19:04" file="ctacte_ApliAvencer.py" line="17">
		<system-out><![CDATA[¡Elemento encontrado y clickeado con éxito!
¡Elemento encontrado y clickeado con éxito!
¡Elemento encontrado y clickeado con éxito!
¡Elemento encontrado y clickeado con éxito!
¡Elemento encontrado y clickeado con éxito!
¡Elemento encontrado y clickeado con éxito!
¡Elemento encontrado y clickeado con éxito!
¡Elemento encontrado y clickeado con éxito!
¡Elemento encontrado y clickeado 5 veces con éxito!
¡Elemento encontrado y clickeado con éxito!
¡Elemento encontrado y clickeado 1 veces con éxito!
¡Elemento encontrado y clickeado con éxito!
¡Elemento encontrado y clickeado con éxito!
El texto encontrado es  Cuenta Corriente Aplicada
El valor es un carácter numérico. Valor: -167.604.855,62
El valor es un carácter numérico. Valor: 48.426.851,17
El valor es un carácter numérico. Valor: 2.580.333,92
¡Elemento encontrado y clickeado con éxito!
¡Elemento encontrado y clickeado con éxito!
¡Elemento encontrado y clickeado con éxito!
¡Elemento encontrado y clickeado con éxito!
¡Elemento encontrado y clickeado con éxito!
¡Elemento encontrado y clickeado con éxito!
El texto encontrado es  CUENTA CORRIENTE
El texto encontrado es  Movimiento FC 1118 00075686
El texto encontrado es  + ARS 207.368,71
El texto encontrado 'GASTOS COMER. S/ 30120 KGRS. Trig Cosecha 2324-E' no coincide con el esperado 'GASTOS COMER. S/ 30120 KGRS.  Trig Cosecha 2324-E'
¡Elemento encontrado y clickeado con éxito!
]]></system-out>
	</testcase>
</testsuite>
