<?xml version="1.0" encoding="UTF-8"?>
<testsuite name="cta_cte_pesiFechaVevcimientoV2-20241028163024" tests="2" file=".py" time="50.990" timestamp="2024-10-28T16:31:15" failures="0" errors="2" skipped="0">
	<testcase classname="cta_cte_pesiFechaVevcimientoV2" name="test_ctacte_Date_expiration" time="0.000" timestamp="0001-01-01T00:00:00" file="ctacte_PesiFechaComproV2.py" line="18">
		<error type="WebDriverException" message="Message: Failed to decode response from marionette
"><![CDATA[Traceback (most recent call last):
  File "c:\Users\luist\repos\Automatizaciones_M-dulos-\ctacte_PesiFechaComproV2.py", line 102, in test_ctacte_Date_expiration
    find_elements(self.driver,   select_button)
  File "c:\Users\luist\repos\Automatizaciones_M-dulos-\Elements.py", line 19, in find_elements
    select_nex_button = WebDriverWait(driver, 10).until(
  File "C:\Users\luist\AppData\Roaming\Python\Python310\site-packages\selenium\webdriver\support\wait.py", line 96, in until
    value = method(self._driver)
  File "C:\Users\luist\AppData\Roaming\Python\Python310\site-packages\selenium\webdriver\support\expected_conditions.py", line 363, in _predicate
    target = driver.find_element(*target)  # grab element at locator
  File "C:\Users\luist\AppData\Roaming\Python\Python310\site-packages\selenium\webdriver\remote\webdriver.py", line 748, in find_element
    return self.execute(Command.FIND_ELEMENT, {"using": by, "value": value})["value"]
  File "C:\Users\luist\AppData\Roaming\Python\Python310\site-packages\selenium\webdriver\remote\webdriver.py", line 354, in execute
    self.error_handler.check_response(response)
  File "C:\Users\luist\AppData\Roaming\Python\Python310\site-packages\selenium\webdriver\remote\errorhandler.py", line 229, in check_response
    raise exception_class(message, screen, stacktrace)
selenium.common.exceptions.WebDriverException: Message: Failed to decode response from marionette

]]></error>
		<system-out><![CDATA[El texto encontrado es  CUENTA PESIFICADA
El valor es un carácter numérico. Valor: -341.409.357,05
]]></system-out>
	</testcase>
	<testcase classname="cta_cte_pesiFechaVevcimientoV2" name="test_ctacte_Date_expiration" time="50.990" timestamp="2024-10-28T16:31:15" file="ctacte_PesiFechaComproV2.py" line="18">
		<error type="InvalidSessionIdException" message="Message: Tried to run command without establishing a connection
"><![CDATA[Traceback (most recent call last):
  File "c:\Users\luist\repos\Automatizaciones_M-dulos-\ctacte_PesiFechaComproV2.py", line 143, in tearDown
    self.driver.close()
  File "C:\Users\luist\AppData\Roaming\Python\Python310\site-packages\selenium\webdriver\remote\webdriver.py", line 465, in close
    self.execute(Command.CLOSE)
  File "C:\Users\luist\AppData\Roaming\Python\Python310\site-packages\selenium\webdriver\remote\webdriver.py", line 354, in execute
    self.error_handler.check_response(response)
  File "C:\Users\luist\AppData\Roaming\Python\Python310\site-packages\selenium\webdriver\remote\errorhandler.py", line 229, in check_response
    raise exception_class(message, screen, stacktrace)
selenium.common.exceptions.InvalidSessionIdException: Message: Tried to run command without establishing a connection

]]></error>
		<system-out><![CDATA[El texto encontrado es  CUENTA PESIFICADA
El valor es un carácter numérico. Valor: -341.409.357,05
]]></system-out>
	</testcase>
</testsuite>
