<?xml version="1.0" encoding="UTF-8"?>
<testsuite name="HomeSaldoCuentHoyV2-20241031125626" tests="1" file=".py" time="24.176" timestamp="2024-10-31T12:56:50" failures="0" errors="0" skipped="0">
	<testcase classname="HomeSaldoCuentHoyV2" name="test_start_tenantV2" time="24.176" timestamp="2024-10-31T12:56:50" file="HomeSaldoCuetHoyV2.py" line="18">
		<system-out><![CDATA[El texto encontrado es  Buen día JUAN DEMO!
El texto encontrado es  PESOS (ARS)
El texto encontrado es  Total
El valor es un carácter numérico. Valor: -508.208.837,21
El texto encontrado es  Total Vencido
El valor es un carácter numérico. Valor: -318.974.455,03
El texto encontrado es  Total a vencer
El valor es un carácter numérico. Valor: -189.234.382,18
El texto encontrado es  DÓLARES (USD)
El texto encontrado es  Total
El valor es un carácter numérico. Valor: -883.869,07
El texto encontrado es  Total Vencido
El valor es un carácter numérico. Valor: -25.945,58
El texto encontrado es  Total a vencer
El valor es un carácter numérico. Valor: -857.923,49
]]></system-out>
	</testcase>
</testsuite>
