<?xml version="1.0" encoding="UTF-8"?>
<testsuite name="cuenta_ctacte_histVencido-20240606121457" tests="1" file=".py" time="98.247" timestamp="2024-06-06T12:16:35" failures="0" errors="0" skipped="0">
	<testcase classname="cuenta_ctacte_histVencido" name="test_ctacte_historica" time="98.247" timestamp="2024-06-06T12:16:35" file="CtaCte_HistoVencido.py" line="17">
		<system-out><![CDATA[¡Elemento encontrado y clickeado 5 veces con éxito!
¡Elemento encontrado y clickeado 3 veces con éxito!
Tiempo de espera agotado. El texto por xpaht no está presente.
El valor es un carácter numérico. Valor: -20.850.079,09
El valor es un carácter numérico. Valor: 188.212,20
El texto encontrado es  CUENTA CORRIENTE
El texto no fue encontrado Movimiento FC 1118 00076291
El texto no fue encontrado - ARS 1.544.928,00
El texto no fue encontrado GASTOS DE COMER: S/240000 KG NETOS. Maiz Cosecha 2
]]></system-out>
	</testcase>
</testsuite>
