<?xml version="1.0" encoding="UTF-8"?>
<testsuite name="cuenta_ctacte_histVencido-20240606121019" tests="1" file=".py" time="226.770" timestamp="2024-06-06T12:14:06" failures="0" errors="1" skipped="0">
	<testcase classname="cuenta_ctacte_histVencido" name="test_ctacte_historica" time="226.770" timestamp="2024-06-06T12:14:06" file="CtaCte_HistoVencido.py" line="17">
		<error type="ElementClickInterceptedException" message="Message: element click intercepted: Element is not clickable at point (770, -113)
  (Session info: chrome=125.0.6422.142)
Stacktrace:
	GetHandleVerifier [0x00007FF77F011F52+60322]
	(No symbol) [0x00007FF77EF8CEC9]
	(No symbol) [0x00007FF77EE47EBA]
	(No symbol) [0x00007FF77EE9F32E]
	(No symbol) [0x00007FF77EE9CCF2]
	(No symbol) [0x00007FF77EE9A18B]
	(No symbol) [0x00007FF77EE99356]
	(No symbol) [0x00007FF77EE8B491]
	(No symbol) [0x00007FF77EEBC21A]
	(No symbol) [0x00007FF77EE8ADB6]
	(No symbol) [0x00007FF77EEBC430]
	(No symbol) [0x00007FF77EEDBC80]
	(No symbol) [0x00007FF77EEBBFC3]
	(No symbol) [0x00007FF77EE89617]
	(No symbol) [0x00007FF77EE8A211]
	GetHandleVerifier [0x00007FF77F3294AD+3301629]
	GetHandleVerifier [0x00007FF77F3736D3+3605283]
	GetHandleVerifier [0x00007FF77F369450+3563680]
	GetHandleVerifier [0x00007FF77F0C4326+790390]
	(No symbol) [0x00007FF77EF9750F]
	(No symbol) [0x00007FF77EF93404]
	(No symbol) [0x00007FF77EF93592]
	(No symbol) [0x00007FF77EF82F9F]
	BaseThreadInitThunk [0x00007FFBED37257D+29]
	RtlUserThreadStart [0x00007FFBEECEAA48+40]
"><![CDATA[Traceback (most recent call last):
  File "c:\Users\luist\repos\Automatizaciones-SILOHUB-\CtaCte_HistoVencido.py", line 186, in test_ctacte_historica
    find_elements(self.driver, go_out_list)
  File "c:\Users\luist\repos\Automatizaciones-SILOHUB-\Elements.py", line 22, in find_elements
    select_nex_button.click()
  File "C:\Users\luist\AppData\Roaming\Python\Python310\site-packages\selenium\webdriver\remote\webelement.py", line 94, in click
    self._execute(Command.CLICK_ELEMENT)
  File "C:\Users\luist\AppData\Roaming\Python\Python310\site-packages\selenium\webdriver\remote\webelement.py", line 395, in _execute
    return self._parent.execute(command, params)
  File "C:\Users\luist\AppData\Roaming\Python\Python310\site-packages\selenium\webdriver\remote\webdriver.py", line 348, in execute
    self.error_handler.check_response(response)
  File "C:\Users\luist\AppData\Roaming\Python\Python310\site-packages\selenium\webdriver\remote\errorhandler.py", line 229, in check_response
    raise exception_class(message, screen, stacktrace)
selenium.common.exceptions.ElementClickInterceptedException: Message: element click intercepted: Element is not clickable at point (770, -113)
  (Session info: chrome=125.0.6422.142)
Stacktrace:
	GetHandleVerifier [0x00007FF77F011F52+60322]
	(No symbol) [0x00007FF77EF8CEC9]
	(No symbol) [0x00007FF77EE47EBA]
	(No symbol) [0x00007FF77EE9F32E]
	(No symbol) [0x00007FF77EE9CCF2]
	(No symbol) [0x00007FF77EE9A18B]
	(No symbol) [0x00007FF77EE99356]
	(No symbol) [0x00007FF77EE8B491]
	(No symbol) [0x00007FF77EEBC21A]
	(No symbol) [0x00007FF77EE8ADB6]
	(No symbol) [0x00007FF77EEBC430]
	(No symbol) [0x00007FF77EEDBC80]
	(No symbol) [0x00007FF77EEBBFC3]
	(No symbol) [0x00007FF77EE89617]
	(No symbol) [0x00007FF77EE8A211]
	GetHandleVerifier [0x00007FF77F3294AD+3301629]
	GetHandleVerifier [0x00007FF77F3736D3+3605283]
	GetHandleVerifier [0x00007FF77F369450+3563680]
	GetHandleVerifier [0x00007FF77F0C4326+790390]
	(No symbol) [0x00007FF77EF9750F]
	(No symbol) [0x00007FF77EF93404]
	(No symbol) [0x00007FF77EF93592]
	(No symbol) [0x00007FF77EF82F9F]
	BaseThreadInitThunk [0x00007FFBED37257D+29]
	RtlUserThreadStart [0x00007FFBEECEAA48+40]

]]></error>
		<system-out><![CDATA[¡Elemento encontrado y clickeado 5 veces con éxito!
¡Elemento encontrado y clickeado 3 veces con éxito!
Tiempo de espera agotado. El texto por xpaht no está presente.
El valor es un carácter numérico. Valor: -20.850.079,09
El valor es un carácter numérico. Valor: 188.212,20
Tiempo de espera agotado. El elemento no está presente o no es clickeable.
Tiempo de espera agotado. El elemento no está presente o no es clickeable.
El texto encontrado es  CUENTA CORRIENTE
Tiempo de espera agotado. El texto por xpaht no está presente.
Tiempo de espera agotado. El texto por xpaht no está presente.
El texto no fue encontrado GASTOS DE COMER: S/240000 KG NETOS. Maiz Cosecha 2
]]></system-out>
	</testcase>
</testsuite>
