<?xml version="1.0" encoding="UTF-8"?>
<testsuite name="cuenta_ctacte_histVencido-20240405151751" tests="1" file=".py" time="56.870" timestamp="2024-04-05T15:18:48" failures="0" errors="0" skipped="0">
	<testcase classname="cuenta_ctacte_histVencido" name="test_ctacte_historica" time="56.870" timestamp="2024-04-05T15:18:48" file="CtaCte_HistoVencido.py" line="17">
		<system-out><![CDATA[¡Elemento encontrado y clickeado con éxito!
¡Elemento encontrado y clickeado con éxito!
¡Elemento encontrado y clickeado con éxito!
¡Elemento encontrado y clickeado con éxito!
¡Elemento encontrado y clickeado con éxito!
¡Elemento encontrado y clickeado con éxito!
¡Elemento encontrado y clickeado con éxito!
¡Elemento encontrado y clickeado con éxito!
¡Elemento encontrado y clickeado con éxito!
¡Elemento encontrado y clickeado con éxito!
¡Elemento encontrado y clickeado con éxito!
¡Elemento encontrado y clickeado 4 veces con éxito!
¡Elemento encontrado y clickeado con éxito!
¡Elemento encontrado y clickeado 4 veces con éxito!
¡Elemento encontrado y clickeado con éxito!
¡Elemento encontrado y clickeado con éxito!
El texto encontrado es  Cuenta Corriente
El valor es un carácter numérico. Valor: -20.847.876,59
El valor es un carácter numérico. Valor: 188.212,20
¡Elemento encontrado y clickeado con éxito!
¡Elemento encontrado y clickeado con éxito!
¡Elemento encontrado y clickeado con éxito!
¡Elemento encontrado y clickeado con éxito!
¡Elemento encontrado y clickeado con éxito!
¡Elemento encontrado y clickeado con éxito!
¡Elemento encontrado y clickeado con éxito!
¡Elemento encontrado y clickeado con éxito!
¡Elemento encontrado y clickeado con éxito!
El texto encontrado es  CUENTA CORRIENTE
El texto encontrado es  Movimiento FC 1118 00076291
El texto encontrado es  - ARS 1.544.928,00
El texto encontrado es  GASTOS DE COMER: S/240000 KG NETOS. Maiz Cosecha 2
¡Elemento encontrado y clickeado con éxito!
]]></system-out>
	</testcase>
</testsuite>
