<?xml version="1.0" encoding="UTF-8"?>
<testsuite name="cta_cte_apliAvencerV2-20241022135302" tests="1" file=".py" time="54.828" timestamp="2024-10-22T13:53:56" failures="0" errors="0" skipped="0">
	<testcase classname="cta_cte_apliAvencerV2" name="test_ctacte_apliAvencer" time="54.828" timestamp="2024-10-22T13:53:56" file="ctacte_apliAvencer2.py" line="18">
		<system-out><![CDATA[El texto encontrado es  Cuenta Corriente Aplicada
El valor es un carácter numérico. Valor: -444.207.468,30
El valor es un carácter numérico. Valor: -273.171.055,17
El valor es un carácter numérico. Valor: -821.106,16
El texto encontrado es  CUENTA CORRIENTE
El valor es un string. Valor: Movimiento FC 1118 00082271
El valor es un string. Valor: - ARS 650.270,58
El valor es un string. Valor: GASTOS COMER. S/ 20820 KGRS. Trig Cosecha 2324-E
]]></system-out>
	</testcase>
</testsuite>
