<?xml version="1.0" encoding="UTF-8"?>
<testsuite name="precio_granos-20240605094848" tests="1" file=".py" time="22.129" timestamp="2024-06-05T09:49:11" failures="0" errors="1" skipped="0">
	<testcase classname="precio_granos" name="test_granos_contratos" time="22.129" timestamp="2024-06-05T09:49:11" file="Precio_Disponible.py" line="23">
		<error type="ElementClickInterceptedException" message="Message: element click intercepted: Element is not clickable at point (1471, 759)
  (Session info: chrome=125.0.6422.142)
Stacktrace:
	GetHandleVerifier [0x00007FF760D21F52+60322]
	(No symbol) [0x00007FF760C9CEC9]
	(No symbol) [0x00007FF760B57EBA]
	(No symbol) [0x00007FF760BAF32E]
	(No symbol) [0x00007FF760BACCF2]
	(No symbol) [0x00007FF760BAA18B]
	(No symbol) [0x00007FF760BA9356]
	(No symbol) [0x00007FF760B9B491]
	(No symbol) [0x00007FF760BCC21A]
	(No symbol) [0x00007FF760B9ADB6]
	(No symbol) [0x00007FF760BCC430]
	(No symbol) [0x00007FF760BEBC80]
	(No symbol) [0x00007FF760BCBFC3]
	(No symbol) [0x00007FF760B99617]
	(No symbol) [0x00007FF760B9A211]
	GetHandleVerifier [0x00007FF7610394AD+3301629]
	GetHandleVerifier [0x00007FF7610836D3+3605283]
	GetHandleVerifier [0x00007FF761079450+3563680]
	GetHandleVerifier [0x00007FF760DD4326+790390]
	(No symbol) [0x00007FF760CA750F]
	(No symbol) [0x00007FF760CA3404]
	(No symbol) [0x00007FF760CA3592]
	(No symbol) [0x00007FF760C92F9F]
	BaseThreadInitThunk [0x00007FFBED37257D+29]
	RtlUserThreadStart [0x00007FFBEECEAA48+40]
"><![CDATA[Traceback (most recent call last):
  File "c:\Users\luist\repos\Automatizaciones-SILOHUB-\Precio_Disponible.py", line 48, in test_granos_contratos
    click_icon_delete(self.driver, delete_price_grain)
  File "c:\Users\luist\repos\Automatizaciones-SILOHUB-\Elements.py", line 1315, in click_icon_delete
    icono_borrar.click()
  File "C:\Users\luist\AppData\Roaming\Python\Python310\site-packages\selenium\webdriver\remote\webelement.py", line 94, in click
    self._execute(Command.CLICK_ELEMENT)
  File "C:\Users\luist\AppData\Roaming\Python\Python310\site-packages\selenium\webdriver\remote\webelement.py", line 395, in _execute
    return self._parent.execute(command, params)
  File "C:\Users\luist\AppData\Roaming\Python\Python310\site-packages\selenium\webdriver\remote\webdriver.py", line 348, in execute
    self.error_handler.check_response(response)
  File "C:\Users\luist\AppData\Roaming\Python\Python310\site-packages\selenium\webdriver\remote\errorhandler.py", line 229, in check_response
    raise exception_class(message, screen, stacktrace)
selenium.common.exceptions.ElementClickInterceptedException: Message: element click intercepted: Element is not clickable at point (1471, 759)
  (Session info: chrome=125.0.6422.142)
Stacktrace:
	GetHandleVerifier [0x00007FF760D21F52+60322]
	(No symbol) [0x00007FF760C9CEC9]
	(No symbol) [0x00007FF760B57EBA]
	(No symbol) [0x00007FF760BAF32E]
	(No symbol) [0x00007FF760BACCF2]
	(No symbol) [0x00007FF760BAA18B]
	(No symbol) [0x00007FF760BA9356]
	(No symbol) [0x00007FF760B9B491]
	(No symbol) [0x00007FF760BCC21A]
	(No symbol) [0x00007FF760B9ADB6]
	(No symbol) [0x00007FF760BCC430]
	(No symbol) [0x00007FF760BEBC80]
	(No symbol) [0x00007FF760BCBFC3]
	(No symbol) [0x00007FF760B99617]
	(No symbol) [0x00007FF760B9A211]
	GetHandleVerifier [0x00007FF7610394AD+3301629]
	GetHandleVerifier [0x00007FF7610836D3+3605283]
	GetHandleVerifier [0x00007FF761079450+3563680]
	GetHandleVerifier [0x00007FF760DD4326+790390]
	(No symbol) [0x00007FF760CA750F]
	(No symbol) [0x00007FF760CA3404]
	(No symbol) [0x00007FF760CA3592]
	(No symbol) [0x00007FF760C92F9F]
	BaseThreadInitThunk [0x00007FFBED37257D+29]
	RtlUserThreadStart [0x00007FFBEECEAA48+40]

]]></error>
		<system-out><![CDATA[El texto encontrado es  MERCADOS
]]></system-out>
	</testcase>
</testsuite>
