<?xml version="1.0" encoding="UTF-8"?>
<testsuite name="precio_granos-20240917174441" tests="1" file=".py" time="127.869" timestamp="2024-09-17T17:46:49" failures="0" errors="1" skipped="0">
	<testcase classname="precio_granos" name="test_granos_contratos" time="127.869" timestamp="2024-09-17T17:46:49" file="Precio_Disponible.py" line="23">
		<error type="TimeoutException" message="Message: 
Stacktrace:
	GetHandleVerifier [0x00007FF7460A9412+29090]
	(No symbol) [0x00007FF74601E239]
	(No symbol) [0x00007FF745EDB1DA]
	(No symbol) [0x00007FF745F2EFE7]
	(No symbol) [0x00007FF745F2F23C]
	(No symbol) [0x00007FF745F797C7]
	(No symbol) [0x00007FF745F5672F]
	(No symbol) [0x00007FF745F765A2]
	(No symbol) [0x00007FF745F56493]
	(No symbol) [0x00007FF745F209D1]
	(No symbol) [0x00007FF745F21B31]
	GetHandleVerifier [0x00007FF7463C871D+3302573]
	GetHandleVerifier [0x00007FF746414243+3612627]
	GetHandleVerifier [0x00007FF74640A417+3572135]
	GetHandleVerifier [0x00007FF746165EB6+801862]
	(No symbol) [0x00007FF74602945F]
	(No symbol) [0x00007FF746024FB4]
	(No symbol) [0x00007FF746025140]
	(No symbol) [0x00007FF74601461F]
	BaseThreadInitThunk [0x00007FFBBDF4257D+29]
	RtlUserThreadStart [0x00007FFBBFE2AF28+40]
"><![CDATA[Traceback (most recent call last):
  File "c:\Users\luist\repos\Automatizaciones_M-dulos-\Precio_Disponible.py", line 97, in test_granos_contratos
    calendar_todate(self.driver, select_data_day, popup_calendar1)
  File "c:\Users\luist\repos\Automatizaciones_M-dulos-\Elements.py", line 1463, in calendar_todate
    input_fecha = WebDriverWait(driver, 10).until(
  File "C:\Users\luist\AppData\Roaming\Python\Python310\site-packages\selenium\webdriver\support\wait.py", line 105, in until
    raise TimeoutException(message, screen, stacktrace)
selenium.common.exceptions.TimeoutException: Message: 
Stacktrace:
	GetHandleVerifier [0x00007FF7460A9412+29090]
	(No symbol) [0x00007FF74601E239]
	(No symbol) [0x00007FF745EDB1DA]
	(No symbol) [0x00007FF745F2EFE7]
	(No symbol) [0x00007FF745F2F23C]
	(No symbol) [0x00007FF745F797C7]
	(No symbol) [0x00007FF745F5672F]
	(No symbol) [0x00007FF745F765A2]
	(No symbol) [0x00007FF745F56493]
	(No symbol) [0x00007FF745F209D1]
	(No symbol) [0x00007FF745F21B31]
	GetHandleVerifier [0x00007FF7463C871D+3302573]
	GetHandleVerifier [0x00007FF746414243+3612627]
	GetHandleVerifier [0x00007FF74640A417+3572135]
	GetHandleVerifier [0x00007FF746165EB6+801862]
	(No symbol) [0x00007FF74602945F]
	(No symbol) [0x00007FF746024FB4]
	(No symbol) [0x00007FF746025140]
	(No symbol) [0x00007FF74601461F]
	BaseThreadInitThunk [0x00007FFBBDF4257D+29]
	RtlUserThreadStart [0x00007FFBBFE2AF28+40]

]]></error>
		<system-out><![CDATA[El texto encontrado es  MERCADOS
Se hizo clic en un icono de borrar.
No se encontraron más movimientos para borrar.
Se hizo clic en un icono de borrar.
No se encontraron más movimientos para borrar.
¡Input encontrado y enviado con éxito!
]]></system-out>
	</testcase>
</testsuite>
