<?xml version="1.0" encoding="UTF-8"?>
<testsuite name="precio_granos-20240409135555" tests="1" file=".py" time="81.660" timestamp="2024-04-09T13:57:17" failures="0" errors="1" skipped="0">
	<testcase classname="precio_granos" name="test_granos_contratos" time="81.660" timestamp="2024-04-09T13:57:17" file="Precio_Granos.py" line="23">
		<error type="TypeError" message="click_on_last_move() missing 1 required positional argument: 'xpath_icono_movimiento'"><![CDATA[Traceback (most recent call last):
  File "c:\Users\luist\repos\Automatizaciones-SILOHUB-\Precio_Granos.py", line 133, in test_granos_contratos
    click_on_last_move(self.driver, selector_iconos)
TypeError: click_on_last_move() missing 1 required positional argument: 'xpath_icono_movimiento'
]]></error>
		<system-out><![CDATA[El texto encontrado es  MERCADOS
Se hizo clic en un icono de borrar.
Se hizo clic en un icono de borrar.
No se encontraron más movimientos para borrar.
¡Input encontrado y enviado con éxito!
¡Elemento encontrado y clickeado 1 veces con éxito!
¡Input encontrado y enviado con éxito!
]]></system-out>
	</testcase>
</testsuite>
