<?xml version="1.0" encoding="UTF-8"?>
<testsuite name="precio_granos-20240531133308" tests="1" file=".py" time="21.949" timestamp="2024-05-31T13:33:29" failures="0" errors="1" skipped="0">
	<testcase classname="precio_granos" name="test_granos_contratos" time="21.949" timestamp="2024-05-31T13:33:29" file="Precio_Disponible.py" line="23">
		<error type="ElementClickInterceptedException" message="Message: element click intercepted: Element is not clickable at point (1471, 759)
  (Session info: chrome=125.0.6422.113)
Stacktrace:
	GetHandleVerifier [0x00007FF7ABC91F52+60322]
	(No symbol) [0x00007FF7ABC0CEC9]
	(No symbol) [0x00007FF7ABAC7EBA]
	(No symbol) [0x00007FF7ABB1F32E]
	(No symbol) [0x00007FF7ABB1CCF2]
	(No symbol) [0x00007FF7ABB1A18B]
	(No symbol) [0x00007FF7ABB19356]
	(No symbol) [0x00007FF7ABB0B491]
	(No symbol) [0x00007FF7ABB3C21A]
	(No symbol) [0x00007FF7ABB0ADB6]
	(No symbol) [0x00007FF7ABB3C430]
	(No symbol) [0x00007FF7ABB5BC80]
	(No symbol) [0x00007FF7ABB3BFC3]
	(No symbol) [0x00007FF7ABB09617]
	(No symbol) [0x00007FF7ABB0A211]
	GetHandleVerifier [0x00007FF7ABFA94AD+3301629]
	GetHandleVerifier [0x00007FF7ABFF36D3+3605283]
	GetHandleVerifier [0x00007FF7ABFE9450+3563680]
	GetHandleVerifier [0x00007FF7ABD44326+790390]
	(No symbol) [0x00007FF7ABC1750F]
	(No symbol) [0x00007FF7ABC13404]
	(No symbol) [0x00007FF7ABC13592]
	(No symbol) [0x00007FF7ABC02F9F]
	BaseThreadInitThunk [0x00007FF89C91257D+29]
	RtlUserThreadStart [0x00007FF89EBCAA48+40]
"><![CDATA[Traceback (most recent call last):
  File "c:\Users\luist\repos\Automatizaciones-SILOHUB-\Precio_Disponible.py", line 48, in test_granos_contratos
    click_icon_delete(self.driver, delete_price_grain)
  File "c:\Users\luist\repos\Automatizaciones-SILOHUB-\Elements.py", line 1315, in click_icon_delete
    icono_borrar.click()
  File "C:\Users\luist\AppData\Roaming\Python\Python310\site-packages\selenium\webdriver\remote\webelement.py", line 94, in click
    self._execute(Command.CLICK_ELEMENT)
  File "C:\Users\luist\AppData\Roaming\Python\Python310\site-packages\selenium\webdriver\remote\webelement.py", line 395, in _execute
    return self._parent.execute(command, params)
  File "C:\Users\luist\AppData\Roaming\Python\Python310\site-packages\selenium\webdriver\remote\webdriver.py", line 348, in execute
    self.error_handler.check_response(response)
  File "C:\Users\luist\AppData\Roaming\Python\Python310\site-packages\selenium\webdriver\remote\errorhandler.py", line 229, in check_response
    raise exception_class(message, screen, stacktrace)
selenium.common.exceptions.ElementClickInterceptedException: Message: element click intercepted: Element is not clickable at point (1471, 759)
  (Session info: chrome=125.0.6422.113)
Stacktrace:
	GetHandleVerifier [0x00007FF7ABC91F52+60322]
	(No symbol) [0x00007FF7ABC0CEC9]
	(No symbol) [0x00007FF7ABAC7EBA]
	(No symbol) [0x00007FF7ABB1F32E]
	(No symbol) [0x00007FF7ABB1CCF2]
	(No symbol) [0x00007FF7ABB1A18B]
	(No symbol) [0x00007FF7ABB19356]
	(No symbol) [0x00007FF7ABB0B491]
	(No symbol) [0x00007FF7ABB3C21A]
	(No symbol) [0x00007FF7ABB0ADB6]
	(No symbol) [0x00007FF7ABB3C430]
	(No symbol) [0x00007FF7ABB5BC80]
	(No symbol) [0x00007FF7ABB3BFC3]
	(No symbol) [0x00007FF7ABB09617]
	(No symbol) [0x00007FF7ABB0A211]
	GetHandleVerifier [0x00007FF7ABFA94AD+3301629]
	GetHandleVerifier [0x00007FF7ABFF36D3+3605283]
	GetHandleVerifier [0x00007FF7ABFE9450+3563680]
	GetHandleVerifier [0x00007FF7ABD44326+790390]
	(No symbol) [0x00007FF7ABC1750F]
	(No symbol) [0x00007FF7ABC13404]
	(No symbol) [0x00007FF7ABC13592]
	(No symbol) [0x00007FF7ABC02F9F]
	BaseThreadInitThunk [0x00007FF89C91257D+29]
	RtlUserThreadStart [0x00007FF89EBCAA48+40]

]]></error>
		<system-out><![CDATA[El texto encontrado es  MERCADOS
]]></system-out>
	</testcase>
</testsuite>
