<?xml version="1.0" encoding="UTF-8"?>
<testsuite name="precio_granos-20240409123302" tests="1" file=".py" time="143.005" timestamp="2024-04-09T12:35:25" failures="0" errors="0" skipped="0">
	<testcase classname="precio_granos" name="test_granos_contratos" time="143.005" timestamp="2024-04-09T12:35:25" file="Precio_Granos.py" line="23">
		<system-out><![CDATA[El texto encontrado es  MERCADOS
Se hizo clic en un icono de borrar.
No se encontraron más movimientos para borrar.
¡Input encontrado y enviado con éxito!
¡Elemento encontrado y clickeado 1 veces con éxito!
Tiempo de espera agotado. El elemento no está presente o no es clickeable.
Tiempo de espera agotado. El elemento no está presente o no es clickeable.
]]></system-out>
	</testcase>
</testsuite>
