<?xml version="1.0" encoding="UTF-8"?>
<testsuite name="precio_granos-20240409113016" tests="1" file=".py" time="55.986" timestamp="2024-04-09T11:31:12" failures="0" errors="0" skipped="0">
	<testcase classname="precio_granos" name="test_granos_contratos" time="55.986" timestamp="2024-04-09T11:31:12" file="Precio_Granos.py" line="23">
		<system-out><![CDATA[El texto encontrado es  MERCADOS
Se hizo clic en un icono de borrar.
Se hizo clic en un icono de borrar.
Se hizo clic en un icono de borrar.
Se hizo clic en un icono de borrar.
Se hizo clic en un icono de borrar.
No se encontraron mÃ¡s movimientos para borrar.
La opcion fue seleccionada en el dropdown con exito  
]]></system-out>
	</testcase>
</testsuite>
