<?xml version="1.0" encoding="UTF-8"?>
<testsuite name="precio_granos-20240515154120" tests="1" file=".py" time="19.505" timestamp="2024-05-15T15:41:39" failures="0" errors="1" skipped="0">
	<testcase classname="precio_granos" name="test_granos_contratos" time="19.505" timestamp="2024-05-15T15:41:39" file="Precio_Disponible.py" line="23">
		<error type="ElementClickInterceptedException" message="Message: element click intercepted: Element is not clickable at point (1471, 759)
  (Session info: chrome=124.0.6367.202)
Stacktrace:
	GetHandleVerifier [0x00007FF7A4771522+60802]
	(No symbol) [0x00007FF7A46EAC22]
	(No symbol) [0x00007FF7A45A7CE4]
	(No symbol) [0x00007FF7A45FE877]
	(No symbol) [0x00007FF7A45FC344]
	(No symbol) [0x00007FF7A45F980A]
	(No symbol) [0x00007FF7A45F89E2]
	(No symbol) [0x00007FF7A45EAE8B]
	(No symbol) [0x00007FF7A461AB7A]
	(No symbol) [0x00007FF7A45EA7C6]
	(No symbol) [0x00007FF7A461AD90]
	(No symbol) [0x00007FF7A463A224]
	(No symbol) [0x00007FF7A461A923]
	(No symbol) [0x00007FF7A45E8FEC]
	(No symbol) [0x00007FF7A45E9C21]
	GetHandleVerifier [0x00007FF7A4A741BD+3217949]
	GetHandleVerifier [0x00007FF7A4AB6157+3488183]
	GetHandleVerifier [0x00007FF7A4AAF0DF+3459391]
	GetHandleVerifier [0x00007FF7A482B8E6+823622]
	(No symbol) [0x00007FF7A46F5FBF]
	(No symbol) [0x00007FF7A46F0EE4]
	(No symbol) [0x00007FF7A46F1072]
	(No symbol) [0x00007FF7A46E18C4]
	BaseThreadInitThunk [0x00007FFA24B4257D+29]
	RtlUserThreadStart [0x00007FFA2654AA48+40]
"><![CDATA[Traceback (most recent call last):
  File "c:\Users\luist\repos\Automatizaciones-SILOHUB-\Precio_Disponible.py", line 48, in test_granos_contratos
    click_icon_delete(self.driver, delete_price_grain)
  File "c:\Users\luist\repos\Automatizaciones-SILOHUB-\Elements.py", line 1315, in click_icon_delete
    icono_borrar.click()
  File "C:\Users\luist\AppData\Roaming\Python\Python310\site-packages\selenium\webdriver\remote\webelement.py", line 94, in click
    self._execute(Command.CLICK_ELEMENT)
  File "C:\Users\luist\AppData\Roaming\Python\Python310\site-packages\selenium\webdriver\remote\webelement.py", line 395, in _execute
    return self._parent.execute(command, params)
  File "C:\Users\luist\AppData\Roaming\Python\Python310\site-packages\selenium\webdriver\remote\webdriver.py", line 348, in execute
    self.error_handler.check_response(response)
  File "C:\Users\luist\AppData\Roaming\Python\Python310\site-packages\selenium\webdriver\remote\errorhandler.py", line 229, in check_response
    raise exception_class(message, screen, stacktrace)
selenium.common.exceptions.ElementClickInterceptedException: Message: element click intercepted: Element is not clickable at point (1471, 759)
  (Session info: chrome=124.0.6367.202)
Stacktrace:
	GetHandleVerifier [0x00007FF7A4771522+60802]
	(No symbol) [0x00007FF7A46EAC22]
	(No symbol) [0x00007FF7A45A7CE4]
	(No symbol) [0x00007FF7A45FE877]
	(No symbol) [0x00007FF7A45FC344]
	(No symbol) [0x00007FF7A45F980A]
	(No symbol) [0x00007FF7A45F89E2]
	(No symbol) [0x00007FF7A45EAE8B]
	(No symbol) [0x00007FF7A461AB7A]
	(No symbol) [0x00007FF7A45EA7C6]
	(No symbol) [0x00007FF7A461AD90]
	(No symbol) [0x00007FF7A463A224]
	(No symbol) [0x00007FF7A461A923]
	(No symbol) [0x00007FF7A45E8FEC]
	(No symbol) [0x00007FF7A45E9C21]
	GetHandleVerifier [0x00007FF7A4A741BD+3217949]
	GetHandleVerifier [0x00007FF7A4AB6157+3488183]
	GetHandleVerifier [0x00007FF7A4AAF0DF+3459391]
	GetHandleVerifier [0x00007FF7A482B8E6+823622]
	(No symbol) [0x00007FF7A46F5FBF]
	(No symbol) [0x00007FF7A46F0EE4]
	(No symbol) [0x00007FF7A46F1072]
	(No symbol) [0x00007FF7A46E18C4]
	BaseThreadInitThunk [0x00007FFA24B4257D+29]
	RtlUserThreadStart [0x00007FFA2654AA48+40]

]]></error>
		<system-out><![CDATA[El texto encontrado es  MERCADOS
]]></system-out>
	</testcase>
</testsuite>
