<?xml version="1.0" encoding="UTF-8"?>
<testsuite name="precio_granos-20240515113512" tests="2" file=".py" time="85.532" timestamp="2024-05-15T11:36:38" failures="0" errors="2" skipped="0">
	<testcase classname="precio_granos" name="test_granos_contratos" time="0.000" timestamp="0001-01-01T00:00:00" file="Precio_Disponible.py" line="23">
		<error type="NoSuchWindowException" message="Message: no such window: target window already closed
from unknown error: web view not found
  (Session info: chrome=124.0.6367.202)
Stacktrace:
	GetHandleVerifier [0x00007FF7CC321522+60802]
	(No symbol) [0x00007FF7CC29AC22]
	(No symbol) [0x00007FF7CC157CE4]
	(No symbol) [0x00007FF7CC12DFDF]
	(No symbol) [0x00007FF7CC1D1E57]
	(No symbol) [0x00007FF7CC1E98D1]
	(No symbol) [0x00007FF7CC1CA923]
	(No symbol) [0x00007FF7CC198FEC]
	(No symbol) [0x00007FF7CC199C21]
	GetHandleVerifier [0x00007FF7CC6241BD+3217949]
	GetHandleVerifier [0x00007FF7CC666157+3488183]
	GetHandleVerifier [0x00007FF7CC65F0DF+3459391]
	GetHandleVerifier [0x00007FF7CC3DB8E6+823622]
	(No symbol) [0x00007FF7CC2A5FBF]
	(No symbol) [0x00007FF7CC2A0EE4]
	(No symbol) [0x00007FF7CC2A1072]
	(No symbol) [0x00007FF7CC2918C4]
	BaseThreadInitThunk [0x00007FFA24B4257D+29]
	RtlUserThreadStart [0x00007FFA2654AA48+40]
"><![CDATA[Traceback (most recent call last):
  File "c:\Users\luist\repos\Automatizaciones-SILOHUB-\Precio_Disponible.py", line 99, in test_granos_contratos
    find_elements(self.driver, insert_date2)
  File "c:\Users\luist\repos\Automatizaciones-SILOHUB-\Elements.py", line 19, in find_elements
    select_nex_button = WebDriverWait(driver, 10).until(
  File "C:\Users\luist\AppData\Roaming\Python\Python310\site-packages\selenium\webdriver\support\wait.py", line 96, in until
    value = method(self._driver)
  File "C:\Users\luist\AppData\Roaming\Python\Python310\site-packages\selenium\webdriver\support\expected_conditions.py", line 363, in _predicate
    target = driver.find_element(*target)  # grab element at locator
  File "C:\Users\luist\AppData\Roaming\Python\Python310\site-packages\selenium\webdriver\remote\webdriver.py", line 742, in find_element
    return self.execute(Command.FIND_ELEMENT, {"using": by, "value": value})["value"]
  File "C:\Users\luist\AppData\Roaming\Python\Python310\site-packages\selenium\webdriver\remote\webdriver.py", line 348, in execute
    self.error_handler.check_response(response)
  File "C:\Users\luist\AppData\Roaming\Python\Python310\site-packages\selenium\webdriver\remote\errorhandler.py", line 229, in check_response
    raise exception_class(message, screen, stacktrace)
selenium.common.exceptions.NoSuchWindowException: Message: no such window: target window already closed
from unknown error: web view not found
  (Session info: chrome=124.0.6367.202)
Stacktrace:
	GetHandleVerifier [0x00007FF7CC321522+60802]
	(No symbol) [0x00007FF7CC29AC22]
	(No symbol) [0x00007FF7CC157CE4]
	(No symbol) [0x00007FF7CC12DFDF]
	(No symbol) [0x00007FF7CC1D1E57]
	(No symbol) [0x00007FF7CC1E98D1]
	(No symbol) [0x00007FF7CC1CA923]
	(No symbol) [0x00007FF7CC198FEC]
	(No symbol) [0x00007FF7CC199C21]
	GetHandleVerifier [0x00007FF7CC6241BD+3217949]
	GetHandleVerifier [0x00007FF7CC666157+3488183]
	GetHandleVerifier [0x00007FF7CC65F0DF+3459391]
	GetHandleVerifier [0x00007FF7CC3DB8E6+823622]
	(No symbol) [0x00007FF7CC2A5FBF]
	(No symbol) [0x00007FF7CC2A0EE4]
	(No symbol) [0x00007FF7CC2A1072]
	(No symbol) [0x00007FF7CC2918C4]
	BaseThreadInitThunk [0x00007FFA24B4257D+29]
	RtlUserThreadStart [0x00007FFA2654AA48+40]

]]></error>
		<system-out><![CDATA[El texto encontrado es  MERCADOS
Se hizo clic en un icono de borrar.
No se encontraron más movimientos para borrar.
¡Input encontrado y enviado con éxito!
Tiempo de espera agotado. El elemento no está presente o no es clickeable.
Tiempo de espera agotado. El elemento no está presente o no es clickeable.
]]></system-out>
	</testcase>
	<testcase classname="precio_granos" name="test_granos_contratos" time="85.532" timestamp="2024-05-15T11:36:38" file="Precio_Disponible.py" line="23">
		<error type="WebDriverException" message="Message: disconnected: not connected to DevTools
  (failed to check if window was closed: disconnected: not connected to DevTools)
  (Session info: chrome=124.0.6367.202)
Stacktrace:
	GetHandleVerifier [0x00007FF7CC321522+60802]
	(No symbol) [0x00007FF7CC29AC22]
	(No symbol) [0x00007FF7CC157CE4]
	(No symbol) [0x00007FF7CC13E894]
	(No symbol) [0x00007FF7CC13F3FF]
	(No symbol) [0x00007FF7CC1582DD]
	(No symbol) [0x00007FF7CC12DACC]
	(No symbol) [0x00007FF7CC1D8F74]
	(No symbol) [0x00007FF7CC1CAB40]
	(No symbol) [0x00007FF7CC198FEC]
	(No symbol) [0x00007FF7CC199C21]
	GetHandleVerifier [0x00007FF7CC6241BD+3217949]
	GetHandleVerifier [0x00007FF7CC666157+3488183]
	GetHandleVerifier [0x00007FF7CC65F0DF+3459391]
	GetHandleVerifier [0x00007FF7CC3DB8E6+823622]
	(No symbol) [0x00007FF7CC2A5FBF]
	(No symbol) [0x00007FF7CC2A0EE4]
	(No symbol) [0x00007FF7CC2A1072]
	(No symbol) [0x00007FF7CC2918C4]
	BaseThreadInitThunk [0x00007FFA24B4257D+29]
	RtlUserThreadStart [0x00007FFA2654AA48+40]
"><![CDATA[Traceback (most recent call last):
  File "c:\Users\luist\repos\Automatizaciones-SILOHUB-\Precio_Disponible.py", line 161, in tearDown
    self.driver.close()
  File "C:\Users\luist\AppData\Roaming\Python\Python310\site-packages\selenium\webdriver\remote\webdriver.py", line 459, in close
    self.execute(Command.CLOSE)
  File "C:\Users\luist\AppData\Roaming\Python\Python310\site-packages\selenium\webdriver\remote\webdriver.py", line 348, in execute
    self.error_handler.check_response(response)
  File "C:\Users\luist\AppData\Roaming\Python\Python310\site-packages\selenium\webdriver\remote\errorhandler.py", line 229, in check_response
    raise exception_class(message, screen, stacktrace)
selenium.common.exceptions.WebDriverException: Message: disconnected: not connected to DevTools
  (failed to check if window was closed: disconnected: not connected to DevTools)
  (Session info: chrome=124.0.6367.202)
Stacktrace:
	GetHandleVerifier [0x00007FF7CC321522+60802]
	(No symbol) [0x00007FF7CC29AC22]
	(No symbol) [0x00007FF7CC157CE4]
	(No symbol) [0x00007FF7CC13E894]
	(No symbol) [0x00007FF7CC13F3FF]
	(No symbol) [0x00007FF7CC1582DD]
	(No symbol) [0x00007FF7CC12DACC]
	(No symbol) [0x00007FF7CC1D8F74]
	(No symbol) [0x00007FF7CC1CAB40]
	(No symbol) [0x00007FF7CC198FEC]
	(No symbol) [0x00007FF7CC199C21]
	GetHandleVerifier [0x00007FF7CC6241BD+3217949]
	GetHandleVerifier [0x00007FF7CC666157+3488183]
	GetHandleVerifier [0x00007FF7CC65F0DF+3459391]
	GetHandleVerifier [0x00007FF7CC3DB8E6+823622]
	(No symbol) [0x00007FF7CC2A5FBF]
	(No symbol) [0x00007FF7CC2A0EE4]
	(No symbol) [0x00007FF7CC2A1072]
	(No symbol) [0x00007FF7CC2918C4]
	BaseThreadInitThunk [0x00007FFA24B4257D+29]
	RtlUserThreadStart [0x00007FFA2654AA48+40]

]]></error>
		<system-out><![CDATA[El texto encontrado es  MERCADOS
Se hizo clic en un icono de borrar.
No se encontraron más movimientos para borrar.
¡Input encontrado y enviado con éxito!
Tiempo de espera agotado. El elemento no está presente o no es clickeable.
Tiempo de espera agotado. El elemento no está presente o no es clickeable.
]]></system-out>
	</testcase>
</testsuite>
