<?xml version="1.0" encoding="UTF-8"?>
<testsuite name="precio_granos-20240515151746" tests="1" file=".py" time="96.675" timestamp="2024-05-15T15:19:23" failures="0" errors="1" skipped="0">
	<testcase classname="precio_granos" name="test_granos_contratos" time="96.675" timestamp="2024-05-15T15:19:23" file="Precio_Disponible.py" line="23">
		<error type="ElementClickInterceptedException" message="Message: element click intercepted: Element is not clickable at point (1436, 766)
  (Session info: chrome=124.0.6367.202)
Stacktrace:
	GetHandleVerifier [0x00007FF66DF01522+60802]
	(No symbol) [0x00007FF66DE7AC22]
	(No symbol) [0x00007FF66DD37CE4]
	(No symbol) [0x00007FF66DD8E877]
	(No symbol) [0x00007FF66DD8C344]
	(No symbol) [0x00007FF66DD8980A]
	(No symbol) [0x00007FF66DD889E2]
	(No symbol) [0x00007FF66DD7AE8B]
	(No symbol) [0x00007FF66DDAAB7A]
	(No symbol) [0x00007FF66DD7A7C6]
	(No symbol) [0x00007FF66DDAAD90]
	(No symbol) [0x00007FF66DDCA224]
	(No symbol) [0x00007FF66DDAA923]
	(No symbol) [0x00007FF66DD78FEC]
	(No symbol) [0x00007FF66DD79C21]
	GetHandleVerifier [0x00007FF66E2041BD+3217949]
	GetHandleVerifier [0x00007FF66E246157+3488183]
	GetHandleVerifier [0x00007FF66E23F0DF+3459391]
	GetHandleVerifier [0x00007FF66DFBB8E6+823622]
	(No symbol) [0x00007FF66DE85FBF]
	(No symbol) [0x00007FF66DE80EE4]
	(No symbol) [0x00007FF66DE81072]
	(No symbol) [0x00007FF66DE718C4]
	BaseThreadInitThunk [0x00007FFA24B4257D+29]
	RtlUserThreadStart [0x00007FFA2654AA48+40]
"><![CDATA[Traceback (most recent call last):
  File "c:\Users\luist\repos\Automatizaciones-SILOHUB-\Precio_Disponible.py", line 135, in test_granos_contratos
    seleccionar_ultimo_icono(self.driver, selector_iconos)
  File "c:\Users\luist\repos\Automatizaciones-SILOHUB-\Elements.py", line 1362, in seleccionar_ultimo_icono
    ultimo_icono.click()
  File "C:\Users\luist\AppData\Roaming\Python\Python310\site-packages\selenium\webdriver\remote\webelement.py", line 94, in click
    self._execute(Command.CLICK_ELEMENT)
  File "C:\Users\luist\AppData\Roaming\Python\Python310\site-packages\selenium\webdriver\remote\webelement.py", line 395, in _execute
    return self._parent.execute(command, params)
  File "C:\Users\luist\AppData\Roaming\Python\Python310\site-packages\selenium\webdriver\remote\webdriver.py", line 348, in execute
    self.error_handler.check_response(response)
  File "C:\Users\luist\AppData\Roaming\Python\Python310\site-packages\selenium\webdriver\remote\errorhandler.py", line 229, in check_response
    raise exception_class(message, screen, stacktrace)
selenium.common.exceptions.ElementClickInterceptedException: Message: element click intercepted: Element is not clickable at point (1436, 766)
  (Session info: chrome=124.0.6367.202)
Stacktrace:
	GetHandleVerifier [0x00007FF66DF01522+60802]
	(No symbol) [0x00007FF66DE7AC22]
	(No symbol) [0x00007FF66DD37CE4]
	(No symbol) [0x00007FF66DD8E877]
	(No symbol) [0x00007FF66DD8C344]
	(No symbol) [0x00007FF66DD8980A]
	(No symbol) [0x00007FF66DD889E2]
	(No symbol) [0x00007FF66DD7AE8B]
	(No symbol) [0x00007FF66DDAAB7A]
	(No symbol) [0x00007FF66DD7A7C6]
	(No symbol) [0x00007FF66DDAAD90]
	(No symbol) [0x00007FF66DDCA224]
	(No symbol) [0x00007FF66DDAA923]
	(No symbol) [0x00007FF66DD78FEC]
	(No symbol) [0x00007FF66DD79C21]
	GetHandleVerifier [0x00007FF66E2041BD+3217949]
	GetHandleVerifier [0x00007FF66E246157+3488183]
	GetHandleVerifier [0x00007FF66E23F0DF+3459391]
	GetHandleVerifier [0x00007FF66DFBB8E6+823622]
	(No symbol) [0x00007FF66DE85FBF]
	(No symbol) [0x00007FF66DE80EE4]
	(No symbol) [0x00007FF66DE81072]
	(No symbol) [0x00007FF66DE718C4]
	BaseThreadInitThunk [0x00007FFA24B4257D+29]
	RtlUserThreadStart [0x00007FFA2654AA48+40]

]]></error>
		<system-out><![CDATA[El texto encontrado es  MERCADOS
Se hizo clic en un icono de borrar.
No se encontraron más movimientos para borrar.
¡Input encontrado y enviado con éxito!
¡Elemento encontrado y clickeado 7 veces con éxito!
Tiempo de espera agotado. El elemento no está presente o no es clickeable.
¡Input encontrado y enviado con éxito!
]]></system-out>
	</testcase>
</testsuite>
