<?xml version="1.0" encoding="UTF-8"?>
<testsuite name="precio_granos-20240605094514" tests="1" file=".py" time="21.177" timestamp="2024-06-05T09:45:35" failures="0" errors="1" skipped="0">
	<testcase classname="precio_granos" name="test_granos_contratos" time="21.177" timestamp="2024-06-05T09:45:35" file="Precio_Disponible.py" line="23">
		<error type="ElementClickInterceptedException" message="Message: element click intercepted: Element &lt;path id=&quot;Trazado_4494&quot; data-name=&quot;Trazado 4494&quot; d=&quot;M20.75,10.466l-.322,9.75a3.212,3.212,0,0,1-3.221,3.106h-6.12a3.212,3.212,0,0,1-3.221-3.1l-.322-9.753a.806.806,0,0,1,1.611-.053l.322,9.752a1.611,1.611,0,0,0,1.611,1.549h6.12a1.611,1.611,0,0,0,1.611-1.552l.322-9.749a.806.806,0,1,1,1.611.053Zm1.065-3.245a.805.805,0,0,1-.805.805H7.283a.805.805,0,1,1,0-1.611h2.5A1.028,1.028,0,0,0,10.8,5.492a2.409,2.409,0,0,1,2.4-2.17h1.876a2.409,2.409,0,0,1,2.4,2.17,1.028,1.028,0,0,0,1.025.925h2.5a.805.805,0,0,1,.805.805ZM12.2,6.416h3.888a2.658,2.658,0,0,1-.205-.76.805.805,0,0,0-.8-.725H13.209a.805.805,0,0,0-.8.725,2.658,2.658,0,0,1-.206.76Zm.811,12.2V11.76a.805.805,0,0,0-1.611,0v6.86a.805.805,0,0,0,1.611,0Zm3.877,0V11.76a.805.805,0,0,0-1.611,0v6.86a.805.805,0,0,0,1.611,0Z&quot; transform=&quot;translate(-6.478 -3.322)&quot; fill=&quot;#f06548&quot; _ngcontent-ilr-c224=&quot;&quot; style=&quot;display: block;&quot;&gt;&lt;/path&gt; is not clickable at point (1469, 331). Other element would receive the click: &lt;svg xmlns=&quot;http://www.w3.org/2000/svg&quot; width=&quot;15.337&quot; height=&quot;20&quot; viewBox=&quot;0 0 15.337 20&quot; _ngcontent-ilr-c224=&quot;&quot; aria-hidden=&quot;true&quot;&gt;...&lt;/svg&gt;
  (Session info: chrome=125.0.6422.142)
Stacktrace:
	GetHandleVerifier [0x00007FF760D21F52+60322]
	(No symbol) [0x00007FF760C9CEC9]
	(No symbol) [0x00007FF760B57EBA]
	(No symbol) [0x00007FF760BAF32E]
	(No symbol) [0x00007FF760BACCF2]
	(No symbol) [0x00007FF760BAA18B]
	(No symbol) [0x00007FF760BA9356]
	(No symbol) [0x00007FF760B9B491]
	(No symbol) [0x00007FF760BCC21A]
	(No symbol) [0x00007FF760B9ADB6]
	(No symbol) [0x00007FF760BCC430]
	(No symbol) [0x00007FF760BEBC80]
	(No symbol) [0x00007FF760BCBFC3]
	(No symbol) [0x00007FF760B99617]
	(No symbol) [0x00007FF760B9A211]
	GetHandleVerifier [0x00007FF7610394AD+3301629]
	GetHandleVerifier [0x00007FF7610836D3+3605283]
	GetHandleVerifier [0x00007FF761079450+3563680]
	GetHandleVerifier [0x00007FF760DD4326+790390]
	(No symbol) [0x00007FF760CA750F]
	(No symbol) [0x00007FF760CA3404]
	(No symbol) [0x00007FF760CA3592]
	(No symbol) [0x00007FF760C92F9F]
	BaseThreadInitThunk [0x00007FFBED37257D+29]
	RtlUserThreadStart [0x00007FFBEECEAA48+40]
"><![CDATA[Traceback (most recent call last):
  File "c:\Users\luist\repos\Automatizaciones-SILOHUB-\Precio_Disponible.py", line 48, in test_granos_contratos
    click_icon_delete_id(self.driver, delete_price_grain)
  File "c:\Users\luist\repos\Automatizaciones-SILOHUB-\Elements.py", line 1347, in click_icon_delete_id
    icono_borrar.click()
  File "C:\Users\luist\AppData\Roaming\Python\Python310\site-packages\selenium\webdriver\remote\webelement.py", line 94, in click
    self._execute(Command.CLICK_ELEMENT)
  File "C:\Users\luist\AppData\Roaming\Python\Python310\site-packages\selenium\webdriver\remote\webelement.py", line 395, in _execute
    return self._parent.execute(command, params)
  File "C:\Users\luist\AppData\Roaming\Python\Python310\site-packages\selenium\webdriver\remote\webdriver.py", line 348, in execute
    self.error_handler.check_response(response)
  File "C:\Users\luist\AppData\Roaming\Python\Python310\site-packages\selenium\webdriver\remote\errorhandler.py", line 229, in check_response
    raise exception_class(message, screen, stacktrace)
selenium.common.exceptions.ElementClickInterceptedException: Message: element click intercepted: Element <path id="Trazado_4494" data-name="Trazado 4494" d="M20.75,10.466l-.322,9.75a3.212,3.212,0,0,1-3.221,3.106h-6.12a3.212,3.212,0,0,1-3.221-3.1l-.322-9.753a.806.806,0,0,1,1.611-.053l.322,9.752a1.611,1.611,0,0,0,1.611,1.549h6.12a1.611,1.611,0,0,0,1.611-1.552l.322-9.749a.806.806,0,1,1,1.611.053Zm1.065-3.245a.805.805,0,0,1-.805.805H7.283a.805.805,0,1,1,0-1.611h2.5A1.028,1.028,0,0,0,10.8,5.492a2.409,2.409,0,0,1,2.4-2.17h1.876a2.409,2.409,0,0,1,2.4,2.17,1.028,1.028,0,0,0,1.025.925h2.5a.805.805,0,0,1,.805.805ZM12.2,6.416h3.888a2.658,2.658,0,0,1-.205-.76.805.805,0,0,0-.8-.725H13.209a.805.805,0,0,0-.8.725,2.658,2.658,0,0,1-.206.76Zm.811,12.2V11.76a.805.805,0,0,0-1.611,0v6.86a.805.805,0,0,0,1.611,0Zm3.877,0V11.76a.805.805,0,0,0-1.611,0v6.86a.805.805,0,0,0,1.611,0Z" transform="translate(-6.478 -3.322)" fill="#f06548" _ngcontent-ilr-c224="" style="display: block;"></path> is not clickable at point (1469, 331). Other element would receive the click: <svg xmlns="http://www.w3.org/2000/svg" width="15.337" height="20" viewBox="0 0 15.337 20" _ngcontent-ilr-c224="" aria-hidden="true">...</svg>
  (Session info: chrome=125.0.6422.142)
Stacktrace:
	GetHandleVerifier [0x00007FF760D21F52+60322]
	(No symbol) [0x00007FF760C9CEC9]
	(No symbol) [0x00007FF760B57EBA]
	(No symbol) [0x00007FF760BAF32E]
	(No symbol) [0x00007FF760BACCF2]
	(No symbol) [0x00007FF760BAA18B]
	(No symbol) [0x00007FF760BA9356]
	(No symbol) [0x00007FF760B9B491]
	(No symbol) [0x00007FF760BCC21A]
	(No symbol) [0x00007FF760B9ADB6]
	(No symbol) [0x00007FF760BCC430]
	(No symbol) [0x00007FF760BEBC80]
	(No symbol) [0x00007FF760BCBFC3]
	(No symbol) [0x00007FF760B99617]
	(No symbol) [0x00007FF760B9A211]
	GetHandleVerifier [0x00007FF7610394AD+3301629]
	GetHandleVerifier [0x00007FF7610836D3+3605283]
	GetHandleVerifier [0x00007FF761079450+3563680]
	GetHandleVerifier [0x00007FF760DD4326+790390]
	(No symbol) [0x00007FF760CA750F]
	(No symbol) [0x00007FF760CA3404]
	(No symbol) [0x00007FF760CA3592]
	(No symbol) [0x00007FF760C92F9F]
	BaseThreadInitThunk [0x00007FFBED37257D+29]
	RtlUserThreadStart [0x00007FFBEECEAA48+40]

]]></error>
		<system-out><![CDATA[El texto encontrado es  MERCADOS
]]></system-out>
	</testcase>
</testsuite>
