<?xml version="1.0" encoding="UTF-8"?>
<testsuite name="precio_granos-20240409140813" tests="1" file=".py" time="111.537" timestamp="2024-04-09T14:10:05" failures="0" errors="1" skipped="0">
	<testcase classname="precio_granos" name="test_granos_contratos" time="111.537" timestamp="2024-04-09T14:10:05" file="Precio_Granos.py" line="23">
		<error type="IndexError" message="list index out of range"><![CDATA[Traceback (most recent call last):
  File "c:\Users\luist\repos\Automatizaciones-SILOHUB-\Precio_Granos.py", line 134, in test_granos_contratos
    click_on_last_move(self.driver, selector_iconos, id_icono_movimiento)
  File "c:\Users\luist\repos\Automatizaciones-SILOHUB-\Elements.py", line 1296, in click_on_last_move
    ultimo_movimiento = movimientos[-1]
IndexError: list index out of range
]]></error>
		<system-out><![CDATA[El texto encontrado es  MERCADOS
Se hizo clic en un icono de borrar.
Se hizo clic en un icono de borrar.
No se encontraron más movimientos para borrar.
¡Input encontrado y enviado con éxito!
¡Elemento encontrado y clickeado 1 veces con éxito!
¡Input encontrado y enviado con éxito!
]]></system-out>
	</testcase>
</testsuite>
