<?xml version="1.0" encoding="UTF-8"?>
<testsuite name="precio_granos-20240917175131" tests="1" file=".py" time="121.608" timestamp="2024-09-17T17:53:33" failures="0" errors="0" skipped="0">
	<testcase classname="precio_granos" name="test_granos_contratos" time="121.608" timestamp="2024-09-17T17:53:33" file="Precio_Disponible.py" line="23">
		<system-out><![CDATA[El texto encontrado es  MERCADOS
Se hizo clic en un icono de borrar.
No se encontraron más movimientos para borrar.
Se hizo clic en un icono de borrar.
No se encontraron más movimientos para borrar.
¡Input encontrado y enviado con éxito!
La fecha actual no está disponible en el calendario.
¡Input encontrado y enviado con éxito!
¡Cuenta encontrada y seleccionada 1023  con éxito!
¡Input encontrado y enviado con éxito!
]]></system-out>
	</testcase>
</testsuite>
