<?xml version="1.0" encoding="UTF-8"?>
<testsuite name="precio_granos-20240605100117" tests="2" file=".py" time="31.122" timestamp="2024-06-05T10:01:48" failures="0" errors="2" skipped="0">
	<testcase classname="precio_granos" name="test_granos_contratos" time="0.000" timestamp="0001-01-01T00:00:00" file="Precio_Disponible.py" line="23">
		<error type="AttributeError" message="'NoneType' object has no attribute 'is_displayed'"><![CDATA[Traceback (most recent call last):
  File "c:\Users\luist\repos\Automatizaciones-SILOHUB-\Precio_Disponible.py", line 48, in test_granos_contratos
    click_icon_delete_xpaht(self.driver, delete_price_grain)
  File "c:\Users\luist\repos\Automatizaciones-SILOHUB-\Elements.py", line 1327, in click_icon_delete_xpaht
    icono_borrar = WebDriverWait(driver, 10).until(
  File "C:\Users\luist\AppData\Roaming\Python\Python310\site-packages\selenium\webdriver\support\wait.py", line 96, in until
    value = method(self._driver)
  File "C:\Users\luist\AppData\Roaming\Python\Python310\site-packages\selenium\webdriver\support\expected_conditions.py", line 156, in _predicate
    return _element_if_visible(driver.find_element(*locator))
  File "C:\Users\luist\AppData\Roaming\Python\Python310\site-packages\selenium\webdriver\support\expected_conditions.py", line 179, in _element_if_visible
    return element if element.is_displayed() == visibility else False
AttributeError: 'NoneType' object has no attribute 'is_displayed'
]]></error>
		<system-out><![CDATA[El texto encontrado es  MERCADOS
]]></system-out>
	</testcase>
	<testcase classname="precio_granos" name="test_granos_contratos" time="31.122" timestamp="2024-06-05T10:01:48" file="Precio_Disponible.py" line="23">
		<error type="NoSuchWindowException" message="Message: no such window: target window already closed
from unknown error: web view not found
  (Session info: chrome=125.0.6422.142)
Stacktrace:
	GetHandleVerifier [0x00007FF6E4AE1F52+60322]
	(No symbol) [0x00007FF6E4A5CEC9]
	(No symbol) [0x00007FF6E4917EBA]
	(No symbol) [0x00007FF6E48ED5A5]
	(No symbol) [0x00007FF6E49936B7]
	(No symbol) [0x00007FF6E499A812]
	(No symbol) [0x00007FF6E498C1E0]
	(No symbol) [0x00007FF6E4959617]
	(No symbol) [0x00007FF6E495A211]
	GetHandleVerifier [0x00007FF6E4DF94AD+3301629]
	GetHandleVerifier [0x00007FF6E4E436D3+3605283]
	GetHandleVerifier [0x00007FF6E4E39450+3563680]
	GetHandleVerifier [0x00007FF6E4B94326+790390]
	(No symbol) [0x00007FF6E4A6750F]
	(No symbol) [0x00007FF6E4A63404]
	(No symbol) [0x00007FF6E4A63592]
	(No symbol) [0x00007FF6E4A52F9F]
	BaseThreadInitThunk [0x00007FFBED37257D+29]
	RtlUserThreadStart [0x00007FFBEECEAA48+40]
"><![CDATA[Traceback (most recent call last):
  File "c:\Users\luist\repos\Automatizaciones-SILOHUB-\Precio_Disponible.py", line 161, in tearDown
    self.driver.close()
  File "C:\Users\luist\AppData\Roaming\Python\Python310\site-packages\selenium\webdriver\remote\webdriver.py", line 459, in close
    self.execute(Command.CLOSE)
  File "C:\Users\luist\AppData\Roaming\Python\Python310\site-packages\selenium\webdriver\remote\webdriver.py", line 348, in execute
    self.error_handler.check_response(response)
  File "C:\Users\luist\AppData\Roaming\Python\Python310\site-packages\selenium\webdriver\remote\errorhandler.py", line 229, in check_response
    raise exception_class(message, screen, stacktrace)
selenium.common.exceptions.NoSuchWindowException: Message: no such window: target window already closed
from unknown error: web view not found
  (Session info: chrome=125.0.6422.142)
Stacktrace:
	GetHandleVerifier [0x00007FF6E4AE1F52+60322]
	(No symbol) [0x00007FF6E4A5CEC9]
	(No symbol) [0x00007FF6E4917EBA]
	(No symbol) [0x00007FF6E48ED5A5]
	(No symbol) [0x00007FF6E49936B7]
	(No symbol) [0x00007FF6E499A812]
	(No symbol) [0x00007FF6E498C1E0]
	(No symbol) [0x00007FF6E4959617]
	(No symbol) [0x00007FF6E495A211]
	GetHandleVerifier [0x00007FF6E4DF94AD+3301629]
	GetHandleVerifier [0x00007FF6E4E436D3+3605283]
	GetHandleVerifier [0x00007FF6E4E39450+3563680]
	GetHandleVerifier [0x00007FF6E4B94326+790390]
	(No symbol) [0x00007FF6E4A6750F]
	(No symbol) [0x00007FF6E4A63404]
	(No symbol) [0x00007FF6E4A63592]
	(No symbol) [0x00007FF6E4A52F9F]
	BaseThreadInitThunk [0x00007FFBED37257D+29]
	RtlUserThreadStart [0x00007FFBEECEAA48+40]

]]></error>
		<system-out><![CDATA[El texto encontrado es  MERCADOS
]]></system-out>
	</testcase>
</testsuite>
