<?xml version="1.0" encoding="UTF-8"?>
<testsuite name="precio_granos-20240605095931" tests="2" file=".py" time="102.162" timestamp="2024-06-05T10:01:13" failures="0" errors="2" skipped="0">
	<testcase classname="precio_granos" name="test_granos_contratos" time="0.000" timestamp="0001-01-01T00:00:00" file="Precio_Disponible.py" line="23">
		<error type="NoSuchWindowException" message="Message: no such window: target window already closed
from unknown error: web view not found
  (Session info: chrome=125.0.6422.142)
Stacktrace:
	GetHandleVerifier [0x00007FF6E4AE1F52+60322]
	(No symbol) [0x00007FF6E4A5CEC9]
	(No symbol) [0x00007FF6E4917EBA]
	(No symbol) [0x00007FF6E48ED5A5]
	(No symbol) [0x00007FF6E49936B7]
	(No symbol) [0x00007FF6E49AB331]
	(No symbol) [0x00007FF6E498BFC3]
	(No symbol) [0x00007FF6E4959617]
	(No symbol) [0x00007FF6E495A211]
	GetHandleVerifier [0x00007FF6E4DF94AD+3301629]
	GetHandleVerifier [0x00007FF6E4E436D3+3605283]
	GetHandleVerifier [0x00007FF6E4E39450+3563680]
	GetHandleVerifier [0x00007FF6E4B94326+790390]
	(No symbol) [0x00007FF6E4A6750F]
	(No symbol) [0x00007FF6E4A63404]
	(No symbol) [0x00007FF6E4A63592]
	(No symbol) [0x00007FF6E4A52F9F]
	BaseThreadInitThunk [0x00007FFBED37257D+29]
	RtlUserThreadStart [0x00007FFBEECEAA48+40]
"><![CDATA[Traceback (most recent call last):
  File "c:\Users\luist\repos\Automatizaciones-SILOHUB-\Precio_Disponible.py", line 106, in test_granos_contratos
    find_send_element(self.driver, insert_amount1, send_amount1 )
  File "c:\Users\luist\repos\Automatizaciones-SILOHUB-\Elements.py", line 295, in find_send_element
    input_element = WebDriverWait(driver, 10).until(
  File "C:\Users\luist\AppData\Roaming\Python\Python310\site-packages\selenium\webdriver\support\wait.py", line 96, in until
    value = method(self._driver)
  File "C:\Users\luist\AppData\Roaming\Python\Python310\site-packages\selenium\webdriver\support\expected_conditions.py", line 363, in _predicate
    target = driver.find_element(*target)  # grab element at locator
  File "C:\Users\luist\AppData\Roaming\Python\Python310\site-packages\selenium\webdriver\remote\webdriver.py", line 742, in find_element
    return self.execute(Command.FIND_ELEMENT, {"using": by, "value": value})["value"]
  File "C:\Users\luist\AppData\Roaming\Python\Python310\site-packages\selenium\webdriver\remote\webdriver.py", line 348, in execute
    self.error_handler.check_response(response)
  File "C:\Users\luist\AppData\Roaming\Python\Python310\site-packages\selenium\webdriver\remote\errorhandler.py", line 229, in check_response
    raise exception_class(message, screen, stacktrace)
selenium.common.exceptions.NoSuchWindowException: Message: no such window: target window already closed
from unknown error: web view not found
  (Session info: chrome=125.0.6422.142)
Stacktrace:
	GetHandleVerifier [0x00007FF6E4AE1F52+60322]
	(No symbol) [0x00007FF6E4A5CEC9]
	(No symbol) [0x00007FF6E4917EBA]
	(No symbol) [0x00007FF6E48ED5A5]
	(No symbol) [0x00007FF6E49936B7]
	(No symbol) [0x00007FF6E49AB331]
	(No symbol) [0x00007FF6E498BFC3]
	(No symbol) [0x00007FF6E4959617]
	(No symbol) [0x00007FF6E495A211]
	GetHandleVerifier [0x00007FF6E4DF94AD+3301629]
	GetHandleVerifier [0x00007FF6E4E436D3+3605283]
	GetHandleVerifier [0x00007FF6E4E39450+3563680]
	GetHandleVerifier [0x00007FF6E4B94326+790390]
	(No symbol) [0x00007FF6E4A6750F]
	(No symbol) [0x00007FF6E4A63404]
	(No symbol) [0x00007FF6E4A63592]
	(No symbol) [0x00007FF6E4A52F9F]
	BaseThreadInitThunk [0x00007FFBED37257D+29]
	RtlUserThreadStart [0x00007FFBEECEAA48+40]

]]></error>
		<system-out><![CDATA[El texto encontrado es  MERCADOS
No se encontraron más movimientos para borrar.
¡Input encontrado y enviado con éxito!
Tiempo de espera agotado. El elemento no está presente o no es clickeable.
]]></system-out>
	</testcase>
	<testcase classname="precio_granos" name="test_granos_contratos" time="102.162" timestamp="2024-06-05T10:01:13" file="Precio_Disponible.py" line="23">
		<error type="WebDriverException" message="Message: disconnected: not connected to DevTools
  (failed to check if window was closed: disconnected: not connected to DevTools)
  (Session info: chrome=125.0.6422.142)
Stacktrace:
	GetHandleVerifier [0x00007FF6E4AE1F52+60322]
	(No symbol) [0x00007FF6E4A5CEC9]
	(No symbol) [0x00007FF6E4917EBA]
	(No symbol) [0x00007FF6E48FE03F]
	(No symbol) [0x00007FF6E48FEBAF]
	(No symbol) [0x00007FF6E49184E3]
	(No symbol) [0x00007FF6E48ED08C]
	(No symbol) [0x00007FF6E499A7B4]
	(No symbol) [0x00007FF6E498C1E0]
	(No symbol) [0x00007FF6E4959617]
	(No symbol) [0x00007FF6E495A211]
	GetHandleVerifier [0x00007FF6E4DF94AD+3301629]
	GetHandleVerifier [0x00007FF6E4E436D3+3605283]
	GetHandleVerifier [0x00007FF6E4E39450+3563680]
	GetHandleVerifier [0x00007FF6E4B94326+790390]
	(No symbol) [0x00007FF6E4A6750F]
	(No symbol) [0x00007FF6E4A63404]
	(No symbol) [0x00007FF6E4A63592]
	(No symbol) [0x00007FF6E4A52F9F]
	BaseThreadInitThunk [0x00007FFBED37257D+29]
	RtlUserThreadStart [0x00007FFBEECEAA48+40]
"><![CDATA[Traceback (most recent call last):
  File "c:\Users\luist\repos\Automatizaciones-SILOHUB-\Precio_Disponible.py", line 161, in tearDown
    self.driver.close()
  File "C:\Users\luist\AppData\Roaming\Python\Python310\site-packages\selenium\webdriver\remote\webdriver.py", line 459, in close
    self.execute(Command.CLOSE)
  File "C:\Users\luist\AppData\Roaming\Python\Python310\site-packages\selenium\webdriver\remote\webdriver.py", line 348, in execute
    self.error_handler.check_response(response)
  File "C:\Users\luist\AppData\Roaming\Python\Python310\site-packages\selenium\webdriver\remote\errorhandler.py", line 229, in check_response
    raise exception_class(message, screen, stacktrace)
selenium.common.exceptions.WebDriverException: Message: disconnected: not connected to DevTools
  (failed to check if window was closed: disconnected: not connected to DevTools)
  (Session info: chrome=125.0.6422.142)
Stacktrace:
	GetHandleVerifier [0x00007FF6E4AE1F52+60322]
	(No symbol) [0x00007FF6E4A5CEC9]
	(No symbol) [0x00007FF6E4917EBA]
	(No symbol) [0x00007FF6E48FE03F]
	(No symbol) [0x00007FF6E48FEBAF]
	(No symbol) [0x00007FF6E49184E3]
	(No symbol) [0x00007FF6E48ED08C]
	(No symbol) [0x00007FF6E499A7B4]
	(No symbol) [0x00007FF6E498C1E0]
	(No symbol) [0x00007FF6E4959617]
	(No symbol) [0x00007FF6E495A211]
	GetHandleVerifier [0x00007FF6E4DF94AD+3301629]
	GetHandleVerifier [0x00007FF6E4E436D3+3605283]
	GetHandleVerifier [0x00007FF6E4E39450+3563680]
	GetHandleVerifier [0x00007FF6E4B94326+790390]
	(No symbol) [0x00007FF6E4A6750F]
	(No symbol) [0x00007FF6E4A63404]
	(No symbol) [0x00007FF6E4A63592]
	(No symbol) [0x00007FF6E4A52F9F]
	BaseThreadInitThunk [0x00007FFBED37257D+29]
	RtlUserThreadStart [0x00007FFBEECEAA48+40]

]]></error>
		<system-out><![CDATA[El texto encontrado es  MERCADOS
No se encontraron más movimientos para borrar.
¡Input encontrado y enviado con éxito!
Tiempo de espera agotado. El elemento no está presente o no es clickeable.
]]></system-out>
	</testcase>
</testsuite>
