<?xml version="1.0" encoding="UTF-8"?>
<testsuite name="precio_granos-20240917174143" tests="1" file=".py" time="24.131" timestamp="2024-09-17T17:42:07" failures="0" errors="1" skipped="0">
	<testcase classname="precio_granos" name="test_granos_contratos" time="24.131" timestamp="2024-09-17T17:42:07" file="Precio_Disponible.py" line="23">
		<error type="ElementClickInterceptedException" message="Message: element click intercepted: Element is not clickable at point (1471, 764)
  (Session info: chrome=128.0.6613.138)
Stacktrace:
	GetHandleVerifier [0x00007FF7460A9412+29090]
	(No symbol) [0x00007FF74601E239]
	(No symbol) [0x00007FF745EDB1DA]
	(No symbol) [0x00007FF745F36C1E]
	(No symbol) [0x00007FF745F34692]
	(No symbol) [0x00007FF745F31BAB]
	(No symbol) [0x00007FF745F30DC5]
	(No symbol) [0x00007FF745F22D81]
	(No symbol) [0x00007FF745F566EA]
	(No symbol) [0x00007FF745F226C6]
	(No symbol) [0x00007FF745F56900]
	(No symbol) [0x00007FF745F765A2]
	(No symbol) [0x00007FF745F56493]
	(No symbol) [0x00007FF745F209D1]
	(No symbol) [0x00007FF745F21B31]
	GetHandleVerifier [0x00007FF7463C871D+3302573]
	GetHandleVerifier [0x00007FF746414243+3612627]
	GetHandleVerifier [0x00007FF74640A417+3572135]
	GetHandleVerifier [0x00007FF746165EB6+801862]
	(No symbol) [0x00007FF74602945F]
	(No symbol) [0x00007FF746024FB4]
	(No symbol) [0x00007FF746025140]
	(No symbol) [0x00007FF74601461F]
	BaseThreadInitThunk [0x00007FFBBDF4257D+29]
	RtlUserThreadStart [0x00007FFBBFE2AF28+40]
"><![CDATA[Traceback (most recent call last):
  File "c:\Users\luist\repos\Automatizaciones_M-dulos-\Precio_Disponible.py", line 49, in test_granos_contratos
    click_icon_delete(self.driver, delete_price_grain1)
  File "c:\Users\luist\repos\Automatizaciones_M-dulos-\Elements.py", line 1356, in click_icon_delete
    icono_borrar.click()
  File "C:\Users\luist\AppData\Roaming\Python\Python310\site-packages\selenium\webdriver\remote\webelement.py", line 94, in click
    self._execute(Command.CLICK_ELEMENT)
  File "C:\Users\luist\AppData\Roaming\Python\Python310\site-packages\selenium\webdriver\remote\webelement.py", line 395, in _execute
    return self._parent.execute(command, params)
  File "C:\Users\luist\AppData\Roaming\Python\Python310\site-packages\selenium\webdriver\remote\webdriver.py", line 354, in execute
    self.error_handler.check_response(response)
  File "C:\Users\luist\AppData\Roaming\Python\Python310\site-packages\selenium\webdriver\remote\errorhandler.py", line 229, in check_response
    raise exception_class(message, screen, stacktrace)
selenium.common.exceptions.ElementClickInterceptedException: Message: element click intercepted: Element is not clickable at point (1471, 764)
  (Session info: chrome=128.0.6613.138)
Stacktrace:
	GetHandleVerifier [0x00007FF7460A9412+29090]
	(No symbol) [0x00007FF74601E239]
	(No symbol) [0x00007FF745EDB1DA]
	(No symbol) [0x00007FF745F36C1E]
	(No symbol) [0x00007FF745F34692]
	(No symbol) [0x00007FF745F31BAB]
	(No symbol) [0x00007FF745F30DC5]
	(No symbol) [0x00007FF745F22D81]
	(No symbol) [0x00007FF745F566EA]
	(No symbol) [0x00007FF745F226C6]
	(No symbol) [0x00007FF745F56900]
	(No symbol) [0x00007FF745F765A2]
	(No symbol) [0x00007FF745F56493]
	(No symbol) [0x00007FF745F209D1]
	(No symbol) [0x00007FF745F21B31]
	GetHandleVerifier [0x00007FF7463C871D+3302573]
	GetHandleVerifier [0x00007FF746414243+3612627]
	GetHandleVerifier [0x00007FF74640A417+3572135]
	GetHandleVerifier [0x00007FF746165EB6+801862]
	(No symbol) [0x00007FF74602945F]
	(No symbol) [0x00007FF746024FB4]
	(No symbol) [0x00007FF746025140]
	(No symbol) [0x00007FF74601461F]
	BaseThreadInitThunk [0x00007FFBBDF4257D+29]
	RtlUserThreadStart [0x00007FFBBFE2AF28+40]

]]></error>
		<system-out><![CDATA[El texto encontrado es  MERCADOS
]]></system-out>
	</testcase>
</testsuite>
