<?xml version="1.0" encoding="UTF-8"?>
<testsuite name="precio_granos-20240605095800" tests="1" file=".py" time="25.445" timestamp="2024-06-05T09:58:25" failures="0" errors="1" skipped="0">
	<testcase classname="precio_granos" name="test_granos_contratos" time="25.445" timestamp="2024-06-05T09:58:25" file="Precio_Disponible.py" line="23">
		<error type="ElementClickInterceptedException" message="Message: element click intercepted: Element is not clickable at point (1471, 760)
  (Session info: chrome=125.0.6422.142)
Stacktrace:
	GetHandleVerifier [0x00007FF6E4AE1F52+60322]
	(No symbol) [0x00007FF6E4A5CEC9]
	(No symbol) [0x00007FF6E4917EBA]
	(No symbol) [0x00007FF6E496F32E]
	(No symbol) [0x00007FF6E496CCF2]
	(No symbol) [0x00007FF6E496A18B]
	(No symbol) [0x00007FF6E4969356]
	(No symbol) [0x00007FF6E495B491]
	(No symbol) [0x00007FF6E498C21A]
	(No symbol) [0x00007FF6E495ADB6]
	(No symbol) [0x00007FF6E498C430]
	(No symbol) [0x00007FF6E49ABC80]
	(No symbol) [0x00007FF6E498BFC3]
	(No symbol) [0x00007FF6E4959617]
	(No symbol) [0x00007FF6E495A211]
	GetHandleVerifier [0x00007FF6E4DF94AD+3301629]
	GetHandleVerifier [0x00007FF6E4E436D3+3605283]
	GetHandleVerifier [0x00007FF6E4E39450+3563680]
	GetHandleVerifier [0x00007FF6E4B94326+790390]
	(No symbol) [0x00007FF6E4A6750F]
	(No symbol) [0x00007FF6E4A63404]
	(No symbol) [0x00007FF6E4A63592]
	(No symbol) [0x00007FF6E4A52F9F]
	BaseThreadInitThunk [0x00007FFBED37257D+29]
	RtlUserThreadStart [0x00007FFBEECEAA48+40]
"><![CDATA[Traceback (most recent call last):
  File "c:\Users\luist\repos\Automatizaciones-SILOHUB-\Precio_Disponible.py", line 48, in test_granos_contratos
    click_icon_delete(self.driver, delete_price_grain)
  File "c:\Users\luist\repos\Automatizaciones-SILOHUB-\Elements.py", line 1315, in click_icon_delete
    icono_borrar.click()
  File "C:\Users\luist\AppData\Roaming\Python\Python310\site-packages\selenium\webdriver\remote\webelement.py", line 94, in click
    self._execute(Command.CLICK_ELEMENT)
  File "C:\Users\luist\AppData\Roaming\Python\Python310\site-packages\selenium\webdriver\remote\webelement.py", line 395, in _execute
    return self._parent.execute(command, params)
  File "C:\Users\luist\AppData\Roaming\Python\Python310\site-packages\selenium\webdriver\remote\webdriver.py", line 348, in execute
    self.error_handler.check_response(response)
  File "C:\Users\luist\AppData\Roaming\Python\Python310\site-packages\selenium\webdriver\remote\errorhandler.py", line 229, in check_response
    raise exception_class(message, screen, stacktrace)
selenium.common.exceptions.ElementClickInterceptedException: Message: element click intercepted: Element is not clickable at point (1471, 760)
  (Session info: chrome=125.0.6422.142)
Stacktrace:
	GetHandleVerifier [0x00007FF6E4AE1F52+60322]
	(No symbol) [0x00007FF6E4A5CEC9]
	(No symbol) [0x00007FF6E4917EBA]
	(No symbol) [0x00007FF6E496F32E]
	(No symbol) [0x00007FF6E496CCF2]
	(No symbol) [0x00007FF6E496A18B]
	(No symbol) [0x00007FF6E4969356]
	(No symbol) [0x00007FF6E495B491]
	(No symbol) [0x00007FF6E498C21A]
	(No symbol) [0x00007FF6E495ADB6]
	(No symbol) [0x00007FF6E498C430]
	(No symbol) [0x00007FF6E49ABC80]
	(No symbol) [0x00007FF6E498BFC3]
	(No symbol) [0x00007FF6E4959617]
	(No symbol) [0x00007FF6E495A211]
	GetHandleVerifier [0x00007FF6E4DF94AD+3301629]
	GetHandleVerifier [0x00007FF6E4E436D3+3605283]
	GetHandleVerifier [0x00007FF6E4E39450+3563680]
	GetHandleVerifier [0x00007FF6E4B94326+790390]
	(No symbol) [0x00007FF6E4A6750F]
	(No symbol) [0x00007FF6E4A63404]
	(No symbol) [0x00007FF6E4A63592]
	(No symbol) [0x00007FF6E4A52F9F]
	BaseThreadInitThunk [0x00007FFBED37257D+29]
	RtlUserThreadStart [0x00007FFBEECEAA48+40]

]]></error>
		<system-out><![CDATA[El texto encontrado es  MERCADOS
]]></system-out>
	</testcase>
</testsuite>
