<?xml version="1.0" encoding="UTF-8"?>
<testsuite name="precio_granos-20240605102430" tests="1" file=".py" time="26.712" timestamp="2024-06-05T10:24:56" failures="0" errors="1" skipped="0">
	<testcase classname="precio_granos" name="test_granos_contratos" time="26.712" timestamp="2024-06-05T10:24:56" file="Precio_Disponible.py" line="23">
		<error type="ElementClickInterceptedException" message="Message: element click intercepted: Element is not clickable at point (1471, 764)
  (Session info: chrome=125.0.6422.142)
Stacktrace:
	GetHandleVerifier [0x00007FF68B471F52+60322]
	(No symbol) [0x00007FF68B3ECEC9]
	(No symbol) [0x00007FF68B2A7EBA]
	(No symbol) [0x00007FF68B2FF32E]
	(No symbol) [0x00007FF68B2FCCF2]
	(No symbol) [0x00007FF68B2FA18B]
	(No symbol) [0x00007FF68B2F9356]
	(No symbol) [0x00007FF68B2EB491]
	(No symbol) [0x00007FF68B31C21A]
	(No symbol) [0x00007FF68B2EADB6]
	(No symbol) [0x00007FF68B31C430]
	(No symbol) [0x00007FF68B33BC80]
	(No symbol) [0x00007FF68B31BFC3]
	(No symbol) [0x00007FF68B2E9617]
	(No symbol) [0x00007FF68B2EA211]
	GetHandleVerifier [0x00007FF68B7894AD+3301629]
	GetHandleVerifier [0x00007FF68B7D36D3+3605283]
	GetHandleVerifier [0x00007FF68B7C9450+3563680]
	GetHandleVerifier [0x00007FF68B524326+790390]
	(No symbol) [0x00007FF68B3F750F]
	(No symbol) [0x00007FF68B3F3404]
	(No symbol) [0x00007FF68B3F3592]
	(No symbol) [0x00007FF68B3E2F9F]
	BaseThreadInitThunk [0x00007FFBED37257D+29]
	RtlUserThreadStart [0x00007FFBEECEAA48+40]
"><![CDATA[Traceback (most recent call last):
  File "c:\Users\luist\repos\Automatizaciones-SILOHUB-\Precio_Disponible.py", line 48, in test_granos_contratos
    click_icon_delete(self.driver, delete_price_grain)
  File "c:\Users\luist\repos\Automatizaciones-SILOHUB-\Elements.py", line 1315, in click_icon_delete
    icono_borrar.click()
  File "C:\Users\luist\AppData\Roaming\Python\Python310\site-packages\selenium\webdriver\remote\webelement.py", line 94, in click
    self._execute(Command.CLICK_ELEMENT)
  File "C:\Users\luist\AppData\Roaming\Python\Python310\site-packages\selenium\webdriver\remote\webelement.py", line 395, in _execute
    return self._parent.execute(command, params)
  File "C:\Users\luist\AppData\Roaming\Python\Python310\site-packages\selenium\webdriver\remote\webdriver.py", line 348, in execute
    self.error_handler.check_response(response)
  File "C:\Users\luist\AppData\Roaming\Python\Python310\site-packages\selenium\webdriver\remote\errorhandler.py", line 229, in check_response
    raise exception_class(message, screen, stacktrace)
selenium.common.exceptions.ElementClickInterceptedException: Message: element click intercepted: Element is not clickable at point (1471, 764)
  (Session info: chrome=125.0.6422.142)
Stacktrace:
	GetHandleVerifier [0x00007FF68B471F52+60322]
	(No symbol) [0x00007FF68B3ECEC9]
	(No symbol) [0x00007FF68B2A7EBA]
	(No symbol) [0x00007FF68B2FF32E]
	(No symbol) [0x00007FF68B2FCCF2]
	(No symbol) [0x00007FF68B2FA18B]
	(No symbol) [0x00007FF68B2F9356]
	(No symbol) [0x00007FF68B2EB491]
	(No symbol) [0x00007FF68B31C21A]
	(No symbol) [0x00007FF68B2EADB6]
	(No symbol) [0x00007FF68B31C430]
	(No symbol) [0x00007FF68B33BC80]
	(No symbol) [0x00007FF68B31BFC3]
	(No symbol) [0x00007FF68B2E9617]
	(No symbol) [0x00007FF68B2EA211]
	GetHandleVerifier [0x00007FF68B7894AD+3301629]
	GetHandleVerifier [0x00007FF68B7D36D3+3605283]
	GetHandleVerifier [0x00007FF68B7C9450+3563680]
	GetHandleVerifier [0x00007FF68B524326+790390]
	(No symbol) [0x00007FF68B3F750F]
	(No symbol) [0x00007FF68B3F3404]
	(No symbol) [0x00007FF68B3F3592]
	(No symbol) [0x00007FF68B3E2F9F]
	BaseThreadInitThunk [0x00007FFBED37257D+29]
	RtlUserThreadStart [0x00007FFBEECEAA48+40]

]]></error>
		<system-out><![CDATA[El texto encontrado es  MERCADOS
]]></system-out>
	</testcase>
</testsuite>
