<?xml version="1.0" encoding="UTF-8"?>
<testsuite name="precio_granos-20240605101623" tests="1" file=".py" time="59.077" timestamp="2024-06-05T10:17:22" failures="0" errors="1" skipped="0">
	<testcase classname="precio_granos" name="test_granos_contratos" time="59.077" timestamp="2024-06-05T10:17:22" file="Precio_Disponible.py" line="23">
		<error type="ElementClickInterceptedException" message="Message: element click intercepted: Element &lt;button _ngcontent-nsd-c133=&quot;&quot; type=&quot;button&quot; class=&quot;btn waves-effect waves-light fw-bold d-flex justify-content-center shadow-none button btn-primary w-100&quot;&gt;...&lt;/button&gt; is not clickable at point (1381, 56). Other element would receive the click: &lt;button _ngcontent-nsd-c125=&quot;&quot; type=&quot;button&quot; id=&quot;page-header-notifications-dropdown&quot; data-bs-toggle=&quot;dropdown&quot; aria-haspopup=&quot;true&quot; aria-expanded=&quot;false&quot; ngbdropdowntoggle=&quot;&quot; class=&quot;dropdown-toggle btn btn-icon btn-topbar btn-ghost-secondary rounded-circle shadow-none&quot;&gt;...&lt;/button&gt;
  (Session info: chrome=125.0.6422.142)
Stacktrace:
	GetHandleVerifier [0x00007FF68B471F52+60322]
	(No symbol) [0x00007FF68B3ECEC9]
	(No symbol) [0x00007FF68B2A7EBA]
	(No symbol) [0x00007FF68B2FF32E]
	(No symbol) [0x00007FF68B2FCCF2]
	(No symbol) [0x00007FF68B2FA18B]
	(No symbol) [0x00007FF68B2F9356]
	(No symbol) [0x00007FF68B2EB491]
	(No symbol) [0x00007FF68B31C21A]
	(No symbol) [0x00007FF68B2EADB6]
	(No symbol) [0x00007FF68B31C430]
	(No symbol) [0x00007FF68B33BC80]
	(No symbol) [0x00007FF68B31BFC3]
	(No symbol) [0x00007FF68B2E9617]
	(No symbol) [0x00007FF68B2EA211]
	GetHandleVerifier [0x00007FF68B7894AD+3301629]
	GetHandleVerifier [0x00007FF68B7D36D3+3605283]
	GetHandleVerifier [0x00007FF68B7C9450+3563680]
	GetHandleVerifier [0x00007FF68B524326+790390]
	(No symbol) [0x00007FF68B3F750F]
	(No symbol) [0x00007FF68B3F3404]
	(No symbol) [0x00007FF68B3F3592]
	(No symbol) [0x00007FF68B3E2F9F]
	BaseThreadInitThunk [0x00007FFBED37257D+29]
	RtlUserThreadStart [0x00007FFBEECEAA48+40]
"><![CDATA[Traceback (most recent call last):
  File "c:\Users\luist\repos\Automatizaciones-SILOHUB-\Precio_Disponible.py", line 55, in test_granos_contratos
    find_elements(self.driver,available)
  File "c:\Users\luist\repos\Automatizaciones-SILOHUB-\Elements.py", line 22, in find_elements
    select_nex_button.click()
  File "C:\Users\luist\AppData\Roaming\Python\Python310\site-packages\selenium\webdriver\remote\webelement.py", line 94, in click
    self._execute(Command.CLICK_ELEMENT)
  File "C:\Users\luist\AppData\Roaming\Python\Python310\site-packages\selenium\webdriver\remote\webelement.py", line 395, in _execute
    return self._parent.execute(command, params)
  File "C:\Users\luist\AppData\Roaming\Python\Python310\site-packages\selenium\webdriver\remote\webdriver.py", line 348, in execute
    self.error_handler.check_response(response)
  File "C:\Users\luist\AppData\Roaming\Python\Python310\site-packages\selenium\webdriver\remote\errorhandler.py", line 229, in check_response
    raise exception_class(message, screen, stacktrace)
selenium.common.exceptions.ElementClickInterceptedException: Message: element click intercepted: Element <button _ngcontent-nsd-c133="" type="button" class="btn waves-effect waves-light fw-bold d-flex justify-content-center shadow-none button btn-primary w-100">...</button> is not clickable at point (1381, 56). Other element would receive the click: <button _ngcontent-nsd-c125="" type="button" id="page-header-notifications-dropdown" data-bs-toggle="dropdown" aria-haspopup="true" aria-expanded="false" ngbdropdowntoggle="" class="dropdown-toggle btn btn-icon btn-topbar btn-ghost-secondary rounded-circle shadow-none">...</button>
  (Session info: chrome=125.0.6422.142)
Stacktrace:
	GetHandleVerifier [0x00007FF68B471F52+60322]
	(No symbol) [0x00007FF68B3ECEC9]
	(No symbol) [0x00007FF68B2A7EBA]
	(No symbol) [0x00007FF68B2FF32E]
	(No symbol) [0x00007FF68B2FCCF2]
	(No symbol) [0x00007FF68B2FA18B]
	(No symbol) [0x00007FF68B2F9356]
	(No symbol) [0x00007FF68B2EB491]
	(No symbol) [0x00007FF68B31C21A]
	(No symbol) [0x00007FF68B2EADB6]
	(No symbol) [0x00007FF68B31C430]
	(No symbol) [0x00007FF68B33BC80]
	(No symbol) [0x00007FF68B31BFC3]
	(No symbol) [0x00007FF68B2E9617]
	(No symbol) [0x00007FF68B2EA211]
	GetHandleVerifier [0x00007FF68B7894AD+3301629]
	GetHandleVerifier [0x00007FF68B7D36D3+3605283]
	GetHandleVerifier [0x00007FF68B7C9450+3563680]
	GetHandleVerifier [0x00007FF68B524326+790390]
	(No symbol) [0x00007FF68B3F750F]
	(No symbol) [0x00007FF68B3F3404]
	(No symbol) [0x00007FF68B3F3592]
	(No symbol) [0x00007FF68B3E2F9F]
	BaseThreadInitThunk [0x00007FFBED37257D+29]
	RtlUserThreadStart [0x00007FFBEECEAA48+40]

]]></error>
		<system-out><![CDATA[El texto encontrado es  MERCADOS
Se hizo clic en un icono de borrar.
No se encontraron mÃ¡s movimientos para borrar.
]]></system-out>
	</testcase>
</testsuite>
