<?xml version="1.0" encoding="UTF-8"?>
<testsuite name="mis_intenciones-20240605120314" tests="2" file=".py" time="65.911" timestamp="2024-06-05T12:04:20" failures="0" errors="2" skipped="0">
	<testcase classname="mis_intenciones" name="test_my_intentions" time="0.000" timestamp="0001-01-01T00:00:00" file="MisIntenciones.py" line="22">
		<error type="AttributeError" message="'NoneType' object has no attribute 'is_displayed'"><![CDATA[Traceback (most recent call last):
  File "c:\Users\luist\repos\Automatizaciones-SILOHUB-\MisIntenciones.py", line 43, in test_my_intentions
    find_elements(self.driver,select_product1)
  File "c:\Users\luist\repos\Automatizaciones-SILOHUB-\Elements.py", line 19, in find_elements
    select_nex_button = WebDriverWait(driver, 10).until(
  File "C:\Users\luist\AppData\Roaming\Python\Python310\site-packages\selenium\webdriver\support\wait.py", line 96, in until
    value = method(self._driver)
  File "C:\Users\luist\AppData\Roaming\Python\Python310\site-packages\selenium\webdriver\support\expected_conditions.py", line 364, in _predicate
    element = visibility_of(target)(driver)
  File "C:\Users\luist\AppData\Roaming\Python\Python310\site-packages\selenium\webdriver\support\expected_conditions.py", line 173, in _predicate
    return _element_if_visible(element)
  File "C:\Users\luist\AppData\Roaming\Python\Python310\site-packages\selenium\webdriver\support\expected_conditions.py", line 179, in _element_if_visible
    return element if element.is_displayed() == visibility else False
AttributeError: 'NoneType' object has no attribute 'is_displayed'
]]></error>
		<system-out><![CDATA[Tiempo de espera agotado. El elemento no está presente o no es clickeable.
]]></system-out>
	</testcase>
	<testcase classname="mis_intenciones" name="test_my_intentions" time="65.911" timestamp="2024-06-05T12:04:20" file="MisIntenciones.py" line="22">
		<error type="WebDriverException" message="Message: disconnected: Unable to receive message from renderer
  (failed to check if window was closed: disconnected: not connected to DevTools)
  (Session info: chrome=125.0.6422.142)
Stacktrace:
	GetHandleVerifier [0x00007FF74D391F52+60322]
	(No symbol) [0x00007FF74D30CEC9]
	(No symbol) [0x00007FF74D1C7EBA]
	(No symbol) [0x00007FF74D1B070D]
	(No symbol) [0x00007FF74D1AE39D]
	(No symbol) [0x00007FF74D1AEBAF]
	(No symbol) [0x00007FF74D1C84E3]
	(No symbol) [0x00007FF74D19D08C]
	(No symbol) [0x00007FF74D24A7B4]
	(No symbol) [0x00007FF74D23C1E0]
	(No symbol) [0x00007FF74D209617]
	(No symbol) [0x00007FF74D20A211]
	GetHandleVerifier [0x00007FF74D6A94AD+3301629]
	GetHandleVerifier [0x00007FF74D6F36D3+3605283]
	GetHandleVerifier [0x00007FF74D6E9450+3563680]
	GetHandleVerifier [0x00007FF74D444326+790390]
	(No symbol) [0x00007FF74D31750F]
	(No symbol) [0x00007FF74D313404]
	(No symbol) [0x00007FF74D313592]
	(No symbol) [0x00007FF74D302F9F]
	BaseThreadInitThunk [0x00007FFBED37257D+29]
	RtlUserThreadStart [0x00007FFBEECEAA48+40]
"><![CDATA[Traceback (most recent call last):
  File "c:\Users\luist\repos\Automatizaciones-SILOHUB-\MisIntenciones.py", line 63, in tearDown
    self.driver.close()
  File "C:\Users\luist\AppData\Roaming\Python\Python310\site-packages\selenium\webdriver\remote\webdriver.py", line 459, in close
    self.execute(Command.CLOSE)
  File "C:\Users\luist\AppData\Roaming\Python\Python310\site-packages\selenium\webdriver\remote\webdriver.py", line 348, in execute
    self.error_handler.check_response(response)
  File "C:\Users\luist\AppData\Roaming\Python\Python310\site-packages\selenium\webdriver\remote\errorhandler.py", line 229, in check_response
    raise exception_class(message, screen, stacktrace)
selenium.common.exceptions.WebDriverException: Message: disconnected: Unable to receive message from renderer
  (failed to check if window was closed: disconnected: not connected to DevTools)
  (Session info: chrome=125.0.6422.142)
Stacktrace:
	GetHandleVerifier [0x00007FF74D391F52+60322]
	(No symbol) [0x00007FF74D30CEC9]
	(No symbol) [0x00007FF74D1C7EBA]
	(No symbol) [0x00007FF74D1B070D]
	(No symbol) [0x00007FF74D1AE39D]
	(No symbol) [0x00007FF74D1AEBAF]
	(No symbol) [0x00007FF74D1C84E3]
	(No symbol) [0x00007FF74D19D08C]
	(No symbol) [0x00007FF74D24A7B4]
	(No symbol) [0x00007FF74D23C1E0]
	(No symbol) [0x00007FF74D209617]
	(No symbol) [0x00007FF74D20A211]
	GetHandleVerifier [0x00007FF74D6A94AD+3301629]
	GetHandleVerifier [0x00007FF74D6F36D3+3605283]
	GetHandleVerifier [0x00007FF74D6E9450+3563680]
	GetHandleVerifier [0x00007FF74D444326+790390]
	(No symbol) [0x00007FF74D31750F]
	(No symbol) [0x00007FF74D313404]
	(No symbol) [0x00007FF74D313592]
	(No symbol) [0x00007FF74D302F9F]
	BaseThreadInitThunk [0x00007FFBED37257D+29]
	RtlUserThreadStart [0x00007FFBEECEAA48+40]

]]></error>
		<system-out><![CDATA[Tiempo de espera agotado. El elemento no está presente o no es clickeable.
]]></system-out>
	</testcase>
</testsuite>
