<?xml version="1.0" encoding="UTF-8"?>
<testsuite name="dashboard_granos-20240923160101" tests="1" file=".py" time="103.634" timestamp="2024-09-23T16:02:45" failures="0" errors="0" skipped="0">
	<testcase classname="dashboard_granos" name="test_dashboard_grain" time="103.634" timestamp="2024-09-23T16:02:45" file="Dashboar.py" line="23">
		<system-out><![CDATA[Tiempo de espera agotado. El elemento no estÃ¡ presente o no es clickeable.
]]></system-out>
	</testcase>
</testsuite>
