<?xml version="1.0" encoding="UTF-8"?>
<testsuite name="dashboard_granos-20240607162013" tests="1" file=".py" time="103.256" timestamp="2024-06-07T16:21:56" failures="0" errors="0" skipped="0">
	<testcase classname="dashboard_granos" name="test_dashboard_grain" time="103.256" timestamp="2024-06-07T16:21:56" file="Dashboar.py" line="23"/>
</testsuite>
