<?xml version="1.0" encoding="UTF-8"?>
<testsuite name="dashboard_granos-20240605114231" tests="1" file=".py" time="71.205" timestamp="2024-06-05T11:43:43" failures="0" errors="1" skipped="0">
	<testcase classname="dashboard_granos" name="test_dashboard_grain" time="71.205" timestamp="2024-06-05T11:43:43" file="Dashboar.py" line="23">
		<error type="WebDriverException" message="Message: disconnected: Unable to receive message from renderer
  (failed to check if window was closed: disconnected: not connected to DevTools)
  (Session info: chrome=125.0.6422.142)
Stacktrace:
	GetHandleVerifier [0x00007FF74D391F52+60322]
	(No symbol) [0x00007FF74D30CEC9]
	(No symbol) [0x00007FF74D1C7EBA]
	(No symbol) [0x00007FF74D1B070D]
	(No symbol) [0x00007FF74D1AE39D]
	(No symbol) [0x00007FF74D1AEBAF]
	(No symbol) [0x00007FF74D1C84E3]
	(No symbol) [0x00007FF74D19D08C]
	(No symbol) [0x00007FF74D24B697]
	(No symbol) [0x00007FF74D24B099]
	(No symbol) [0x00007FF74D23C1E0]
	(No symbol) [0x00007FF74D209617]
	(No symbol) [0x00007FF74D20A211]
	GetHandleVerifier [0x00007FF74D6A94AD+3301629]
	GetHandleVerifier [0x00007FF74D6F36D3+3605283]
	GetHandleVerifier [0x00007FF74D6E9450+3563680]
	GetHandleVerifier [0x00007FF74D444326+790390]
	(No symbol) [0x00007FF74D31750F]
	(No symbol) [0x00007FF74D313404]
	(No symbol) [0x00007FF74D313592]
	(No symbol) [0x00007FF74D302F9F]
	BaseThreadInitThunk [0x00007FFBED37257D+29]
	RtlUserThreadStart [0x00007FFBEECEAA48+40]
"><![CDATA[Traceback (most recent call last):
  File "c:\Users\luist\repos\Automatizaciones-SILOHUB-\Dashboar.py", line 89, in tearDown
    self.driver.close()
  File "C:\Users\luist\AppData\Roaming\Python\Python310\site-packages\selenium\webdriver\remote\webdriver.py", line 459, in close
    self.execute(Command.CLOSE)
  File "C:\Users\luist\AppData\Roaming\Python\Python310\site-packages\selenium\webdriver\remote\webdriver.py", line 348, in execute
    self.error_handler.check_response(response)
  File "C:\Users\luist\AppData\Roaming\Python\Python310\site-packages\selenium\webdriver\remote\errorhandler.py", line 229, in check_response
    raise exception_class(message, screen, stacktrace)
selenium.common.exceptions.WebDriverException: Message: disconnected: Unable to receive message from renderer
  (failed to check if window was closed: disconnected: not connected to DevTools)
  (Session info: chrome=125.0.6422.142)
Stacktrace:
	GetHandleVerifier [0x00007FF74D391F52+60322]
	(No symbol) [0x00007FF74D30CEC9]
	(No symbol) [0x00007FF74D1C7EBA]
	(No symbol) [0x00007FF74D1B070D]
	(No symbol) [0x00007FF74D1AE39D]
	(No symbol) [0x00007FF74D1AEBAF]
	(No symbol) [0x00007FF74D1C84E3]
	(No symbol) [0x00007FF74D19D08C]
	(No symbol) [0x00007FF74D24B697]
	(No symbol) [0x00007FF74D24B099]
	(No symbol) [0x00007FF74D23C1E0]
	(No symbol) [0x00007FF74D209617]
	(No symbol) [0x00007FF74D20A211]
	GetHandleVerifier [0x00007FF74D6A94AD+3301629]
	GetHandleVerifier [0x00007FF74D6F36D3+3605283]
	GetHandleVerifier [0x00007FF74D6E9450+3563680]
	GetHandleVerifier [0x00007FF74D444326+790390]
	(No symbol) [0x00007FF74D31750F]
	(No symbol) [0x00007FF74D313404]
	(No symbol) [0x00007FF74D313592]
	(No symbol) [0x00007FF74D302F9F]
	BaseThreadInitThunk [0x00007FFBED37257D+29]
	RtlUserThreadStart [0x00007FFBEECEAA48+40]

]]></error>
	</testcase>
</testsuite>
