<?xml version="1.0" encoding="UTF-8"?>
<testsuite name="dashboard_granos-20240523175155" tests="1" file=".py" time="100.125" timestamp="2024-05-23T17:53:35" failures="0" errors="0" skipped="0">
	<testcase classname="dashboard_granos" name="test_dashboard_grain" time="100.125" timestamp="2024-05-23T17:53:35" file="Dashboar.py" line="23"/>
</testsuite>
