<?xml version="1.0" encoding="UTF-8"?>
<testsuite name="dashboard_granos-20240515183156" tests="1" file=".py" time="37.793" timestamp="2024-05-15T18:32:34" failures="0" errors="0" skipped="0">
	<testcase classname="dashboard_granos" name="test_dashboard_grain" time="37.793" timestamp="2024-05-15T18:32:34" file="Dashboar.py" line="23">
		<system-out><![CDATA[El status Aceptado no estÃ¡ presente.
]]></system-out>
	</testcase>
</testsuite>
