<?xml version="1.0" encoding="UTF-8"?>
<testsuite name="dashboard_granos-20240523151948" tests="1" file=".py" time="69.739" timestamp="2024-05-23T15:20:58" failures="0" errors="0" skipped="0">
	<testcase classname="dashboard_granos" name="test_dashboard_grain" time="69.739" timestamp="2024-05-23T15:20:58" file="Dashboar.py" line="23">
		<system-out><![CDATA[Se ha agotado el tiempo de espera al buscar el elemento.
]]></system-out>
	</testcase>
</testsuite>
