<?xml version="1.0" encoding="UTF-8"?>
<testsuite name="dashboard_granos-20240515173936" tests="1" file=".py" time="68.801" timestamp="2024-05-15T17:40:45" failures="0" errors="0" skipped="0">
	<testcase classname="dashboard_granos" name="test_dashboard_grain" time="68.801" timestamp="2024-05-15T17:40:45" file="Dashboar.py" line="22">
		<system-out><![CDATA[Tiempo de espera agotado. El elemento no estÃ¡ presente o no es clickeable.
]]></system-out>
	</testcase>
</testsuite>
