<?xml version="1.0" encoding="UTF-8"?>
<testsuite name="mis_intenciones-20240917180340" tests="2" file=".py" time="65.989" timestamp="2024-09-17T18:04:46" failures="0" errors="2" skipped="0">
	<testcase classname="mis_intenciones" name="test_my_intentions" time="0.000" timestamp="0001-01-01T00:00:00" file="MisIntenciones.py" line="22">
		<error type="AttributeError" message="'NoneType' object has no attribute 'is_displayed'"><![CDATA[Traceback (most recent call last):
  File "c:\Users\luist\repos\Automatizaciones_M-dulos-\MisIntenciones.py", line 63, in test_my_intentions
    find_elements(self.driver, select_button_next)
  File "c:\Users\luist\repos\Automatizaciones_M-dulos-\Elements.py", line 19, in find_elements
    select_nex_button = WebDriverWait(driver, 10).until(
  File "C:\Users\luist\AppData\Roaming\Python\Python310\site-packages\selenium\webdriver\support\wait.py", line 96, in until
    value = method(self._driver)
  File "C:\Users\luist\AppData\Roaming\Python\Python310\site-packages\selenium\webdriver\support\expected_conditions.py", line 364, in _predicate
    element = visibility_of(target)(driver)
  File "C:\Users\luist\AppData\Roaming\Python\Python310\site-packages\selenium\webdriver\support\expected_conditions.py", line 173, in _predicate
    return _element_if_visible(element)
  File "C:\Users\luist\AppData\Roaming\Python\Python310\site-packages\selenium\webdriver\support\expected_conditions.py", line 179, in _element_if_visible
    return element if element.is_displayed() == visibility else False
AttributeError: 'NoneType' object has no attribute 'is_displayed'
]]></error>
		<system-out><![CDATA[Tiempo de espera agotado. El elemento no está presente o no es clickeable.
]]></system-out>
	</testcase>
	<testcase classname="mis_intenciones" name="test_my_intentions" time="65.989" timestamp="2024-09-17T18:04:46" file="MisIntenciones.py" line="22">
		<error type="WebDriverException" message="Message: disconnected: Unable to receive message from renderer
  (failed to check if window was closed: disconnected: not connected to DevTools)
  (Session info: chrome=128.0.6613.138)
Stacktrace:
	GetHandleVerifier [0x00007FF7460A9412+29090]
	(No symbol) [0x00007FF74601E239]
	(No symbol) [0x00007FF745EDB1DA]
	(No symbol) [0x00007FF745EC3F0D]
	(No symbol) [0x00007FF745EC1ACF]
	(No symbol) [0x00007FF745EC231F]
	(No symbol) [0x00007FF745EDB7F3]
	(No symbol) [0x00007FF745EAF5ED]
	(No symbol) [0x00007FF745F65349]
	(No symbol) [0x00007FF745F566B0]
	(No symbol) [0x00007FF745F209D1]
	(No symbol) [0x00007FF745F21B31]
	GetHandleVerifier [0x00007FF7463C871D+3302573]
	GetHandleVerifier [0x00007FF746414243+3612627]
	GetHandleVerifier [0x00007FF74640A417+3572135]
	GetHandleVerifier [0x00007FF746165EB6+801862]
	(No symbol) [0x00007FF74602945F]
	(No symbol) [0x00007FF746024FB4]
	(No symbol) [0x00007FF746025140]
	(No symbol) [0x00007FF74601461F]
	BaseThreadInitThunk [0x00007FFBBDF4257D+29]
	RtlUserThreadStart [0x00007FFBBFE2AF28+40]
"><![CDATA[Traceback (most recent call last):
  File "c:\Users\luist\repos\Automatizaciones_M-dulos-\MisIntenciones.py", line 87, in tearDown
    self.driver.close()
  File "C:\Users\luist\AppData\Roaming\Python\Python310\site-packages\selenium\webdriver\remote\webdriver.py", line 465, in close
    self.execute(Command.CLOSE)
  File "C:\Users\luist\AppData\Roaming\Python\Python310\site-packages\selenium\webdriver\remote\webdriver.py", line 354, in execute
    self.error_handler.check_response(response)
  File "C:\Users\luist\AppData\Roaming\Python\Python310\site-packages\selenium\webdriver\remote\errorhandler.py", line 229, in check_response
    raise exception_class(message, screen, stacktrace)
selenium.common.exceptions.WebDriverException: Message: disconnected: Unable to receive message from renderer
  (failed to check if window was closed: disconnected: not connected to DevTools)
  (Session info: chrome=128.0.6613.138)
Stacktrace:
	GetHandleVerifier [0x00007FF7460A9412+29090]
	(No symbol) [0x00007FF74601E239]
	(No symbol) [0x00007FF745EDB1DA]
	(No symbol) [0x00007FF745EC3F0D]
	(No symbol) [0x00007FF745EC1ACF]
	(No symbol) [0x00007FF745EC231F]
	(No symbol) [0x00007FF745EDB7F3]
	(No symbol) [0x00007FF745EAF5ED]
	(No symbol) [0x00007FF745F65349]
	(No symbol) [0x00007FF745F566B0]
	(No symbol) [0x00007FF745F209D1]
	(No symbol) [0x00007FF745F21B31]
	GetHandleVerifier [0x00007FF7463C871D+3302573]
	GetHandleVerifier [0x00007FF746414243+3612627]
	GetHandleVerifier [0x00007FF74640A417+3572135]
	GetHandleVerifier [0x00007FF746165EB6+801862]
	(No symbol) [0x00007FF74602945F]
	(No symbol) [0x00007FF746024FB4]
	(No symbol) [0x00007FF746025140]
	(No symbol) [0x00007FF74601461F]
	BaseThreadInitThunk [0x00007FFBBDF4257D+29]
	RtlUserThreadStart [0x00007FFBBFE2AF28+40]

]]></error>
		<system-out><![CDATA[Tiempo de espera agotado. El elemento no está presente o no es clickeable.
]]></system-out>
	</testcase>
</testsuite>
