<?xml version="1.0" encoding="UTF-8"?>
<testsuite name="dashboard_granos-20240521180613" tests="1" file=".py" time="46.505" timestamp="2024-05-21T18:07:00" failures="0" errors="0" skipped="0">
	<testcase classname="dashboard_granos" name="test_dashboard_grain" time="46.505" timestamp="2024-05-21T18:07:00" file="Dashboar.py" line="23">
		<system-out><![CDATA[El status Pendiente estÃ¡ presente.
]]></system-out>
	</testcase>
</testsuite>
