<?xml version="1.0" encoding="UTF-8"?>
<testsuite name="dashboard_granos-20240515175125" tests="1" file=".py" time="37.953" timestamp="2024-05-15T17:52:03" failures="0" errors="0" skipped="0">
	<testcase classname="dashboard_granos" name="test_dashboard_grain" time="37.953" timestamp="2024-05-15T17:52:03" file="Dashboar.py" line="22"/>
</testsuite>
