<?xml version="1.0" encoding="UTF-8"?>
<testsuite name="dashboard_granos-20240605122929" tests="1" file=".py" time="105.514" timestamp="2024-06-05T12:31:14" failures="0" errors="0" skipped="0">
	<testcase classname="dashboard_granos" name="test_dashboard_grain" time="105.514" timestamp="2024-06-05T12:31:14" file="Dashboar.py" line="23"/>
</testsuite>
