<?xml version="1.0" encoding="UTF-8"?>
<testsuite name="dashboard_granos-20240605115547" tests="1" file=".py" time="104.870" timestamp="2024-06-05T11:57:32" failures="0" errors="0" skipped="0">
	<testcase classname="dashboard_granos" name="test_dashboard_grain" time="104.870" timestamp="2024-06-05T11:57:32" file="Dashboar.py" line="23"/>
</testsuite>
