<?xml version="1.0" encoding="UTF-8"?>
<testsuite name="dashboard_granos-20240607161822" tests="1" file=".py" time="72.446" timestamp="2024-06-07T16:19:35" failures="0" errors="0" skipped="0">
	<testcase classname="dashboard_granos" name="test_dashboard_grain" time="72.446" timestamp="2024-06-07T16:19:35" file="Dashboar.py" line="23"/>
</testsuite>
