<?xml version="1.0" encoding="UTF-8"?>
<testsuite name="dashboard_granos-20240917180854" tests="1" file=".py" time="71.316" timestamp="2024-09-17T18:10:06" failures="0" errors="0" skipped="0">
	<testcase classname="dashboard_granos" name="test_dashboard_grain" time="71.316" timestamp="2024-09-17T18:10:06" file="Dashboar.py" line="23"/>
</testsuite>
