<?xml version="1.0" encoding="UTF-8"?>
<testsuite name="mis_intenciones-20240607162225" tests="1" file=".py" time="72.418" timestamp="2024-06-07T16:23:37" failures="0" errors="0" skipped="0">
	<testcase classname="mis_intenciones" name="test_my_intentions" time="72.418" timestamp="2024-06-07T16:23:37" file="MisIntenciones.py" line="22"/>
</testsuite>
