<?xml version="1.0" encoding="UTF-8"?>
<testsuite name="cta_cte_apliVencidoV2-20241022135606" tests="1" file=".py" time="54.542" timestamp="2024-10-22T13:57:00" failures="0" errors="0" skipped="0">
	<testcase classname="cta_cte_apliVencidoV2" name="test_ctacte_aplivencido" time="54.542" timestamp="2024-10-22T13:57:00" file="ctacte_apliVencida2.py" line="18">
		<system-out><![CDATA[El texto encontrado es  Cuenta Corriente Aplicada
El valor es un carácter numérico. Valor: -159.493.829,64
El valor es un carácter numérico. Valor: -154.089.365,33
El valor es un carácter numérico. Valor: -25.945,58
El texto encontrado es  CUENTA CORRIENTE
El valor es un string. Valor: Movimiento ND 1052 00127093
El valor es un string. Valor: - ARS 321.472,80
El valor es un string. Valor: CTG: 10116938416 / 10216968474-
]]></system-out>
	</testcase>
</testsuite>
