<?xml version="1.0" encoding="UTF-8"?>
<testsuite name="cuenta_ctacte_histAcobrar-20240313102208" tests="1" file=".py" time="56.821" timestamp="2024-03-13T10:23:05" failures="0" errors="0" skipped="0">
	<testcase classname="cuenta_ctacte_histAcobrar" name="test_ctacte_historica" time="56.821" timestamp="2024-03-13T10:23:05" file="ctacte_histoAcobrar.py" line="17">
		<system-out><![CDATA[¡Elemento encontrado y clickeado con éxito!
¡Elemento encontrado y clickeado con éxito!
¡Elemento encontrado y clickeado con éxito!
¡Elemento encontrado y clickeado con éxito!
¡Elemento encontrado y clickeado con éxito!
¡Elemento encontrado y clickeado con éxito!
¡Elemento encontrado y clickeado con éxito!
¡Elemento encontrado y clickeado con éxito!
¡Elemento encontrado y clickeado con éxito!
¡Elemento encontrado y clickeado con éxito!
¡Elemento encontrado y clickeado 3 veces con éxito!
¡Elemento encontrado y clickeado con éxito!
¡Elemento encontrado y clickeado 3 veces con éxito!
¡Elemento encontrado y clickeado con éxito!
¡Elemento encontrado y clickeado con éxito!
El texto encontrado es  Cuenta Corriente
El valor es un carácter numérico. Valor: 1.516.284.997,06
El valor es un carácter numérico. Valor: 4.837.351,06
¡Elemento encontrado y clickeado con éxito!
¡Elemento encontrado y clickeado con éxito!
¡Elemento encontrado y clickeado con éxito!
¡Elemento encontrado y clickeado con éxito!
¡Elemento encontrado y clickeado con éxito!
¡Elemento encontrado y clickeado con éxito!
¡Elemento encontrado y clickeado con éxito!
¡Elemento encontrado y clickeado con éxito!
¡Elemento encontrado y clickeado con éxito!
El texto encontrado es  CUENTA CORRIENTE
El texto no fue encontrado Movimiento LC 3302 11350773
El texto no fue encontrado + ARS 19.640,53
El texto no fue encontrado Liq.1116C SOJA 2223 100 Kgs. 100,00%
¡Elemento encontrado y clickeado con éxito!
]]></system-out>
	</testcase>
</testsuite>
