<?xml version="1.0" encoding="UTF-8"?>
<testsuite name="cuenta_ctacte_histAcobrar-20240606102728" tests="2" file=".py" time="52.400" timestamp="2024-06-06T10:28:20" failures="0" errors="2" skipped="0">
	<testcase classname="cuenta_ctacte_histAcobrar" name="test_ctacte_historica" time="0.000" timestamp="0001-01-01T00:00:00" file="Ctacte_histoAcobrar.py" line="17">
		<error type="NoSuchWindowException" message="Message: no such window: target window already closed
from unknown error: web view not found
  (Session info: chrome=125.0.6422.142)
Stacktrace:
	GetHandleVerifier [0x00007FF709521F52+60322]
	(No symbol) [0x00007FF70949CEC9]
	(No symbol) [0x00007FF709357EBA]
	(No symbol) [0x00007FF70932D5A5]
	(No symbol) [0x00007FF7093D36B7]
	(No symbol) [0x00007FF7093EB331]
	(No symbol) [0x00007FF7093CBFC3]
	(No symbol) [0x00007FF709399617]
	(No symbol) [0x00007FF70939A211]
	GetHandleVerifier [0x00007FF7098394AD+3301629]
	GetHandleVerifier [0x00007FF7098836D3+3605283]
	GetHandleVerifier [0x00007FF709879450+3563680]
	GetHandleVerifier [0x00007FF7095D4326+790390]
	(No symbol) [0x00007FF7094A750F]
	(No symbol) [0x00007FF7094A3404]
	(No symbol) [0x00007FF7094A3592]
	(No symbol) [0x00007FF709492F9F]
	BaseThreadInitThunk [0x00007FFBED37257D+29]
	RtlUserThreadStart [0x00007FFBEECEAA48+40]
"><![CDATA[Traceback (most recent call last):
  File "c:\Users\luist\repos\Automatizaciones-SILOHUB-\Ctacte_histoAcobrar.py", line 105, in test_ctacte_historica
    validate_text(self.driver,title_account,title_account_expected )
  File "c:\Users\luist\repos\Automatizaciones-SILOHUB-\Elements.py", line 972, in validate_text
    elemento = WebDriverWait(driver, 10).until(
  File "C:\Users\luist\AppData\Roaming\Python\Python310\site-packages\selenium\webdriver\support\wait.py", line 96, in until
    value = method(self._driver)
  File "C:\Users\luist\AppData\Roaming\Python\Python310\site-packages\selenium\webdriver\support\expected_conditions.py", line 84, in _predicate
    return driver.find_element(*locator)
  File "C:\Users\luist\AppData\Roaming\Python\Python310\site-packages\selenium\webdriver\remote\webdriver.py", line 742, in find_element
    return self.execute(Command.FIND_ELEMENT, {"using": by, "value": value})["value"]
  File "C:\Users\luist\AppData\Roaming\Python\Python310\site-packages\selenium\webdriver\remote\webdriver.py", line 348, in execute
    self.error_handler.check_response(response)
  File "C:\Users\luist\AppData\Roaming\Python\Python310\site-packages\selenium\webdriver\remote\errorhandler.py", line 229, in check_response
    raise exception_class(message, screen, stacktrace)
selenium.common.exceptions.NoSuchWindowException: Message: no such window: target window already closed
from unknown error: web view not found
  (Session info: chrome=125.0.6422.142)
Stacktrace:
	GetHandleVerifier [0x00007FF709521F52+60322]
	(No symbol) [0x00007FF70949CEC9]
	(No symbol) [0x00007FF709357EBA]
	(No symbol) [0x00007FF70932D5A5]
	(No symbol) [0x00007FF7093D36B7]
	(No symbol) [0x00007FF7093EB331]
	(No symbol) [0x00007FF7093CBFC3]
	(No symbol) [0x00007FF709399617]
	(No symbol) [0x00007FF70939A211]
	GetHandleVerifier [0x00007FF7098394AD+3301629]
	GetHandleVerifier [0x00007FF7098836D3+3605283]
	GetHandleVerifier [0x00007FF709879450+3563680]
	GetHandleVerifier [0x00007FF7095D4326+790390]
	(No symbol) [0x00007FF7094A750F]
	(No symbol) [0x00007FF7094A3404]
	(No symbol) [0x00007FF7094A3592]
	(No symbol) [0x00007FF709492F9F]
	BaseThreadInitThunk [0x00007FFBED37257D+29]
	RtlUserThreadStart [0x00007FFBEECEAA48+40]

]]></error>
		<system-out><![CDATA[¡Elemento encontrado y clickeado 5 veces con éxito!
¡Elemento encontrado y clickeado 4 veces con éxito!
]]></system-out>
	</testcase>
	<testcase classname="cuenta_ctacte_histAcobrar" name="test_ctacte_historica" time="52.400" timestamp="2024-06-06T10:28:20" file="Ctacte_histoAcobrar.py" line="17">
		<error type="WebDriverException" message="Message: disconnected: not connected to DevTools
  (failed to check if window was closed: disconnected: not connected to DevTools)
  (Session info: chrome=125.0.6422.142)
Stacktrace:
	GetHandleVerifier [0x00007FF709521F52+60322]
	(No symbol) [0x00007FF70949CEC9]
	(No symbol) [0x00007FF709357EBA]
	(No symbol) [0x00007FF70933E03F]
	(No symbol) [0x00007FF70933EBAF]
	(No symbol) [0x00007FF7093584E3]
	(No symbol) [0x00007FF70932D08C]
	(No symbol) [0x00007FF7093DA7B4]
	(No symbol) [0x00007FF7093CC1E0]
	(No symbol) [0x00007FF709399617]
	(No symbol) [0x00007FF70939A211]
	GetHandleVerifier [0x00007FF7098394AD+3301629]
	GetHandleVerifier [0x00007FF7098836D3+3605283]
	GetHandleVerifier [0x00007FF709879450+3563680]
	GetHandleVerifier [0x00007FF7095D4326+790390]
	(No symbol) [0x00007FF7094A750F]
	(No symbol) [0x00007FF7094A3404]
	(No symbol) [0x00007FF7094A3592]
	(No symbol) [0x00007FF709492F9F]
	BaseThreadInitThunk [0x00007FFBED37257D+29]
	RtlUserThreadStart [0x00007FFBEECEAA48+40]
"><![CDATA[Traceback (most recent call last):
  File "c:\Users\luist\repos\Automatizaciones-SILOHUB-\Ctacte_histoAcobrar.py", line 192, in tearDown
    self.driver.close()
  File "C:\Users\luist\AppData\Roaming\Python\Python310\site-packages\selenium\webdriver\remote\webdriver.py", line 459, in close
    self.execute(Command.CLOSE)
  File "C:\Users\luist\AppData\Roaming\Python\Python310\site-packages\selenium\webdriver\remote\webdriver.py", line 348, in execute
    self.error_handler.check_response(response)
  File "C:\Users\luist\AppData\Roaming\Python\Python310\site-packages\selenium\webdriver\remote\errorhandler.py", line 229, in check_response
    raise exception_class(message, screen, stacktrace)
selenium.common.exceptions.WebDriverException: Message: disconnected: not connected to DevTools
  (failed to check if window was closed: disconnected: not connected to DevTools)
  (Session info: chrome=125.0.6422.142)
Stacktrace:
	GetHandleVerifier [0x00007FF709521F52+60322]
	(No symbol) [0x00007FF70949CEC9]
	(No symbol) [0x00007FF709357EBA]
	(No symbol) [0x00007FF70933E03F]
	(No symbol) [0x00007FF70933EBAF]
	(No symbol) [0x00007FF7093584E3]
	(No symbol) [0x00007FF70932D08C]
	(No symbol) [0x00007FF7093DA7B4]
	(No symbol) [0x00007FF7093CC1E0]
	(No symbol) [0x00007FF709399617]
	(No symbol) [0x00007FF70939A211]
	GetHandleVerifier [0x00007FF7098394AD+3301629]
	GetHandleVerifier [0x00007FF7098836D3+3605283]
	GetHandleVerifier [0x00007FF709879450+3563680]
	GetHandleVerifier [0x00007FF7095D4326+790390]
	(No symbol) [0x00007FF7094A750F]
	(No symbol) [0x00007FF7094A3404]
	(No symbol) [0x00007FF7094A3592]
	(No symbol) [0x00007FF709492F9F]
	BaseThreadInitThunk [0x00007FFBED37257D+29]
	RtlUserThreadStart [0x00007FFBEECEAA48+40]

]]></error>
		<system-out><![CDATA[¡Elemento encontrado y clickeado 5 veces con éxito!
¡Elemento encontrado y clickeado 4 veces con éxito!
]]></system-out>
	</testcase>
</testsuite>
