<?xml version="1.0" encoding="UTF-8"?>
<testsuite name="cuenta_ctacte_histAcobrar-20241014095800" tests="1" file=".py" time="192.865" timestamp="2024-10-14T10:01:12" failures="0" errors="1" skipped="0">
	<testcase classname="cuenta_ctacte_histAcobrar" name="test_ctacte_historica" time="192.865" timestamp="2024-10-14T10:01:12" file="ctacte_histoAcobrar.py" line="18">
		<error type="NoSuchElementException" message="Message: no such element: Unable to locate element: {&quot;method&quot;:&quot;xpath&quot;,&quot;selector&quot;:&quot;/html/body/app-root/app-layout/app-vertical/div/div/div/div/app-current-account-detail/app-header-for-detail/div[1]/div&quot;}
  (Session info: chrome=129.0.6668.100); For documentation on this error, please visit: https://www.selenium.dev/documentation/webdriver/troubleshooting/errors#no-such-element-exception
Stacktrace:
	GetHandleVerifier [0x00007FF7C74BB095+29557]
	(No symbol) [0x00007FF7C742FA50]
	(No symbol) [0x00007FF7C72EB56A]
	(No symbol) [0x00007FF7C733F695]
	(No symbol) [0x00007FF7C733F8EC]
	(No symbol) [0x00007FF7C738B777]
	(No symbol) [0x00007FF7C73671CF]
	(No symbol) [0x00007FF7C738851C]
	(No symbol) [0x00007FF7C7366F33]
	(No symbol) [0x00007FF7C733116F]
	(No symbol) [0x00007FF7C73322D1]
	GetHandleVerifier [0x00007FF7C77EC96D+3378253]
	GetHandleVerifier [0x00007FF7C7838497+3688311]
	GetHandleVerifier [0x00007FF7C782D1CB+3642539]
	GetHandleVerifier [0x00007FF7C757A6B6+813462]
	(No symbol) [0x00007FF7C743AB5F]
	(No symbol) [0x00007FF7C7436B74]
	(No symbol) [0x00007FF7C7436D10]
	(No symbol) [0x00007FF7C7425C1F]
	BaseThreadInitThunk [0x00007FF92EF0257D+29]
	RtlUserThreadStart [0x00007FF93006AF08+40]
"><![CDATA[Traceback (most recent call last):
  File "c:\Users\luist\repos\Automatizaciones_M-dulos-\ctacte_histoAcobrar.py", line 143, in test_ctacte_historica
    validate_character_string_element(self.driver,number_movements )
  File "c:\Users\luist\repos\Automatizaciones_M-dulos-\Elements2.py", line 28, in validate_character_string_element
    elemento = driver.find_element(By.XPATH, xpath)
  File "C:\Users\luist\AppData\Roaming\Python\Python310\site-packages\selenium\webdriver\remote\webdriver.py", line 748, in find_element
    return self.execute(Command.FIND_ELEMENT, {"using": by, "value": value})["value"]
  File "C:\Users\luist\AppData\Roaming\Python\Python310\site-packages\selenium\webdriver\remote\webdriver.py", line 354, in execute
    self.error_handler.check_response(response)
  File "C:\Users\luist\AppData\Roaming\Python\Python310\site-packages\selenium\webdriver\remote\errorhandler.py", line 229, in check_response
    raise exception_class(message, screen, stacktrace)
selenium.common.exceptions.NoSuchElementException: Message: no such element: Unable to locate element: {"method":"xpath","selector":"/html/body/app-root/app-layout/app-vertical/div/div/div/div/app-current-account-detail/app-header-for-detail/div[1]/div"}
  (Session info: chrome=129.0.6668.100); For documentation on this error, please visit: https://www.selenium.dev/documentation/webdriver/troubleshooting/errors#no-such-element-exception
Stacktrace:
	GetHandleVerifier [0x00007FF7C74BB095+29557]
	(No symbol) [0x00007FF7C742FA50]
	(No symbol) [0x00007FF7C72EB56A]
	(No symbol) [0x00007FF7C733F695]
	(No symbol) [0x00007FF7C733F8EC]
	(No symbol) [0x00007FF7C738B777]
	(No symbol) [0x00007FF7C73671CF]
	(No symbol) [0x00007FF7C738851C]
	(No symbol) [0x00007FF7C7366F33]
	(No symbol) [0x00007FF7C733116F]
	(No symbol) [0x00007FF7C73322D1]
	GetHandleVerifier [0x00007FF7C77EC96D+3378253]
	GetHandleVerifier [0x00007FF7C7838497+3688311]
	GetHandleVerifier [0x00007FF7C782D1CB+3642539]
	GetHandleVerifier [0x00007FF7C757A6B6+813462]
	(No symbol) [0x00007FF7C743AB5F]
	(No symbol) [0x00007FF7C7436B74]
	(No symbol) [0x00007FF7C7436D10]
	(No symbol) [0x00007FF7C7425C1F]
	BaseThreadInitThunk [0x00007FF92EF0257D+29]
	RtlUserThreadStart [0x00007FF93006AF08+40]

]]></error>
		<system-out><![CDATA[El texto encontrado es  Cuenta Corriente
El valor es un carácter numérico. Valor: 2.122.059.104,40
El valor es un carácter numérico. Valor: 87.831,48
Tiempo de espera agotado. El elemento no está presente o no es clickeable.
Tiempo de espera agotado. El elemento no está presente o no es clickeable.
Tiempo de espera agotado. El elemento no está presente o no es clickeable.
Tiempo de espera agotado. El elemento no está presente o no es clickeable.
Tiempo de espera agotado. El elemento no está presente o no es clickeable.
El texto encontrado es  CUENTA CORRIENTE
]]></system-out>
	</testcase>
</testsuite>
