<?xml version="1.0" encoding="UTF-8"?>
<testsuite name="cuenta_ctacte_histAcobrar-20241014094317" tests="2" file=".py" time="90.162" timestamp="2024-10-14T09:44:47" failures="0" errors="2" skipped="0">
	<testcase classname="cuenta_ctacte_histAcobrar" name="test_ctacte_historica" time="0.000" timestamp="0001-01-01T00:00:00" file="ctacte_histoAcobrar.py" line="17">
		<error type="AttributeError" message="'NoneType' object has no attribute 'is_displayed'"><![CDATA[Traceback (most recent call last):
  File "c:\Users\luist\repos\Automatizaciones_M-dulos-\ctacte_histoAcobrar.py", line 56, in test_ctacte_historica
    find_elements(self.driver, apply_filter_2)
  File "c:\Users\luist\repos\Automatizaciones_M-dulos-\Elements.py", line 19, in find_elements
    select_nex_button = WebDriverWait(driver, 10).until(
  File "C:\Users\luist\AppData\Roaming\Python\Python310\site-packages\selenium\webdriver\support\wait.py", line 96, in until
    value = method(self._driver)
  File "C:\Users\luist\AppData\Roaming\Python\Python310\site-packages\selenium\webdriver\support\expected_conditions.py", line 364, in _predicate
    element = visibility_of(target)(driver)
  File "C:\Users\luist\AppData\Roaming\Python\Python310\site-packages\selenium\webdriver\support\expected_conditions.py", line 173, in _predicate
    return _element_if_visible(element)
  File "C:\Users\luist\AppData\Roaming\Python\Python310\site-packages\selenium\webdriver\support\expected_conditions.py", line 179, in _element_if_visible
    return element if element.is_displayed() == visibility else False
AttributeError: 'NoneType' object has no attribute 'is_displayed'
]]></error>
		<system-out><![CDATA[Tiempo de espera agotado. El elemento no est치 presente o no es clickeable.
Tiempo de espera agotado. El elemento no est치 presente o no es clickeable.
]]></system-out>
	</testcase>
	<testcase classname="cuenta_ctacte_histAcobrar" name="test_ctacte_historica" time="90.162" timestamp="2024-10-14T09:44:47" file="ctacte_histoAcobrar.py" line="17">
		<error type="NoSuchWindowException" message="Message: no such window: target window already closed
from unknown error: web view not found
  (Session info: chrome=129.0.6668.100)
Stacktrace:
	GetHandleVerifier [0x00007FF65918B095+29557]
	(No symbol) [0x00007FF6590FFA50]
	(No symbol) [0x00007FF658FBB56A]
	(No symbol) [0x00007FF658F8FCC5]
	(No symbol) [0x00007FF65903EE07]
	(No symbol) [0x00007FF659046398]
	(No symbol) [0x00007FF659037150]
	(No symbol) [0x00007FF65900116F]
	(No symbol) [0x00007FF6590022D1]
	GetHandleVerifier [0x00007FF6594BC96D+3378253]
	GetHandleVerifier [0x00007FF659508497+3688311]
	GetHandleVerifier [0x00007FF6594FD1CB+3642539]
	GetHandleVerifier [0x00007FF65924A6B6+813462]
	(No symbol) [0x00007FF65910AB5F]
	(No symbol) [0x00007FF659106B74]
	(No symbol) [0x00007FF659106D10]
	(No symbol) [0x00007FF6590F5C1F]
	BaseThreadInitThunk [0x00007FF92EF0257D+29]
	RtlUserThreadStart [0x00007FF93006AF08+40]
"><![CDATA[Traceback (most recent call last):
  File "c:\Users\luist\repos\Automatizaciones_M-dulos-\ctacte_histoAcobrar.py", line 190, in tearDown
    self.driver.close()
  File "C:\Users\luist\AppData\Roaming\Python\Python310\site-packages\selenium\webdriver\remote\webdriver.py", line 465, in close
    self.execute(Command.CLOSE)
  File "C:\Users\luist\AppData\Roaming\Python\Python310\site-packages\selenium\webdriver\remote\webdriver.py", line 354, in execute
    self.error_handler.check_response(response)
  File "C:\Users\luist\AppData\Roaming\Python\Python310\site-packages\selenium\webdriver\remote\errorhandler.py", line 229, in check_response
    raise exception_class(message, screen, stacktrace)
selenium.common.exceptions.NoSuchWindowException: Message: no such window: target window already closed
from unknown error: web view not found
  (Session info: chrome=129.0.6668.100)
Stacktrace:
	GetHandleVerifier [0x00007FF65918B095+29557]
	(No symbol) [0x00007FF6590FFA50]
	(No symbol) [0x00007FF658FBB56A]
	(No symbol) [0x00007FF658F8FCC5]
	(No symbol) [0x00007FF65903EE07]
	(No symbol) [0x00007FF659046398]
	(No symbol) [0x00007FF659037150]
	(No symbol) [0x00007FF65900116F]
	(No symbol) [0x00007FF6590022D1]
	GetHandleVerifier [0x00007FF6594BC96D+3378253]
	GetHandleVerifier [0x00007FF659508497+3688311]
	GetHandleVerifier [0x00007FF6594FD1CB+3642539]
	GetHandleVerifier [0x00007FF65924A6B6+813462]
	(No symbol) [0x00007FF65910AB5F]
	(No symbol) [0x00007FF659106B74]
	(No symbol) [0x00007FF659106D10]
	(No symbol) [0x00007FF6590F5C1F]
	BaseThreadInitThunk [0x00007FF92EF0257D+29]
	RtlUserThreadStart [0x00007FF93006AF08+40]

]]></error>
		<system-out><![CDATA[Tiempo de espera agotado. El elemento no est치 presente o no es clickeable.
Tiempo de espera agotado. El elemento no est치 presente o no es clickeable.
]]></system-out>
	</testcase>
</testsuite>
