<?xml version="1.0" encoding="UTF-8"?>
<testsuite name="cuenta_ctacte_histAcobrar-20241014101506" tests="1" file=".py" time="43.376" timestamp="2024-10-14T10:15:50" failures="0" errors="1" skipped="0">
	<testcase classname="cuenta_ctacte_histAcobrar" name="test_ctacte_historica" time="43.376" timestamp="2024-10-14T10:15:50" file="ctacte_histoAcobrar.py" line="18">
		<error type="InvalidSelectorException" message="Message: invalid selector
from javascript error: {&quot;status&quot;:32,&quot;value&quot;:&quot;An invalid or illegal selector was specified&quot;}
  (Session info: chrome=129.0.6668.100); For documentation on this error, please visit: https://www.selenium.dev/documentation/webdriver/troubleshooting/errors#invalid-selector-exception
Stacktrace:
	GetHandleVerifier [0x00007FF63BCCB095+29557]
	(No symbol) [0x00007FF63BC3FA50]
	(No symbol) [0x00007FF63BAFB56A]
	(No symbol) [0x00007FF63BB0213E]
	(No symbol) [0x00007FF63BB044B7]
	(No symbol) [0x00007FF63BB04570]
	(No symbol) [0x00007FF63BB4F20F]
	(No symbol) [0x00007FF63BB4F8EC]
	(No symbol) [0x00007FF63BB9B777]
	(No symbol) [0x00007FF63BB771CF]
	(No symbol) [0x00007FF63BB9851C]
	(No symbol) [0x00007FF63BB76F33]
	(No symbol) [0x00007FF63BB4116F]
	(No symbol) [0x00007FF63BB422D1]
	GetHandleVerifier [0x00007FF63BFFC96D+3378253]
	GetHandleVerifier [0x00007FF63C048497+3688311]
	GetHandleVerifier [0x00007FF63C03D1CB+3642539]
	GetHandleVerifier [0x00007FF63BD8A6B6+813462]
	(No symbol) [0x00007FF63BC4AB5F]
	(No symbol) [0x00007FF63BC46B74]
	(No symbol) [0x00007FF63BC46D10]
	(No symbol) [0x00007FF63BC35C1F]
	BaseThreadInitThunk [0x00007FF92EF0257D+29]
	RtlUserThreadStart [0x00007FF93006AF08+40]
"><![CDATA[Traceback (most recent call last):
  File "c:\Users\luist\repos\Automatizaciones_M-dulos-\ctacte_histoAcobrar.py", line 115, in test_ctacte_historica
    find_elements_css_selector(self.driver, download_Excel)
  File "c:\Users\luist\repos\Automatizaciones_M-dulos-\Elements.py", line 29, in find_elements_css_selector
    select_nex_button = WebDriverWait(driver, 10).until(
  File "C:\Users\luist\AppData\Roaming\Python\Python310\site-packages\selenium\webdriver\support\wait.py", line 96, in until
    value = method(self._driver)
  File "C:\Users\luist\AppData\Roaming\Python\Python310\site-packages\selenium\webdriver\support\expected_conditions.py", line 363, in _predicate
    target = driver.find_element(*target)  # grab element at locator
  File "C:\Users\luist\AppData\Roaming\Python\Python310\site-packages\selenium\webdriver\remote\webdriver.py", line 748, in find_element
    return self.execute(Command.FIND_ELEMENT, {"using": by, "value": value})["value"]
  File "C:\Users\luist\AppData\Roaming\Python\Python310\site-packages\selenium\webdriver\remote\webdriver.py", line 354, in execute
    self.error_handler.check_response(response)
  File "C:\Users\luist\AppData\Roaming\Python\Python310\site-packages\selenium\webdriver\remote\errorhandler.py", line 229, in check_response
    raise exception_class(message, screen, stacktrace)
selenium.common.exceptions.InvalidSelectorException: Message: invalid selector
from javascript error: {"status":32,"value":"An invalid or illegal selector was specified"}
  (Session info: chrome=129.0.6668.100); For documentation on this error, please visit: https://www.selenium.dev/documentation/webdriver/troubleshooting/errors#invalid-selector-exception
Stacktrace:
	GetHandleVerifier [0x00007FF63BCCB095+29557]
	(No symbol) [0x00007FF63BC3FA50]
	(No symbol) [0x00007FF63BAFB56A]
	(No symbol) [0x00007FF63BB0213E]
	(No symbol) [0x00007FF63BB044B7]
	(No symbol) [0x00007FF63BB04570]
	(No symbol) [0x00007FF63BB4F20F]
	(No symbol) [0x00007FF63BB4F8EC]
	(No symbol) [0x00007FF63BB9B777]
	(No symbol) [0x00007FF63BB771CF]
	(No symbol) [0x00007FF63BB9851C]
	(No symbol) [0x00007FF63BB76F33]
	(No symbol) [0x00007FF63BB4116F]
	(No symbol) [0x00007FF63BB422D1]
	GetHandleVerifier [0x00007FF63BFFC96D+3378253]
	GetHandleVerifier [0x00007FF63C048497+3688311]
	GetHandleVerifier [0x00007FF63C03D1CB+3642539]
	GetHandleVerifier [0x00007FF63BD8A6B6+813462]
	(No symbol) [0x00007FF63BC4AB5F]
	(No symbol) [0x00007FF63BC46B74]
	(No symbol) [0x00007FF63BC46D10]
	(No symbol) [0x00007FF63BC35C1F]
	BaseThreadInitThunk [0x00007FF92EF0257D+29]
	RtlUserThreadStart [0x00007FF93006AF08+40]

]]></error>
		<system-out><![CDATA[El texto encontrado es  Cuenta Corriente
El valor es un carácter numérico. Valor: 2.122.059.104,40
El valor es un carácter numérico. Valor: 87.831,48
]]></system-out>
	</testcase>
</testsuite>
