<?xml version="1.0" encoding="UTF-8"?>
<testsuite name="cta_cte_pesiFechaComproV2-20241028163245" tests="1" file=".py" time="61.013" timestamp="2024-10-28T16:33:46" failures="0" errors="0" skipped="0">
	<testcase classname="cta_cte_pesiFechaComproV2" name="test_ctacte_Date_expiration" time="61.013" timestamp="2024-10-28T16:33:46" file="ctacte_PesiFechaComproV2.py" line="18">
		<system-out><![CDATA[El texto encontrado es  CUENTA PESIFICADA
El valor es un carácter numérico. Valor: -1.314.931.346,55
El texto encontrado es  CUENTA CORRIENTE
El valor es un string. Valor: Movimiento LC 3302 00169193
El valor es un string. Valor: + ARS 1.123.147,46
El valor es un string. Valor: LIQ.1116C TRIG 2324 90590 Kgs. 100,00%
]]></system-out>
	</testcase>
</testsuite>
