<?xml version="1.0" encoding="UTF-8"?>
<testsuite name="precio_granos_fijaciones-20240917172530" tests="1" file=".py" time="165.706" timestamp="2024-09-17T17:28:15" failures="0" errors="0" skipped="0">
	<testcase classname="precio_granos_fijaciones" name="test_price_fixings" time="165.706" timestamp="2024-09-17T17:28:15" file="Precio_Fijacion.py" line="21">
		<system-out><![CDATA[El texto encontrado es  MERCADOS
No se encontraron más movimientos para borrar.
Se hizo clic en un icono de borrar.
No se encontraron más movimientos para borrar.
¡Input encontrado y enviado con éxito!
La fecha actual no está disponible en el calendario.
¡Input encontrado y enviado con éxito!
¡Cuenta encontrada y seleccionada 484  con éxito!
Tiempo de espera agotado. El chevron no están presentes o no son clickeables.
¡Input encontrado y enviado con éxito!
]]></system-out>
	</testcase>
</testsuite>
