<?xml version="1.0" encoding="UTF-8"?>
<testsuite name="precio_granos_fijaciones-20240530172733" tests="1" file=".py" time="283.831" timestamp="2024-05-30T17:32:17" failures="0" errors="0" skipped="0">
	<testcase classname="precio_granos_fijaciones" name="test_price_fixings" time="283.831" timestamp="2024-05-30T17:32:17" file="Precio_Fijacion.py" line="21">
		<system-out><![CDATA[El texto encontrado es  MERCADOS
Se hizo clic en un icono de borrar.
No se encontraron más movimientos para borrar.
¡Input encontrado y enviado con éxito!
¡Elemento encontrado y clickeado 7 veces con éxito!
¡Input encontrado y enviado con éxito!
No se pudo clicar el botón: Message: no such element: Unable to locate element: {"method":"xpath","selector":"following-sibling::*"}
  (Session info: chrome=125.0.6422.113); For documentation on this error, please visit: https://www.selenium.dev/documentation/webdriver/troubleshooting/errors#no-such-element-exception
Stacktrace:
	GetHandleVerifier [0x00007FF66AEF1F22+60322]
	(No symbol) [0x00007FF66AE6CE99]
	(No symbol) [0x00007FF66AD27EBA]
	(No symbol) [0x00007FF66AD77676]
	(No symbol) [0x00007FF66AD7773C]
	(No symbol) [0x00007FF66AD6AEEC]
	(No symbol) [0x00007FF66AD9C25F]
	(No symbol) [0x00007FF66AD6ADB6]
	(No symbol) [0x00007FF66AD9C430]
	(No symbol) [0x00007FF66ADBBC80]
	(No symbol) [0x00007FF66AD9BFC3]
	(No symbol) [0x00007FF66AD69617]
	(No symbol) [0x00007FF66AD6A211]
	GetHandleVerifier [0x00007FF66B20946D+3301613]
	GetHandleVerifier [0x00007FF66B253693+3605267]
	GetHandleVerifier [0x00007FF66B249410+3563664]
	GetHandleVerifier [0x00007FF66AFA42F6+790390]
	(No symbol) [0x00007FF66AE774DF]
	(No symbol) [0x00007FF66AE733D4]
	(No symbol) [0x00007FF66AE73562]
	(No symbol) [0x00007FF66AE62F6F]
	BaseThreadInitThunk [0x00007FF89C91257D+29]
	RtlUserThreadStart [0x00007FF89EBCAA48+40]

Tiempo de espera agotado. El elemento no está presente o no es clickeable.
Tiempo de espera agotado. El elemento no está presente o no es clickeable.
Tiempo de espera agotado. El chevron no están presentes o no son clickeables.
Tiempo de espera agotado. El input no está presente o no es clickeable.
Tiempo de espera agotado. El elemento no está presente o no es clickeable.
]]></system-out>
	</testcase>
</testsuite>
