<?xml version="1.0" encoding="UTF-8"?>
<testsuite name="precio_granos_fijaciones-20240515150022" tests="1" file=".py" time="22.041" timestamp="2024-05-15T15:00:44" failures="0" errors="1" skipped="0">
	<testcase classname="precio_granos_fijaciones" name="test_price_fixings" time="22.041" timestamp="2024-05-15T15:00:44" file="Precio_Fijacion.py" line="21">
		<error type="ElementClickInterceptedException" message="Message: element click intercepted: Element is not clickable at point (1471, 1010)
  (Session info: chrome=124.0.6367.202)
Stacktrace:
	GetHandleVerifier [0x00007FF6F1FE1522+60802]
	(No symbol) [0x00007FF6F1F5AC22]
	(No symbol) [0x00007FF6F1E17CE4]
	(No symbol) [0x00007FF6F1E6E877]
	(No symbol) [0x00007FF6F1E6C344]
	(No symbol) [0x00007FF6F1E6980A]
	(No symbol) [0x00007FF6F1E689E2]
	(No symbol) [0x00007FF6F1E5AE8B]
	(No symbol) [0x00007FF6F1E8AB7A]
	(No symbol) [0x00007FF6F1E5A7C6]
	(No symbol) [0x00007FF6F1E8AD90]
	(No symbol) [0x00007FF6F1EAA224]
	(No symbol) [0x00007FF6F1E8A923]
	(No symbol) [0x00007FF6F1E58FEC]
	(No symbol) [0x00007FF6F1E59C21]
	GetHandleVerifier [0x00007FF6F22E41BD+3217949]
	GetHandleVerifier [0x00007FF6F2326157+3488183]
	GetHandleVerifier [0x00007FF6F231F0DF+3459391]
	GetHandleVerifier [0x00007FF6F209B8E6+823622]
	(No symbol) [0x00007FF6F1F65FBF]
	(No symbol) [0x00007FF6F1F60EE4]
	(No symbol) [0x00007FF6F1F61072]
	(No symbol) [0x00007FF6F1F518C4]
	BaseThreadInitThunk [0x00007FFA24B4257D+29]
	RtlUserThreadStart [0x00007FFA2654AA48+40]
"><![CDATA[Traceback (most recent call last):
  File "c:\Users\luist\repos\Automatizaciones-SILOHUB-\Precio_Fijacion.py", line 46, in test_price_fixings
    click_icon_delete(self.driver, delete_price_grain)
  File "c:\Users\luist\repos\Automatizaciones-SILOHUB-\Elements.py", line 1315, in click_icon_delete
    icono_borrar.click()
  File "C:\Users\luist\AppData\Roaming\Python\Python310\site-packages\selenium\webdriver\remote\webelement.py", line 94, in click
    self._execute(Command.CLICK_ELEMENT)
  File "C:\Users\luist\AppData\Roaming\Python\Python310\site-packages\selenium\webdriver\remote\webelement.py", line 395, in _execute
    return self._parent.execute(command, params)
  File "C:\Users\luist\AppData\Roaming\Python\Python310\site-packages\selenium\webdriver\remote\webdriver.py", line 348, in execute
    self.error_handler.check_response(response)
  File "C:\Users\luist\AppData\Roaming\Python\Python310\site-packages\selenium\webdriver\remote\errorhandler.py", line 229, in check_response
    raise exception_class(message, screen, stacktrace)
selenium.common.exceptions.ElementClickInterceptedException: Message: element click intercepted: Element is not clickable at point (1471, 1010)
  (Session info: chrome=124.0.6367.202)
Stacktrace:
	GetHandleVerifier [0x00007FF6F1FE1522+60802]
	(No symbol) [0x00007FF6F1F5AC22]
	(No symbol) [0x00007FF6F1E17CE4]
	(No symbol) [0x00007FF6F1E6E877]
	(No symbol) [0x00007FF6F1E6C344]
	(No symbol) [0x00007FF6F1E6980A]
	(No symbol) [0x00007FF6F1E689E2]
	(No symbol) [0x00007FF6F1E5AE8B]
	(No symbol) [0x00007FF6F1E8AB7A]
	(No symbol) [0x00007FF6F1E5A7C6]
	(No symbol) [0x00007FF6F1E8AD90]
	(No symbol) [0x00007FF6F1EAA224]
	(No symbol) [0x00007FF6F1E8A923]
	(No symbol) [0x00007FF6F1E58FEC]
	(No symbol) [0x00007FF6F1E59C21]
	GetHandleVerifier [0x00007FF6F22E41BD+3217949]
	GetHandleVerifier [0x00007FF6F2326157+3488183]
	GetHandleVerifier [0x00007FF6F231F0DF+3459391]
	GetHandleVerifier [0x00007FF6F209B8E6+823622]
	(No symbol) [0x00007FF6F1F65FBF]
	(No symbol) [0x00007FF6F1F60EE4]
	(No symbol) [0x00007FF6F1F61072]
	(No symbol) [0x00007FF6F1F518C4]
	BaseThreadInitThunk [0x00007FFA24B4257D+29]
	RtlUserThreadStart [0x00007FFA2654AA48+40]

]]></error>
		<system-out><![CDATA[El texto encontrado es  MERCADOS
]]></system-out>
	</testcase>
</testsuite>
