<?xml version="1.0" encoding="UTF-8"?>
<testsuite name="precio_granos_fijaciones-20240515123502" tests="1" file=".py" time="20.974" timestamp="2024-05-15T12:35:23" failures="0" errors="1" skipped="0">
	<testcase classname="precio_granos_fijaciones" name="test_price_fixings" time="20.974" timestamp="2024-05-15T12:35:23" file="Precio_Fijacion.py" line="21">
		<error type="ElementClickInterceptedException" message="Message: element click intercepted: Element is not clickable at point (1471, 1010)
  (Session info: chrome=124.0.6367.202)
Stacktrace:
	GetHandleVerifier [0x00007FF799B91522+60802]
	(No symbol) [0x00007FF799B0AC22]
	(No symbol) [0x00007FF7999C7CE4]
	(No symbol) [0x00007FF799A1E877]
	(No symbol) [0x00007FF799A1C344]
	(No symbol) [0x00007FF799A1980A]
	(No symbol) [0x00007FF799A189E2]
	(No symbol) [0x00007FF799A0AE8B]
	(No symbol) [0x00007FF799A3AB7A]
	(No symbol) [0x00007FF799A0A7C6]
	(No symbol) [0x00007FF799A3AD90]
	(No symbol) [0x00007FF799A5A224]
	(No symbol) [0x00007FF799A3A923]
	(No symbol) [0x00007FF799A08FEC]
	(No symbol) [0x00007FF799A09C21]
	GetHandleVerifier [0x00007FF799E941BD+3217949]
	GetHandleVerifier [0x00007FF799ED6157+3488183]
	GetHandleVerifier [0x00007FF799ECF0DF+3459391]
	GetHandleVerifier [0x00007FF799C4B8E6+823622]
	(No symbol) [0x00007FF799B15FBF]
	(No symbol) [0x00007FF799B10EE4]
	(No symbol) [0x00007FF799B11072]
	(No symbol) [0x00007FF799B018C4]
	BaseThreadInitThunk [0x00007FFA24B4257D+29]
	RtlUserThreadStart [0x00007FFA2654AA48+40]
"><![CDATA[Traceback (most recent call last):
  File "c:\Users\luist\repos\Automatizaciones-SILOHUB-\Precio_Fijacion.py", line 46, in test_price_fixings
    click_icon_delete(self.driver, delete_price_grain)
  File "c:\Users\luist\repos\Automatizaciones-SILOHUB-\Elements.py", line 1287, in click_icon_delete
    icono_borrar.click()
  File "C:\Users\luist\AppData\Roaming\Python\Python310\site-packages\selenium\webdriver\remote\webelement.py", line 94, in click
    self._execute(Command.CLICK_ELEMENT)
  File "C:\Users\luist\AppData\Roaming\Python\Python310\site-packages\selenium\webdriver\remote\webelement.py", line 395, in _execute
    return self._parent.execute(command, params)
  File "C:\Users\luist\AppData\Roaming\Python\Python310\site-packages\selenium\webdriver\remote\webdriver.py", line 348, in execute
    self.error_handler.check_response(response)
  File "C:\Users\luist\AppData\Roaming\Python\Python310\site-packages\selenium\webdriver\remote\errorhandler.py", line 229, in check_response
    raise exception_class(message, screen, stacktrace)
selenium.common.exceptions.ElementClickInterceptedException: Message: element click intercepted: Element is not clickable at point (1471, 1010)
  (Session info: chrome=124.0.6367.202)
Stacktrace:
	GetHandleVerifier [0x00007FF799B91522+60802]
	(No symbol) [0x00007FF799B0AC22]
	(No symbol) [0x00007FF7999C7CE4]
	(No symbol) [0x00007FF799A1E877]
	(No symbol) [0x00007FF799A1C344]
	(No symbol) [0x00007FF799A1980A]
	(No symbol) [0x00007FF799A189E2]
	(No symbol) [0x00007FF799A0AE8B]
	(No symbol) [0x00007FF799A3AB7A]
	(No symbol) [0x00007FF799A0A7C6]
	(No symbol) [0x00007FF799A3AD90]
	(No symbol) [0x00007FF799A5A224]
	(No symbol) [0x00007FF799A3A923]
	(No symbol) [0x00007FF799A08FEC]
	(No symbol) [0x00007FF799A09C21]
	GetHandleVerifier [0x00007FF799E941BD+3217949]
	GetHandleVerifier [0x00007FF799ED6157+3488183]
	GetHandleVerifier [0x00007FF799ECF0DF+3459391]
	GetHandleVerifier [0x00007FF799C4B8E6+823622]
	(No symbol) [0x00007FF799B15FBF]
	(No symbol) [0x00007FF799B10EE4]
	(No symbol) [0x00007FF799B11072]
	(No symbol) [0x00007FF799B018C4]
	BaseThreadInitThunk [0x00007FFA24B4257D+29]
	RtlUserThreadStart [0x00007FFA2654AA48+40]

]]></error>
		<system-out><![CDATA[El texto encontrado es  MERCADOS
]]></system-out>
	</testcase>
</testsuite>
