<?xml version="1.0" encoding="UTF-8"?>
<testsuite name="precio_granos_fijaciones-20240517201626" tests="2" file=".py" time="164.846" timestamp="2024-05-17T20:19:10" failures="0" errors="2" skipped="0">
	<testcase classname="precio_granos_fijaciones" name="test_price_fixings" time="0.000" timestamp="0001-01-01T00:00:00" file="Precio_Fijacion.py" line="21">
		<error type="AttributeError" message="'NoneType' object has no attribute 'is_displayed'"><![CDATA[Traceback (most recent call last):
  File "c:\Users\luist\repos\Automatizaciones-SILOHUB-\Precio_Fijacion.py", line 165, in test_price_fixings
    find_elements(self.driver, select_button_request)
  File "c:\Users\luist\repos\Automatizaciones-SILOHUB-\Elements.py", line 19, in find_elements
    select_nex_button = WebDriverWait(driver, 10).until(
  File "C:\Users\luist\AppData\Roaming\Python\Python310\site-packages\selenium\webdriver\support\wait.py", line 96, in until
    value = method(self._driver)
  File "C:\Users\luist\AppData\Roaming\Python\Python310\site-packages\selenium\webdriver\support\expected_conditions.py", line 364, in _predicate
    element = visibility_of(target)(driver)
  File "C:\Users\luist\AppData\Roaming\Python\Python310\site-packages\selenium\webdriver\support\expected_conditions.py", line 173, in _predicate
    return _element_if_visible(element)
  File "C:\Users\luist\AppData\Roaming\Python\Python310\site-packages\selenium\webdriver\support\expected_conditions.py", line 179, in _element_if_visible
    return element if element.is_displayed() == visibility else False
AttributeError: 'NoneType' object has no attribute 'is_displayed'
]]></error>
		<system-out><![CDATA[El texto encontrado es  MERCADOS
Se hizo clic en un icono de borrar.
No se encontraron más movimientos para borrar.
¡Input encontrado y enviado con éxito!
¡Elemento encontrado y clickeado 7 veces con éxito!
¡Input encontrado y enviado con éxito!
Buscando el número: 4125
Elemento localizado para el número: 4125
¡Cuenta encontrada y seleccionada 484  con éxito!
Tiempo de espera agotado. El chevron no están presentes o no son clickeables.
Tiempo de espera agotado. El input no está presente o no es clickeable.
]]></system-out>
	</testcase>
	<testcase classname="precio_granos_fijaciones" name="test_price_fixings" time="164.846" timestamp="2024-05-17T20:19:10" file="Precio_Fijacion.py" line="21">
		<error type="NoSuchWindowException" message="Message: no such window: target window already closed
from unknown error: web view not found
  (Session info: chrome=125.0.6422.60)
Stacktrace:
	GetHandleVerifier [0x00007FF6D0E522C2+60002]
	(No symbol) [0x00007FF6D0DCCA59]
	(No symbol) [0x00007FF6D0C87EDA]
	(No symbol) [0x00007FF6D0C5D5B5]
	(No symbol) [0x00007FF6D0D03727]
	(No symbol) [0x00007FF6D0D0A882]
	(No symbol) [0x00007FF6D0CFC250]
	(No symbol) [0x00007FF6D0CC9657]
	(No symbol) [0x00007FF6D0CCA251]
	GetHandleVerifier [0x00007FF6D1163E2D+3278285]
	GetHandleVerifier [0x00007FF6D11B0190+3590448]
	GetHandleVerifier [0x00007FF6D11A61D0+3549552]
	GetHandleVerifier [0x00007FF6D0F01DE6+779654]
	(No symbol) [0x00007FF6D0DD7ACF]
	(No symbol) [0x00007FF6D0DD2EE4]
	(No symbol) [0x00007FF6D0DD3072]
	(No symbol) [0x00007FF6D0DC2C4F]
	BaseThreadInitThunk [0x00007FFAAEB4257D+29]
	RtlUserThreadStart [0x00007FFAAFA8AA48+40]
"><![CDATA[Traceback (most recent call last):
  File "c:\Users\luist\repos\Automatizaciones-SILOHUB-\Precio_Fijacion.py", line 174, in tearDown
    self.driver.close()
  File "C:\Users\luist\AppData\Roaming\Python\Python310\site-packages\selenium\webdriver\remote\webdriver.py", line 459, in close
    self.execute(Command.CLOSE)
  File "C:\Users\luist\AppData\Roaming\Python\Python310\site-packages\selenium\webdriver\remote\webdriver.py", line 348, in execute
    self.error_handler.check_response(response)
  File "C:\Users\luist\AppData\Roaming\Python\Python310\site-packages\selenium\webdriver\remote\errorhandler.py", line 229, in check_response
    raise exception_class(message, screen, stacktrace)
selenium.common.exceptions.NoSuchWindowException: Message: no such window: target window already closed
from unknown error: web view not found
  (Session info: chrome=125.0.6422.60)
Stacktrace:
	GetHandleVerifier [0x00007FF6D0E522C2+60002]
	(No symbol) [0x00007FF6D0DCCA59]
	(No symbol) [0x00007FF6D0C87EDA]
	(No symbol) [0x00007FF6D0C5D5B5]
	(No symbol) [0x00007FF6D0D03727]
	(No symbol) [0x00007FF6D0D0A882]
	(No symbol) [0x00007FF6D0CFC250]
	(No symbol) [0x00007FF6D0CC9657]
	(No symbol) [0x00007FF6D0CCA251]
	GetHandleVerifier [0x00007FF6D1163E2D+3278285]
	GetHandleVerifier [0x00007FF6D11B0190+3590448]
	GetHandleVerifier [0x00007FF6D11A61D0+3549552]
	GetHandleVerifier [0x00007FF6D0F01DE6+779654]
	(No symbol) [0x00007FF6D0DD7ACF]
	(No symbol) [0x00007FF6D0DD2EE4]
	(No symbol) [0x00007FF6D0DD3072]
	(No symbol) [0x00007FF6D0DC2C4F]
	BaseThreadInitThunk [0x00007FFAAEB4257D+29]
	RtlUserThreadStart [0x00007FFAAFA8AA48+40]

]]></error>
		<system-out><![CDATA[El texto encontrado es  MERCADOS
Se hizo clic en un icono de borrar.
No se encontraron más movimientos para borrar.
¡Input encontrado y enviado con éxito!
¡Elemento encontrado y clickeado 7 veces con éxito!
¡Input encontrado y enviado con éxito!
Buscando el número: 4125
Elemento localizado para el número: 4125
¡Cuenta encontrada y seleccionada 484  con éxito!
Tiempo de espera agotado. El chevron no están presentes o no son clickeables.
Tiempo de espera agotado. El input no está presente o no es clickeable.
]]></system-out>
	</testcase>
</testsuite>
