<?xml version="1.0" encoding="UTF-8"?>
<testsuite name="precio_granos_fijaciones-20240515124639" tests="2" file=".py" time="81.050" timestamp="2024-05-15T12:48:00" failures="0" errors="2" skipped="0">
	<testcase classname="precio_granos_fijaciones" name="test_price_fixings" time="0.000" timestamp="0001-01-01T00:00:00" file="Precio_Fijacion.py" line="21">
		<error type="NoSuchWindowException" message="Message: no such window: target window already closed
from unknown error: web view not found
  (Session info: chrome=124.0.6367.202)
Stacktrace:
	GetHandleVerifier [0x00007FF799B91522+60802]
	(No symbol) [0x00007FF799B0AC22]
	(No symbol) [0x00007FF7999C7CE4]
	(No symbol) [0x00007FF79999DFDF]
	(No symbol) [0x00007FF799A41E57]
	(No symbol) [0x00007FF799A598D1]
	(No symbol) [0x00007FF799A3A923]
	(No symbol) [0x00007FF799A08FEC]
	(No symbol) [0x00007FF799A09C21]
	GetHandleVerifier [0x00007FF799E941BD+3217949]
	GetHandleVerifier [0x00007FF799ED6157+3488183]
	GetHandleVerifier [0x00007FF799ECF0DF+3459391]
	GetHandleVerifier [0x00007FF799C4B8E6+823622]
	(No symbol) [0x00007FF799B15FBF]
	(No symbol) [0x00007FF799B10EE4]
	(No symbol) [0x00007FF799B11072]
	(No symbol) [0x00007FF799B018C4]
	BaseThreadInitThunk [0x00007FFA24B4257D+29]
	RtlUserThreadStart [0x00007FFA2654AA48+40]
"><![CDATA[Traceback (most recent call last):
  File "c:\Users\luist\repos\Automatizaciones-SILOHUB-\Precio_Fijacion.py", line 94, in test_price_fixings
    find_elements(self.driver, insert_date1)
  File "c:\Users\luist\repos\Automatizaciones-SILOHUB-\Elements.py", line 19, in find_elements
    select_nex_button = WebDriverWait(driver, 10).until(
  File "C:\Users\luist\AppData\Roaming\Python\Python310\site-packages\selenium\webdriver\support\wait.py", line 96, in until
    value = method(self._driver)
  File "C:\Users\luist\AppData\Roaming\Python\Python310\site-packages\selenium\webdriver\support\expected_conditions.py", line 363, in _predicate
    target = driver.find_element(*target)  # grab element at locator
  File "C:\Users\luist\AppData\Roaming\Python\Python310\site-packages\selenium\webdriver\remote\webdriver.py", line 742, in find_element
    return self.execute(Command.FIND_ELEMENT, {"using": by, "value": value})["value"]
  File "C:\Users\luist\AppData\Roaming\Python\Python310\site-packages\selenium\webdriver\remote\webdriver.py", line 348, in execute
    self.error_handler.check_response(response)
  File "C:\Users\luist\AppData\Roaming\Python\Python310\site-packages\selenium\webdriver\remote\errorhandler.py", line 229, in check_response
    raise exception_class(message, screen, stacktrace)
selenium.common.exceptions.NoSuchWindowException: Message: no such window: target window already closed
from unknown error: web view not found
  (Session info: chrome=124.0.6367.202)
Stacktrace:
	GetHandleVerifier [0x00007FF799B91522+60802]
	(No symbol) [0x00007FF799B0AC22]
	(No symbol) [0x00007FF7999C7CE4]
	(No symbol) [0x00007FF79999DFDF]
	(No symbol) [0x00007FF799A41E57]
	(No symbol) [0x00007FF799A598D1]
	(No symbol) [0x00007FF799A3A923]
	(No symbol) [0x00007FF799A08FEC]
	(No symbol) [0x00007FF799A09C21]
	GetHandleVerifier [0x00007FF799E941BD+3217949]
	GetHandleVerifier [0x00007FF799ED6157+3488183]
	GetHandleVerifier [0x00007FF799ECF0DF+3459391]
	GetHandleVerifier [0x00007FF799C4B8E6+823622]
	(No symbol) [0x00007FF799B15FBF]
	(No symbol) [0x00007FF799B10EE4]
	(No symbol) [0x00007FF799B11072]
	(No symbol) [0x00007FF799B018C4]
	BaseThreadInitThunk [0x00007FFA24B4257D+29]
	RtlUserThreadStart [0x00007FFA2654AA48+40]

]]></error>
		<system-out><![CDATA[El texto encontrado es  MERCADOS
No se encontraron más movimientos para borrar.
¡Input encontrado y enviado con éxito!
Tiempo de espera agotado. El elemento no está presente o no es clickeable.
]]></system-out>
	</testcase>
	<testcase classname="precio_granos_fijaciones" name="test_price_fixings" time="81.050" timestamp="2024-05-15T12:48:00" file="Precio_Fijacion.py" line="21">
		<error type="WebDriverException" message="Message: disconnected: not connected to DevTools
  (failed to check if window was closed: disconnected: not connected to DevTools)
  (Session info: chrome=124.0.6367.202)
Stacktrace:
	GetHandleVerifier [0x00007FF799B91522+60802]
	(No symbol) [0x00007FF799B0AC22]
	(No symbol) [0x00007FF7999C7CE4]
	(No symbol) [0x00007FF7999AE894]
	(No symbol) [0x00007FF7999AF3FF]
	(No symbol) [0x00007FF7999C82DD]
	(No symbol) [0x00007FF79999DACC]
	(No symbol) [0x00007FF799A48F74]
	(No symbol) [0x00007FF799A3AB40]
	(No symbol) [0x00007FF799A08FEC]
	(No symbol) [0x00007FF799A09C21]
	GetHandleVerifier [0x00007FF799E941BD+3217949]
	GetHandleVerifier [0x00007FF799ED6157+3488183]
	GetHandleVerifier [0x00007FF799ECF0DF+3459391]
	GetHandleVerifier [0x00007FF799C4B8E6+823622]
	(No symbol) [0x00007FF799B15FBF]
	(No symbol) [0x00007FF799B10EE4]
	(No symbol) [0x00007FF799B11072]
	(No symbol) [0x00007FF799B018C4]
	BaseThreadInitThunk [0x00007FFA24B4257D+29]
	RtlUserThreadStart [0x00007FFA2654AA48+40]
"><![CDATA[Traceback (most recent call last):
  File "c:\Users\luist\repos\Automatizaciones-SILOHUB-\Precio_Fijacion.py", line 169, in tearDown
    self.driver.close()
  File "C:\Users\luist\AppData\Roaming\Python\Python310\site-packages\selenium\webdriver\remote\webdriver.py", line 459, in close
    self.execute(Command.CLOSE)
  File "C:\Users\luist\AppData\Roaming\Python\Python310\site-packages\selenium\webdriver\remote\webdriver.py", line 348, in execute
    self.error_handler.check_response(response)
  File "C:\Users\luist\AppData\Roaming\Python\Python310\site-packages\selenium\webdriver\remote\errorhandler.py", line 229, in check_response
    raise exception_class(message, screen, stacktrace)
selenium.common.exceptions.WebDriverException: Message: disconnected: not connected to DevTools
  (failed to check if window was closed: disconnected: not connected to DevTools)
  (Session info: chrome=124.0.6367.202)
Stacktrace:
	GetHandleVerifier [0x00007FF799B91522+60802]
	(No symbol) [0x00007FF799B0AC22]
	(No symbol) [0x00007FF7999C7CE4]
	(No symbol) [0x00007FF7999AE894]
	(No symbol) [0x00007FF7999AF3FF]
	(No symbol) [0x00007FF7999C82DD]
	(No symbol) [0x00007FF79999DACC]
	(No symbol) [0x00007FF799A48F74]
	(No symbol) [0x00007FF799A3AB40]
	(No symbol) [0x00007FF799A08FEC]
	(No symbol) [0x00007FF799A09C21]
	GetHandleVerifier [0x00007FF799E941BD+3217949]
	GetHandleVerifier [0x00007FF799ED6157+3488183]
	GetHandleVerifier [0x00007FF799ECF0DF+3459391]
	GetHandleVerifier [0x00007FF799C4B8E6+823622]
	(No symbol) [0x00007FF799B15FBF]
	(No symbol) [0x00007FF799B10EE4]
	(No symbol) [0x00007FF799B11072]
	(No symbol) [0x00007FF799B018C4]
	BaseThreadInitThunk [0x00007FFA24B4257D+29]
	RtlUserThreadStart [0x00007FFA2654AA48+40]

]]></error>
		<system-out><![CDATA[El texto encontrado es  MERCADOS
No se encontraron más movimientos para borrar.
¡Input encontrado y enviado con éxito!
Tiempo de espera agotado. El elemento no está presente o no es clickeable.
]]></system-out>
	</testcase>
</testsuite>
