<?xml version="1.0" encoding="UTF-8"?>
<testsuite name="precio_granos_fijaciones-20240515173431" tests="1" file=".py" time="105.331" timestamp="2024-05-15T17:36:16" failures="0" errors="0" skipped="0">
	<testcase classname="precio_granos_fijaciones" name="test_price_fixings" time="105.331" timestamp="2024-05-15T17:36:16" file="Precio_Fijacion.py" line="21">
		<system-out><![CDATA[El texto encontrado es  MERCADOS
Se hizo clic en un icono de borrar.
No se encontraron más movimientos para borrar.
¡Input encontrado y enviado con éxito!
¡Elemento encontrado y clickeado 7 veces con éxito!
¡Input encontrado y enviado con éxito!
Se hizo clic en otro elemento porque el número 9009 está presente.
¡Cuenta encontrada y seleccionada 484  con éxito!
¡Input encontrado y enviado con éxito!
]]></system-out>
	</testcase>
</testsuite>
