<?xml version="1.0" encoding="UTF-8"?>
<testsuite name="precio_granos_fijaciones-20240515185535" tests="2" file=".py" time="253.590" timestamp="2024-05-15T18:59:48" failures="0" errors="2" skipped="0">
	<testcase classname="precio_granos_fijaciones" name="test_price_fixings" time="0.000" timestamp="0001-01-01T00:00:00" file="Precio_Fijacion.py" line="21">
		<error type="AttributeError" message="'NoneType' object has no attribute 'is_displayed'"><![CDATA[Traceback (most recent call last):
  File "c:\Users\luist\repos\Automatizaciones-SILOHUB-\Precio_Fijacion.py", line 165, in test_price_fixings
    find_elements(self.driver, select_button_request)
  File "c:\Users\luist\repos\Automatizaciones-SILOHUB-\Elements.py", line 19, in find_elements
    select_nex_button = WebDriverWait(driver, 10).until(
  File "C:\Users\luist\AppData\Roaming\Python\Python310\site-packages\selenium\webdriver\support\wait.py", line 96, in until
    value = method(self._driver)
  File "C:\Users\luist\AppData\Roaming\Python\Python310\site-packages\selenium\webdriver\support\expected_conditions.py", line 364, in _predicate
    element = visibility_of(target)(driver)
  File "C:\Users\luist\AppData\Roaming\Python\Python310\site-packages\selenium\webdriver\support\expected_conditions.py", line 173, in _predicate
    return _element_if_visible(element)
  File "C:\Users\luist\AppData\Roaming\Python\Python310\site-packages\selenium\webdriver\support\expected_conditions.py", line 179, in _element_if_visible
    return element if element.is_displayed() == visibility else False
AttributeError: 'NoneType' object has no attribute 'is_displayed'
]]></error>
		<system-out><![CDATA[El texto encontrado es  MERCADOS
Se hizo clic en un icono de borrar.
Se hizo clic en un icono de borrar.
No se encontraron más movimientos para borrar.
¡Input encontrado y enviado con éxito!
¡Elemento encontrado y clickeado 7 veces con éxito!
¡Input encontrado y enviado con éxito!
Se ha agotado el tiempo de espera al buscar el elemento.
Tiempo de espera agotado. El elemento no está presente o no es clickeable.
Tiempo de espera agotado. El elemento no está presente o no es clickeable.
Tiempo de espera agotado. El chevron no están presentes o no son clickeables.
Tiempo de espera agotado. El input no está presente o no es clickeable.
]]></system-out>
	</testcase>
	<testcase classname="precio_granos_fijaciones" name="test_price_fixings" time="253.590" timestamp="2024-05-15T18:59:48" file="Precio_Fijacion.py" line="21">
		<error type="WebDriverException" message="Message: disconnected: Unable to receive message from renderer
  (failed to check if window was closed: disconnected: not connected to DevTools)
  (Session info: chrome=124.0.6367.202)
Stacktrace:
	GetHandleVerifier [0x00007FF77B9E1522+60802]
	(No symbol) [0x00007FF77B95AC22]
	(No symbol) [0x00007FF77B817CE4]
	(No symbol) [0x00007FF77B800FE1]
	(No symbol) [0x00007FF77B7FEBE4]
	(No symbol) [0x00007FF77B7FF3FF]
	(No symbol) [0x00007FF77B8182DD]
	(No symbol) [0x00007FF77B7EDACC]
	(No symbol) [0x00007FF77B898F74]
	(No symbol) [0x00007FF77B88AB40]
	(No symbol) [0x00007FF77B858FEC]
	(No symbol) [0x00007FF77B859C21]
	GetHandleVerifier [0x00007FF77BCE41BD+3217949]
	GetHandleVerifier [0x00007FF77BD26157+3488183]
	GetHandleVerifier [0x00007FF77BD1F0DF+3459391]
	GetHandleVerifier [0x00007FF77BA9B8E6+823622]
	(No symbol) [0x00007FF77B965FBF]
	(No symbol) [0x00007FF77B960EE4]
	(No symbol) [0x00007FF77B961072]
	(No symbol) [0x00007FF77B9518C4]
	BaseThreadInitThunk [0x00007FFA24B4257D+29]
	RtlUserThreadStart [0x00007FFA2654AA48+40]
"><![CDATA[Traceback (most recent call last):
  File "c:\Users\luist\repos\Automatizaciones-SILOHUB-\Precio_Fijacion.py", line 174, in tearDown
    self.driver.close()
  File "C:\Users\luist\AppData\Roaming\Python\Python310\site-packages\selenium\webdriver\remote\webdriver.py", line 459, in close
    self.execute(Command.CLOSE)
  File "C:\Users\luist\AppData\Roaming\Python\Python310\site-packages\selenium\webdriver\remote\webdriver.py", line 348, in execute
    self.error_handler.check_response(response)
  File "C:\Users\luist\AppData\Roaming\Python\Python310\site-packages\selenium\webdriver\remote\errorhandler.py", line 229, in check_response
    raise exception_class(message, screen, stacktrace)
selenium.common.exceptions.WebDriverException: Message: disconnected: Unable to receive message from renderer
  (failed to check if window was closed: disconnected: not connected to DevTools)
  (Session info: chrome=124.0.6367.202)
Stacktrace:
	GetHandleVerifier [0x00007FF77B9E1522+60802]
	(No symbol) [0x00007FF77B95AC22]
	(No symbol) [0x00007FF77B817CE4]
	(No symbol) [0x00007FF77B800FE1]
	(No symbol) [0x00007FF77B7FEBE4]
	(No symbol) [0x00007FF77B7FF3FF]
	(No symbol) [0x00007FF77B8182DD]
	(No symbol) [0x00007FF77B7EDACC]
	(No symbol) [0x00007FF77B898F74]
	(No symbol) [0x00007FF77B88AB40]
	(No symbol) [0x00007FF77B858FEC]
	(No symbol) [0x00007FF77B859C21]
	GetHandleVerifier [0x00007FF77BCE41BD+3217949]
	GetHandleVerifier [0x00007FF77BD26157+3488183]
	GetHandleVerifier [0x00007FF77BD1F0DF+3459391]
	GetHandleVerifier [0x00007FF77BA9B8E6+823622]
	(No symbol) [0x00007FF77B965FBF]
	(No symbol) [0x00007FF77B960EE4]
	(No symbol) [0x00007FF77B961072]
	(No symbol) [0x00007FF77B9518C4]
	BaseThreadInitThunk [0x00007FFA24B4257D+29]
	RtlUserThreadStart [0x00007FFA2654AA48+40]

]]></error>
		<system-out><![CDATA[El texto encontrado es  MERCADOS
Se hizo clic en un icono de borrar.
Se hizo clic en un icono de borrar.
No se encontraron más movimientos para borrar.
¡Input encontrado y enviado con éxito!
¡Elemento encontrado y clickeado 7 veces con éxito!
¡Input encontrado y enviado con éxito!
Se ha agotado el tiempo de espera al buscar el elemento.
Tiempo de espera agotado. El elemento no está presente o no es clickeable.
Tiempo de espera agotado. El elemento no está presente o no es clickeable.
Tiempo de espera agotado. El chevron no están presentes o no son clickeables.
Tiempo de espera agotado. El input no está presente o no es clickeable.
]]></system-out>
	</testcase>
</testsuite>
