<?xml version="1.0" encoding="UTF-8"?>
<testsuite name="precio_granos_fijaciones-20240515130235" tests="2" file=".py" time="127.518" timestamp="2024-05-15T13:04:43" failures="0" errors="2" skipped="0">
	<testcase classname="precio_granos_fijaciones" name="test_price_fixings" time="0.000" timestamp="0001-01-01T00:00:00" file="Precio_Fijacion.py" line="21">
		<error type="AttributeError" message="'NoneType' object has no attribute 'is_displayed'"><![CDATA[Traceback (most recent call last):
  File "c:\Users\luist\repos\Automatizaciones-SILOHUB-\Precio_Fijacion.py", line 98, in test_price_fixings
    find_elements(self.driver, insert_date2)
  File "c:\Users\luist\repos\Automatizaciones-SILOHUB-\Elements.py", line 19, in find_elements
    select_nex_button = WebDriverWait(driver, 10).until(
  File "C:\Users\luist\AppData\Roaming\Python\Python310\site-packages\selenium\webdriver\support\wait.py", line 96, in until
    value = method(self._driver)
  File "C:\Users\luist\AppData\Roaming\Python\Python310\site-packages\selenium\webdriver\support\expected_conditions.py", line 364, in _predicate
    element = visibility_of(target)(driver)
  File "C:\Users\luist\AppData\Roaming\Python\Python310\site-packages\selenium\webdriver\support\expected_conditions.py", line 173, in _predicate
    return _element_if_visible(element)
  File "C:\Users\luist\AppData\Roaming\Python\Python310\site-packages\selenium\webdriver\support\expected_conditions.py", line 179, in _element_if_visible
    return element if element.is_displayed() == visibility else False
AttributeError: 'NoneType' object has no attribute 'is_displayed'
]]></error>
		<system-out><![CDATA[El texto encontrado es  MERCADOS
No se encontraron más movimientos para borrar.
¡Input encontrado y enviado con éxito!
Tiempo de espera agotado. El elemento no está presente o no es clickeable.
Tiempo de espera agotado. El elemento no está presente o no es clickeable.
]]></system-out>
	</testcase>
	<testcase classname="precio_granos_fijaciones" name="test_price_fixings" time="127.518" timestamp="2024-05-15T13:04:43" file="Precio_Fijacion.py" line="21">
		<error type="NoSuchWindowException" message="Message: no such window: target window already closed
from unknown error: web view not found
  (Session info: chrome=124.0.6367.202)
Stacktrace:
	GetHandleVerifier [0x00007FF660661522+60802]
	(No symbol) [0x00007FF6605DAC22]
	(No symbol) [0x00007FF660497CE4]
	(No symbol) [0x00007FF66046DFDF]
	(No symbol) [0x00007FF660511E57]
	(No symbol) [0x00007FF660518FD2]
	(No symbol) [0x00007FF66050AB40]
	(No symbol) [0x00007FF6604D8FEC]
	(No symbol) [0x00007FF6604D9C21]
	GetHandleVerifier [0x00007FF6609641BD+3217949]
	GetHandleVerifier [0x00007FF6609A6157+3488183]
	GetHandleVerifier [0x00007FF66099F0DF+3459391]
	GetHandleVerifier [0x00007FF66071B8E6+823622]
	(No symbol) [0x00007FF6605E5FBF]
	(No symbol) [0x00007FF6605E0EE4]
	(No symbol) [0x00007FF6605E1072]
	(No symbol) [0x00007FF6605D18C4]
	BaseThreadInitThunk [0x00007FFA24B4257D+29]
	RtlUserThreadStart [0x00007FFA2654AA48+40]
"><![CDATA[Traceback (most recent call last):
  File "c:\Users\luist\repos\Automatizaciones-SILOHUB-\Precio_Fijacion.py", line 169, in tearDown
    self.driver.close()
  File "C:\Users\luist\AppData\Roaming\Python\Python310\site-packages\selenium\webdriver\remote\webdriver.py", line 459, in close
    self.execute(Command.CLOSE)
  File "C:\Users\luist\AppData\Roaming\Python\Python310\site-packages\selenium\webdriver\remote\webdriver.py", line 348, in execute
    self.error_handler.check_response(response)
  File "C:\Users\luist\AppData\Roaming\Python\Python310\site-packages\selenium\webdriver\remote\errorhandler.py", line 229, in check_response
    raise exception_class(message, screen, stacktrace)
selenium.common.exceptions.NoSuchWindowException: Message: no such window: target window already closed
from unknown error: web view not found
  (Session info: chrome=124.0.6367.202)
Stacktrace:
	GetHandleVerifier [0x00007FF660661522+60802]
	(No symbol) [0x00007FF6605DAC22]
	(No symbol) [0x00007FF660497CE4]
	(No symbol) [0x00007FF66046DFDF]
	(No symbol) [0x00007FF660511E57]
	(No symbol) [0x00007FF660518FD2]
	(No symbol) [0x00007FF66050AB40]
	(No symbol) [0x00007FF6604D8FEC]
	(No symbol) [0x00007FF6604D9C21]
	GetHandleVerifier [0x00007FF6609641BD+3217949]
	GetHandleVerifier [0x00007FF6609A6157+3488183]
	GetHandleVerifier [0x00007FF66099F0DF+3459391]
	GetHandleVerifier [0x00007FF66071B8E6+823622]
	(No symbol) [0x00007FF6605E5FBF]
	(No symbol) [0x00007FF6605E0EE4]
	(No symbol) [0x00007FF6605E1072]
	(No symbol) [0x00007FF6605D18C4]
	BaseThreadInitThunk [0x00007FFA24B4257D+29]
	RtlUserThreadStart [0x00007FFA2654AA48+40]

]]></error>
		<system-out><![CDATA[El texto encontrado es  MERCADOS
No se encontraron más movimientos para borrar.
¡Input encontrado y enviado con éxito!
Tiempo de espera agotado. El elemento no está presente o no es clickeable.
Tiempo de espera agotado. El elemento no está presente o no es clickeable.
]]></system-out>
	</testcase>
</testsuite>
