<?xml version="1.0" encoding="UTF-8"?>
<testsuite name="precio_granos_fijaciones-20240531115958" tests="1" file=".py" time="283.732" timestamp="2024-05-31T12:04:42" failures="0" errors="0" skipped="0">
	<testcase classname="precio_granos_fijaciones" name="test_price_fixings" time="283.732" timestamp="2024-05-31T12:04:42" file="Precio_Fijacion.py" line="21">
		<system-out><![CDATA[El texto encontrado es  MERCADOS
Se hizo clic en un icono de borrar.
No se encontraron más movimientos para borrar.
¡Input encontrado y enviado con éxito!
¡Elemento encontrado y clickeado 7 veces con éxito!
¡Input encontrado y enviado con éxito!
Número obtenido desde la función: 4801
Ha ocurrido un error al obtener o clicar en el elemento: Message: no such element: Unable to locate element: {"method":"xpath","selector":"(//svg[@id='Grupo_10473'])[2]"}
  (Session info: chrome=125.0.6422.113); For documentation on this error, please visit: https://www.selenium.dev/documentation/webdriver/troubleshooting/errors#no-such-element-exception
Stacktrace:
	GetHandleVerifier [0x00007FF752621F52+60322]
	(No symbol) [0x00007FF75259CEC9]
	(No symbol) [0x00007FF752457EBA]
	(No symbol) [0x00007FF7524A7676]
	(No symbol) [0x00007FF7524A773C]
	(No symbol) [0x00007FF75249AEEC]
	(No symbol) [0x00007FF7524CC25F]
	(No symbol) [0x00007FF75249ADB6]
	(No symbol) [0x00007FF7524CC430]
	(No symbol) [0x00007FF7524EBC80]
	(No symbol) [0x00007FF7524CBFC3]
	(No symbol) [0x00007FF752499617]
	(No symbol) [0x00007FF75249A211]
	GetHandleVerifier [0x00007FF7529394AD+3301629]
	GetHandleVerifier [0x00007FF7529836D3+3605283]
	GetHandleVerifier [0x00007FF752979450+3563680]
	GetHandleVerifier [0x00007FF7526D4326+790390]
	(No symbol) [0x00007FF7525A750F]
	(No symbol) [0x00007FF7525A3404]
	(No symbol) [0x00007FF7525A3592]
	(No symbol) [0x00007FF752592F9F]
	BaseThreadInitThunk [0x00007FF89C91257D+29]
	RtlUserThreadStart [0x00007FF89EBCAA48+40]

Tiempo de espera agotado. El elemento no está presente o no es clickeable.
Tiempo de espera agotado. El elemento no está presente o no es clickeable.
Tiempo de espera agotado. El chevron no están presentes o no son clickeables.
Tiempo de espera agotado. El input no está presente o no es clickeable.
Tiempo de espera agotado. El elemento no está presente o no es clickeable.
]]></system-out>
	</testcase>
</testsuite>
