<?xml version="1.0" encoding="UTF-8"?>
<testsuite name="precio_granos_fijaciones-20240515170244" tests="2" file=".py" time="97.101" timestamp="2024-05-15T17:04:21" failures="0" errors="2" skipped="0">
	<testcase classname="precio_granos_fijaciones" name="test_price_fixings" time="0.000" timestamp="0001-01-01T00:00:00" file="Precio_Fijacion.py" line="21">
		<error type="AttributeError" message="'NoneType' object has no attribute 'is_displayed'"><![CDATA[Traceback (most recent call last):
  File "c:\Users\luist\repos\Automatizaciones-SILOHUB-\Precio_Fijacion.py", line 157, in test_price_fixings
    select_option_click(self.driver, select_number_contract, option_number_contract )
  File "c:\Users\luist\repos\Automatizaciones-SILOHUB-\Elements.py", line 924, in select_option_click
    xpath_chevron = WebDriverWait(driver, 10).until(
  File "C:\Users\luist\AppData\Roaming\Python\Python310\site-packages\selenium\webdriver\support\wait.py", line 96, in until
    value = method(self._driver)
  File "C:\Users\luist\AppData\Roaming\Python\Python310\site-packages\selenium\webdriver\support\expected_conditions.py", line 364, in _predicate
    element = visibility_of(target)(driver)
  File "C:\Users\luist\AppData\Roaming\Python\Python310\site-packages\selenium\webdriver\support\expected_conditions.py", line 173, in _predicate
    return _element_if_visible(element)
  File "C:\Users\luist\AppData\Roaming\Python\Python310\site-packages\selenium\webdriver\support\expected_conditions.py", line 179, in _element_if_visible
    return element if element.is_displayed() == visibility else False
AttributeError: 'NoneType' object has no attribute 'is_displayed'
]]></error>
		<system-out><![CDATA[El texto encontrado es  MERCADOS
Se hizo clic en un icono de borrar.
No se encontraron más movimientos para borrar.
¡Input encontrado y enviado con éxito!
¡Elemento encontrado y clickeado 7 veces con éxito!
¡Input encontrado y enviado con éxito!
Se hizo clic en otro elemento porque el número 1 está presente.
¡Cuenta encontrada y seleccionada 484  con éxito!
]]></system-out>
	</testcase>
	<testcase classname="precio_granos_fijaciones" name="test_price_fixings" time="97.101" timestamp="2024-05-15T17:04:21" file="Precio_Fijacion.py" line="21">
		<error type="WebDriverException" message="Message: disconnected: Unable to receive message from renderer
  (failed to check if window was closed: disconnected: not connected to DevTools)
  (Session info: chrome=124.0.6367.202)
Stacktrace:
	GetHandleVerifier [0x00007FF637CC1522+60802]
	(No symbol) [0x00007FF637C3AC22]
	(No symbol) [0x00007FF637AF7CE4]
	(No symbol) [0x00007FF637AE0FE1]
	(No symbol) [0x00007FF637ADEBE4]
	(No symbol) [0x00007FF637ADF3FF]
	(No symbol) [0x00007FF637AF82DD]
	(No symbol) [0x00007FF637ACDACC]
	(No symbol) [0x00007FF637B78F74]
	(No symbol) [0x00007FF637B6AB40]
	(No symbol) [0x00007FF637B38FEC]
	(No symbol) [0x00007FF637B39C21]
	GetHandleVerifier [0x00007FF637FC41BD+3217949]
	GetHandleVerifier [0x00007FF638006157+3488183]
	GetHandleVerifier [0x00007FF637FFF0DF+3459391]
	GetHandleVerifier [0x00007FF637D7B8E6+823622]
	(No symbol) [0x00007FF637C45FBF]
	(No symbol) [0x00007FF637C40EE4]
	(No symbol) [0x00007FF637C41072]
	(No symbol) [0x00007FF637C318C4]
	BaseThreadInitThunk [0x00007FFA24B4257D+29]
	RtlUserThreadStart [0x00007FFA2654AA48+40]
"><![CDATA[Traceback (most recent call last):
  File "c:\Users\luist\repos\Automatizaciones-SILOHUB-\Precio_Fijacion.py", line 174, in tearDown
    self.driver.close()
  File "C:\Users\luist\AppData\Roaming\Python\Python310\site-packages\selenium\webdriver\remote\webdriver.py", line 459, in close
    self.execute(Command.CLOSE)
  File "C:\Users\luist\AppData\Roaming\Python\Python310\site-packages\selenium\webdriver\remote\webdriver.py", line 348, in execute
    self.error_handler.check_response(response)
  File "C:\Users\luist\AppData\Roaming\Python\Python310\site-packages\selenium\webdriver\remote\errorhandler.py", line 229, in check_response
    raise exception_class(message, screen, stacktrace)
selenium.common.exceptions.WebDriverException: Message: disconnected: Unable to receive message from renderer
  (failed to check if window was closed: disconnected: not connected to DevTools)
  (Session info: chrome=124.0.6367.202)
Stacktrace:
	GetHandleVerifier [0x00007FF637CC1522+60802]
	(No symbol) [0x00007FF637C3AC22]
	(No symbol) [0x00007FF637AF7CE4]
	(No symbol) [0x00007FF637AE0FE1]
	(No symbol) [0x00007FF637ADEBE4]
	(No symbol) [0x00007FF637ADF3FF]
	(No symbol) [0x00007FF637AF82DD]
	(No symbol) [0x00007FF637ACDACC]
	(No symbol) [0x00007FF637B78F74]
	(No symbol) [0x00007FF637B6AB40]
	(No symbol) [0x00007FF637B38FEC]
	(No symbol) [0x00007FF637B39C21]
	GetHandleVerifier [0x00007FF637FC41BD+3217949]
	GetHandleVerifier [0x00007FF638006157+3488183]
	GetHandleVerifier [0x00007FF637FFF0DF+3459391]
	GetHandleVerifier [0x00007FF637D7B8E6+823622]
	(No symbol) [0x00007FF637C45FBF]
	(No symbol) [0x00007FF637C40EE4]
	(No symbol) [0x00007FF637C41072]
	(No symbol) [0x00007FF637C318C4]
	BaseThreadInitThunk [0x00007FFA24B4257D+29]
	RtlUserThreadStart [0x00007FFA2654AA48+40]

]]></error>
		<system-out><![CDATA[El texto encontrado es  MERCADOS
Se hizo clic en un icono de borrar.
No se encontraron más movimientos para borrar.
¡Input encontrado y enviado con éxito!
¡Elemento encontrado y clickeado 7 veces con éxito!
¡Input encontrado y enviado con éxito!
Se hizo clic en otro elemento porque el número 1 está presente.
¡Cuenta encontrada y seleccionada 484  con éxito!
]]></system-out>
	</testcase>
</testsuite>
