<?xml version="1.0" encoding="UTF-8"?>
<testsuite name="precio_granos_fijaciones-20240530122447" tests="1" file=".py" time="124.387" timestamp="2024-05-30T12:26:52" failures="0" errors="1" skipped="0">
	<testcase classname="precio_granos_fijaciones" name="test_price_fixings" time="124.387" timestamp="2024-05-30T12:26:52" file="Precio_Fijacion.py" line="21">
		<error type="JavascriptException" message="Message: javascript error: {&quot;status&quot;:32,&quot;value&quot;:&quot;An invalid or illegal selector was specified&quot;}
  (Session info: chrome=125.0.6422.113)
Stacktrace:
	GetHandleVerifier [0x00007FF78F6C1F22+60322]
	(No symbol) [0x00007FF78F63CE99]
	(No symbol) [0x00007FF78F4F7EBA]
	(No symbol) [0x00007FF78F4FDCEE]
	(No symbol) [0x00007FF78F500641]
	(No symbol) [0x00007FF78F5006E0]
	(No symbol) [0x00007FF78F54733B]
	(No symbol) [0x00007FF78F54773C]
	(No symbol) [0x00007FF78F58E967]
	(No symbol) [0x00007FF78F56C25F]
	(No symbol) [0x00007FF78F58BC80]
	(No symbol) [0x00007FF78F56BFC3]
	(No symbol) [0x00007FF78F539617]
	(No symbol) [0x00007FF78F53A211]
	GetHandleVerifier [0x00007FF78F9D946D+3301613]
	GetHandleVerifier [0x00007FF78FA23693+3605267]
	GetHandleVerifier [0x00007FF78FA19410+3563664]
	GetHandleVerifier [0x00007FF78F7742F6+790390]
	(No symbol) [0x00007FF78F6474DF]
	(No symbol) [0x00007FF78F6433D4]
	(No symbol) [0x00007FF78F643562]
	(No symbol) [0x00007FF78F632F6F]
	BaseThreadInitThunk [0x00007FF89C91257D+29]
	RtlUserThreadStart [0x00007FF89EBCAA48+40]
"><![CDATA[Traceback (most recent call last):
  File "c:\Users\luist\repos\Automatizaciones-SILOHUB-\Precio_Fijacion.py", line 142, in test_price_fixings
    find_elements_css_selector(self.driver,button_hand)
  File "c:\Users\luist\repos\Automatizaciones-SILOHUB-\Elements.py", line 29, in find_elements_css_selector
    select_nex_button = WebDriverWait(driver, 10).until(
  File "C:\Users\luist\AppData\Roaming\Python\Python310\site-packages\selenium\webdriver\support\wait.py", line 96, in until
    value = method(self._driver)
  File "C:\Users\luist\AppData\Roaming\Python\Python310\site-packages\selenium\webdriver\support\expected_conditions.py", line 363, in _predicate
    target = driver.find_element(*target)  # grab element at locator
  File "C:\Users\luist\AppData\Roaming\Python\Python310\site-packages\selenium\webdriver\remote\webdriver.py", line 742, in find_element
    return self.execute(Command.FIND_ELEMENT, {"using": by, "value": value})["value"]
  File "C:\Users\luist\AppData\Roaming\Python\Python310\site-packages\selenium\webdriver\remote\webdriver.py", line 348, in execute
    self.error_handler.check_response(response)
  File "C:\Users\luist\AppData\Roaming\Python\Python310\site-packages\selenium\webdriver\remote\errorhandler.py", line 229, in check_response
    raise exception_class(message, screen, stacktrace)
selenium.common.exceptions.JavascriptException: Message: javascript error: {"status":32,"value":"An invalid or illegal selector was specified"}
  (Session info: chrome=125.0.6422.113)
Stacktrace:
	GetHandleVerifier [0x00007FF78F6C1F22+60322]
	(No symbol) [0x00007FF78F63CE99]
	(No symbol) [0x00007FF78F4F7EBA]
	(No symbol) [0x00007FF78F4FDCEE]
	(No symbol) [0x00007FF78F500641]
	(No symbol) [0x00007FF78F5006E0]
	(No symbol) [0x00007FF78F54733B]
	(No symbol) [0x00007FF78F54773C]
	(No symbol) [0x00007FF78F58E967]
	(No symbol) [0x00007FF78F56C25F]
	(No symbol) [0x00007FF78F58BC80]
	(No symbol) [0x00007FF78F56BFC3]
	(No symbol) [0x00007FF78F539617]
	(No symbol) [0x00007FF78F53A211]
	GetHandleVerifier [0x00007FF78F9D946D+3301613]
	GetHandleVerifier [0x00007FF78FA23693+3605267]
	GetHandleVerifier [0x00007FF78FA19410+3563664]
	GetHandleVerifier [0x00007FF78F7742F6+790390]
	(No symbol) [0x00007FF78F6474DF]
	(No symbol) [0x00007FF78F6433D4]
	(No symbol) [0x00007FF78F643562]
	(No symbol) [0x00007FF78F632F6F]
	BaseThreadInitThunk [0x00007FF89C91257D+29]
	RtlUserThreadStart [0x00007FF89EBCAA48+40]

]]></error>
		<system-out><![CDATA[El texto encontrado es  MERCADOS
Se hizo clic en un icono de borrar.
No se encontraron más movimientos para borrar.
¡Input encontrado y enviado con éxito!
¡Elemento encontrado y clickeado 7 veces con éxito!
¡Input encontrado y enviado con éxito!
Se produjo un error: Message: 
Stacktrace:
	GetHandleVerifier [0x00007FF78F6C1F22+60322]
	(No symbol) [0x00007FF78F63CE99]
	(No symbol) [0x00007FF78F4F7EBA]
	(No symbol) [0x00007FF78F547676]
	(No symbol) [0x00007FF78F54773C]
	(No symbol) [0x00007FF78F53AEEC]
	(No symbol) [0x00007FF78F56C25F]
	(No symbol) [0x00007FF78F53ADB6]
	(No symbol) [0x00007FF78F56C430]
	(No symbol) [0x00007FF78F58BC80]
	(No symbol) [0x00007FF78F56BFC3]
	(No symbol) [0x00007FF78F539617]
	(No symbol) [0x00007FF78F53A211]
	GetHandleVerifier [0x00007FF78F9D946D+3301613]
	GetHandleVerifier [0x00007FF78FA23693+3605267]
	GetHandleVerifier [0x00007FF78FA19410+3563664]
	GetHandleVerifier [0x00007FF78F7742F6+790390]
	(No symbol) [0x00007FF78F6474DF]
	(No symbol) [0x00007FF78F6433D4]
	(No symbol) [0x00007FF78F643562]
	(No symbol) [0x00007FF78F632F6F]
	BaseThreadInitThunk [0x00007FF89C91257D+29]
	RtlUserThreadStart [0x00007FF89EBCAA48+40]

]]></system-out>
	</testcase>
</testsuite>
