<?xml version="1.0" encoding="UTF-8"?>
<testsuite name="precio_granos_fijaciones-20240531104009" tests="1" file=".py" time="283.750" timestamp="2024-05-31T10:44:53" failures="0" errors="0" skipped="0">
	<testcase classname="precio_granos_fijaciones" name="test_price_fixings" time="283.750" timestamp="2024-05-31T10:44:53" file="Precio_Fijacion.py" line="21">
		<system-out><![CDATA[El texto encontrado es  MERCADOS
Se hizo clic en un icono de borrar.
Se hizo clic en un icono de borrar.
No se encontraron más movimientos para borrar.
¡Input encontrado y enviado con éxito!
¡Elemento encontrado y clickeado 7 veces con éxito!
¡Input encontrado y enviado con éxito!
Número obtenido: 1826
Ha ocurrido un error al obtener o clicar en el elemento: Message: no such element: Unable to locate element: {"method":"xpath","selector":"following-sibling::*[2]"}
  (Session info: chrome=125.0.6422.113); For documentation on this error, please visit: https://www.selenium.dev/documentation/webdriver/troubleshooting/errors#no-such-element-exception
Stacktrace:
	GetHandleVerifier [0x00007FF6DBF91F52+60322]
	(No symbol) [0x00007FF6DBF0CEC9]
	(No symbol) [0x00007FF6DBDC7EBA]
	(No symbol) [0x00007FF6DBE17676]
	(No symbol) [0x00007FF6DBE1773C]
	(No symbol) [0x00007FF6DBE0AEEC]
	(No symbol) [0x00007FF6DBE3C25F]
	(No symbol) [0x00007FF6DBE0ADB6]
	(No symbol) [0x00007FF6DBE3C430]
	(No symbol) [0x00007FF6DBE5BC80]
	(No symbol) [0x00007FF6DBE3BFC3]
	(No symbol) [0x00007FF6DBE09617]
	(No symbol) [0x00007FF6DBE0A211]
	GetHandleVerifier [0x00007FF6DC2A94AD+3301629]
	GetHandleVerifier [0x00007FF6DC2F36D3+3605283]
	GetHandleVerifier [0x00007FF6DC2E9450+3563680]
	GetHandleVerifier [0x00007FF6DC044326+790390]
	(No symbol) [0x00007FF6DBF1750F]
	(No symbol) [0x00007FF6DBF13404]
	(No symbol) [0x00007FF6DBF13592]
	(No symbol) [0x00007FF6DBF02F9F]
	BaseThreadInitThunk [0x00007FF89C91257D+29]
	RtlUserThreadStart [0x00007FF89EBCAA48+40]

Tiempo de espera agotado. El elemento no está presente o no es clickeable.
Tiempo de espera agotado. El elemento no está presente o no es clickeable.
Tiempo de espera agotado. El chevron no están presentes o no son clickeables.
Tiempo de espera agotado. El input no está presente o no es clickeable.
Tiempo de espera agotado. El elemento no está presente o no es clickeable.
]]></system-out>
	</testcase>
</testsuite>
