<?xml version="1.0" encoding="UTF-8"?>
<testsuite name="precio_granos_fijaciones-20240515131116" tests="1" file=".py" time="202.470" timestamp="2024-05-15T13:14:38" failures="0" errors="1" skipped="0">
	<testcase classname="precio_granos_fijaciones" name="test_price_fixings" time="202.470" timestamp="2024-05-15T13:14:38" file="Precio_Fijacion.py" line="21">
		<error type="ElementClickInterceptedException" message="Message: element click intercepted: Element &lt;span _ngcontent-stj-c141=&quot;&quot;&gt;...&lt;/span&gt; is not clickable at point (69, 131). Other element would receive the click: &lt;div class=&quot;swal2-container swal2-center swal2-backdrop-show&quot; style=&quot;overflow-y: auto;&quot;&gt;...&lt;/div&gt;
  (Session info: chrome=124.0.6367.202)
Stacktrace:
	GetHandleVerifier [0x00007FF660661522+60802]
	(No symbol) [0x00007FF6605DAC22]
	(No symbol) [0x00007FF660497CE4]
	(No symbol) [0x00007FF6604EE877]
	(No symbol) [0x00007FF6604EC344]
	(No symbol) [0x00007FF6604E980A]
	(No symbol) [0x00007FF6604E89E2]
	(No symbol) [0x00007FF6604DAE8B]
	(No symbol) [0x00007FF66050AB7A]
	(No symbol) [0x00007FF6604DA7C6]
	(No symbol) [0x00007FF66050AD90]
	(No symbol) [0x00007FF66052A224]
	(No symbol) [0x00007FF66050A923]
	(No symbol) [0x00007FF6604D8FEC]
	(No symbol) [0x00007FF6604D9C21]
	GetHandleVerifier [0x00007FF6609641BD+3217949]
	GetHandleVerifier [0x00007FF6609A6157+3488183]
	GetHandleVerifier [0x00007FF66099F0DF+3459391]
	GetHandleVerifier [0x00007FF66071B8E6+823622]
	(No symbol) [0x00007FF6605E5FBF]
	(No symbol) [0x00007FF6605E0EE4]
	(No symbol) [0x00007FF6605E1072]
	(No symbol) [0x00007FF6605D18C4]
	BaseThreadInitThunk [0x00007FFA24B4257D+29]
	RtlUserThreadStart [0x00007FFA2654AA48+40]
"><![CDATA[Traceback (most recent call last):
  File "c:\Users\luist\repos\Automatizaciones-SILOHUB-\Precio_Fijacion.py", line 127, in test_price_fixings
    find_elements(self.driver, select_menu)
  File "c:\Users\luist\repos\Automatizaciones-SILOHUB-\Elements.py", line 22, in find_elements
    select_nex_button.click()
  File "C:\Users\luist\AppData\Roaming\Python\Python310\site-packages\selenium\webdriver\remote\webelement.py", line 94, in click
    self._execute(Command.CLICK_ELEMENT)
  File "C:\Users\luist\AppData\Roaming\Python\Python310\site-packages\selenium\webdriver\remote\webelement.py", line 395, in _execute
    return self._parent.execute(command, params)
  File "C:\Users\luist\AppData\Roaming\Python\Python310\site-packages\selenium\webdriver\remote\webdriver.py", line 348, in execute
    self.error_handler.check_response(response)
  File "C:\Users\luist\AppData\Roaming\Python\Python310\site-packages\selenium\webdriver\remote\errorhandler.py", line 229, in check_response
    raise exception_class(message, screen, stacktrace)
selenium.common.exceptions.ElementClickInterceptedException: Message: element click intercepted: Element <span _ngcontent-stj-c141="">...</span> is not clickable at point (69, 131). Other element would receive the click: <div class="swal2-container swal2-center swal2-backdrop-show" style="overflow-y: auto;">...</div>
  (Session info: chrome=124.0.6367.202)
Stacktrace:
	GetHandleVerifier [0x00007FF660661522+60802]
	(No symbol) [0x00007FF6605DAC22]
	(No symbol) [0x00007FF660497CE4]
	(No symbol) [0x00007FF6604EE877]
	(No symbol) [0x00007FF6604EC344]
	(No symbol) [0x00007FF6604E980A]
	(No symbol) [0x00007FF6604E89E2]
	(No symbol) [0x00007FF6604DAE8B]
	(No symbol) [0x00007FF66050AB7A]
	(No symbol) [0x00007FF6604DA7C6]
	(No symbol) [0x00007FF66050AD90]
	(No symbol) [0x00007FF66052A224]
	(No symbol) [0x00007FF66050A923]
	(No symbol) [0x00007FF6604D8FEC]
	(No symbol) [0x00007FF6604D9C21]
	GetHandleVerifier [0x00007FF6609641BD+3217949]
	GetHandleVerifier [0x00007FF6609A6157+3488183]
	GetHandleVerifier [0x00007FF66099F0DF+3459391]
	GetHandleVerifier [0x00007FF66071B8E6+823622]
	(No symbol) [0x00007FF6605E5FBF]
	(No symbol) [0x00007FF6605E0EE4]
	(No symbol) [0x00007FF6605E1072]
	(No symbol) [0x00007FF6605D18C4]
	BaseThreadInitThunk [0x00007FFA24B4257D+29]
	RtlUserThreadStart [0x00007FFA2654AA48+40]

]]></error>
		<system-out><![CDATA[El texto encontrado es  MERCADOS
Se hizo clic en un icono de borrar.
No se encontraron más movimientos para borrar.
¡Input encontrado y enviado con éxito!
Tiempo de espera agotado. El elemento no está presente o no es visible.
Tiempo de espera agotado. El elemento no está presente o no es clickeable.
¡Input encontrado y enviado con éxito!
Tiempo de espera agotado. El elemento no está presente o no es clickeable.
Tiempo de espera agotado. El elemento no está presente o no es clickeable.
]]></system-out>
	</testcase>
</testsuite>
