<?xml version="1.0" encoding="UTF-8"?>
<testsuite name="precio_granos_fijaciones-20240531113135" tests="1" file=".py" time="255.729" timestamp="2024-05-31T11:35:50" failures="0" errors="0" skipped="0">
	<testcase classname="precio_granos_fijaciones" name="test_price_fixings" time="255.729" timestamp="2024-05-31T11:35:50" file="Precio_Fijacion.py" line="21">
		<system-out><![CDATA[El texto encontrado es  MERCADOS
Se hizo clic en un icono de borrar.
No se encontraron más movimientos para borrar.
¡Input encontrado y enviado con éxito!
¡Elemento encontrado y clickeado 7 veces con éxito!
¡Input encontrado y enviado con éxito!
Número obtenido: 2190
Número obtenido: 2190
Ha ocurrido un error al obtener o clicar en el elemento: Message: javascript error: {"status":32,"value":"Unable to locate an element with the xpath expression ./siguiente-sibling::*[2] because of the following error:\nSyntaxError: Failed to execute 'evaluate' on 'Document': The string './siguiente-sibling::*[2]' is not a valid XPath expression."}
  (Session info: chrome=125.0.6422.113)
Stacktrace:
	GetHandleVerifier [0x00007FF7BABE1F52+60322]
	(No symbol) [0x00007FF7BAB5CEC9]
	(No symbol) [0x00007FF7BAA17EBA]
	(No symbol) [0x00007FF7BAA1DCEE]
	(No symbol) [0x00007FF7BAA20641]
	(No symbol) [0x00007FF7BAA206E0]
	(No symbol) [0x00007FF7BAA6733B]
	(No symbol) [0x00007FF7BAA6773C]
	(No symbol) [0x00007FF7BAA5AEEC]
	(No symbol) [0x00007FF7BAA8C25F]
	(No symbol) [0x00007FF7BAA5ADB6]
	(No symbol) [0x00007FF7BAA8C430]
	(No symbol) [0x00007FF7BAAABC80]
	(No symbol) [0x00007FF7BAA8BFC3]
	(No symbol) [0x00007FF7BAA59617]
	(No symbol) [0x00007FF7BAA5A211]
	GetHandleVerifier [0x00007FF7BAEF94AD+3301629]
	GetHandleVerifier [0x00007FF7BAF436D3+3605283]
	GetHandleVerifier [0x00007FF7BAF39450+3563680]
	GetHandleVerifier [0x00007FF7BAC94326+790390]
	(No symbol) [0x00007FF7BAB6750F]
	(No symbol) [0x00007FF7BAB63404]
	(No symbol) [0x00007FF7BAB63592]
	(No symbol) [0x00007FF7BAB52F9F]
	BaseThreadInitThunk [0x00007FF89C91257D+29]
	RtlUserThreadStart [0x00007FF89EBCAA48+40]

Tiempo de espera agotado. El elemento no está presente o no es clickeable.
Tiempo de espera agotado. El elemento no está presente o no es clickeable.
Tiempo de espera agotado. El chevron no están presentes o no son clickeables.
Tiempo de espera agotado. El input no está presente o no es clickeable.
Tiempo de espera agotado. El elemento no está presente o no es clickeable.
]]></system-out>
	</testcase>
</testsuite>
