<?xml version="1.0" encoding="UTF-8"?>
<testsuite name="precio_granos_fijaciones-20240517195329" tests="1" file=".py" time="19.695" timestamp="2024-05-17T19:53:49" failures="0" errors="1" skipped="0">
	<testcase classname="precio_granos_fijaciones" name="test_price_fixings" time="19.695" timestamp="2024-05-17T19:53:49" file="Precio_Fijacion.py" line="21">
		<error type="ElementClickInterceptedException" message="Message: element click intercepted: Element is not clickable at point (1471, 1062)
  (Session info: chrome=125.0.6422.60)
Stacktrace:
	GetHandleVerifier [0x00007FF6512C22C2+60002]
	(No symbol) [0x00007FF65123CA59]
	(No symbol) [0x00007FF6510F7EDA]
	(No symbol) [0x00007FF65114F39E]
	(No symbol) [0x00007FF65114CD62]
	(No symbol) [0x00007FF65114A1FB]
	(No symbol) [0x00007FF6511493C6]
	(No symbol) [0x00007FF65113B4D1]
	(No symbol) [0x00007FF65116C28A]
	(No symbol) [0x00007FF65113ADF6]
	(No symbol) [0x00007FF65116C4A0]
	(No symbol) [0x00007FF65118BCC7]
	(No symbol) [0x00007FF65116C033]
	(No symbol) [0x00007FF651139657]
	(No symbol) [0x00007FF65113A251]
	GetHandleVerifier [0x00007FF6515D3E2D+3278285]
	GetHandleVerifier [0x00007FF651620190+3590448]
	GetHandleVerifier [0x00007FF6516161D0+3549552]
	GetHandleVerifier [0x00007FF651371DE6+779654]
	(No symbol) [0x00007FF651247ACF]
	(No symbol) [0x00007FF651242EE4]
	(No symbol) [0x00007FF651243072]
	(No symbol) [0x00007FF651232C4F]
	BaseThreadInitThunk [0x00007FFAAEB4257D+29]
	RtlUserThreadStart [0x00007FFAAFA8AA48+40]
"><![CDATA[Traceback (most recent call last):
  File "c:\Users\luist\repos\Automatizaciones-SILOHUB-\Precio_Fijacion.py", line 46, in test_price_fixings
    click_icon_delete(self.driver, delete_price_grain)
  File "c:\Users\luist\repos\Automatizaciones-SILOHUB-\Elements.py", line 1315, in click_icon_delete
    icono_borrar.click()
  File "C:\Users\luist\AppData\Roaming\Python\Python310\site-packages\selenium\webdriver\remote\webelement.py", line 94, in click
    self._execute(Command.CLICK_ELEMENT)
  File "C:\Users\luist\AppData\Roaming\Python\Python310\site-packages\selenium\webdriver\remote\webelement.py", line 395, in _execute
    return self._parent.execute(command, params)
  File "C:\Users\luist\AppData\Roaming\Python\Python310\site-packages\selenium\webdriver\remote\webdriver.py", line 348, in execute
    self.error_handler.check_response(response)
  File "C:\Users\luist\AppData\Roaming\Python\Python310\site-packages\selenium\webdriver\remote\errorhandler.py", line 229, in check_response
    raise exception_class(message, screen, stacktrace)
selenium.common.exceptions.ElementClickInterceptedException: Message: element click intercepted: Element is not clickable at point (1471, 1062)
  (Session info: chrome=125.0.6422.60)
Stacktrace:
	GetHandleVerifier [0x00007FF6512C22C2+60002]
	(No symbol) [0x00007FF65123CA59]
	(No symbol) [0x00007FF6510F7EDA]
	(No symbol) [0x00007FF65114F39E]
	(No symbol) [0x00007FF65114CD62]
	(No symbol) [0x00007FF65114A1FB]
	(No symbol) [0x00007FF6511493C6]
	(No symbol) [0x00007FF65113B4D1]
	(No symbol) [0x00007FF65116C28A]
	(No symbol) [0x00007FF65113ADF6]
	(No symbol) [0x00007FF65116C4A0]
	(No symbol) [0x00007FF65118BCC7]
	(No symbol) [0x00007FF65116C033]
	(No symbol) [0x00007FF651139657]
	(No symbol) [0x00007FF65113A251]
	GetHandleVerifier [0x00007FF6515D3E2D+3278285]
	GetHandleVerifier [0x00007FF651620190+3590448]
	GetHandleVerifier [0x00007FF6516161D0+3549552]
	GetHandleVerifier [0x00007FF651371DE6+779654]
	(No symbol) [0x00007FF651247ACF]
	(No symbol) [0x00007FF651242EE4]
	(No symbol) [0x00007FF651243072]
	(No symbol) [0x00007FF651232C4F]
	BaseThreadInitThunk [0x00007FFAAEB4257D+29]
	RtlUserThreadStart [0x00007FFAAFA8AA48+40]

]]></error>
		<system-out><![CDATA[El texto encontrado es  MERCADOS
]]></system-out>
	</testcase>
</testsuite>
