<?xml version="1.0" encoding="UTF-8"?>
<testsuite name="precio_granos_fijaciones-20240517193545" tests="1" file=".py" time="121.596" timestamp="2024-05-17T19:37:47" failures="0" errors="1" skipped="0">
	<testcase classname="precio_granos_fijaciones" name="test_price_fixings" time="121.596" timestamp="2024-05-17T19:37:47" file="Precio_Fijacion.py" line="21">
		<error type="TimeoutException" message="Message: 
Stacktrace:
	GetHandleVerifier [0x00007FF6512C22C2+60002]
	(No symbol) [0x00007FF65123CA59]
	(No symbol) [0x00007FF6510F7EDA]
	(No symbol) [0x00007FF6511476E6]
	(No symbol) [0x00007FF6511477AC]
	(No symbol) [0x00007FF65118E9D7]
	(No symbol) [0x00007FF65116C2CF]
	(No symbol) [0x00007FF65118BCC7]
	(No symbol) [0x00007FF65116C033]
	(No symbol) [0x00007FF651139657]
	(No symbol) [0x00007FF65113A251]
	GetHandleVerifier [0x00007FF6515D3E2D+3278285]
	GetHandleVerifier [0x00007FF651620190+3590448]
	GetHandleVerifier [0x00007FF6516161D0+3549552]
	GetHandleVerifier [0x00007FF651371DE6+779654]
	(No symbol) [0x00007FF651247ACF]
	(No symbol) [0x00007FF651242EE4]
	(No symbol) [0x00007FF651243072]
	(No symbol) [0x00007FF651232C4F]
	BaseThreadInitThunk [0x00007FFAAEB4257D+29]
	RtlUserThreadStart [0x00007FFAAFA8AA48+40]
"><![CDATA[Traceback (most recent call last):
  File "c:\Users\luist\repos\Automatizaciones-SILOHUB-\Precio_Fijacion.py", line 142, in test_price_fixings
    verify_and_click(self.driver, number_generate)
  File "c:\Users\luist\repos\Automatizaciones-SILOHUB-\Elements.py", line 1528, in verify_and_click
    next_element = WebDriverWait(driver, 20).until(
  File "C:\Users\luist\AppData\Roaming\Python\Python310\site-packages\selenium\webdriver\support\wait.py", line 105, in until
    raise TimeoutException(message, screen, stacktrace)
selenium.common.exceptions.TimeoutException: Message: 
Stacktrace:
	GetHandleVerifier [0x00007FF6512C22C2+60002]
	(No symbol) [0x00007FF65123CA59]
	(No symbol) [0x00007FF6510F7EDA]
	(No symbol) [0x00007FF6511476E6]
	(No symbol) [0x00007FF6511477AC]
	(No symbol) [0x00007FF65118E9D7]
	(No symbol) [0x00007FF65116C2CF]
	(No symbol) [0x00007FF65118BCC7]
	(No symbol) [0x00007FF65116C033]
	(No symbol) [0x00007FF651139657]
	(No symbol) [0x00007FF65113A251]
	GetHandleVerifier [0x00007FF6515D3E2D+3278285]
	GetHandleVerifier [0x00007FF651620190+3590448]
	GetHandleVerifier [0x00007FF6516161D0+3549552]
	GetHandleVerifier [0x00007FF651371DE6+779654]
	(No symbol) [0x00007FF651247ACF]
	(No symbol) [0x00007FF651242EE4]
	(No symbol) [0x00007FF651243072]
	(No symbol) [0x00007FF651232C4F]
	BaseThreadInitThunk [0x00007FFAAEB4257D+29]
	RtlUserThreadStart [0x00007FFAAFA8AA48+40]

]]></error>
		<system-out><![CDATA[El texto encontrado es  MERCADOS
Se hizo clic en un icono de borrar.
No se encontraron más movimientos para borrar.
¡Input encontrado y enviado con éxito!
¡Elemento encontrado y clickeado 7 veces con éxito!
¡Input encontrado y enviado con éxito!
Buscando el número: 4155
Elemento localizado para el número: 4155
]]></system-out>
	</testcase>
</testsuite>
