<?xml version="1.0" encoding="UTF-8"?>
<testsuite name="precio_granos_fijaciones-20240531105306" tests="1" file=".py" time="285.445" timestamp="2024-05-31T10:57:51" failures="0" errors="0" skipped="0">
	<testcase classname="precio_granos_fijaciones" name="test_price_fixings" time="285.445" timestamp="2024-05-31T10:57:51" file="Precio_Fijacion.py" line="21">
		<system-out><![CDATA[El texto encontrado es  MERCADOS
Se hizo clic en un icono de borrar.
No se encontraron más movimientos para borrar.
¡Input encontrado y enviado con éxito!
¡Elemento encontrado y clickeado 7 veces con éxito!
¡Input encontrado y enviado con éxito!
Número obtenido: 7091
Ha ocurrido un error al obtener o clicar en el elemento: Message: no such element: Unable to locate element: {"method":"xpath","selector":"./ancestor::tr"}
  (Session info: chrome=125.0.6422.113); For documentation on this error, please visit: https://www.selenium.dev/documentation/webdriver/troubleshooting/errors#no-such-element-exception
Stacktrace:
	GetHandleVerifier [0x00007FF6075F1F52+60322]
	(No symbol) [0x00007FF60756CEC9]
	(No symbol) [0x00007FF607427EBA]
	(No symbol) [0x00007FF607477676]
	(No symbol) [0x00007FF60747773C]
	(No symbol) [0x00007FF60746AEEC]
	(No symbol) [0x00007FF60749C25F]
	(No symbol) [0x00007FF60746ADB6]
	(No symbol) [0x00007FF60749C430]
	(No symbol) [0x00007FF6074BBC80]
	(No symbol) [0x00007FF60749BFC3]
	(No symbol) [0x00007FF607469617]
	(No symbol) [0x00007FF60746A211]
	GetHandleVerifier [0x00007FF6079094AD+3301629]
	GetHandleVerifier [0x00007FF6079536D3+3605283]
	GetHandleVerifier [0x00007FF607949450+3563680]
	GetHandleVerifier [0x00007FF6076A4326+790390]
	(No symbol) [0x00007FF60757750F]
	(No symbol) [0x00007FF607573404]
	(No symbol) [0x00007FF607573592]
	(No symbol) [0x00007FF607562F9F]
	BaseThreadInitThunk [0x00007FF89C91257D+29]
	RtlUserThreadStart [0x00007FF89EBCAA48+40]

Tiempo de espera agotado. El elemento no está presente o no es clickeable.
Tiempo de espera agotado. El elemento no está presente o no es clickeable.
Tiempo de espera agotado. El chevron no están presentes o no son clickeables.
Tiempo de espera agotado. El input no está presente o no es clickeable.
Tiempo de espera agotado. El elemento no está presente o no es clickeable.
]]></system-out>
	</testcase>
</testsuite>
