<?xml version="1.0" encoding="UTF-8"?>
<testsuite name="precio_granos_fijaciones-20240521092730" tests="1" file=".py" time="282.753" timestamp="2024-05-21T09:32:13" failures="0" errors="0" skipped="0">
	<testcase classname="precio_granos_fijaciones" name="test_price_fixings" time="282.753" timestamp="2024-05-21T09:32:13" file="Precio_Fijacion.py" line="21">
		<system-out><![CDATA[El texto encontrado es  MERCADOS
Se hizo clic en un icono de borrar.
No se encontraron más movimientos para borrar.
¡Input encontrado y enviado con éxito!
¡Elemento encontrado y clickeado 7 veces con éxito!
¡Input encontrado y enviado con éxito!
Buscando el número: 1290
Elemento localizado para el número: 1290
Se produjo un error: Message: no such element: Unable to locate element: {"method":"xpath","selector":"./ancestor::div[contains(@class, 'class_del_contenedor_principal')]"}
  (Session info: chrome=125.0.6422.60); For documentation on this error, please visit: https://www.selenium.dev/documentation/webdriver/troubleshooting/errors#no-such-element-exception
Stacktrace:
	GetHandleVerifier [0x00007FF730A722C2+60002]
	(No symbol) [0x00007FF7309ECA59]
	(No symbol) [0x00007FF7308A7EDA]
	(No symbol) [0x00007FF7308F76E6]
	(No symbol) [0x00007FF7308F77AC]
	(No symbol) [0x00007FF7308EAF2C]
	(No symbol) [0x00007FF73091C2CF]
	(No symbol) [0x00007FF7308EADF6]
	(No symbol) [0x00007FF73091C4A0]
	(No symbol) [0x00007FF73093BCC7]
	(No symbol) [0x00007FF73091C033]
	(No symbol) [0x00007FF7308E9657]
	(No symbol) [0x00007FF7308EA251]
	GetHandleVerifier [0x00007FF730D83E2D+3278285]
	GetHandleVerifier [0x00007FF730DD0190+3590448]
	GetHandleVerifier [0x00007FF730DC61D0+3549552]
	GetHandleVerifier [0x00007FF730B21DE6+779654]
	(No symbol) [0x00007FF7309F7ACF]
	(No symbol) [0x00007FF7309F2EE4]
	(No symbol) [0x00007FF7309F3072]
	(No symbol) [0x00007FF7309E2C4F]
	BaseThreadInitThunk [0x00007FF993AF257D+29]
	RtlUserThreadStart [0x00007FF9943AAA48+40]

Tiempo de espera agotado. El elemento no está presente o no es clickeable.
Tiempo de espera agotado. El elemento no está presente o no es clickeable.
Tiempo de espera agotado. El chevron no están presentes o no son clickeables.
Tiempo de espera agotado. El input no está presente o no es clickeable.
Tiempo de espera agotado. El elemento no está presente o no es clickeable.
]]></system-out>
	</testcase>
</testsuite>
