<?xml version="1.0" encoding="UTF-8"?>
<testsuite name="precio_granos_fijaciones-20240909103951" tests="2" file=".py" time="160.987" timestamp="2024-09-09T10:42:32" failures="0" errors="2" skipped="0">
	<testcase classname="precio_granos_fijaciones" name="test_price_fixings" time="0.000" timestamp="0001-01-01T00:00:00" file="Precio_Fijacion.py" line="21">
		<error type="AttributeError" message="'NoneType' object has no attribute 'is_displayed'"><![CDATA[Traceback (most recent call last):
  File "c:\Users\luist\repos\Automatizaciones_M-dulos-\Precio_Fijacion.py", line 103, in test_price_fixings
    find_elements(self.driver, insert_date2)
  File "c:\Users\luist\repos\Automatizaciones_M-dulos-\Elements.py", line 19, in find_elements
    select_nex_button = WebDriverWait(driver, 10).until(
  File "C:\Users\luist\AppData\Roaming\Python\Python310\site-packages\selenium\webdriver\support\wait.py", line 96, in until
    value = method(self._driver)
  File "C:\Users\luist\AppData\Roaming\Python\Python310\site-packages\selenium\webdriver\support\expected_conditions.py", line 364, in _predicate
    element = visibility_of(target)(driver)
  File "C:\Users\luist\AppData\Roaming\Python\Python310\site-packages\selenium\webdriver\support\expected_conditions.py", line 173, in _predicate
    return _element_if_visible(element)
  File "C:\Users\luist\AppData\Roaming\Python\Python310\site-packages\selenium\webdriver\support\expected_conditions.py", line 179, in _element_if_visible
    return element if element.is_displayed() == visibility else False
AttributeError: 'NoneType' object has no attribute 'is_displayed'
]]></error>
		<system-out><![CDATA[El texto encontrado es  MERCADOS
Se hizo clic en un icono de borrar.
No se encontraron más movimientos para borrar.
No se encontraron más movimientos para borrar.
¡Input encontrado y enviado con éxito!
¡Elemento encontrado y clickeado 6 veces con éxito!
Tiempo de espera agotado. El elemento no está presente o no es clickeable.
]]></system-out>
	</testcase>
	<testcase classname="precio_granos_fijaciones" name="test_price_fixings" time="160.987" timestamp="2024-09-09T10:42:32" file="Precio_Fijacion.py" line="21">
		<error type="NoSuchWindowException" message="Message: no such window: target window already closed
from unknown error: web view not found
  (Session info: chrome=128.0.6613.120)
Stacktrace:
	GetHandleVerifier [0x00007FF66636B5D2+29090]
	(No symbol) [0x00007FF6662DE689]
	(No symbol) [0x00007FF66619B1CA]
	(No symbol) [0x00007FF66616FAF5]
	(No symbol) [0x00007FF66621E2E7]
	(No symbol) [0x00007FF6662253D8]
	(No symbol) [0x00007FF6662166B0]
	(No symbol) [0x00007FF6661E09B1]
	(No symbol) [0x00007FF6661E1B11]
	GetHandleVerifier [0x00007FF666688C5D+3295277]
	GetHandleVerifier [0x00007FF6666D4843+3605523]
	GetHandleVerifier [0x00007FF6666CA707+3564247]
	GetHandleVerifier [0x00007FF666426EB6+797318]
	(No symbol) [0x00007FF6662E980F]
	(No symbol) [0x00007FF6662E53F4]
	(No symbol) [0x00007FF6662E5580]
	(No symbol) [0x00007FF6662D4A1F]
	BaseThreadInitThunk [0x00007FF8EEFD257D+29]
	RtlUserThreadStart [0x00007FF8F08EAF28+40]
"><![CDATA[Traceback (most recent call last):
  File "c:\Users\luist\repos\Automatizaciones_M-dulos-\Precio_Fijacion.py", line 178, in tearDown
    self.driver.close()
  File "C:\Users\luist\AppData\Roaming\Python\Python310\site-packages\selenium\webdriver\remote\webdriver.py", line 465, in close
    self.execute(Command.CLOSE)
  File "C:\Users\luist\AppData\Roaming\Python\Python310\site-packages\selenium\webdriver\remote\webdriver.py", line 354, in execute
    self.error_handler.check_response(response)
  File "C:\Users\luist\AppData\Roaming\Python\Python310\site-packages\selenium\webdriver\remote\errorhandler.py", line 229, in check_response
    raise exception_class(message, screen, stacktrace)
selenium.common.exceptions.NoSuchWindowException: Message: no such window: target window already closed
from unknown error: web view not found
  (Session info: chrome=128.0.6613.120)
Stacktrace:
	GetHandleVerifier [0x00007FF66636B5D2+29090]
	(No symbol) [0x00007FF6662DE689]
	(No symbol) [0x00007FF66619B1CA]
	(No symbol) [0x00007FF66616FAF5]
	(No symbol) [0x00007FF66621E2E7]
	(No symbol) [0x00007FF6662253D8]
	(No symbol) [0x00007FF6662166B0]
	(No symbol) [0x00007FF6661E09B1]
	(No symbol) [0x00007FF6661E1B11]
	GetHandleVerifier [0x00007FF666688C5D+3295277]
	GetHandleVerifier [0x00007FF6666D4843+3605523]
	GetHandleVerifier [0x00007FF6666CA707+3564247]
	GetHandleVerifier [0x00007FF666426EB6+797318]
	(No symbol) [0x00007FF6662E980F]
	(No symbol) [0x00007FF6662E53F4]
	(No symbol) [0x00007FF6662E5580]
	(No symbol) [0x00007FF6662D4A1F]
	BaseThreadInitThunk [0x00007FF8EEFD257D+29]
	RtlUserThreadStart [0x00007FF8F08EAF28+40]

]]></error>
		<system-out><![CDATA[El texto encontrado es  MERCADOS
Se hizo clic en un icono de borrar.
No se encontraron más movimientos para borrar.
No se encontraron más movimientos para borrar.
¡Input encontrado y enviado con éxito!
¡Elemento encontrado y clickeado 6 veces con éxito!
Tiempo de espera agotado. El elemento no está presente o no es clickeable.
]]></system-out>
	</testcase>
</testsuite>
