<?xml version="1.0" encoding="UTF-8"?>
<testsuite name="precio_granos_fijaciones-20240531104754" tests="2" file=".py" time="182.357" timestamp="2024-05-31T10:50:56" failures="0" errors="2" skipped="0">
	<testcase classname="precio_granos_fijaciones" name="test_price_fixings" time="0.000" timestamp="0001-01-01T00:00:00" file="Precio_Fijacion.py" line="21">
		<error type="AttributeError" message="'NoneType' object has no attribute 'is_displayed'"><![CDATA[Traceback (most recent call last):
  File "c:\Users\luist\repos\Automatizaciones-SILOHUB-\Precio_Fijacion.py", line 154, in test_price_fixings
    find_elements(self.driver, select_account)
  File "c:\Users\luist\repos\Automatizaciones-SILOHUB-\Elements.py", line 19, in find_elements
    select_nex_button = WebDriverWait(driver, 10).until(
  File "C:\Users\luist\AppData\Roaming\Python\Python310\site-packages\selenium\webdriver\support\wait.py", line 96, in until
    value = method(self._driver)
  File "C:\Users\luist\AppData\Roaming\Python\Python310\site-packages\selenium\webdriver\support\expected_conditions.py", line 364, in _predicate
    element = visibility_of(target)(driver)
  File "C:\Users\luist\AppData\Roaming\Python\Python310\site-packages\selenium\webdriver\support\expected_conditions.py", line 173, in _predicate
    return _element_if_visible(element)
  File "C:\Users\luist\AppData\Roaming\Python\Python310\site-packages\selenium\webdriver\support\expected_conditions.py", line 179, in _element_if_visible
    return element if element.is_displayed() == visibility else False
AttributeError: 'NoneType' object has no attribute 'is_displayed'
]]></error>
		<system-out><![CDATA[El texto encontrado es  MERCADOS
Se hizo clic en un icono de borrar.
No se encontraron más movimientos para borrar.
¡Input encontrado y enviado con éxito!
¡Elemento encontrado y clickeado 7 veces con éxito!
¡Input encontrado y enviado con éxito!
Número obtenido: 5429
Ha ocurrido un error al obtener o clicar en el elemento: Message: no such element: Unable to locate element: {"method":"xpath","selector":"./ancestor::tr"}
  (Session info: chrome=125.0.6422.113); For documentation on this error, please visit: https://www.selenium.dev/documentation/webdriver/troubleshooting/errors#no-such-element-exception
Stacktrace:
	GetHandleVerifier [0x00007FF61EB11F52+60322]
	(No symbol) [0x00007FF61EA8CEC9]
	(No symbol) [0x00007FF61E947EBA]
	(No symbol) [0x00007FF61E997676]
	(No symbol) [0x00007FF61E99773C]
	(No symbol) [0x00007FF61E98AEEC]
	(No symbol) [0x00007FF61E9BC25F]
	(No symbol) [0x00007FF61E98ADB6]
	(No symbol) [0x00007FF61E9BC430]
	(No symbol) [0x00007FF61E9DBC80]
	(No symbol) [0x00007FF61E9BBFC3]
	(No symbol) [0x00007FF61E989617]
	(No symbol) [0x00007FF61E98A211]
	GetHandleVerifier [0x00007FF61EE294AD+3301629]
	GetHandleVerifier [0x00007FF61EE736D3+3605283]
	GetHandleVerifier [0x00007FF61EE69450+3563680]
	GetHandleVerifier [0x00007FF61EBC4326+790390]
	(No symbol) [0x00007FF61EA9750F]
	(No symbol) [0x00007FF61EA93404]
	(No symbol) [0x00007FF61EA93592]
	(No symbol) [0x00007FF61EA82F9F]
	BaseThreadInitThunk [0x00007FF89C91257D+29]
	RtlUserThreadStart [0x00007FF89EBCAA48+40]

Tiempo de espera agotado. El elemento no está presente o no es clickeable.
]]></system-out>
	</testcase>
	<testcase classname="precio_granos_fijaciones" name="test_price_fixings" time="182.357" timestamp="2024-05-31T10:50:56" file="Precio_Fijacion.py" line="21">
		<error type="NoSuchWindowException" message="Message: no such window: target window already closed
from unknown error: web view not found
  (Session info: chrome=125.0.6422.113)
Stacktrace:
	GetHandleVerifier [0x00007FF61EB11F52+60322]
	(No symbol) [0x00007FF61EA8CEC9]
	(No symbol) [0x00007FF61E947EBA]
	(No symbol) [0x00007FF61E91D5A5]
	(No symbol) [0x00007FF61E9C36B7]
	(No symbol) [0x00007FF61E9CA812]
	(No symbol) [0x00007FF61E9BC1E0]
	(No symbol) [0x00007FF61E989617]
	(No symbol) [0x00007FF61E98A211]
	GetHandleVerifier [0x00007FF61EE294AD+3301629]
	GetHandleVerifier [0x00007FF61EE736D3+3605283]
	GetHandleVerifier [0x00007FF61EE69450+3563680]
	GetHandleVerifier [0x00007FF61EBC4326+790390]
	(No symbol) [0x00007FF61EA9750F]
	(No symbol) [0x00007FF61EA93404]
	(No symbol) [0x00007FF61EA93592]
	(No symbol) [0x00007FF61EA82F9F]
	BaseThreadInitThunk [0x00007FF89C91257D+29]
	RtlUserThreadStart [0x00007FF89EBCAA48+40]
"><![CDATA[Traceback (most recent call last):
  File "c:\Users\luist\repos\Automatizaciones-SILOHUB-\Precio_Fijacion.py", line 176, in tearDown
    self.driver.close()
  File "C:\Users\luist\AppData\Roaming\Python\Python310\site-packages\selenium\webdriver\remote\webdriver.py", line 459, in close
    self.execute(Command.CLOSE)
  File "C:\Users\luist\AppData\Roaming\Python\Python310\site-packages\selenium\webdriver\remote\webdriver.py", line 348, in execute
    self.error_handler.check_response(response)
  File "C:\Users\luist\AppData\Roaming\Python\Python310\site-packages\selenium\webdriver\remote\errorhandler.py", line 229, in check_response
    raise exception_class(message, screen, stacktrace)
selenium.common.exceptions.NoSuchWindowException: Message: no such window: target window already closed
from unknown error: web view not found
  (Session info: chrome=125.0.6422.113)
Stacktrace:
	GetHandleVerifier [0x00007FF61EB11F52+60322]
	(No symbol) [0x00007FF61EA8CEC9]
	(No symbol) [0x00007FF61E947EBA]
	(No symbol) [0x00007FF61E91D5A5]
	(No symbol) [0x00007FF61E9C36B7]
	(No symbol) [0x00007FF61E9CA812]
	(No symbol) [0x00007FF61E9BC1E0]
	(No symbol) [0x00007FF61E989617]
	(No symbol) [0x00007FF61E98A211]
	GetHandleVerifier [0x00007FF61EE294AD+3301629]
	GetHandleVerifier [0x00007FF61EE736D3+3605283]
	GetHandleVerifier [0x00007FF61EE69450+3563680]
	GetHandleVerifier [0x00007FF61EBC4326+790390]
	(No symbol) [0x00007FF61EA9750F]
	(No symbol) [0x00007FF61EA93404]
	(No symbol) [0x00007FF61EA93592]
	(No symbol) [0x00007FF61EA82F9F]
	BaseThreadInitThunk [0x00007FF89C91257D+29]
	RtlUserThreadStart [0x00007FF89EBCAA48+40]

]]></error>
		<system-out><![CDATA[El texto encontrado es  MERCADOS
Se hizo clic en un icono de borrar.
No se encontraron más movimientos para borrar.
¡Input encontrado y enviado con éxito!
¡Elemento encontrado y clickeado 7 veces con éxito!
¡Input encontrado y enviado con éxito!
Número obtenido: 5429
Ha ocurrido un error al obtener o clicar en el elemento: Message: no such element: Unable to locate element: {"method":"xpath","selector":"./ancestor::tr"}
  (Session info: chrome=125.0.6422.113); For documentation on this error, please visit: https://www.selenium.dev/documentation/webdriver/troubleshooting/errors#no-such-element-exception
Stacktrace:
	GetHandleVerifier [0x00007FF61EB11F52+60322]
	(No symbol) [0x00007FF61EA8CEC9]
	(No symbol) [0x00007FF61E947EBA]
	(No symbol) [0x00007FF61E997676]
	(No symbol) [0x00007FF61E99773C]
	(No symbol) [0x00007FF61E98AEEC]
	(No symbol) [0x00007FF61E9BC25F]
	(No symbol) [0x00007FF61E98ADB6]
	(No symbol) [0x00007FF61E9BC430]
	(No symbol) [0x00007FF61E9DBC80]
	(No symbol) [0x00007FF61E9BBFC3]
	(No symbol) [0x00007FF61E989617]
	(No symbol) [0x00007FF61E98A211]
	GetHandleVerifier [0x00007FF61EE294AD+3301629]
	GetHandleVerifier [0x00007FF61EE736D3+3605283]
	GetHandleVerifier [0x00007FF61EE69450+3563680]
	GetHandleVerifier [0x00007FF61EBC4326+790390]
	(No symbol) [0x00007FF61EA9750F]
	(No symbol) [0x00007FF61EA93404]
	(No symbol) [0x00007FF61EA93592]
	(No symbol) [0x00007FF61EA82F9F]
	BaseThreadInitThunk [0x00007FF89C91257D+29]
	RtlUserThreadStart [0x00007FF89EBCAA48+40]

Tiempo de espera agotado. El elemento no está presente o no es clickeable.
]]></system-out>
	</testcase>
</testsuite>
