<?xml version="1.0" encoding="UTF-8"?>
<testsuite name="precio_granos_fijaciones-20240531122437" tests="2" file=".py" time="170.684" timestamp="2024-05-31T12:27:28" failures="0" errors="2" skipped="0">
	<testcase classname="precio_granos_fijaciones" name="test_price_fixings" time="0.000" timestamp="0001-01-01T00:00:00" file="Precio_Fijacion.py" line="21">
		<error type="AttributeError" message="'NoneType' object has no attribute 'is_displayed'"><![CDATA[Traceback (most recent call last):
  File "c:\Users\luist\repos\Automatizaciones-SILOHUB-\Precio_Fijacion.py", line 155, in test_price_fixings
    find_elements(self.driver, select_account)
  File "c:\Users\luist\repos\Automatizaciones-SILOHUB-\Elements.py", line 19, in find_elements
    select_nex_button = WebDriverWait(driver, 10).until(
  File "C:\Users\luist\AppData\Roaming\Python\Python310\site-packages\selenium\webdriver\support\wait.py", line 96, in until
    value = method(self._driver)
  File "C:\Users\luist\AppData\Roaming\Python\Python310\site-packages\selenium\webdriver\support\expected_conditions.py", line 364, in _predicate
    element = visibility_of(target)(driver)
  File "C:\Users\luist\AppData\Roaming\Python\Python310\site-packages\selenium\webdriver\support\expected_conditions.py", line 173, in _predicate
    return _element_if_visible(element)
  File "C:\Users\luist\AppData\Roaming\Python\Python310\site-packages\selenium\webdriver\support\expected_conditions.py", line 179, in _element_if_visible
    return element if element.is_displayed() == visibility else False
AttributeError: 'NoneType' object has no attribute 'is_displayed'
]]></error>
		<system-out><![CDATA[El texto encontrado es  MERCADOS
Se hizo clic en un icono de borrar.
No se encontraron más movimientos para borrar.
¡Input encontrado y enviado con éxito!
¡Elemento encontrado y clickeado 7 veces con éxito!
¡Input encontrado y enviado con éxito!
Tiempo de espera agotado. El elemento no está presente o no es clickeable.
Tiempo de espera agotado. El elemento no está presente o no es clickeable.
]]></system-out>
	</testcase>
	<testcase classname="precio_granos_fijaciones" name="test_price_fixings" time="170.684" timestamp="2024-05-31T12:27:28" file="Precio_Fijacion.py" line="21">
		<error type="WebDriverException" message="Message: disconnected: Unable to receive message from renderer
  (failed to check if window was closed: disconnected: not connected to DevTools)
  (Session info: chrome=125.0.6422.113)
Stacktrace:
	GetHandleVerifier [0x00007FF7AC011F52+60322]
	(No symbol) [0x00007FF7ABF8CEC9]
	(No symbol) [0x00007FF7ABE47EBA]
	(No symbol) [0x00007FF7ABE3070D]
	(No symbol) [0x00007FF7ABE2E39D]
	(No symbol) [0x00007FF7ABE2EBAF]
	(No symbol) [0x00007FF7ABE484E3]
	(No symbol) [0x00007FF7ABE1D08C]
	(No symbol) [0x00007FF7ABECA7B4]
	(No symbol) [0x00007FF7ABEBC1E0]
	(No symbol) [0x00007FF7ABE89617]
	(No symbol) [0x00007FF7ABE8A211]
	GetHandleVerifier [0x00007FF7AC3294AD+3301629]
	GetHandleVerifier [0x00007FF7AC3736D3+3605283]
	GetHandleVerifier [0x00007FF7AC369450+3563680]
	GetHandleVerifier [0x00007FF7AC0C4326+790390]
	(No symbol) [0x00007FF7ABF9750F]
	(No symbol) [0x00007FF7ABF93404]
	(No symbol) [0x00007FF7ABF93592]
	(No symbol) [0x00007FF7ABF82F9F]
	BaseThreadInitThunk [0x00007FF89C91257D+29]
	RtlUserThreadStart [0x00007FF89EBCAA48+40]
"><![CDATA[Traceback (most recent call last):
  File "c:\Users\luist\repos\Automatizaciones-SILOHUB-\Precio_Fijacion.py", line 177, in tearDown
    self.driver.close()
  File "C:\Users\luist\AppData\Roaming\Python\Python310\site-packages\selenium\webdriver\remote\webdriver.py", line 459, in close
    self.execute(Command.CLOSE)
  File "C:\Users\luist\AppData\Roaming\Python\Python310\site-packages\selenium\webdriver\remote\webdriver.py", line 348, in execute
    self.error_handler.check_response(response)
  File "C:\Users\luist\AppData\Roaming\Python\Python310\site-packages\selenium\webdriver\remote\errorhandler.py", line 229, in check_response
    raise exception_class(message, screen, stacktrace)
selenium.common.exceptions.WebDriverException: Message: disconnected: Unable to receive message from renderer
  (failed to check if window was closed: disconnected: not connected to DevTools)
  (Session info: chrome=125.0.6422.113)
Stacktrace:
	GetHandleVerifier [0x00007FF7AC011F52+60322]
	(No symbol) [0x00007FF7ABF8CEC9]
	(No symbol) [0x00007FF7ABE47EBA]
	(No symbol) [0x00007FF7ABE3070D]
	(No symbol) [0x00007FF7ABE2E39D]
	(No symbol) [0x00007FF7ABE2EBAF]
	(No symbol) [0x00007FF7ABE484E3]
	(No symbol) [0x00007FF7ABE1D08C]
	(No symbol) [0x00007FF7ABECA7B4]
	(No symbol) [0x00007FF7ABEBC1E0]
	(No symbol) [0x00007FF7ABE89617]
	(No symbol) [0x00007FF7ABE8A211]
	GetHandleVerifier [0x00007FF7AC3294AD+3301629]
	GetHandleVerifier [0x00007FF7AC3736D3+3605283]
	GetHandleVerifier [0x00007FF7AC369450+3563680]
	GetHandleVerifier [0x00007FF7AC0C4326+790390]
	(No symbol) [0x00007FF7ABF9750F]
	(No symbol) [0x00007FF7ABF93404]
	(No symbol) [0x00007FF7ABF93592]
	(No symbol) [0x00007FF7ABF82F9F]
	BaseThreadInitThunk [0x00007FF89C91257D+29]
	RtlUserThreadStart [0x00007FF89EBCAA48+40]

]]></error>
		<system-out><![CDATA[El texto encontrado es  MERCADOS
Se hizo clic en un icono de borrar.
No se encontraron más movimientos para borrar.
¡Input encontrado y enviado con éxito!
¡Elemento encontrado y clickeado 7 veces con éxito!
¡Input encontrado y enviado con éxito!
Tiempo de espera agotado. El elemento no está presente o no es clickeable.
Tiempo de espera agotado. El elemento no está presente o no es clickeable.
]]></system-out>
	</testcase>
</testsuite>
