<?xml version="1.0" encoding="UTF-8"?>
<testsuite name="precio_granos_fijaciones-20240531124631" tests="2" file=".py" time="4.451" timestamp="2024-05-31T12:46:36" failures="0" errors="2" skipped="0">
	<testcase classname="precio_granos_fijaciones" name="test_price_fixings" time="0.000" timestamp="0001-01-01T00:00:00" file="Precio_Fijacion.py" line="21">
		<error type="NoSuchWindowException" message="Message: no such window: target window already closed
from unknown error: web view not found
  (Session info: chrome=125.0.6422.113)
Stacktrace:
	GetHandleVerifier [0x00007FF675E61F52+60322]
	(No symbol) [0x00007FF675DDCEC9]
	(No symbol) [0x00007FF675C97EBA]
	(No symbol) [0x00007FF675C6D5A5]
	(No symbol) [0x00007FF675D136B7]
	(No symbol) [0x00007FF675D2B331]
	(No symbol) [0x00007FF675D0BFC3]
	(No symbol) [0x00007FF675CD9617]
	(No symbol) [0x00007FF675CDA211]
	GetHandleVerifier [0x00007FF6761794AD+3301629]
	GetHandleVerifier [0x00007FF6761C36D3+3605283]
	GetHandleVerifier [0x00007FF6761B9450+3563680]
	GetHandleVerifier [0x00007FF675F14326+790390]
	(No symbol) [0x00007FF675DE750F]
	(No symbol) [0x00007FF675DE3404]
	(No symbol) [0x00007FF675DE3592]
	(No symbol) [0x00007FF675DD2F9F]
	BaseThreadInitThunk [0x00007FF89C91257D+29]
	RtlUserThreadStart [0x00007FF89EBCAA48+40]
"><![CDATA[Traceback (most recent call last):
  File "c:\Users\luist\repos\Automatizaciones-SILOHUB-\Precio_Fijacion.py", line 23, in test_price_fixings
    self.login_sample.login("admingd@silohub.ag", "G@viglio123")
  File "c:\Users\luist\repos\Automatizaciones-SILOHUB-\LoginSample.py", line 10, in login
    user = find_element_by_id(self.driver, "email")  # asegÃºrate de pasar self.driver
  File "c:\Users\luist\repos\Automatizaciones-SILOHUB-\FindElements.py", line 10, in find_element_by_id
    return WebDriverWait(driver, 10).until(EC.presence_of_element_located((By.ID, id)))
  File "C:\Users\luist\AppData\Roaming\Python\Python310\site-packages\selenium\webdriver\support\wait.py", line 96, in until
    value = method(self._driver)
  File "C:\Users\luist\AppData\Roaming\Python\Python310\site-packages\selenium\webdriver\support\expected_conditions.py", line 84, in _predicate
    return driver.find_element(*locator)
  File "C:\Users\luist\AppData\Roaming\Python\Python310\site-packages\selenium\webdriver\remote\webdriver.py", line 742, in find_element
    return self.execute(Command.FIND_ELEMENT, {"using": by, "value": value})["value"]
  File "C:\Users\luist\AppData\Roaming\Python\Python310\site-packages\selenium\webdriver\remote\webdriver.py", line 348, in execute
    self.error_handler.check_response(response)
  File "C:\Users\luist\AppData\Roaming\Python\Python310\site-packages\selenium\webdriver\remote\errorhandler.py", line 229, in check_response
    raise exception_class(message, screen, stacktrace)
selenium.common.exceptions.NoSuchWindowException: Message: no such window: target window already closed
from unknown error: web view not found
  (Session info: chrome=125.0.6422.113)
Stacktrace:
	GetHandleVerifier [0x00007FF675E61F52+60322]
	(No symbol) [0x00007FF675DDCEC9]
	(No symbol) [0x00007FF675C97EBA]
	(No symbol) [0x00007FF675C6D5A5]
	(No symbol) [0x00007FF675D136B7]
	(No symbol) [0x00007FF675D2B331]
	(No symbol) [0x00007FF675D0BFC3]
	(No symbol) [0x00007FF675CD9617]
	(No symbol) [0x00007FF675CDA211]
	GetHandleVerifier [0x00007FF6761794AD+3301629]
	GetHandleVerifier [0x00007FF6761C36D3+3605283]
	GetHandleVerifier [0x00007FF6761B9450+3563680]
	GetHandleVerifier [0x00007FF675F14326+790390]
	(No symbol) [0x00007FF675DE750F]
	(No symbol) [0x00007FF675DE3404]
	(No symbol) [0x00007FF675DE3592]
	(No symbol) [0x00007FF675DD2F9F]
	BaseThreadInitThunk [0x00007FF89C91257D+29]
	RtlUserThreadStart [0x00007FF89EBCAA48+40]

]]></error>
	</testcase>
	<testcase classname="precio_granos_fijaciones" name="test_price_fixings" time="4.451" timestamp="2024-05-31T12:46:36" file="Precio_Fijacion.py" line="21">
		<error type="WebDriverException" message="Message: disconnected: not connected to DevTools
  (failed to check if window was closed: disconnected: not connected to DevTools)
  (Session info: chrome=125.0.6422.113)
Stacktrace:
	GetHandleVerifier [0x00007FF675E61F52+60322]
	(No symbol) [0x00007FF675DDCEC9]
	(No symbol) [0x00007FF675C97EBA]
	(No symbol) [0x00007FF675C7E03F]
	(No symbol) [0x00007FF675C7EBAF]
	(No symbol) [0x00007FF675C984E3]
	(No symbol) [0x00007FF675C6D08C]
	(No symbol) [0x00007FF675D1A7B4]
	(No symbol) [0x00007FF675D0C1E0]
	(No symbol) [0x00007FF675CD9617]
	(No symbol) [0x00007FF675CDA211]
	GetHandleVerifier [0x00007FF6761794AD+3301629]
	GetHandleVerifier [0x00007FF6761C36D3+3605283]
	GetHandleVerifier [0x00007FF6761B9450+3563680]
	GetHandleVerifier [0x00007FF675F14326+790390]
	(No symbol) [0x00007FF675DE750F]
	(No symbol) [0x00007FF675DE3404]
	(No symbol) [0x00007FF675DE3592]
	(No symbol) [0x00007FF675DD2F9F]
	BaseThreadInitThunk [0x00007FF89C91257D+29]
	RtlUserThreadStart [0x00007FF89EBCAA48+40]
"><![CDATA[Traceback (most recent call last):
  File "c:\Users\luist\repos\Automatizaciones-SILOHUB-\Precio_Fijacion.py", line 170, in tearDown
    self.driver.close()
  File "C:\Users\luist\AppData\Roaming\Python\Python310\site-packages\selenium\webdriver\remote\webdriver.py", line 459, in close
    self.execute(Command.CLOSE)
  File "C:\Users\luist\AppData\Roaming\Python\Python310\site-packages\selenium\webdriver\remote\webdriver.py", line 348, in execute
    self.error_handler.check_response(response)
  File "C:\Users\luist\AppData\Roaming\Python\Python310\site-packages\selenium\webdriver\remote\errorhandler.py", line 229, in check_response
    raise exception_class(message, screen, stacktrace)
selenium.common.exceptions.WebDriverException: Message: disconnected: not connected to DevTools
  (failed to check if window was closed: disconnected: not connected to DevTools)
  (Session info: chrome=125.0.6422.113)
Stacktrace:
	GetHandleVerifier [0x00007FF675E61F52+60322]
	(No symbol) [0x00007FF675DDCEC9]
	(No symbol) [0x00007FF675C97EBA]
	(No symbol) [0x00007FF675C7E03F]
	(No symbol) [0x00007FF675C7EBAF]
	(No symbol) [0x00007FF675C984E3]
	(No symbol) [0x00007FF675C6D08C]
	(No symbol) [0x00007FF675D1A7B4]
	(No symbol) [0x00007FF675D0C1E0]
	(No symbol) [0x00007FF675CD9617]
	(No symbol) [0x00007FF675CDA211]
	GetHandleVerifier [0x00007FF6761794AD+3301629]
	GetHandleVerifier [0x00007FF6761C36D3+3605283]
	GetHandleVerifier [0x00007FF6761B9450+3563680]
	GetHandleVerifier [0x00007FF675F14326+790390]
	(No symbol) [0x00007FF675DE750F]
	(No symbol) [0x00007FF675DE3404]
	(No symbol) [0x00007FF675DE3592]
	(No symbol) [0x00007FF675DD2F9F]
	BaseThreadInitThunk [0x00007FF89C91257D+29]
	RtlUserThreadStart [0x00007FF89EBCAA48+40]

]]></error>
	</testcase>
</testsuite>
