<?xml version="1.0" encoding="UTF-8"?>
<testsuite name="precio_granos_fijaciones-20240517183156" tests="1" file=".py" time="122.395" timestamp="2024-05-17T18:33:59" failures="0" errors="1" skipped="0">
	<testcase classname="precio_granos_fijaciones" name="test_price_fixings" time="122.395" timestamp="2024-05-17T18:33:59" file="Precio_Fijacion.py" line="21">
		<error type="TimeoutException" message="Message: 
Stacktrace:
	GetHandleVerifier [0x00007FF638CD22C2+60002]
	(No symbol) [0x00007FF638C4CA59]
	(No symbol) [0x00007FF638B07EDA]
	(No symbol) [0x00007FF638B576E6]
	(No symbol) [0x00007FF638B577AC]
	(No symbol) [0x00007FF638B9E9D7]
	(No symbol) [0x00007FF638B7C2CF]
	(No symbol) [0x00007FF638B9BCC7]
	(No symbol) [0x00007FF638B7C033]
	(No symbol) [0x00007FF638B49657]
	(No symbol) [0x00007FF638B4A251]
	GetHandleVerifier [0x00007FF638FE3E2D+3278285]
	GetHandleVerifier [0x00007FF639030190+3590448]
	GetHandleVerifier [0x00007FF6390261D0+3549552]
	GetHandleVerifier [0x00007FF638D81DE6+779654]
	(No symbol) [0x00007FF638C57ACF]
	(No symbol) [0x00007FF638C52EE4]
	(No symbol) [0x00007FF638C53072]
	(No symbol) [0x00007FF638C42C4F]
	BaseThreadInitThunk [0x00007FFAAEB4257D+29]
	RtlUserThreadStart [0x00007FFAAFA8AA48+40]
"><![CDATA[Traceback (most recent call last):
  File "c:\Users\luist\repos\Automatizaciones-SILOHUB-\Precio_Fijacion.py", line 142, in test_price_fixings
    verify_and_click(self.driver, number_generate)
  File "c:\Users\luist\repos\Automatizaciones-SILOHUB-\Elements.py", line 1524, in verify_and_click
    button_element = WebDriverWait(driver, 10).until(
  File "C:\Users\luist\AppData\Roaming\Python\Python310\site-packages\selenium\webdriver\support\wait.py", line 105, in until
    raise TimeoutException(message, screen, stacktrace)
selenium.common.exceptions.TimeoutException: Message: 
Stacktrace:
	GetHandleVerifier [0x00007FF638CD22C2+60002]
	(No symbol) [0x00007FF638C4CA59]
	(No symbol) [0x00007FF638B07EDA]
	(No symbol) [0x00007FF638B576E6]
	(No symbol) [0x00007FF638B577AC]
	(No symbol) [0x00007FF638B9E9D7]
	(No symbol) [0x00007FF638B7C2CF]
	(No symbol) [0x00007FF638B9BCC7]
	(No symbol) [0x00007FF638B7C033]
	(No symbol) [0x00007FF638B49657]
	(No symbol) [0x00007FF638B4A251]
	GetHandleVerifier [0x00007FF638FE3E2D+3278285]
	GetHandleVerifier [0x00007FF639030190+3590448]
	GetHandleVerifier [0x00007FF6390261D0+3549552]
	GetHandleVerifier [0x00007FF638D81DE6+779654]
	(No symbol) [0x00007FF638C57ACF]
	(No symbol) [0x00007FF638C52EE4]
	(No symbol) [0x00007FF638C53072]
	(No symbol) [0x00007FF638C42C4F]
	BaseThreadInitThunk [0x00007FFAAEB4257D+29]
	RtlUserThreadStart [0x00007FFAAFA8AA48+40]

]]></error>
		<system-out><![CDATA[El texto encontrado es  MERCADOS
Se hizo clic en un icono de borrar.
No se encontraron más movimientos para borrar.
¡Input encontrado y enviado con éxito!
¡Elemento encontrado y clickeado 7 veces con éxito!
¡Input encontrado y enviado con éxito!
Buscando el número: 9340
Elemento localizado para el número: 9340
]]></system-out>
	</testcase>
</testsuite>
