<?xml version="1.0" encoding="UTF-8"?>
<testsuite name="precio_granos_fijaciones-20240520193843" tests="2" file=".py" time="22.831" timestamp="2024-05-20T19:39:06" failures="0" errors="2" skipped="0">
	<testcase classname="precio_granos_fijaciones" name="test_price_fixings" time="0.000" timestamp="0001-01-01T00:00:00" file="Precio_Fijacion.py" line="21">
		<error type="AttributeError" message="'NoneType' object has no attribute 'is_displayed'"><![CDATA[Traceback (most recent call last):
  File "c:\Users\luist\repos\Automatizaciones-SILOHUB-\Precio_Fijacion.py", line 46, in test_price_fixings
    click_icon_delete(self.driver, delete_price_grain)
  File "c:\Users\luist\repos\Automatizaciones-SILOHUB-\Elements.py", line 1311, in click_icon_delete
    icono_borrar = WebDriverWait(driver, 10).until(
  File "C:\Users\luist\AppData\Roaming\Python\Python310\site-packages\selenium\webdriver\support\wait.py", line 96, in until
    value = method(self._driver)
  File "C:\Users\luist\AppData\Roaming\Python\Python310\site-packages\selenium\webdriver\support\expected_conditions.py", line 156, in _predicate
    return _element_if_visible(driver.find_element(*locator))
  File "C:\Users\luist\AppData\Roaming\Python\Python310\site-packages\selenium\webdriver\support\expected_conditions.py", line 179, in _element_if_visible
    return element if element.is_displayed() == visibility else False
AttributeError: 'NoneType' object has no attribute 'is_displayed'
]]></error>
		<system-out><![CDATA[El texto encontrado es  MERCADOS
Se hizo clic en un icono de borrar.
]]></system-out>
	</testcase>
	<testcase classname="precio_granos_fijaciones" name="test_price_fixings" time="22.831" timestamp="2024-05-20T19:39:06" file="Precio_Fijacion.py" line="21">
		<error type="NoSuchWindowException" message="Message: no such window: target window already closed
from unknown error: web view not found
  (Session info: chrome=125.0.6422.60)
Stacktrace:
	GetHandleVerifier [0x00007FF6D4C122C2+60002]
	(No symbol) [0x00007FF6D4B8CA59]
	(No symbol) [0x00007FF6D4A47EDA]
	(No symbol) [0x00007FF6D4A1D5B5]
	(No symbol) [0x00007FF6D4AC3727]
	(No symbol) [0x00007FF6D4ACA882]
	(No symbol) [0x00007FF6D4ABC250]
	(No symbol) [0x00007FF6D4A89657]
	(No symbol) [0x00007FF6D4A8A251]
	GetHandleVerifier [0x00007FF6D4F23E2D+3278285]
	GetHandleVerifier [0x00007FF6D4F70190+3590448]
	GetHandleVerifier [0x00007FF6D4F661D0+3549552]
	GetHandleVerifier [0x00007FF6D4CC1DE6+779654]
	(No symbol) [0x00007FF6D4B97ACF]
	(No symbol) [0x00007FF6D4B92EE4]
	(No symbol) [0x00007FF6D4B93072]
	(No symbol) [0x00007FF6D4B82C4F]
	BaseThreadInitThunk [0x00007FF9E1C0257D+29]
	RtlUserThreadStart [0x00007FF9E37CAA48+40]
"><![CDATA[Traceback (most recent call last):
  File "c:\Users\luist\repos\Automatizaciones-SILOHUB-\Precio_Fijacion.py", line 174, in tearDown
    self.driver.close()
  File "C:\Users\luist\AppData\Roaming\Python\Python310\site-packages\selenium\webdriver\remote\webdriver.py", line 459, in close
    self.execute(Command.CLOSE)
  File "C:\Users\luist\AppData\Roaming\Python\Python310\site-packages\selenium\webdriver\remote\webdriver.py", line 348, in execute
    self.error_handler.check_response(response)
  File "C:\Users\luist\AppData\Roaming\Python\Python310\site-packages\selenium\webdriver\remote\errorhandler.py", line 229, in check_response
    raise exception_class(message, screen, stacktrace)
selenium.common.exceptions.NoSuchWindowException: Message: no such window: target window already closed
from unknown error: web view not found
  (Session info: chrome=125.0.6422.60)
Stacktrace:
	GetHandleVerifier [0x00007FF6D4C122C2+60002]
	(No symbol) [0x00007FF6D4B8CA59]
	(No symbol) [0x00007FF6D4A47EDA]
	(No symbol) [0x00007FF6D4A1D5B5]
	(No symbol) [0x00007FF6D4AC3727]
	(No symbol) [0x00007FF6D4ACA882]
	(No symbol) [0x00007FF6D4ABC250]
	(No symbol) [0x00007FF6D4A89657]
	(No symbol) [0x00007FF6D4A8A251]
	GetHandleVerifier [0x00007FF6D4F23E2D+3278285]
	GetHandleVerifier [0x00007FF6D4F70190+3590448]
	GetHandleVerifier [0x00007FF6D4F661D0+3549552]
	GetHandleVerifier [0x00007FF6D4CC1DE6+779654]
	(No symbol) [0x00007FF6D4B97ACF]
	(No symbol) [0x00007FF6D4B92EE4]
	(No symbol) [0x00007FF6D4B93072]
	(No symbol) [0x00007FF6D4B82C4F]
	BaseThreadInitThunk [0x00007FF9E1C0257D+29]
	RtlUserThreadStart [0x00007FF9E37CAA48+40]

]]></error>
		<system-out><![CDATA[El texto encontrado es  MERCADOS
Se hizo clic en un icono de borrar.
]]></system-out>
	</testcase>
</testsuite>
