<?xml version="1.0" encoding="UTF-8"?>
<testsuite name="precio_granos_fijaciones-20240909104238" tests="1" file=".py" time="55.000" timestamp="2024-09-09T10:43:33" failures="0" errors="1" skipped="0">
	<testcase classname="precio_granos_fijaciones" name="test_price_fixings" time="55.000" timestamp="2024-09-09T10:43:33" file="Precio_Fijacion.py" line="21">
		<error type="ElementClickInterceptedException" message="Message: element click intercepted: Element is not clickable at point (1471, 1013)
  (Session info: chrome=128.0.6613.120)
Stacktrace:
	GetHandleVerifier [0x00007FF66636B5D2+29090]
	(No symbol) [0x00007FF6662DE689]
	(No symbol) [0x00007FF66619B1CA]
	(No symbol) [0x00007FF6661F6C0E]
	(No symbol) [0x00007FF6661F4682]
	(No symbol) [0x00007FF6661F1B9B]
	(No symbol) [0x00007FF6661F0DB5]
	(No symbol) [0x00007FF6661E2D61]
	(No symbol) [0x00007FF6662166EA]
	(No symbol) [0x00007FF6661E26A6]
	(No symbol) [0x00007FF666216900]
	(No symbol) [0x00007FF6662365D9]
	(No symbol) [0x00007FF666216493]
	(No symbol) [0x00007FF6661E09B1]
	(No symbol) [0x00007FF6661E1B11]
	GetHandleVerifier [0x00007FF666688C5D+3295277]
	GetHandleVerifier [0x00007FF6666D4843+3605523]
	GetHandleVerifier [0x00007FF6666CA707+3564247]
	GetHandleVerifier [0x00007FF666426EB6+797318]
	(No symbol) [0x00007FF6662E980F]
	(No symbol) [0x00007FF6662E53F4]
	(No symbol) [0x00007FF6662E5580]
	(No symbol) [0x00007FF6662D4A1F]
	BaseThreadInitThunk [0x00007FF8EEFD257D+29]
	RtlUserThreadStart [0x00007FF8F08EAF28+40]
"><![CDATA[Traceback (most recent call last):
  File "c:\Users\luist\repos\Automatizaciones_M-dulos-\Precio_Fijacion.py", line 50, in test_price_fixings
    click_icon_delete(self.driver, delete_price_grain2)
  File "c:\Users\luist\repos\Automatizaciones_M-dulos-\Elements.py", line 1356, in click_icon_delete
    icono_borrar.click()
  File "C:\Users\luist\AppData\Roaming\Python\Python310\site-packages\selenium\webdriver\remote\webelement.py", line 94, in click
    self._execute(Command.CLICK_ELEMENT)
  File "C:\Users\luist\AppData\Roaming\Python\Python310\site-packages\selenium\webdriver\remote\webelement.py", line 395, in _execute
    return self._parent.execute(command, params)
  File "C:\Users\luist\AppData\Roaming\Python\Python310\site-packages\selenium\webdriver\remote\webdriver.py", line 354, in execute
    self.error_handler.check_response(response)
  File "C:\Users\luist\AppData\Roaming\Python\Python310\site-packages\selenium\webdriver\remote\errorhandler.py", line 229, in check_response
    raise exception_class(message, screen, stacktrace)
selenium.common.exceptions.ElementClickInterceptedException: Message: element click intercepted: Element is not clickable at point (1471, 1013)
  (Session info: chrome=128.0.6613.120)
Stacktrace:
	GetHandleVerifier [0x00007FF66636B5D2+29090]
	(No symbol) [0x00007FF6662DE689]
	(No symbol) [0x00007FF66619B1CA]
	(No symbol) [0x00007FF6661F6C0E]
	(No symbol) [0x00007FF6661F4682]
	(No symbol) [0x00007FF6661F1B9B]
	(No symbol) [0x00007FF6661F0DB5]
	(No symbol) [0x00007FF6661E2D61]
	(No symbol) [0x00007FF6662166EA]
	(No symbol) [0x00007FF6661E26A6]
	(No symbol) [0x00007FF666216900]
	(No symbol) [0x00007FF6662365D9]
	(No symbol) [0x00007FF666216493]
	(No symbol) [0x00007FF6661E09B1]
	(No symbol) [0x00007FF6661E1B11]
	GetHandleVerifier [0x00007FF666688C5D+3295277]
	GetHandleVerifier [0x00007FF6666D4843+3605523]
	GetHandleVerifier [0x00007FF6666CA707+3564247]
	GetHandleVerifier [0x00007FF666426EB6+797318]
	(No symbol) [0x00007FF6662E980F]
	(No symbol) [0x00007FF6662E53F4]
	(No symbol) [0x00007FF6662E5580]
	(No symbol) [0x00007FF6662D4A1F]
	BaseThreadInitThunk [0x00007FF8EEFD257D+29]
	RtlUserThreadStart [0x00007FF8F08EAF28+40]

]]></error>
		<system-out><![CDATA[El texto encontrado es  MERCADOS
No se encontraron mÃ¡s movimientos para borrar.
]]></system-out>
	</testcase>
</testsuite>
