<?xml version="1.0" encoding="UTF-8"?>
<testsuite name="precio_granos_fijaciones-20240515110428" tests="1" file=".py" time="111.716" timestamp="2024-05-15T11:06:20" failures="0" errors="1" skipped="0">
	<testcase classname="precio_granos_fijaciones" name="test_price_fixings" time="111.716" timestamp="2024-05-15T11:06:20" file="Precio_Fujacion.py" line="21">
		<error type="ElementClickInterceptedException" message="Message: element click intercepted: Element &lt;span _ngcontent-olx-c141=&quot;&quot;&gt;...&lt;/span&gt; is not clickable at point (69, 131). Other element would receive the click: &lt;div class=&quot;swal2-container swal2-center swal2-backdrop-show&quot; style=&quot;overflow-y: auto;&quot;&gt;...&lt;/div&gt;
  (Session info: chrome=124.0.6367.202)
Stacktrace:
	GetHandleVerifier [0x00007FF62EF31522+60802]
	(No symbol) [0x00007FF62EEAAC22]
	(No symbol) [0x00007FF62ED67CE4]
	(No symbol) [0x00007FF62EDBE877]
	(No symbol) [0x00007FF62EDBC344]
	(No symbol) [0x00007FF62EDB980A]
	(No symbol) [0x00007FF62EDB89E2]
	(No symbol) [0x00007FF62EDAAE8B]
	(No symbol) [0x00007FF62EDDAB7A]
	(No symbol) [0x00007FF62EDAA7C6]
	(No symbol) [0x00007FF62EDDAD90]
	(No symbol) [0x00007FF62EDFA224]
	(No symbol) [0x00007FF62EDDA923]
	(No symbol) [0x00007FF62EDA8FEC]
	(No symbol) [0x00007FF62EDA9C21]
	GetHandleVerifier [0x00007FF62F2341BD+3217949]
	GetHandleVerifier [0x00007FF62F276157+3488183]
	GetHandleVerifier [0x00007FF62F26F0DF+3459391]
	GetHandleVerifier [0x00007FF62EFEB8E6+823622]
	(No symbol) [0x00007FF62EEB5FBF]
	(No symbol) [0x00007FF62EEB0EE4]
	(No symbol) [0x00007FF62EEB1072]
	(No symbol) [0x00007FF62EEA18C4]
	BaseThreadInitThunk [0x00007FFA24B4257D+29]
	RtlUserThreadStart [0x00007FFA2654AA48+40]
"><![CDATA[Traceback (most recent call last):
  File "c:\Users\luist\repos\Automatizaciones-SILOHUB-\Precio_Fujacion.py", line 126, in test_price_fixings
    find_elements(self.driver, select_menu)
  File "c:\Users\luist\repos\Automatizaciones-SILOHUB-\Elements.py", line 22, in find_elements
    select_nex_button.click()
  File "C:\Users\luist\AppData\Roaming\Python\Python310\site-packages\selenium\webdriver\remote\webelement.py", line 94, in click
    self._execute(Command.CLICK_ELEMENT)
  File "C:\Users\luist\AppData\Roaming\Python\Python310\site-packages\selenium\webdriver\remote\webelement.py", line 395, in _execute
    return self._parent.execute(command, params)
  File "C:\Users\luist\AppData\Roaming\Python\Python310\site-packages\selenium\webdriver\remote\webdriver.py", line 348, in execute
    self.error_handler.check_response(response)
  File "C:\Users\luist\AppData\Roaming\Python\Python310\site-packages\selenium\webdriver\remote\errorhandler.py", line 229, in check_response
    raise exception_class(message, screen, stacktrace)
selenium.common.exceptions.ElementClickInterceptedException: Message: element click intercepted: Element <span _ngcontent-olx-c141="">...</span> is not clickable at point (69, 131). Other element would receive the click: <div class="swal2-container swal2-center swal2-backdrop-show" style="overflow-y: auto;">...</div>
  (Session info: chrome=124.0.6367.202)
Stacktrace:
	GetHandleVerifier [0x00007FF62EF31522+60802]
	(No symbol) [0x00007FF62EEAAC22]
	(No symbol) [0x00007FF62ED67CE4]
	(No symbol) [0x00007FF62EDBE877]
	(No symbol) [0x00007FF62EDBC344]
	(No symbol) [0x00007FF62EDB980A]
	(No symbol) [0x00007FF62EDB89E2]
	(No symbol) [0x00007FF62EDAAE8B]
	(No symbol) [0x00007FF62EDDAB7A]
	(No symbol) [0x00007FF62EDAA7C6]
	(No symbol) [0x00007FF62EDDAD90]
	(No symbol) [0x00007FF62EDFA224]
	(No symbol) [0x00007FF62EDDA923]
	(No symbol) [0x00007FF62EDA8FEC]
	(No symbol) [0x00007FF62EDA9C21]
	GetHandleVerifier [0x00007FF62F2341BD+3217949]
	GetHandleVerifier [0x00007FF62F276157+3488183]
	GetHandleVerifier [0x00007FF62F26F0DF+3459391]
	GetHandleVerifier [0x00007FF62EFEB8E6+823622]
	(No symbol) [0x00007FF62EEB5FBF]
	(No symbol) [0x00007FF62EEB0EE4]
	(No symbol) [0x00007FF62EEB1072]
	(No symbol) [0x00007FF62EEA18C4]
	BaseThreadInitThunk [0x00007FFA24B4257D+29]
	RtlUserThreadStart [0x00007FFA2654AA48+40]

]]></error>
		<system-out><![CDATA[El texto encontrado es  MERCADOS
Se hizo clic en un icono de borrar.
Se hizo clic en un icono de borrar.
Se hizo clic en un icono de borrar.
No se encontraron más movimientos para borrar.
¡Input encontrado y enviado con éxito!
¡Elemento encontrado y clickeado 6 veces con éxito!
¡Input encontrado y enviado con éxito!
Tiempo de espera agotado. El elemento no está presente o no es clickeable.
]]></system-out>
	</testcase>
</testsuite>
