<?xml version="1.0" encoding="UTF-8"?>
<testsuite name="precio_granos_fijaciones-20240517174208" tests="1" file=".py" time="19.873" timestamp="2024-05-17T17:42:28" failures="0" errors="1" skipped="0">
	<testcase classname="precio_granos_fijaciones" name="test_price_fixings" time="19.873" timestamp="2024-05-17T17:42:28" file="Precio_Fijacion.py" line="21">
		<error type="ElementClickInterceptedException" message="Message: element click intercepted: Element is not clickable at point (1471, 1064)
  (Session info: chrome=125.0.6422.60)
Stacktrace:
	GetHandleVerifier [0x00007FF6679022C2+60002]
	(No symbol) [0x00007FF66787CA59]
	(No symbol) [0x00007FF667737EDA]
	(No symbol) [0x00007FF66778F39E]
	(No symbol) [0x00007FF66778CD62]
	(No symbol) [0x00007FF66778A1FB]
	(No symbol) [0x00007FF6677893C6]
	(No symbol) [0x00007FF66777B4D1]
	(No symbol) [0x00007FF6677AC28A]
	(No symbol) [0x00007FF66777ADF6]
	(No symbol) [0x00007FF6677AC4A0]
	(No symbol) [0x00007FF6677CBCC7]
	(No symbol) [0x00007FF6677AC033]
	(No symbol) [0x00007FF667779657]
	(No symbol) [0x00007FF66777A251]
	GetHandleVerifier [0x00007FF667C13E2D+3278285]
	GetHandleVerifier [0x00007FF667C60190+3590448]
	GetHandleVerifier [0x00007FF667C561D0+3549552]
	GetHandleVerifier [0x00007FF6679B1DE6+779654]
	(No symbol) [0x00007FF667887ACF]
	(No symbol) [0x00007FF667882EE4]
	(No symbol) [0x00007FF667883072]
	(No symbol) [0x00007FF667872C4F]
	BaseThreadInitThunk [0x00007FFAAEB4257D+29]
	RtlUserThreadStart [0x00007FFAAFA8AA48+40]
"><![CDATA[Traceback (most recent call last):
  File "c:\Users\luist\repos\Automatizaciones-SILOHUB-\Precio_Fijacion.py", line 46, in test_price_fixings
    click_icon_delete(self.driver, delete_price_grain)
  File "c:\Users\luist\repos\Automatizaciones-SILOHUB-\Elements.py", line 1315, in click_icon_delete
    icono_borrar.click()
  File "C:\Users\luist\AppData\Roaming\Python\Python310\site-packages\selenium\webdriver\remote\webelement.py", line 94, in click
    self._execute(Command.CLICK_ELEMENT)
  File "C:\Users\luist\AppData\Roaming\Python\Python310\site-packages\selenium\webdriver\remote\webelement.py", line 395, in _execute
    return self._parent.execute(command, params)
  File "C:\Users\luist\AppData\Roaming\Python\Python310\site-packages\selenium\webdriver\remote\webdriver.py", line 348, in execute
    self.error_handler.check_response(response)
  File "C:\Users\luist\AppData\Roaming\Python\Python310\site-packages\selenium\webdriver\remote\errorhandler.py", line 229, in check_response
    raise exception_class(message, screen, stacktrace)
selenium.common.exceptions.ElementClickInterceptedException: Message: element click intercepted: Element is not clickable at point (1471, 1064)
  (Session info: chrome=125.0.6422.60)
Stacktrace:
	GetHandleVerifier [0x00007FF6679022C2+60002]
	(No symbol) [0x00007FF66787CA59]
	(No symbol) [0x00007FF667737EDA]
	(No symbol) [0x00007FF66778F39E]
	(No symbol) [0x00007FF66778CD62]
	(No symbol) [0x00007FF66778A1FB]
	(No symbol) [0x00007FF6677893C6]
	(No symbol) [0x00007FF66777B4D1]
	(No symbol) [0x00007FF6677AC28A]
	(No symbol) [0x00007FF66777ADF6]
	(No symbol) [0x00007FF6677AC4A0]
	(No symbol) [0x00007FF6677CBCC7]
	(No symbol) [0x00007FF6677AC033]
	(No symbol) [0x00007FF667779657]
	(No symbol) [0x00007FF66777A251]
	GetHandleVerifier [0x00007FF667C13E2D+3278285]
	GetHandleVerifier [0x00007FF667C60190+3590448]
	GetHandleVerifier [0x00007FF667C561D0+3549552]
	GetHandleVerifier [0x00007FF6679B1DE6+779654]
	(No symbol) [0x00007FF667887ACF]
	(No symbol) [0x00007FF667882EE4]
	(No symbol) [0x00007FF667883072]
	(No symbol) [0x00007FF667872C4F]
	BaseThreadInitThunk [0x00007FFAAEB4257D+29]
	RtlUserThreadStart [0x00007FFAAFA8AA48+40]

]]></error>
		<system-out><![CDATA[El texto encontrado es  MERCADOS
]]></system-out>
	</testcase>
</testsuite>
