<?xml version="1.0" encoding="UTF-8"?>
<testsuite name="precio_granos_fijaciones-20240521092702" tests="1" file=".py" time="22.648" timestamp="2024-05-21T09:27:25" failures="0" errors="1" skipped="0">
	<testcase classname="precio_granos_fijaciones" name="test_price_fixings" time="22.648" timestamp="2024-05-21T09:27:25" file="Precio_Fijacion.py" line="21">
		<error type="ElementClickInterceptedException" message="Message: element click intercepted: Element is not clickable at point (1471, 1014)
  (Session info: chrome=125.0.6422.60)
Stacktrace:
	GetHandleVerifier [0x00007FF730A722C2+60002]
	(No symbol) [0x00007FF7309ECA59]
	(No symbol) [0x00007FF7308A7EDA]
	(No symbol) [0x00007FF7308FF39E]
	(No symbol) [0x00007FF7308FCD62]
	(No symbol) [0x00007FF7308FA1FB]
	(No symbol) [0x00007FF7308F93C6]
	(No symbol) [0x00007FF7308EB4D1]
	(No symbol) [0x00007FF73091C28A]
	(No symbol) [0x00007FF7308EADF6]
	(No symbol) [0x00007FF73091C4A0]
	(No symbol) [0x00007FF73093BCC7]
	(No symbol) [0x00007FF73091C033]
	(No symbol) [0x00007FF7308E9657]
	(No symbol) [0x00007FF7308EA251]
	GetHandleVerifier [0x00007FF730D83E2D+3278285]
	GetHandleVerifier [0x00007FF730DD0190+3590448]
	GetHandleVerifier [0x00007FF730DC61D0+3549552]
	GetHandleVerifier [0x00007FF730B21DE6+779654]
	(No symbol) [0x00007FF7309F7ACF]
	(No symbol) [0x00007FF7309F2EE4]
	(No symbol) [0x00007FF7309F3072]
	(No symbol) [0x00007FF7309E2C4F]
	BaseThreadInitThunk [0x00007FF993AF257D+29]
	RtlUserThreadStart [0x00007FF9943AAA48+40]
"><![CDATA[Traceback (most recent call last):
  File "c:\Users\luist\repos\Automatizaciones-SILOHUB-\Precio_Fijacion.py", line 46, in test_price_fixings
    click_icon_delete(self.driver, delete_price_grain)
  File "c:\Users\luist\repos\Automatizaciones-SILOHUB-\Elements.py", line 1315, in click_icon_delete
    icono_borrar.click()
  File "C:\Users\luist\AppData\Roaming\Python\Python310\site-packages\selenium\webdriver\remote\webelement.py", line 94, in click
    self._execute(Command.CLICK_ELEMENT)
  File "C:\Users\luist\AppData\Roaming\Python\Python310\site-packages\selenium\webdriver\remote\webelement.py", line 395, in _execute
    return self._parent.execute(command, params)
  File "C:\Users\luist\AppData\Roaming\Python\Python310\site-packages\selenium\webdriver\remote\webdriver.py", line 348, in execute
    self.error_handler.check_response(response)
  File "C:\Users\luist\AppData\Roaming\Python\Python310\site-packages\selenium\webdriver\remote\errorhandler.py", line 229, in check_response
    raise exception_class(message, screen, stacktrace)
selenium.common.exceptions.ElementClickInterceptedException: Message: element click intercepted: Element is not clickable at point (1471, 1014)
  (Session info: chrome=125.0.6422.60)
Stacktrace:
	GetHandleVerifier [0x00007FF730A722C2+60002]
	(No symbol) [0x00007FF7309ECA59]
	(No symbol) [0x00007FF7308A7EDA]
	(No symbol) [0x00007FF7308FF39E]
	(No symbol) [0x00007FF7308FCD62]
	(No symbol) [0x00007FF7308FA1FB]
	(No symbol) [0x00007FF7308F93C6]
	(No symbol) [0x00007FF7308EB4D1]
	(No symbol) [0x00007FF73091C28A]
	(No symbol) [0x00007FF7308EADF6]
	(No symbol) [0x00007FF73091C4A0]
	(No symbol) [0x00007FF73093BCC7]
	(No symbol) [0x00007FF73091C033]
	(No symbol) [0x00007FF7308E9657]
	(No symbol) [0x00007FF7308EA251]
	GetHandleVerifier [0x00007FF730D83E2D+3278285]
	GetHandleVerifier [0x00007FF730DD0190+3590448]
	GetHandleVerifier [0x00007FF730DC61D0+3549552]
	GetHandleVerifier [0x00007FF730B21DE6+779654]
	(No symbol) [0x00007FF7309F7ACF]
	(No symbol) [0x00007FF7309F2EE4]
	(No symbol) [0x00007FF7309F3072]
	(No symbol) [0x00007FF7309E2C4F]
	BaseThreadInitThunk [0x00007FF993AF257D+29]
	RtlUserThreadStart [0x00007FF9943AAA48+40]

]]></error>
		<system-out><![CDATA[El texto encontrado es  MERCADOS
]]></system-out>
	</testcase>
</testsuite>
