<?xml version="1.0" encoding="UTF-8"?>
<testsuite name="precio_granos_fijaciones-20240515171247" tests="1" file=".py" time="119.860" timestamp="2024-05-15T17:14:47" failures="0" errors="1" skipped="0">
	<testcase classname="precio_granos_fijaciones" name="test_price_fixings" time="119.860" timestamp="2024-05-15T17:14:47" file="Precio_Fijacion.py" line="21">
		<error type="TimeoutException" message="Message: 
Stacktrace:
	GetHandleVerifier [0x00007FF637CC1522+60802]
	(No symbol) [0x00007FF637C3AC22]
	(No symbol) [0x00007FF637AF7CE4]
	(No symbol) [0x00007FF637B46D4D]
	(No symbol) [0x00007FF637B46E1C]
	(No symbol) [0x00007FF637B8CE37]
	(No symbol) [0x00007FF637B6ABBF]
	(No symbol) [0x00007FF637B8A224]
	(No symbol) [0x00007FF637B6A923]
	(No symbol) [0x00007FF637B38FEC]
	(No symbol) [0x00007FF637B39C21]
	GetHandleVerifier [0x00007FF637FC41BD+3217949]
	GetHandleVerifier [0x00007FF638006157+3488183]
	GetHandleVerifier [0x00007FF637FFF0DF+3459391]
	GetHandleVerifier [0x00007FF637D7B8E6+823622]
	(No symbol) [0x00007FF637C45FBF]
	(No symbol) [0x00007FF637C40EE4]
	(No symbol) [0x00007FF637C41072]
	(No symbol) [0x00007FF637C318C4]
	BaseThreadInitThunk [0x00007FFA24B4257D+29]
	RtlUserThreadStart [0x00007FFA2654AA48+40]
"><![CDATA[Traceback (most recent call last):
  File "c:\Users\luist\repos\Automatizaciones-SILOHUB-\Precio_Fijacion.py", line 142, in test_price_fixings
    verify_and_click(self.driver, number_generate, verify_number, select_icon_hand)
  File "c:\Users\luist\repos\Automatizaciones-SILOHUB-\Elements.py", line 1507, in verify_and_click
    otro_elemento = WebDriverWait(driver, 10).until(
  File "C:\Users\luist\AppData\Roaming\Python\Python310\site-packages\selenium\webdriver\support\wait.py", line 105, in until
    raise TimeoutException(message, screen, stacktrace)
selenium.common.exceptions.TimeoutException: Message: 
Stacktrace:
	GetHandleVerifier [0x00007FF637CC1522+60802]
	(No symbol) [0x00007FF637C3AC22]
	(No symbol) [0x00007FF637AF7CE4]
	(No symbol) [0x00007FF637B46D4D]
	(No symbol) [0x00007FF637B46E1C]
	(No symbol) [0x00007FF637B8CE37]
	(No symbol) [0x00007FF637B6ABBF]
	(No symbol) [0x00007FF637B8A224]
	(No symbol) [0x00007FF637B6A923]
	(No symbol) [0x00007FF637B38FEC]
	(No symbol) [0x00007FF637B39C21]
	GetHandleVerifier [0x00007FF637FC41BD+3217949]
	GetHandleVerifier [0x00007FF638006157+3488183]
	GetHandleVerifier [0x00007FF637FFF0DF+3459391]
	GetHandleVerifier [0x00007FF637D7B8E6+823622]
	(No symbol) [0x00007FF637C45FBF]
	(No symbol) [0x00007FF637C40EE4]
	(No symbol) [0x00007FF637C41072]
	(No symbol) [0x00007FF637C318C4]
	BaseThreadInitThunk [0x00007FFA24B4257D+29]
	RtlUserThreadStart [0x00007FFA2654AA48+40]

]]></error>
		<system-out><![CDATA[El texto encontrado es  MERCADOS
Se hizo clic en un icono de borrar.
No se encontraron más movimientos para borrar.
¡Input encontrado y enviado con éxito!
¡Elemento encontrado y clickeado 7 veces con éxito!
¡Input encontrado y enviado con éxito!
]]></system-out>
	</testcase>
</testsuite>
