<?xml version="1.0" encoding="UTF-8"?>
<testsuite name="precio_granos_fijaciones-20240515183446" tests="2" file=".py" time="183.066" timestamp="2024-05-15T18:37:49" failures="0" errors="2" skipped="0">
	<testcase classname="precio_granos_fijaciones" name="test_price_fixings" time="0.000" timestamp="0001-01-01T00:00:00" file="Precio_Fijacion.py" line="21">
		<error type="AttributeError" message="'NoneType' object has no attribute 'is_displayed'"><![CDATA[Traceback (most recent call last):
  File "c:\Users\luist\repos\Automatizaciones-SILOHUB-\Precio_Fijacion.py", line 157, in test_price_fixings
    select_option_click(self.driver, select_number_contract, option_number_contract )
  File "c:\Users\luist\repos\Automatizaciones-SILOHUB-\Elements.py", line 924, in select_option_click
    xpath_chevron = WebDriverWait(driver, 10).until(
  File "C:\Users\luist\AppData\Roaming\Python\Python310\site-packages\selenium\webdriver\support\wait.py", line 96, in until
    value = method(self._driver)
  File "C:\Users\luist\AppData\Roaming\Python\Python310\site-packages\selenium\webdriver\support\expected_conditions.py", line 364, in _predicate
    element = visibility_of(target)(driver)
  File "C:\Users\luist\AppData\Roaming\Python\Python310\site-packages\selenium\webdriver\support\expected_conditions.py", line 173, in _predicate
    return _element_if_visible(element)
  File "C:\Users\luist\AppData\Roaming\Python\Python310\site-packages\selenium\webdriver\support\expected_conditions.py", line 179, in _element_if_visible
    return element if element.is_displayed() == visibility else False
AttributeError: 'NoneType' object has no attribute 'is_displayed'
]]></error>
		<system-out><![CDATA[El texto encontrado es  MERCADOS
Se hizo clic en un icono de borrar.
No se encontraron más movimientos para borrar.
¡Input encontrado y enviado con éxito!
¡Elemento encontrado y clickeado 7 veces con éxito!
¡Input encontrado y enviado con éxito!
El número 2400 no está presente.
Tiempo de espera agotado. El elemento no está presente o no es clickeable.
Tiempo de espera agotado. El elemento no está presente o no es clickeable.
]]></system-out>
	</testcase>
	<testcase classname="precio_granos_fijaciones" name="test_price_fixings" time="183.066" timestamp="2024-05-15T18:37:49" file="Precio_Fijacion.py" line="21">
		<error type="NoSuchWindowException" message="Message: no such window: target window already closed
from unknown error: web view not found
  (Session info: chrome=124.0.6367.202)
Stacktrace:
	GetHandleVerifier [0x00007FF658B11522+60802]
	(No symbol) [0x00007FF658A8AC22]
	(No symbol) [0x00007FF658947CE4]
	(No symbol) [0x00007FF65891DFDF]
	(No symbol) [0x00007FF6589C1E57]
	(No symbol) [0x00007FF6589C8FD2]
	(No symbol) [0x00007FF6589BAB40]
	(No symbol) [0x00007FF658988FEC]
	(No symbol) [0x00007FF658989C21]
	GetHandleVerifier [0x00007FF658E141BD+3217949]
	GetHandleVerifier [0x00007FF658E56157+3488183]
	GetHandleVerifier [0x00007FF658E4F0DF+3459391]
	GetHandleVerifier [0x00007FF658BCB8E6+823622]
	(No symbol) [0x00007FF658A95FBF]
	(No symbol) [0x00007FF658A90EE4]
	(No symbol) [0x00007FF658A91072]
	(No symbol) [0x00007FF658A818C4]
	BaseThreadInitThunk [0x00007FFA24B4257D+29]
	RtlUserThreadStart [0x00007FFA2654AA48+40]
"><![CDATA[Traceback (most recent call last):
  File "c:\Users\luist\repos\Automatizaciones-SILOHUB-\Precio_Fijacion.py", line 174, in tearDown
    self.driver.close()
  File "C:\Users\luist\AppData\Roaming\Python\Python310\site-packages\selenium\webdriver\remote\webdriver.py", line 459, in close
    self.execute(Command.CLOSE)
  File "C:\Users\luist\AppData\Roaming\Python\Python310\site-packages\selenium\webdriver\remote\webdriver.py", line 348, in execute
    self.error_handler.check_response(response)
  File "C:\Users\luist\AppData\Roaming\Python\Python310\site-packages\selenium\webdriver\remote\errorhandler.py", line 229, in check_response
    raise exception_class(message, screen, stacktrace)
selenium.common.exceptions.NoSuchWindowException: Message: no such window: target window already closed
from unknown error: web view not found
  (Session info: chrome=124.0.6367.202)
Stacktrace:
	GetHandleVerifier [0x00007FF658B11522+60802]
	(No symbol) [0x00007FF658A8AC22]
	(No symbol) [0x00007FF658947CE4]
	(No symbol) [0x00007FF65891DFDF]
	(No symbol) [0x00007FF6589C1E57]
	(No symbol) [0x00007FF6589C8FD2]
	(No symbol) [0x00007FF6589BAB40]
	(No symbol) [0x00007FF658988FEC]
	(No symbol) [0x00007FF658989C21]
	GetHandleVerifier [0x00007FF658E141BD+3217949]
	GetHandleVerifier [0x00007FF658E56157+3488183]
	GetHandleVerifier [0x00007FF658E4F0DF+3459391]
	GetHandleVerifier [0x00007FF658BCB8E6+823622]
	(No symbol) [0x00007FF658A95FBF]
	(No symbol) [0x00007FF658A90EE4]
	(No symbol) [0x00007FF658A91072]
	(No symbol) [0x00007FF658A818C4]
	BaseThreadInitThunk [0x00007FFA24B4257D+29]
	RtlUserThreadStart [0x00007FFA2654AA48+40]

]]></error>
		<system-out><![CDATA[El texto encontrado es  MERCADOS
Se hizo clic en un icono de borrar.
No se encontraron más movimientos para borrar.
¡Input encontrado y enviado con éxito!
¡Elemento encontrado y clickeado 7 veces con éxito!
¡Input encontrado y enviado con éxito!
El número 2400 no está presente.
Tiempo de espera agotado. El elemento no está presente o no es clickeable.
Tiempo de espera agotado. El elemento no está presente o no es clickeable.
]]></system-out>
	</testcase>
</testsuite>
