<?xml version="1.0" encoding="UTF-8"?>
<testsuite name="precio_granos_fijaciones-20240531114215" tests="1" file=".py" time="286.302" timestamp="2024-05-31T11:47:01" failures="0" errors="0" skipped="0">
	<testcase classname="precio_granos_fijaciones" name="test_price_fixings" time="286.302" timestamp="2024-05-31T11:47:01" file="Precio_Fijacion.py" line="21">
		<system-out><![CDATA[El texto encontrado es  MERCADOS
Se hizo clic en un icono de borrar.
No se encontraron más movimientos para borrar.
¡Input encontrado y enviado con éxito!
¡Elemento encontrado y clickeado 7 veces con éxito!
¡Input encontrado y enviado con éxito!
Número obtenido desde la funcion: 2657
Número verificado en la pantalla: 2657
Ha ocurrido un error al obtener o clicar en el elemento: Message: no such element: Unable to locate element: {"method":"xpath","selector":"./following-sibling::*[2][@id="Grupo_10473"]"}
  (Session info: chrome=125.0.6422.113); For documentation on this error, please visit: https://www.selenium.dev/documentation/webdriver/troubleshooting/errors#no-such-element-exception
Stacktrace:
	GetHandleVerifier [0x00007FF7A0AF1F52+60322]
	(No symbol) [0x00007FF7A0A6CEC9]
	(No symbol) [0x00007FF7A0927EBA]
	(No symbol) [0x00007FF7A0977676]
	(No symbol) [0x00007FF7A097773C]
	(No symbol) [0x00007FF7A096AEEC]
	(No symbol) [0x00007FF7A099C25F]
	(No symbol) [0x00007FF7A096ADB6]
	(No symbol) [0x00007FF7A099C430]
	(No symbol) [0x00007FF7A09BBC80]
	(No symbol) [0x00007FF7A099BFC3]
	(No symbol) [0x00007FF7A0969617]
	(No symbol) [0x00007FF7A096A211]
	GetHandleVerifier [0x00007FF7A0E094AD+3301629]
	GetHandleVerifier [0x00007FF7A0E536D3+3605283]
	GetHandleVerifier [0x00007FF7A0E49450+3563680]
	GetHandleVerifier [0x00007FF7A0BA4326+790390]
	(No symbol) [0x00007FF7A0A7750F]
	(No symbol) [0x00007FF7A0A73404]
	(No symbol) [0x00007FF7A0A73592]
	(No symbol) [0x00007FF7A0A62F9F]
	BaseThreadInitThunk [0x00007FF89C91257D+29]
	RtlUserThreadStart [0x00007FF89EBCAA48+40]

Tiempo de espera agotado. El elemento no está presente o no es clickeable.
Tiempo de espera agotado. El elemento no está presente o no es clickeable.
Tiempo de espera agotado. El chevron no están presentes o no son clickeables.
Tiempo de espera agotado. El input no está presente o no es clickeable.
Tiempo de espera agotado. El elemento no está presente o no es clickeable.
]]></system-out>
	</testcase>
</testsuite>
