<?xml version="1.0" encoding="UTF-8"?>
<testsuite name="precio_granos_fijaciones-20240909104340" tests="2" file=".py" time="332.930" timestamp="2024-09-09T10:49:13" failures="0" errors="2" skipped="0">
	<testcase classname="precio_granos_fijaciones" name="test_price_fixings" time="0.000" timestamp="0001-01-01T00:00:00" file="Precio_Fijacion.py" line="21">
		<error type="AttributeError" message="'NoneType' object has no attribute 'is_displayed'"><![CDATA[Traceback (most recent call last):
  File "c:\Users\luist\repos\Automatizaciones_M-dulos-\Precio_Fijacion.py", line 166, in test_price_fixings
    find_send_element(self.driver, insert_amount2, send_amount )
  File "c:\Users\luist\repos\Automatizaciones_M-dulos-\Elements.py", line 295, in find_send_element
    input_element = WebDriverWait(driver, 10).until(
  File "C:\Users\luist\AppData\Roaming\Python\Python310\site-packages\selenium\webdriver\support\wait.py", line 96, in until
    value = method(self._driver)
  File "C:\Users\luist\AppData\Roaming\Python\Python310\site-packages\selenium\webdriver\support\expected_conditions.py", line 364, in _predicate
    element = visibility_of(target)(driver)
  File "C:\Users\luist\AppData\Roaming\Python\Python310\site-packages\selenium\webdriver\support\expected_conditions.py", line 173, in _predicate
    return _element_if_visible(element)
  File "C:\Users\luist\AppData\Roaming\Python\Python310\site-packages\selenium\webdriver\support\expected_conditions.py", line 179, in _element_if_visible
    return element if element.is_displayed() == visibility else False
AttributeError: 'NoneType' object has no attribute 'is_displayed'
]]></error>
		<system-out><![CDATA[El texto encontrado es  MERCADOS
No se encontraron más movimientos para borrar.
Se hizo clic en un icono de borrar.
No se encontraron más movimientos para borrar.
¡Input encontrado y enviado con éxito!
¡Elemento encontrado y clickeado 6 veces con éxito!
Tiempo de espera agotado. El elemento no está presente o no es clickeable.
Tiempo de espera agotado. El elemento no está presente o no es clickeable.
¡Input encontrado y enviado con éxito!
Tiempo de espera agotado. El elemento no está presente o no es visible.
Tiempo de espera agotado. El elemento no está presente o no es clickeable.
Tiempo de espera agotado. El elemento no está presente o no es clickeable.
Tiempo de espera agotado. El chevron no están presentes o no son clickeables.
]]></system-out>
	</testcase>
	<testcase classname="precio_granos_fijaciones" name="test_price_fixings" time="332.930" timestamp="2024-09-09T10:49:13" file="Precio_Fijacion.py" line="21">
		<error type="WebDriverException" message="Message: disconnected: Unable to receive message from renderer
  (failed to check if window was closed: disconnected: not connected to DevTools)
  (Session info: chrome=128.0.6613.120)
Stacktrace:
	GetHandleVerifier [0x00007FF66636B5D2+29090]
	(No symbol) [0x00007FF6662DE689]
	(No symbol) [0x00007FF66619B1CA]
	(No symbol) [0x00007FF666183F0D]
	(No symbol) [0x00007FF666181AD3]
	(No symbol) [0x00007FF66618231F]
	(No symbol) [0x00007FF66619B7E3]
	(No symbol) [0x00007FF66616F5ED]
	(No symbol) [0x00007FF666225379]
	(No symbol) [0x00007FF6662166B0]
	(No symbol) [0x00007FF6661E09B1]
	(No symbol) [0x00007FF6661E1B11]
	GetHandleVerifier [0x00007FF666688C5D+3295277]
	GetHandleVerifier [0x00007FF6666D4843+3605523]
	GetHandleVerifier [0x00007FF6666CA707+3564247]
	GetHandleVerifier [0x00007FF666426EB6+797318]
	(No symbol) [0x00007FF6662E980F]
	(No symbol) [0x00007FF6662E53F4]
	(No symbol) [0x00007FF6662E5580]
	(No symbol) [0x00007FF6662D4A1F]
	BaseThreadInitThunk [0x00007FF8EEFD257D+29]
	RtlUserThreadStart [0x00007FF8F08EAF28+40]
"><![CDATA[Traceback (most recent call last):
  File "c:\Users\luist\repos\Automatizaciones_M-dulos-\Precio_Fijacion.py", line 178, in tearDown
    self.driver.close()
  File "C:\Users\luist\AppData\Roaming\Python\Python310\site-packages\selenium\webdriver\remote\webdriver.py", line 465, in close
    self.execute(Command.CLOSE)
  File "C:\Users\luist\AppData\Roaming\Python\Python310\site-packages\selenium\webdriver\remote\webdriver.py", line 354, in execute
    self.error_handler.check_response(response)
  File "C:\Users\luist\AppData\Roaming\Python\Python310\site-packages\selenium\webdriver\remote\errorhandler.py", line 229, in check_response
    raise exception_class(message, screen, stacktrace)
selenium.common.exceptions.WebDriverException: Message: disconnected: Unable to receive message from renderer
  (failed to check if window was closed: disconnected: not connected to DevTools)
  (Session info: chrome=128.0.6613.120)
Stacktrace:
	GetHandleVerifier [0x00007FF66636B5D2+29090]
	(No symbol) [0x00007FF6662DE689]
	(No symbol) [0x00007FF66619B1CA]
	(No symbol) [0x00007FF666183F0D]
	(No symbol) [0x00007FF666181AD3]
	(No symbol) [0x00007FF66618231F]
	(No symbol) [0x00007FF66619B7E3]
	(No symbol) [0x00007FF66616F5ED]
	(No symbol) [0x00007FF666225379]
	(No symbol) [0x00007FF6662166B0]
	(No symbol) [0x00007FF6661E09B1]
	(No symbol) [0x00007FF6661E1B11]
	GetHandleVerifier [0x00007FF666688C5D+3295277]
	GetHandleVerifier [0x00007FF6666D4843+3605523]
	GetHandleVerifier [0x00007FF6666CA707+3564247]
	GetHandleVerifier [0x00007FF666426EB6+797318]
	(No symbol) [0x00007FF6662E980F]
	(No symbol) [0x00007FF6662E53F4]
	(No symbol) [0x00007FF6662E5580]
	(No symbol) [0x00007FF6662D4A1F]
	BaseThreadInitThunk [0x00007FF8EEFD257D+29]
	RtlUserThreadStart [0x00007FF8F08EAF28+40]

]]></error>
		<system-out><![CDATA[El texto encontrado es  MERCADOS
No se encontraron más movimientos para borrar.
Se hizo clic en un icono de borrar.
No se encontraron más movimientos para borrar.
¡Input encontrado y enviado con éxito!
¡Elemento encontrado y clickeado 6 veces con éxito!
Tiempo de espera agotado. El elemento no está presente o no es clickeable.
Tiempo de espera agotado. El elemento no está presente o no es clickeable.
¡Input encontrado y enviado con éxito!
Tiempo de espera agotado. El elemento no está presente o no es visible.
Tiempo de espera agotado. El elemento no está presente o no es clickeable.
Tiempo de espera agotado. El elemento no está presente o no es clickeable.
Tiempo de espera agotado. El chevron no están presentes o no son clickeables.
]]></system-out>
	</testcase>
</testsuite>
