<?xml version="1.0" encoding="UTF-8"?>
<testsuite name="precio_granos_fijaciones-20240515183419" tests="1" file=".py" time="20.981" timestamp="2024-05-15T18:34:40" failures="0" errors="1" skipped="0">
	<testcase classname="precio_granos_fijaciones" name="test_price_fixings" time="20.981" timestamp="2024-05-15T18:34:40" file="Precio_Fijacion.py" line="21">
		<error type="ElementClickInterceptedException" message="Message: element click intercepted: Element is not clickable at point (1471, 1067)
  (Session info: chrome=124.0.6367.202)
Stacktrace:
	GetHandleVerifier [0x00007FF658B11522+60802]
	(No symbol) [0x00007FF658A8AC22]
	(No symbol) [0x00007FF658947CE4]
	(No symbol) [0x00007FF65899E877]
	(No symbol) [0x00007FF65899C344]
	(No symbol) [0x00007FF65899980A]
	(No symbol) [0x00007FF6589989E2]
	(No symbol) [0x00007FF65898AE8B]
	(No symbol) [0x00007FF6589BAB7A]
	(No symbol) [0x00007FF65898A7C6]
	(No symbol) [0x00007FF6589BAD90]
	(No symbol) [0x00007FF6589DA224]
	(No symbol) [0x00007FF6589BA923]
	(No symbol) [0x00007FF658988FEC]
	(No symbol) [0x00007FF658989C21]
	GetHandleVerifier [0x00007FF658E141BD+3217949]
	GetHandleVerifier [0x00007FF658E56157+3488183]
	GetHandleVerifier [0x00007FF658E4F0DF+3459391]
	GetHandleVerifier [0x00007FF658BCB8E6+823622]
	(No symbol) [0x00007FF658A95FBF]
	(No symbol) [0x00007FF658A90EE4]
	(No symbol) [0x00007FF658A91072]
	(No symbol) [0x00007FF658A818C4]
	BaseThreadInitThunk [0x00007FFA24B4257D+29]
	RtlUserThreadStart [0x00007FFA2654AA48+40]
"><![CDATA[Traceback (most recent call last):
  File "c:\Users\luist\repos\Automatizaciones-SILOHUB-\Precio_Fijacion.py", line 46, in test_price_fixings
    click_icon_delete(self.driver, delete_price_grain)
  File "c:\Users\luist\repos\Automatizaciones-SILOHUB-\Elements.py", line 1315, in click_icon_delete
    icono_borrar.click()
  File "C:\Users\luist\AppData\Roaming\Python\Python310\site-packages\selenium\webdriver\remote\webelement.py", line 94, in click
    self._execute(Command.CLICK_ELEMENT)
  File "C:\Users\luist\AppData\Roaming\Python\Python310\site-packages\selenium\webdriver\remote\webelement.py", line 395, in _execute
    return self._parent.execute(command, params)
  File "C:\Users\luist\AppData\Roaming\Python\Python310\site-packages\selenium\webdriver\remote\webdriver.py", line 348, in execute
    self.error_handler.check_response(response)
  File "C:\Users\luist\AppData\Roaming\Python\Python310\site-packages\selenium\webdriver\remote\errorhandler.py", line 229, in check_response
    raise exception_class(message, screen, stacktrace)
selenium.common.exceptions.ElementClickInterceptedException: Message: element click intercepted: Element is not clickable at point (1471, 1067)
  (Session info: chrome=124.0.6367.202)
Stacktrace:
	GetHandleVerifier [0x00007FF658B11522+60802]
	(No symbol) [0x00007FF658A8AC22]
	(No symbol) [0x00007FF658947CE4]
	(No symbol) [0x00007FF65899E877]
	(No symbol) [0x00007FF65899C344]
	(No symbol) [0x00007FF65899980A]
	(No symbol) [0x00007FF6589989E2]
	(No symbol) [0x00007FF65898AE8B]
	(No symbol) [0x00007FF6589BAB7A]
	(No symbol) [0x00007FF65898A7C6]
	(No symbol) [0x00007FF6589BAD90]
	(No symbol) [0x00007FF6589DA224]
	(No symbol) [0x00007FF6589BA923]
	(No symbol) [0x00007FF658988FEC]
	(No symbol) [0x00007FF658989C21]
	GetHandleVerifier [0x00007FF658E141BD+3217949]
	GetHandleVerifier [0x00007FF658E56157+3488183]
	GetHandleVerifier [0x00007FF658E4F0DF+3459391]
	GetHandleVerifier [0x00007FF658BCB8E6+823622]
	(No symbol) [0x00007FF658A95FBF]
	(No symbol) [0x00007FF658A90EE4]
	(No symbol) [0x00007FF658A91072]
	(No symbol) [0x00007FF658A818C4]
	BaseThreadInitThunk [0x00007FFA24B4257D+29]
	RtlUserThreadStart [0x00007FFA2654AA48+40]

]]></error>
		<system-out><![CDATA[El texto encontrado es  MERCADOS
]]></system-out>
	</testcase>
</testsuite>
