<?xml version="1.0" encoding="UTF-8"?>
<testsuite name="precio_granos_fijaciones-20240516085607" tests="1" file=".py" time="22.263" timestamp="2024-05-16T08:56:30" failures="0" errors="1" skipped="0">
	<testcase classname="precio_granos_fijaciones" name="test_price_fixings" time="22.263" timestamp="2024-05-16T08:56:30" file="Precio_Fijacion.py" line="21">
		<error type="ElementClickInterceptedException" message="Message: element click intercepted: Element is not clickable at point (1471, 1062)
  (Session info: chrome=124.0.6367.208)
Stacktrace:
	GetHandleVerifier [0x00007FF6254F1522+60802]
	(No symbol) [0x00007FF62546AC22]
	(No symbol) [0x00007FF625327CE4]
	(No symbol) [0x00007FF62537E877]
	(No symbol) [0x00007FF62537C344]
	(No symbol) [0x00007FF62537980A]
	(No symbol) [0x00007FF6253789E2]
	(No symbol) [0x00007FF62536AE8B]
	(No symbol) [0x00007FF62539AB7A]
	(No symbol) [0x00007FF62536A7C6]
	(No symbol) [0x00007FF62539AD90]
	(No symbol) [0x00007FF6253BA224]
	(No symbol) [0x00007FF62539A923]
	(No symbol) [0x00007FF625368FEC]
	(No symbol) [0x00007FF625369C21]
	GetHandleVerifier [0x00007FF6257F41BD+3217949]
	GetHandleVerifier [0x00007FF625836157+3488183]
	GetHandleVerifier [0x00007FF62582F0DF+3459391]
	GetHandleVerifier [0x00007FF6255AB8E6+823622]
	(No symbol) [0x00007FF625475FBF]
	(No symbol) [0x00007FF625470EE4]
	(No symbol) [0x00007FF625471072]
	(No symbol) [0x00007FF6254618C4]
	BaseThreadInitThunk [0x00007FFA24B4257D+29]
	RtlUserThreadStart [0x00007FFA2654AA48+40]
"><![CDATA[Traceback (most recent call last):
  File "c:\Users\luist\repos\Automatizaciones-SILOHUB-\Precio_Fijacion.py", line 46, in test_price_fixings
    click_icon_delete(self.driver, delete_price_grain)
  File "c:\Users\luist\repos\Automatizaciones-SILOHUB-\Elements.py", line 1315, in click_icon_delete
    icono_borrar.click()
  File "C:\Users\luist\AppData\Roaming\Python\Python310\site-packages\selenium\webdriver\remote\webelement.py", line 94, in click
    self._execute(Command.CLICK_ELEMENT)
  File "C:\Users\luist\AppData\Roaming\Python\Python310\site-packages\selenium\webdriver\remote\webelement.py", line 395, in _execute
    return self._parent.execute(command, params)
  File "C:\Users\luist\AppData\Roaming\Python\Python310\site-packages\selenium\webdriver\remote\webdriver.py", line 348, in execute
    self.error_handler.check_response(response)
  File "C:\Users\luist\AppData\Roaming\Python\Python310\site-packages\selenium\webdriver\remote\errorhandler.py", line 229, in check_response
    raise exception_class(message, screen, stacktrace)
selenium.common.exceptions.ElementClickInterceptedException: Message: element click intercepted: Element is not clickable at point (1471, 1062)
  (Session info: chrome=124.0.6367.208)
Stacktrace:
	GetHandleVerifier [0x00007FF6254F1522+60802]
	(No symbol) [0x00007FF62546AC22]
	(No symbol) [0x00007FF625327CE4]
	(No symbol) [0x00007FF62537E877]
	(No symbol) [0x00007FF62537C344]
	(No symbol) [0x00007FF62537980A]
	(No symbol) [0x00007FF6253789E2]
	(No symbol) [0x00007FF62536AE8B]
	(No symbol) [0x00007FF62539AB7A]
	(No symbol) [0x00007FF62536A7C6]
	(No symbol) [0x00007FF62539AD90]
	(No symbol) [0x00007FF6253BA224]
	(No symbol) [0x00007FF62539A923]
	(No symbol) [0x00007FF625368FEC]
	(No symbol) [0x00007FF625369C21]
	GetHandleVerifier [0x00007FF6257F41BD+3217949]
	GetHandleVerifier [0x00007FF625836157+3488183]
	GetHandleVerifier [0x00007FF62582F0DF+3459391]
	GetHandleVerifier [0x00007FF6255AB8E6+823622]
	(No symbol) [0x00007FF625475FBF]
	(No symbol) [0x00007FF625470EE4]
	(No symbol) [0x00007FF625471072]
	(No symbol) [0x00007FF6254618C4]
	BaseThreadInitThunk [0x00007FFA24B4257D+29]
	RtlUserThreadStart [0x00007FFA2654AA48+40]

]]></error>
		<system-out><![CDATA[El texto encontrado es  MERCADOS
]]></system-out>
	</testcase>
</testsuite>
