<?xml version="1.0" encoding="UTF-8"?>
<testsuite name="precio_granos_fijaciones-20240528115910" tests="2" file=".py" time="128.663" timestamp="2024-05-28T12:01:18" failures="0" errors="2" skipped="0">
	<testcase classname="precio_granos_fijaciones" name="test_price_fixings" time="0.000" timestamp="0001-01-01T00:00:00" file="Precio_Fijacion.py" line="21">
		<error type="ElementClickInterceptedException" message="Message: element click intercepted: Element &lt;span _ngcontent-mln-c117=&quot;&quot; class=&quot;fw-bold f-size-12 col-12 col-sm-8 text-muted text-primary cursor-pointer&quot;&gt;...&lt;/span&gt; is not clickable at point (370, 87). Other element would receive the click: &lt;div class=&quot;swal2-container swal2-center swal2-backdrop-show&quot; style=&quot;overflow-y: auto;&quot;&gt;...&lt;/div&gt;
  (Session info: chrome=125.0.6422.112)
Stacktrace:
	GetHandleVerifier [0x00007FF6BDD51F22+60322]
	(No symbol) [0x00007FF6BDCCCE99]
	(No symbol) [0x00007FF6BDB87EBA]
	(No symbol) [0x00007FF6BDBDF32E]
	(No symbol) [0x00007FF6BDBDCCF2]
	(No symbol) [0x00007FF6BDBDA18B]
	(No symbol) [0x00007FF6BDBD9356]
	(No symbol) [0x00007FF6BDBCB491]
	(No symbol) [0x00007FF6BDBFC21A]
	(No symbol) [0x00007FF6BDBCADB6]
	(No symbol) [0x00007FF6BDBFC430]
	(No symbol) [0x00007FF6BDC1BC80]
	(No symbol) [0x00007FF6BDBFBFC3]
	(No symbol) [0x00007FF6BDBC9617]
	(No symbol) [0x00007FF6BDBCA211]
	GetHandleVerifier [0x00007FF6BE06946D+3301613]
	GetHandleVerifier [0x00007FF6BE0B3693+3605267]
	GetHandleVerifier [0x00007FF6BE0A9410+3563664]
	GetHandleVerifier [0x00007FF6BDE042F6+790390]
	(No symbol) [0x00007FF6BDCD74DF]
	(No symbol) [0x00007FF6BDCD33D4]
	(No symbol) [0x00007FF6BDCD3562]
	(No symbol) [0x00007FF6BDCC2F6F]
	BaseThreadInitThunk [0x00007FFFE64E257D+29]
	RtlUserThreadStart [0x00007FFFE792AA48+40]
"><![CDATA[Traceback (most recent call last):
  File "c:\Users\luist\repos\Automatizaciones-SILOHUB-\Precio_Fijacion.py", line 134, in test_price_fixings
    find_elements(self.driver, select_market_home)
  File "c:\Users\luist\repos\Automatizaciones-SILOHUB-\Elements.py", line 22, in find_elements
    select_nex_button.click()
  File "C:\Users\luist\AppData\Roaming\Python\Python310\site-packages\selenium\webdriver\remote\webelement.py", line 94, in click
    self._execute(Command.CLICK_ELEMENT)
  File "C:\Users\luist\AppData\Roaming\Python\Python310\site-packages\selenium\webdriver\remote\webelement.py", line 395, in _execute
    return self._parent.execute(command, params)
  File "C:\Users\luist\AppData\Roaming\Python\Python310\site-packages\selenium\webdriver\remote\webdriver.py", line 348, in execute
    self.error_handler.check_response(response)
  File "C:\Users\luist\AppData\Roaming\Python\Python310\site-packages\selenium\webdriver\remote\errorhandler.py", line 229, in check_response
    raise exception_class(message, screen, stacktrace)
selenium.common.exceptions.ElementClickInterceptedException: Message: element click intercepted: Element <span _ngcontent-mln-c117="" class="fw-bold f-size-12 col-12 col-sm-8 text-muted text-primary cursor-pointer">...</span> is not clickable at point (370, 87). Other element would receive the click: <div class="swal2-container swal2-center swal2-backdrop-show" style="overflow-y: auto;">...</div>
  (Session info: chrome=125.0.6422.112)
Stacktrace:
	GetHandleVerifier [0x00007FF6BDD51F22+60322]
	(No symbol) [0x00007FF6BDCCCE99]
	(No symbol) [0x00007FF6BDB87EBA]
	(No symbol) [0x00007FF6BDBDF32E]
	(No symbol) [0x00007FF6BDBDCCF2]
	(No symbol) [0x00007FF6BDBDA18B]
	(No symbol) [0x00007FF6BDBD9356]
	(No symbol) [0x00007FF6BDBCB491]
	(No symbol) [0x00007FF6BDBFC21A]
	(No symbol) [0x00007FF6BDBCADB6]
	(No symbol) [0x00007FF6BDBFC430]
	(No symbol) [0x00007FF6BDC1BC80]
	(No symbol) [0x00007FF6BDBFBFC3]
	(No symbol) [0x00007FF6BDBC9617]
	(No symbol) [0x00007FF6BDBCA211]
	GetHandleVerifier [0x00007FF6BE06946D+3301613]
	GetHandleVerifier [0x00007FF6BE0B3693+3605267]
	GetHandleVerifier [0x00007FF6BE0A9410+3563664]
	GetHandleVerifier [0x00007FF6BDE042F6+790390]
	(No symbol) [0x00007FF6BDCD74DF]
	(No symbol) [0x00007FF6BDCD33D4]
	(No symbol) [0x00007FF6BDCD3562]
	(No symbol) [0x00007FF6BDCC2F6F]
	BaseThreadInitThunk [0x00007FFFE64E257D+29]
	RtlUserThreadStart [0x00007FFFE792AA48+40]

]]></error>
		<system-out><![CDATA[El texto encontrado es  MERCADOS
Se hizo clic en un icono de borrar.
No se encontraron más movimientos para borrar.
¡Input encontrado y enviado con éxito!
¡Elemento encontrado y clickeado 7 veces con éxito!
¡Input encontrado y enviado con éxito!
Tiempo de espera agotado. El elemento no está presente o no es clickeable.
Tiempo de espera agotado. El elemento no está presente o no es clickeable.
]]></system-out>
	</testcase>
	<testcase classname="precio_granos_fijaciones" name="test_price_fixings" time="128.663" timestamp="2024-05-28T12:01:18" file="Precio_Fijacion.py" line="21">
		<error type="WebDriverException" message="Message: disconnected: Unable to receive message from renderer
  (failed to check if window was closed: disconnected: not connected to DevTools)
  (Session info: chrome=125.0.6422.112)
Stacktrace:
	GetHandleVerifier [0x00007FF6BDD51F22+60322]
	(No symbol) [0x00007FF6BDCCCE99]
	(No symbol) [0x00007FF6BDB87EBA]
	(No symbol) [0x00007FF6BDB7070D]
	(No symbol) [0x00007FF6BDB6E39D]
	(No symbol) [0x00007FF6BDB6EBAF]
	(No symbol) [0x00007FF6BDB884E3]
	(No symbol) [0x00007FF6BDB5D08C]
	(No symbol) [0x00007FF6BDC0B697]
	(No symbol) [0x00007FF6BDC0B099]
	(No symbol) [0x00007FF6BDBFC1E0]
	(No symbol) [0x00007FF6BDBC9617]
	(No symbol) [0x00007FF6BDBCA211]
	GetHandleVerifier [0x00007FF6BE06946D+3301613]
	GetHandleVerifier [0x00007FF6BE0B3693+3605267]
	GetHandleVerifier [0x00007FF6BE0A9410+3563664]
	GetHandleVerifier [0x00007FF6BDE042F6+790390]
	(No symbol) [0x00007FF6BDCD74DF]
	(No symbol) [0x00007FF6BDCD33D4]
	(No symbol) [0x00007FF6BDCD3562]
	(No symbol) [0x00007FF6BDCC2F6F]
	BaseThreadInitThunk [0x00007FFFE64E257D+29]
	RtlUserThreadStart [0x00007FFFE792AA48+40]
"><![CDATA[Traceback (most recent call last):
  File "c:\Users\luist\repos\Automatizaciones-SILOHUB-\Precio_Fijacion.py", line 174, in tearDown
    self.driver.close()
  File "C:\Users\luist\AppData\Roaming\Python\Python310\site-packages\selenium\webdriver\remote\webdriver.py", line 459, in close
    self.execute(Command.CLOSE)
  File "C:\Users\luist\AppData\Roaming\Python\Python310\site-packages\selenium\webdriver\remote\webdriver.py", line 348, in execute
    self.error_handler.check_response(response)
  File "C:\Users\luist\AppData\Roaming\Python\Python310\site-packages\selenium\webdriver\remote\errorhandler.py", line 229, in check_response
    raise exception_class(message, screen, stacktrace)
selenium.common.exceptions.WebDriverException: Message: disconnected: Unable to receive message from renderer
  (failed to check if window was closed: disconnected: not connected to DevTools)
  (Session info: chrome=125.0.6422.112)
Stacktrace:
	GetHandleVerifier [0x00007FF6BDD51F22+60322]
	(No symbol) [0x00007FF6BDCCCE99]
	(No symbol) [0x00007FF6BDB87EBA]
	(No symbol) [0x00007FF6BDB7070D]
	(No symbol) [0x00007FF6BDB6E39D]
	(No symbol) [0x00007FF6BDB6EBAF]
	(No symbol) [0x00007FF6BDB884E3]
	(No symbol) [0x00007FF6BDB5D08C]
	(No symbol) [0x00007FF6BDC0B697]
	(No symbol) [0x00007FF6BDC0B099]
	(No symbol) [0x00007FF6BDBFC1E0]
	(No symbol) [0x00007FF6BDBC9617]
	(No symbol) [0x00007FF6BDBCA211]
	GetHandleVerifier [0x00007FF6BE06946D+3301613]
	GetHandleVerifier [0x00007FF6BE0B3693+3605267]
	GetHandleVerifier [0x00007FF6BE0A9410+3563664]
	GetHandleVerifier [0x00007FF6BDE042F6+790390]
	(No symbol) [0x00007FF6BDCD74DF]
	(No symbol) [0x00007FF6BDCD33D4]
	(No symbol) [0x00007FF6BDCD3562]
	(No symbol) [0x00007FF6BDCC2F6F]
	BaseThreadInitThunk [0x00007FFFE64E257D+29]
	RtlUserThreadStart [0x00007FFFE792AA48+40]

]]></error>
		<system-out><![CDATA[El texto encontrado es  MERCADOS
Se hizo clic en un icono de borrar.
No se encontraron más movimientos para borrar.
¡Input encontrado y enviado con éxito!
¡Elemento encontrado y clickeado 7 veces con éxito!
¡Input encontrado y enviado con éxito!
Tiempo de espera agotado. El elemento no está presente o no es clickeable.
Tiempo de espera agotado. El elemento no está presente o no es clickeable.
]]></system-out>
	</testcase>
</testsuite>
