<?xml version="1.0" encoding="UTF-8"?>
<testsuite name="entregas_pend_Aplicadas-20240405164733" tests="1" file=".py" time="71.131" timestamp="2024-04-05T16:48:44" failures="0" errors="0" skipped="0">
	<testcase classname="entregas_pend_Aplicadas" name="test_delivery_earrings" time="71.131" timestamp="2024-04-05T16:48:44" file="EntregasPendApli.py" line="22">
		<system-out><![CDATA[¡Elemento encontrado y clickeado con éxito!
¡Elemento encontrado y clickeado con éxito!
El texto encontrado es  MIS ENTREGAS
¡Elemento encontrado y clickeado con éxito!
¡Elemento encontrado y clickeado con éxito!
¡Elemento encontrado y clickeado con éxito!
¡Elemento encontrado y clickeado con éxito!
¡Elemento encontrado y clickeado con éxito!
¡Elemento encontrado y clickeado con éxito!
¡Elemento encontrado y clickeado 1 veces con éxito!
¡Elemento encontrado y clickeado 9 veces con éxito!
¡Elemento encontrado y clickeado con éxito!
¡Elemento encontrado y clickeado con éxito!
¡Elemento encontrado y clickeado con éxito!
El texto es visible para el usuario: '4.313,60'
El texto es visible para el usuario: '4.176,77'
¡Elemento encontrado y clickeado con éxito!
¡Elemento encontrado y clickeado con éxito!
¡Elemento encontrado y clickeado con éxito!
¡Elemento encontrado y clickeado con éxito!
¡Elemento encontrado y clickeado con éxito!
¡Elemento encontrado y clickeado con éxito!
¡Elemento encontrado y clickeado con éxito!
¡Elemento encontrado y clickeado con éxito!
El texto es visible para el usuario
El texto fue validado correctamente: Entrega TK 0001 00121693
El texto es visible para el usuario: '313,20 QQ'
El texto es visible para el usuario
El texto fue validado correctamente: De Maiz
El texto es visible para el usuario
El texto fue validado correctamente: DATOS DE LA ENTREGA
El texto es visible para el usuario
El texto fue validado correctamente: 26/07/2022
El texto es visible para el usuario
El texto fue validado correctamente: 21/22
El texto es visible para el usuario
El texto fue validado correctamente: DON EMIDIO SA
El texto es visible para el usuario
El texto fue validado correctamente: 19970 CAMPO RASSETTO (Don Emidio S.A.)
¡Elemento encontrado y clickeado con éxito!
]]></system-out>
	</testcase>
</testsuite>
