<?xml version="1.0" encoding="UTF-8"?>
<testsuite name="entregas_pend_Aplicadas-20241014124306" tests="1" file=".py" time="41.528" timestamp="2024-10-14T12:43:47" failures="0" errors="1" skipped="0">
	<testcase classname="entregas_pend_Aplicadas" name="test_delivery_earrings" time="41.528" timestamp="2024-10-14T12:43:47" file="EntregasPendApli.py" line="23">
		<error type="TimeoutException" message="Message: 
Stacktrace:
	GetHandleVerifier [0x00007FF64AFEB095+29557]
	(No symbol) [0x00007FF64AF5FA50]
	(No symbol) [0x00007FF64AE1B56A]
	(No symbol) [0x00007FF64AE6F695]
	(No symbol) [0x00007FF64AE6F8EC]
	(No symbol) [0x00007FF64AEBB777]
	(No symbol) [0x00007FF64AE971CF]
	(No symbol) [0x00007FF64AEB851C]
	(No symbol) [0x00007FF64AE96F33]
	(No symbol) [0x00007FF64AE6116F]
	(No symbol) [0x00007FF64AE622D1]
	GetHandleVerifier [0x00007FF64B31C96D+3378253]
	GetHandleVerifier [0x00007FF64B368497+3688311]
	GetHandleVerifier [0x00007FF64B35D1CB+3642539]
	GetHandleVerifier [0x00007FF64B0AA6B6+813462]
	(No symbol) [0x00007FF64AF6AB5F]
	(No symbol) [0x00007FF64AF66B74]
	(No symbol) [0x00007FF64AF66D10]
	(No symbol) [0x00007FF64AF55C1F]
	BaseThreadInitThunk [0x00007FF92EF0257D+29]
	RtlUserThreadStart [0x00007FF93006AF08+40]
"><![CDATA[Traceback (most recent call last):
  File "c:\Users\luist\repos\Automatizaciones_M-dulos-\EntregasPendApli.py", line 27, in test_delivery_earrings
    self.login_helper.search_and_select_account("484")
  File "c:\Users\luist\repos\Automatizaciones_M-dulos-\loginhelper.py", line 24, in search_and_select_account
    input_element = find_element_by_id(self.driver, "search-options")
  File "c:\Users\luist\repos\Automatizaciones_M-dulos-\findElements.py", line 10, in find_element_by_id
    return WebDriverWait(driver, 10).until(EC.presence_of_element_located((By.ID, id)))
  File "C:\Users\luist\AppData\Roaming\Python\Python310\site-packages\selenium\webdriver\support\wait.py", line 105, in until
    raise TimeoutException(message, screen, stacktrace)
selenium.common.exceptions.TimeoutException: Message: 
Stacktrace:
	GetHandleVerifier [0x00007FF64AFEB095+29557]
	(No symbol) [0x00007FF64AF5FA50]
	(No symbol) [0x00007FF64AE1B56A]
	(No symbol) [0x00007FF64AE6F695]
	(No symbol) [0x00007FF64AE6F8EC]
	(No symbol) [0x00007FF64AEBB777]
	(No symbol) [0x00007FF64AE971CF]
	(No symbol) [0x00007FF64AEB851C]
	(No symbol) [0x00007FF64AE96F33]
	(No symbol) [0x00007FF64AE6116F]
	(No symbol) [0x00007FF64AE622D1]
	GetHandleVerifier [0x00007FF64B31C96D+3378253]
	GetHandleVerifier [0x00007FF64B368497+3688311]
	GetHandleVerifier [0x00007FF64B35D1CB+3642539]
	GetHandleVerifier [0x00007FF64B0AA6B6+813462]
	(No symbol) [0x00007FF64AF6AB5F]
	(No symbol) [0x00007FF64AF66B74]
	(No symbol) [0x00007FF64AF66D10]
	(No symbol) [0x00007FF64AF55C1F]
	BaseThreadInitThunk [0x00007FF92EF0257D+29]
	RtlUserThreadStart [0x00007FF93006AF08+40]

]]></error>
	</testcase>
</testsuite>
