<?xml version="1.0" encoding="UTF-8"?>
<testsuite name="entregas_pend_Aplicadas-20241014123518" tests="1" file=".py" time="104.425" timestamp="2024-10-14T12:37:03" failures="0" errors="1" skipped="0">
	<testcase classname="entregas_pend_Aplicadas" name="test_delivery_earrings" time="104.425" timestamp="2024-10-14T12:37:03" file="EntregasPendApli.py" line="23">
		<error type="NoSuchElementException" message="Message: no such element: Unable to locate element: {&quot;method&quot;:&quot;xpath&quot;,&quot;selector&quot;:&quot;/html/body/app-root/app-layout/app-vertical/div/div/div/div/app-quality-analisis/app-responsive-table/div/div[2]/table/tbody/tr[9]/td[2]/span/div/span&quot;}
  (Session info: chrome=129.0.6668.100); For documentation on this error, please visit: https://www.selenium.dev/documentation/webdriver/troubleshooting/errors#no-such-element-exception
Stacktrace:
	GetHandleVerifier [0x00007FF64AFEB095+29557]
	(No symbol) [0x00007FF64AF5FA50]
	(No symbol) [0x00007FF64AE1B56A]
	(No symbol) [0x00007FF64AE6F695]
	(No symbol) [0x00007FF64AE6F8EC]
	(No symbol) [0x00007FF64AEBB777]
	(No symbol) [0x00007FF64AE971CF]
	(No symbol) [0x00007FF64AEB851C]
	(No symbol) [0x00007FF64AE96F33]
	(No symbol) [0x00007FF64AE6116F]
	(No symbol) [0x00007FF64AE622D1]
	GetHandleVerifier [0x00007FF64B31C96D+3378253]
	GetHandleVerifier [0x00007FF64B368497+3688311]
	GetHandleVerifier [0x00007FF64B35D1CB+3642539]
	GetHandleVerifier [0x00007FF64B0AA6B6+813462]
	(No symbol) [0x00007FF64AF6AB5F]
	(No symbol) [0x00007FF64AF66B74]
	(No symbol) [0x00007FF64AF66D10]
	(No symbol) [0x00007FF64AF55C1F]
	BaseThreadInitThunk [0x00007FF92EF0257D+29]
	RtlUserThreadStart [0x00007FF93006AF08+40]
"><![CDATA[Traceback (most recent call last):
  File "c:\Users\luist\repos\Automatizaciones_M-dulos-\EntregasPendApli.py", line 193, in test_delivery_earrings
    validate_character_string_element(self.driver, foreign_matter )
  File "c:\Users\luist\repos\Automatizaciones_M-dulos-\Elements2.py", line 30, in validate_character_string_element
    elemento = driver.find_element(By.XPATH, xpath)
  File "C:\Users\luist\AppData\Roaming\Python\Python310\site-packages\selenium\webdriver\remote\webdriver.py", line 748, in find_element
    return self.execute(Command.FIND_ELEMENT, {"using": by, "value": value})["value"]
  File "C:\Users\luist\AppData\Roaming\Python\Python310\site-packages\selenium\webdriver\remote\webdriver.py", line 354, in execute
    self.error_handler.check_response(response)
  File "C:\Users\luist\AppData\Roaming\Python\Python310\site-packages\selenium\webdriver\remote\errorhandler.py", line 229, in check_response
    raise exception_class(message, screen, stacktrace)
selenium.common.exceptions.NoSuchElementException: Message: no such element: Unable to locate element: {"method":"xpath","selector":"/html/body/app-root/app-layout/app-vertical/div/div/div/div/app-quality-analisis/app-responsive-table/div/div[2]/table/tbody/tr[9]/td[2]/span/div/span"}
  (Session info: chrome=129.0.6668.100); For documentation on this error, please visit: https://www.selenium.dev/documentation/webdriver/troubleshooting/errors#no-such-element-exception
Stacktrace:
	GetHandleVerifier [0x00007FF64AFEB095+29557]
	(No symbol) [0x00007FF64AF5FA50]
	(No symbol) [0x00007FF64AE1B56A]
	(No symbol) [0x00007FF64AE6F695]
	(No symbol) [0x00007FF64AE6F8EC]
	(No symbol) [0x00007FF64AEBB777]
	(No symbol) [0x00007FF64AE971CF]
	(No symbol) [0x00007FF64AEB851C]
	(No symbol) [0x00007FF64AE96F33]
	(No symbol) [0x00007FF64AE6116F]
	(No symbol) [0x00007FF64AE622D1]
	GetHandleVerifier [0x00007FF64B31C96D+3378253]
	GetHandleVerifier [0x00007FF64B368497+3688311]
	GetHandleVerifier [0x00007FF64B35D1CB+3642539]
	GetHandleVerifier [0x00007FF64B0AA6B6+813462]
	(No symbol) [0x00007FF64AF6AB5F]
	(No symbol) [0x00007FF64AF66B74]
	(No symbol) [0x00007FF64AF66D10]
	(No symbol) [0x00007FF64AF55C1F]
	BaseThreadInitThunk [0x00007FF92EF0257D+29]
	RtlUserThreadStart [0x00007FF93006AF08+40]

]]></error>
		<system-out><![CDATA[El texto encontrado es  MIS ENTREGAS
¡Elemento encontrado y clickeado 2 veces con éxito!
¡Elemento encontrado y clickeado 3 veces con éxito!
El valor es un carácter numérico. Valor: 431.360,00
El valor es un carácter numérico. Valor: 417.677,00
El valor es un string. Valor: Entrega TK 0001 00121693
El valor es un string. Valor: 31.320,00 Kg
El valor es un string. Valor: De Maiz
El valor es un string. Valor: DATOS DE LA ENTREGA
El valor es un string. Valor: 26/07/2022
El valor es un string. Valor: 21/22
El valor es un string. Valor: DON EMIDIO SA
El valor es un string. Valor: 19970 CAMPO RASSETTO (Don Emidio S.A.)
El texto es visible para el usuario
El texto fue validado correctamente: ANÁLISIS
]]></system-out>
	</testcase>
</testsuite>
