<?xml version="1.0" encoding="UTF-8"?>
<testsuite name="reportEntregasVentas-20240613122010" tests="1" file=".py" time="32.864" timestamp="2024-06-13T12:20:43" failures="0" errors="1" skipped="0">
	<testcase classname="reportEntregasVentas" name="test_Report_deliverySales" time="32.864" timestamp="2024-06-13T12:20:43" file="ReportEntreVentas.py" line="17">
		<error type="JavascriptException" message="Message: javascript error: {&quot;status&quot;:32,&quot;value&quot;:&quot;Unable to locate an element with the xpath expression #layout-wrapper &gt; div &gt; div &gt; div &gt; sales-deliveries &gt; app-responsive-table &gt; div &gt; div.table-responsive &gt; table &gt; tbody &gt; tr:nth-child(4) &gt; td:nth-child(2) &gt; span &gt; div &gt; span because of the following error:\nSyntaxError: Failed to execute 'evaluate' on 'Document': The string '#layout-wrapper &gt; div &gt; div &gt; div &gt; sales-deliveries &gt; app-responsive-table &gt; div &gt; div.table-responsive &gt; table &gt; tbody &gt; tr:nth-child(4) &gt; td:nth-child(2) &gt; span &gt; div &gt; span' is not a valid XPath expression.&quot;}
  (Session info: chrome=125.0.6422.144)
Stacktrace:
	GetHandleVerifier [0x00007FF7E5B41F52+60322]
	(No symbol) [0x00007FF7E5ABCEC9]
	(No symbol) [0x00007FF7E5977EBA]
	(No symbol) [0x00007FF7E597DCEE]
	(No symbol) [0x00007FF7E5980641]
	(No symbol) [0x00007FF7E59806E0]
	(No symbol) [0x00007FF7E59C733B]
	(No symbol) [0x00007FF7E59C773C]
	(No symbol) [0x00007FF7E5A0E967]
	(No symbol) [0x00007FF7E59EC25F]
	(No symbol) [0x00007FF7E5A0BC80]
	(No symbol) [0x00007FF7E59EBFC3]
	(No symbol) [0x00007FF7E59B9617]
	(No symbol) [0x00007FF7E59BA211]
	GetHandleVerifier [0x00007FF7E5E594AD+3301629]
	GetHandleVerifier [0x00007FF7E5EA36D3+3605283]
	GetHandleVerifier [0x00007FF7E5E99450+3563680]
	GetHandleVerifier [0x00007FF7E5BF4326+790390]
	(No symbol) [0x00007FF7E5AC750F]
	(No symbol) [0x00007FF7E5AC3404]
	(No symbol) [0x00007FF7E5AC3592]
	(No symbol) [0x00007FF7E5AB2F9F]
	BaseThreadInitThunk [0x00007FFBED37257D+29]
	RtlUserThreadStart [0x00007FFBEECEAA48+40]
"><![CDATA[Traceback (most recent call last):
  File "c:\Users\luist\repos\Automatizaciones-SILOHUB-\ReportEntreVentas.py", line 100, in test_Report_deliverySales
    validate_character_numeric_element(self.driver,total_requested)
  File "c:\Users\luist\repos\Automatizaciones-SILOHUB-\Elements.py", line 1146, in validate_character_numeric_element
    elemento = driver.find_element(By.XPATH, xpath)
  File "C:\Users\luist\AppData\Roaming\Python\Python310\site-packages\selenium\webdriver\remote\webdriver.py", line 742, in find_element
    return self.execute(Command.FIND_ELEMENT, {"using": by, "value": value})["value"]
  File "C:\Users\luist\AppData\Roaming\Python\Python310\site-packages\selenium\webdriver\remote\webdriver.py", line 348, in execute
    self.error_handler.check_response(response)
  File "C:\Users\luist\AppData\Roaming\Python\Python310\site-packages\selenium\webdriver\remote\errorhandler.py", line 229, in check_response
    raise exception_class(message, screen, stacktrace)
selenium.common.exceptions.JavascriptException: Message: javascript error: {"status":32,"value":"Unable to locate an element with the xpath expression #layout-wrapper > div > div > div > sales-deliveries > app-responsive-table > div > div.table-responsive > table > tbody > tr:nth-child(4) > td:nth-child(2) > span > div > span because of the following error:\nSyntaxError: Failed to execute 'evaluate' on 'Document': The string '#layout-wrapper > div > div > div > sales-deliveries > app-responsive-table > div > div.table-responsive > table > tbody > tr:nth-child(4) > td:nth-child(2) > span > div > span' is not a valid XPath expression."}
  (Session info: chrome=125.0.6422.144)
Stacktrace:
	GetHandleVerifier [0x00007FF7E5B41F52+60322]
	(No symbol) [0x00007FF7E5ABCEC9]
	(No symbol) [0x00007FF7E5977EBA]
	(No symbol) [0x00007FF7E597DCEE]
	(No symbol) [0x00007FF7E5980641]
	(No symbol) [0x00007FF7E59806E0]
	(No symbol) [0x00007FF7E59C733B]
	(No symbol) [0x00007FF7E59C773C]
	(No symbol) [0x00007FF7E5A0E967]
	(No symbol) [0x00007FF7E59EC25F]
	(No symbol) [0x00007FF7E5A0BC80]
	(No symbol) [0x00007FF7E59EBFC3]
	(No symbol) [0x00007FF7E59B9617]
	(No symbol) [0x00007FF7E59BA211]
	GetHandleVerifier [0x00007FF7E5E594AD+3301629]
	GetHandleVerifier [0x00007FF7E5EA36D3+3605283]
	GetHandleVerifier [0x00007FF7E5E99450+3563680]
	GetHandleVerifier [0x00007FF7E5BF4326+790390]
	(No symbol) [0x00007FF7E5AC750F]
	(No symbol) [0x00007FF7E5AC3404]
	(No symbol) [0x00007FF7E5AC3592]
	(No symbol) [0x00007FF7E5AB2F9F]
	BaseThreadInitThunk [0x00007FFBED37257D+29]
	RtlUserThreadStart [0x00007FFBEECEAA48+40]

]]></error>
		<system-out><![CDATA[El texto encontrado es  Entregas y Ventas
El texto encontrado es  Soja
El texto encontrado es  23/24
El texto encontrado es  Kilos Entregados
El valor es un carácter numérico. Valor: 0
El texto encontrado es  Otros Movimientos
El valor es un carácter numérico. Valor: 0
El texto encontrado es  Kilos Vendidos
El valor es un carácter numérico. Valor: 94.538.200
El texto encontrado es  Kilos Solicitados
]]></system-out>
	</testcase>
</testsuite>
