<?xml version="1.0" encoding="UTF-8"?>
<testsuite name="cuenta_pend_facturarV2-20241029151557" tests="1" file=".py" time="21.679" timestamp="2024-10-29T15:16:19" failures="0" errors="1" skipped="0">
	<testcase classname="cuenta_pend_facturarV2" name="test_pend_facturarV2" time="21.679" timestamp="2024-10-29T15:16:19" file="ReportPendFactV2.py" line="20">
		<error type="InvalidSelectorException" message="Message: invalid selector
from javascript error: {&quot;status&quot;:32,&quot;value&quot;:&quot;An invalid or illegal selector was specified&quot;}
  (Session info: chrome=130.0.6723.70); For documentation on this error, please visit: https://www.selenium.dev/documentation/webdriver/troubleshooting/errors#invalid-selector-exception
Stacktrace:
	GetHandleVerifier [0x00007FF685AA3AB5+28005]
	(No symbol) [0x00007FF685A083B0]
	(No symbol) [0x00007FF6858A580A]
	(No symbol) [0x00007FF6858AC2CC]
	(No symbol) [0x00007FF6858AE5E7]
	(No symbol) [0x00007FF6858AE6A0]
	(No symbol) [0x00007FF6858F54EA]
	(No symbol) [0x00007FF6858F5D2C]
	(No symbol) [0x00007FF68593EA97]
	(No symbol) [0x00007FF68591BA7F]
	(No symbol) [0x00007FF68593B8B3]
	(No symbol) [0x00007FF68591B7E3]
	(No symbol) [0x00007FF6858E75C8]
	(No symbol) [0x00007FF6858E8731]
	GetHandleVerifier [0x00007FF685D9643D+3118829]
	GetHandleVerifier [0x00007FF685DE6C90+3448640]
	GetHandleVerifier [0x00007FF685DDCF0D+3408317]
	GetHandleVerifier [0x00007FF685B6A40B+841403]
	(No symbol) [0x00007FF685A1340F]
	(No symbol) [0x00007FF685A0F484]
	(No symbol) [0x00007FF685A0F61D]
	(No symbol) [0x00007FF6859FEB79]
	BaseThreadInitThunk [0x00007FF8AAC1257D+29]
	RtlUserThreadStart [0x00007FF8ABB0AF08+40]
"><![CDATA[Traceback (most recent call last):
  File "c:\Users\luist\repos\Automatizaciones_M-dulos-\ReportPendFactV2.py", line 36, in test_pend_facturarV2
    find_elements_id(self.driver, select_tab_pending_billing)
  File "c:\Users\luist\repos\Automatizaciones_M-dulos-\Elements.py", line 44, in find_elements_id
    select_nex_button = WebDriverWait(driver, 10).until(
  File "C:\Users\luist\AppData\Roaming\Python\Python310\site-packages\selenium\webdriver\support\wait.py", line 96, in until
    value = method(self._driver)
  File "C:\Users\luist\AppData\Roaming\Python\Python310\site-packages\selenium\webdriver\support\expected_conditions.py", line 363, in _predicate
    target = driver.find_element(*target)  # grab element at locator
  File "C:\Users\luist\AppData\Roaming\Python\Python310\site-packages\selenium\webdriver\remote\webdriver.py", line 748, in find_element
    return self.execute(Command.FIND_ELEMENT, {"using": by, "value": value})["value"]
  File "C:\Users\luist\AppData\Roaming\Python\Python310\site-packages\selenium\webdriver\remote\webdriver.py", line 354, in execute
    self.error_handler.check_response(response)
  File "C:\Users\luist\AppData\Roaming\Python\Python310\site-packages\selenium\webdriver\remote\errorhandler.py", line 229, in check_response
    raise exception_class(message, screen, stacktrace)
selenium.common.exceptions.InvalidSelectorException: Message: invalid selector
from javascript error: {"status":32,"value":"An invalid or illegal selector was specified"}
  (Session info: chrome=130.0.6723.70); For documentation on this error, please visit: https://www.selenium.dev/documentation/webdriver/troubleshooting/errors#invalid-selector-exception
Stacktrace:
	GetHandleVerifier [0x00007FF685AA3AB5+28005]
	(No symbol) [0x00007FF685A083B0]
	(No symbol) [0x00007FF6858A580A]
	(No symbol) [0x00007FF6858AC2CC]
	(No symbol) [0x00007FF6858AE5E7]
	(No symbol) [0x00007FF6858AE6A0]
	(No symbol) [0x00007FF6858F54EA]
	(No symbol) [0x00007FF6858F5D2C]
	(No symbol) [0x00007FF68593EA97]
	(No symbol) [0x00007FF68591BA7F]
	(No symbol) [0x00007FF68593B8B3]
	(No symbol) [0x00007FF68591B7E3]
	(No symbol) [0x00007FF6858E75C8]
	(No symbol) [0x00007FF6858E8731]
	GetHandleVerifier [0x00007FF685D9643D+3118829]
	GetHandleVerifier [0x00007FF685DE6C90+3448640]
	GetHandleVerifier [0x00007FF685DDCF0D+3408317]
	GetHandleVerifier [0x00007FF685B6A40B+841403]
	(No symbol) [0x00007FF685A1340F]
	(No symbol) [0x00007FF685A0F484]
	(No symbol) [0x00007FF685A0F61D]
	(No symbol) [0x00007FF6859FEB79]
	BaseThreadInitThunk [0x00007FF8AAC1257D+29]
	RtlUserThreadStart [0x00007FF8ABB0AF08+40]

]]></error>
	</testcase>
</testsuite>
