<?xml version="1.0" encoding="UTF-8"?>
<testsuite name="logistOperPrimarias-20240710114605" tests="1" file=".py" time="23.308" timestamp="2024-07-10T11:46:28" failures="0" errors="0" skipped="0">
	<testcase classname="logistOperPrimarias" name="test_Logistics_primary" time="23.308" timestamp="2024-07-10T11:46:28" file="logistOperPrimarias.py" line="20">
		<system-out><![CDATA[¡Input encontrado y enviado con éxito!
]]></system-out>
	</testcase>
</testsuite>
