<?xml version="1.0" encoding="UTF-8"?>
<testsuite name="logistOperPrimarias-20240710113730" tests="1" file=".py" time="18.952" timestamp="2024-07-10T11:37:49" failures="0" errors="0" skipped="0">
	<testcase classname="logistOperPrimarias" name="test_Logistics_primary" time="18.952" timestamp="2024-07-10T11:37:49" file="logistOperPrimarias.py" line="20"/>
</testsuite>
