<?xml version="1.0" encoding="UTF-8"?>
<testsuite name="finanzaspagos-20240710102030" tests="1" file=".py" time="67.951" timestamp="2024-07-10T10:21:38" failures="0" errors="0" skipped="0">
	<testcase classname="finanzaspagos" name="test_finance_payment" time="67.951" timestamp="2024-07-10T10:21:38" file="finanzasPagos.py" line="22">
		<system-out><![CDATA[El texto encontrado es  Listado de Comprobantes
¡Input encontrado y enviado con éxito!
]]></system-out>
	</testcase>
</testsuite>
