<?xml version="1.0" encoding="UTF-8"?>
<testsuite name="logistOperPrimarias-20240710123217" tests="1" file=".py" time="62.722" timestamp="2024-07-10T12:33:20" failures="0" errors="1" skipped="0">
	<testcase classname="logistOperPrimarias" name="test_Logistics_primary" time="62.722" timestamp="2024-07-10T12:33:20" file="logistOperPrimarias.py" line="20">
		<error type="WebDriverException" message="Message: target frame detached
  (failed to check if window was closed: disconnected: Unable to receive message from renderer)
  (Session info: chrome=126.0.6478.127)
Stacktrace:
	GetHandleVerifier [0x00007FF67056EEA2+31554]
	(No symbol) [0x00007FF6704E7ED9]
	(No symbol) [0x00007FF6703A8559]
	(No symbol) [0x00007FF670390C81]
	(No symbol) [0x00007FF67038EC6D]
	(No symbol) [0x00007FF67038F47F]
	(No symbol) [0x00007FF67039E25E]
	(No symbol) [0x00007FF6703B6A04]
	(No symbol) [0x00007FF67043CAA4]
	(No symbol) [0x00007FF67041CDD3]
	(No symbol) [0x00007FF6703EA33B]
	(No symbol) [0x00007FF6703EAED1]
	GetHandleVerifier [0x00007FF670878B1D+3217341]
	GetHandleVerifier [0x00007FF6708C5AE3+3532675]
	GetHandleVerifier [0x00007FF6708BB0E0+3489152]
	GetHandleVerifier [0x00007FF67061E776+750614]
	(No symbol) [0x00007FF6704F375F]
	(No symbol) [0x00007FF6704EEB14]
	(No symbol) [0x00007FF6704EECA2]
	(No symbol) [0x00007FF6704DE16F]
	BaseThreadInitThunk [0x00007FFBD5F8257D+29]
	RtlUserThreadStart [0x00007FFBD704AF28+40]
"><![CDATA[Traceback (most recent call last):
  File "c:\Users\luist\repos\Automatizaciones-SILOHUB-\logistOperPrimarias.py", line 80, in test_Logistics_primary
    find_elements(self.driver, select_button_confirm)
  File "c:\Users\luist\repos\Automatizaciones-SILOHUB-\Elements.py", line 19, in find_elements
    select_nex_button = WebDriverWait(driver, 10).until(
  File "C:\Users\luist\AppData\Roaming\Python\Python310\site-packages\selenium\webdriver\support\wait.py", line 96, in until
    value = method(self._driver)
  File "C:\Users\luist\AppData\Roaming\Python\Python310\site-packages\selenium\webdriver\support\expected_conditions.py", line 363, in _predicate
    target = driver.find_element(*target)  # grab element at locator
  File "C:\Users\luist\AppData\Roaming\Python\Python310\site-packages\selenium\webdriver\remote\webdriver.py", line 742, in find_element
    return self.execute(Command.FIND_ELEMENT, {"using": by, "value": value})["value"]
  File "C:\Users\luist\AppData\Roaming\Python\Python310\site-packages\selenium\webdriver\remote\webdriver.py", line 348, in execute
    self.error_handler.check_response(response)
  File "C:\Users\luist\AppData\Roaming\Python\Python310\site-packages\selenium\webdriver\remote\errorhandler.py", line 229, in check_response
    raise exception_class(message, screen, stacktrace)
selenium.common.exceptions.WebDriverException: Message: target frame detached
  (failed to check if window was closed: disconnected: Unable to receive message from renderer)
  (Session info: chrome=126.0.6478.127)
Stacktrace:
	GetHandleVerifier [0x00007FF67056EEA2+31554]
	(No symbol) [0x00007FF6704E7ED9]
	(No symbol) [0x00007FF6703A8559]
	(No symbol) [0x00007FF670390C81]
	(No symbol) [0x00007FF67038EC6D]
	(No symbol) [0x00007FF67038F47F]
	(No symbol) [0x00007FF67039E25E]
	(No symbol) [0x00007FF6703B6A04]
	(No symbol) [0x00007FF67043CAA4]
	(No symbol) [0x00007FF67041CDD3]
	(No symbol) [0x00007FF6703EA33B]
	(No symbol) [0x00007FF6703EAED1]
	GetHandleVerifier [0x00007FF670878B1D+3217341]
	GetHandleVerifier [0x00007FF6708C5AE3+3532675]
	GetHandleVerifier [0x00007FF6708BB0E0+3489152]
	GetHandleVerifier [0x00007FF67061E776+750614]
	(No symbol) [0x00007FF6704F375F]
	(No symbol) [0x00007FF6704EEB14]
	(No symbol) [0x00007FF6704EECA2]
	(No symbol) [0x00007FF6704DE16F]
	BaseThreadInitThunk [0x00007FFBD5F8257D+29]
	RtlUserThreadStart [0x00007FFBD704AF28+40]

]]></error>
		<system-out><![CDATA[¡Input encontrado y enviado con éxito!
¡Input encontrado y enviado con éxito!
¡Input encontrado y enviado con éxito!
]]></system-out>
	</testcase>
</testsuite>
