<?xml version="1.0" encoding="UTF-8"?>
<testsuite name="logistOperPrimarias-20240710124942" tests="1" file=".py" time="65.993" timestamp="2024-07-10T12:50:48" failures="0" errors="0" skipped="0">
	<testcase classname="logistOperPrimarias" name="test_Logistics_primary" time="65.993" timestamp="2024-07-10T12:50:48" file="logistOperPrimarias.py" line="20">
		<system-out><![CDATA[¡Input encontrado y enviado con éxito!
¡Input encontrado y enviado con éxito!
¡Input encontrado y enviado con éxito!
¡Input encontrado y enviado con éxito!
Fecha encontrada: 10/07/2024
El texto encontrado es  10
]]></system-out>
	</testcase>
</testsuite>
