<?xml version="1.0" encoding="UTF-8"?>
<testsuite name="logistOperPrimarias-20240710124051" tests="1" file=".py" time="51.401" timestamp="2024-07-10T12:41:43" failures="0" errors="1" skipped="0">
	<testcase classname="logistOperPrimarias" name="test_Logistics_primary" time="51.401" timestamp="2024-07-10T12:41:43" file="logistOperPrimarias.py" line="20">
		<error type="ElementClickInterceptedException" message="Message: element click intercepted: Element is not clickable at point (519, -226)
  (Session info: chrome=126.0.6478.127)
Stacktrace:
	GetHandleVerifier [0x00007FF67056EEA2+31554]
	(No symbol) [0x00007FF6704E7ED9]
	(No symbol) [0x00007FF6703A872A]
	(No symbol) [0x00007FF67040012E]
	(No symbol) [0x00007FF6703FDAF2]
	(No symbol) [0x00007FF6703FAF8B]
	(No symbol) [0x00007FF6703FA156]
	(No symbol) [0x00007FF6703EC151]
	(No symbol) [0x00007FF67041D02A]
	(No symbol) [0x00007FF6703EBA76]
	(No symbol) [0x00007FF67041D240]
	(No symbol) [0x00007FF67043C977]
	(No symbol) [0x00007FF67041CDD3]
	(No symbol) [0x00007FF6703EA33B]
	(No symbol) [0x00007FF6703EAED1]
	GetHandleVerifier [0x00007FF670878B1D+3217341]
	GetHandleVerifier [0x00007FF6708C5AE3+3532675]
	GetHandleVerifier [0x00007FF6708BB0E0+3489152]
	GetHandleVerifier [0x00007FF67061E776+750614]
	(No symbol) [0x00007FF6704F375F]
	(No symbol) [0x00007FF6704EEB14]
	(No symbol) [0x00007FF6704EECA2]
	(No symbol) [0x00007FF6704DE16F]
	BaseThreadInitThunk [0x00007FFBD5F8257D+29]
	RtlUserThreadStart [0x00007FFBD704AF28+40]
"><![CDATA[Traceback (most recent call last):
  File "c:\Users\luist\repos\Automatizaciones-SILOHUB-\logistOperPrimarias.py", line 89, in test_Logistics_primary
    find_elements(self.driver, select_menu_myrequest)
  File "c:\Users\luist\repos\Automatizaciones-SILOHUB-\Elements.py", line 22, in find_elements
    select_nex_button.click()
  File "C:\Users\luist\AppData\Roaming\Python\Python310\site-packages\selenium\webdriver\remote\webelement.py", line 94, in click
    self._execute(Command.CLICK_ELEMENT)
  File "C:\Users\luist\AppData\Roaming\Python\Python310\site-packages\selenium\webdriver\remote\webelement.py", line 395, in _execute
    return self._parent.execute(command, params)
  File "C:\Users\luist\AppData\Roaming\Python\Python310\site-packages\selenium\webdriver\remote\webdriver.py", line 348, in execute
    self.error_handler.check_response(response)
  File "C:\Users\luist\AppData\Roaming\Python\Python310\site-packages\selenium\webdriver\remote\errorhandler.py", line 229, in check_response
    raise exception_class(message, screen, stacktrace)
selenium.common.exceptions.ElementClickInterceptedException: Message: element click intercepted: Element is not clickable at point (519, -226)
  (Session info: chrome=126.0.6478.127)
Stacktrace:
	GetHandleVerifier [0x00007FF67056EEA2+31554]
	(No symbol) [0x00007FF6704E7ED9]
	(No symbol) [0x00007FF6703A872A]
	(No symbol) [0x00007FF67040012E]
	(No symbol) [0x00007FF6703FDAF2]
	(No symbol) [0x00007FF6703FAF8B]
	(No symbol) [0x00007FF6703FA156]
	(No symbol) [0x00007FF6703EC151]
	(No symbol) [0x00007FF67041D02A]
	(No symbol) [0x00007FF6703EBA76]
	(No symbol) [0x00007FF67041D240]
	(No symbol) [0x00007FF67043C977]
	(No symbol) [0x00007FF67041CDD3]
	(No symbol) [0x00007FF6703EA33B]
	(No symbol) [0x00007FF6703EAED1]
	GetHandleVerifier [0x00007FF670878B1D+3217341]
	GetHandleVerifier [0x00007FF6708C5AE3+3532675]
	GetHandleVerifier [0x00007FF6708BB0E0+3489152]
	GetHandleVerifier [0x00007FF67061E776+750614]
	(No symbol) [0x00007FF6704F375F]
	(No symbol) [0x00007FF6704EEB14]
	(No symbol) [0x00007FF6704EECA2]
	(No symbol) [0x00007FF6704DE16F]
	BaseThreadInitThunk [0x00007FFBD5F8257D+29]
	RtlUserThreadStart [0x00007FFBD704AF28+40]

]]></error>
		<system-out><![CDATA[¡Input encontrado y enviado con éxito!
¡Input encontrado y enviado con éxito!
¡Input encontrado y enviado con éxito!
]]></system-out>
	</testcase>
</testsuite>
