<?xml version="1.0" encoding="UTF-8"?>
<testsuite name="logistOperPrimarias-20240710124325" tests="1" file=".py" time="87.917" timestamp="2024-07-10T12:44:53" failures="0" errors="0" skipped="0">
	<testcase classname="logistOperPrimarias" name="test_Logistics_primary" time="87.917" timestamp="2024-07-10T12:44:53" file="logistOperPrimarias.py" line="20">
		<system-out><![CDATA[¡Input encontrado y enviado con éxito!
¡Input encontrado y enviado con éxito!
¡Input encontrado y enviado con éxito!
¡Input encontrado y enviado con éxito!
Tiempo de espera agotado. El elemento no está presente o no es clickeable.
]]></system-out>
	</testcase>
</testsuite>
