<?xml version="1.0" encoding="UTF-8"?>
<testsuite name="finanzaspagos-20240710111342" tests="1" file=".py" time="87.288" timestamp="2024-07-10T11:15:09" failures="0" errors="0" skipped="0">
	<testcase classname="finanzaspagos" name="test_finance_payment" time="87.288" timestamp="2024-07-10T11:15:09" file="finanzasPagos.py" line="22">
		<system-out><![CDATA[El texto encontrado es  Listado de Comprobantes
¡Input encontrado y enviado con éxito!
¡Input encontrado y enviado con éxito!
Fecha encontrada: 10/07/2024
El texto encontrado es  ARS 100,00
]]></system-out>
	</testcase>
</testsuite>
