<?xml version="1.0" encoding="UTF-8"?>
<testsuite name="logistOperPrimarias-20240710124548" tests="1" file=".py" time="58.678" timestamp="2024-07-10T12:46:47" failures="0" errors="0" skipped="0">
	<testcase classname="logistOperPrimarias" name="test_Logistics_primary" time="58.678" timestamp="2024-07-10T12:46:47" file="logistOperPrimarias.py" line="20">
		<system-out><![CDATA[¡Input encontrado y enviado con éxito!
¡Input encontrado y enviado con éxito!
¡Input encontrado y enviado con éxito!
¡Input encontrado y enviado con éxito!
]]></system-out>
	</testcase>
</testsuite>
