<?xml version="1.0" encoding="UTF-8"?>
<testsuite name="finanzaspagos-20240710110040" tests="1" file=".py" time="85.004" timestamp="2024-07-10T11:02:05" failures="0" errors="0" skipped="0">
	<testcase classname="finanzaspagos" name="test_finance_payment" time="85.004" timestamp="2024-07-10T11:02:05" file="finanzasPagos.py" line="22">
		<system-out><![CDATA[El texto encontrado es  Listado de Comprobantes
¡Input encontrado y enviado con éxito!
¡Input encontrado y enviado con éxito!
No se encontró la fecha actual. Fecha encontrada: 10/07/2024
]]></system-out>
	</testcase>
</testsuite>
