<?xml version="1.0" encoding="UTF-8"?>
<testsuite name="finanzaspagos-20240715180003" tests="2" file=".py" time="46.500" timestamp="2024-07-15T18:00:50" failures="0" errors="2" skipped="0">
	<testcase classname="finanzaspagos" name="test_finance_payment" time="0.000" timestamp="0001-01-01T00:00:00" file="finanzasPagos.py" line="22">
		<error type="NoSuchWindowException" message="Message: no such window: target window already closed
from unknown error: web view not found
  (Session info: chrome=126.0.6478.127)
Stacktrace:
	GetHandleVerifier [0x00007FF7A3A5EEA2+31554]
	(No symbol) [0x00007FF7A39D7ED9]
	(No symbol) [0x00007FF7A389872A]
	(No symbol) [0x00007FF7A386D995]
	(No symbol) [0x00007FF7A39144D7]
	(No symbol) [0x00007FF7A392C051]
	(No symbol) [0x00007FF7A390CDD3]
	(No symbol) [0x00007FF7A38DA33B]
	(No symbol) [0x00007FF7A38DAED1]
	GetHandleVerifier [0x00007FF7A3D68B1D+3217341]
	GetHandleVerifier [0x00007FF7A3DB5AE3+3532675]
	GetHandleVerifier [0x00007FF7A3DAB0E0+3489152]
	GetHandleVerifier [0x00007FF7A3B0E776+750614]
	(No symbol) [0x00007FF7A39E375F]
	(No symbol) [0x00007FF7A39DEB14]
	(No symbol) [0x00007FF7A39DECA2]
	(No symbol) [0x00007FF7A39CE16F]
	BaseThreadInitThunk [0x00007FFBD5F8257D+29]
	RtlUserThreadStart [0x00007FFBD704AF28+40]
"><![CDATA[Traceback (most recent call last):
  File "c:\Users\luist\repos\Automatizaciones-SILOHUB-\finanzasPagos.py", line 33, in test_finance_payment
    find_elements(self.driver, select_menu_finance)
  File "c:\Users\luist\repos\Automatizaciones-SILOHUB-\Elements.py", line 20, in find_elements
    select_nex_button = WebDriverWait(driver, 10).until(
  File "C:\Users\luist\AppData\Roaming\Python\Python310\site-packages\selenium\webdriver\support\wait.py", line 96, in until
    value = method(self._driver)
  File "C:\Users\luist\AppData\Roaming\Python\Python310\site-packages\selenium\webdriver\support\expected_conditions.py", line 363, in _predicate
    target = driver.find_element(*target)  # grab element at locator
  File "C:\Users\luist\AppData\Roaming\Python\Python310\site-packages\selenium\webdriver\remote\webdriver.py", line 742, in find_element
    return self.execute(Command.FIND_ELEMENT, {"using": by, "value": value})["value"]
  File "C:\Users\luist\AppData\Roaming\Python\Python310\site-packages\selenium\webdriver\remote\webdriver.py", line 348, in execute
    self.error_handler.check_response(response)
  File "C:\Users\luist\AppData\Roaming\Python\Python310\site-packages\selenium\webdriver\remote\errorhandler.py", line 229, in check_response
    raise exception_class(message, screen, stacktrace)
selenium.common.exceptions.NoSuchWindowException: Message: no such window: target window already closed
from unknown error: web view not found
  (Session info: chrome=126.0.6478.127)
Stacktrace:
	GetHandleVerifier [0x00007FF7A3A5EEA2+31554]
	(No symbol) [0x00007FF7A39D7ED9]
	(No symbol) [0x00007FF7A389872A]
	(No symbol) [0x00007FF7A386D995]
	(No symbol) [0x00007FF7A39144D7]
	(No symbol) [0x00007FF7A392C051]
	(No symbol) [0x00007FF7A390CDD3]
	(No symbol) [0x00007FF7A38DA33B]
	(No symbol) [0x00007FF7A38DAED1]
	GetHandleVerifier [0x00007FF7A3D68B1D+3217341]
	GetHandleVerifier [0x00007FF7A3DB5AE3+3532675]
	GetHandleVerifier [0x00007FF7A3DAB0E0+3489152]
	GetHandleVerifier [0x00007FF7A3B0E776+750614]
	(No symbol) [0x00007FF7A39E375F]
	(No symbol) [0x00007FF7A39DEB14]
	(No symbol) [0x00007FF7A39DECA2]
	(No symbol) [0x00007FF7A39CE16F]
	BaseThreadInitThunk [0x00007FFBD5F8257D+29]
	RtlUserThreadStart [0x00007FFBD704AF28+40]

]]></error>
	</testcase>
	<testcase classname="finanzaspagos" name="test_finance_payment" time="46.500" timestamp="2024-07-15T18:00:50" file="finanzasPagos.py" line="22">
		<error type="WebDriverException" message="Message: disconnected: not connected to DevTools
  (failed to check if window was closed: disconnected: not connected to DevTools)
  (Session info: chrome=126.0.6478.127)
Stacktrace:
	GetHandleVerifier [0x00007FF7A3A5EEA2+31554]
	(No symbol) [0x00007FF7A39D7ED9]
	(No symbol) [0x00007FF7A389872A]
	(No symbol) [0x00007FF7A387E90F]
	(No symbol) [0x00007FF7A387F47F]
	(No symbol) [0x00007FF7A3898D53]
	(No symbol) [0x00007FF7A386D47C]
	(No symbol) [0x00007FF7A391B614]
	(No symbol) [0x00007FF7A390CFF0]
	(No symbol) [0x00007FF7A38DA33B]
	(No symbol) [0x00007FF7A38DAED1]
	GetHandleVerifier [0x00007FF7A3D68B1D+3217341]
	GetHandleVerifier [0x00007FF7A3DB5AE3+3532675]
	GetHandleVerifier [0x00007FF7A3DAB0E0+3489152]
	GetHandleVerifier [0x00007FF7A3B0E776+750614]
	(No symbol) [0x00007FF7A39E375F]
	(No symbol) [0x00007FF7A39DEB14]
	(No symbol) [0x00007FF7A39DECA2]
	(No symbol) [0x00007FF7A39CE16F]
	BaseThreadInitThunk [0x00007FFBD5F8257D+29]
	RtlUserThreadStart [0x00007FFBD704AF28+40]
"><![CDATA[Traceback (most recent call last):
  File "c:\Users\luist\repos\Automatizaciones-SILOHUB-\finanzasPagos.py", line 150, in tearDown
    self.driver.close()
  File "C:\Users\luist\AppData\Roaming\Python\Python310\site-packages\selenium\webdriver\remote\webdriver.py", line 459, in close
    self.execute(Command.CLOSE)
  File "C:\Users\luist\AppData\Roaming\Python\Python310\site-packages\selenium\webdriver\remote\webdriver.py", line 348, in execute
    self.error_handler.check_response(response)
  File "C:\Users\luist\AppData\Roaming\Python\Python310\site-packages\selenium\webdriver\remote\errorhandler.py", line 229, in check_response
    raise exception_class(message, screen, stacktrace)
selenium.common.exceptions.WebDriverException: Message: disconnected: not connected to DevTools
  (failed to check if window was closed: disconnected: not connected to DevTools)
  (Session info: chrome=126.0.6478.127)
Stacktrace:
	GetHandleVerifier [0x00007FF7A3A5EEA2+31554]
	(No symbol) [0x00007FF7A39D7ED9]
	(No symbol) [0x00007FF7A389872A]
	(No symbol) [0x00007FF7A387E90F]
	(No symbol) [0x00007FF7A387F47F]
	(No symbol) [0x00007FF7A3898D53]
	(No symbol) [0x00007FF7A386D47C]
	(No symbol) [0x00007FF7A391B614]
	(No symbol) [0x00007FF7A390CFF0]
	(No symbol) [0x00007FF7A38DA33B]
	(No symbol) [0x00007FF7A38DAED1]
	GetHandleVerifier [0x00007FF7A3D68B1D+3217341]
	GetHandleVerifier [0x00007FF7A3DB5AE3+3532675]
	GetHandleVerifier [0x00007FF7A3DAB0E0+3489152]
	GetHandleVerifier [0x00007FF7A3B0E776+750614]
	(No symbol) [0x00007FF7A39E375F]
	(No symbol) [0x00007FF7A39DEB14]
	(No symbol) [0x00007FF7A39DECA2]
	(No symbol) [0x00007FF7A39CE16F]
	BaseThreadInitThunk [0x00007FFBD5F8257D+29]
	RtlUserThreadStart [0x00007FFBD704AF28+40]

]]></error>
	</testcase>
</testsuite>
