<?xml version="1.0" encoding="UTF-8"?>
<testsuite name="finanzaspagos-20240718113833" tests="1" file=".py" time="96.432" timestamp="2024-07-18T11:40:10" failures="0" errors="1" skipped="0">
	<testcase classname="finanzaspagos" name="test_finance_payment" time="96.432" timestamp="2024-07-18T11:40:10" file="finanzasPagos.py" line="23">
		<error type="InvalidSelectorException" message="Message: invalid selector
from javascript error: {&quot;status&quot;:32,&quot;value&quot;:&quot;Unable to locate an element with the xpath expression #layout-wrapper &gt; div &gt; div &gt; div &gt; app-payment-collection-detail-main &gt; div &gt; div &gt; div:nth-child(2) &gt; app-totalizer-forecast &gt; div &gt; div &gt; div.col-9.row.totalizer-values &gt; div:nth-child(2) &gt; span because of the following error:\nSyntaxError: Failed to execute 'evaluate' on 'Document': The string '#layout-wrapper &gt; div &gt; div &gt; div &gt; app-payment-collection-detail-main &gt; div &gt; div &gt; div:nth-child(2) &gt; app-totalizer-forecast &gt; div &gt; div &gt; div.col-9.row.totalizer-values &gt; div:nth-child(2) &gt; span' is not a valid XPath expression.&quot;}
  (Session info: chrome=126.0.6478.182); For documentation on this error, please visit: https://www.selenium.dev/documentation/webdriver/troubleshooting/errors#invalid-selector-exception
Stacktrace:
	GetHandleVerifier [0x00007FF64231EEB2+31554]
	(No symbol) [0x00007FF642297EE9]
	(No symbol) [0x00007FF64215872A]
	(No symbol) [0x00007FF64215E55E]
	(No symbol) [0x00007FF642160EB1]
	(No symbol) [0x00007FF642160F50]
	(No symbol) [0x00007FF6421A7F6C]
	(No symbol) [0x00007FF6421A853C]
	(No symbol) [0x00007FF6421EF6A7]
	(No symbol) [0x00007FF6421CD06F]
	(No symbol) [0x00007FF6421EC977]
	(No symbol) [0x00007FF6421CCDD3]
	(No symbol) [0x00007FF64219A33B]
	(No symbol) [0x00007FF64219AED1]
	GetHandleVerifier [0x00007FF642628B2D+3217341]
	GetHandleVerifier [0x00007FF642675AF3+3532675]
	GetHandleVerifier [0x00007FF64266B0F0+3489152]
	GetHandleVerifier [0x00007FF6423CE786+750614]
	(No symbol) [0x00007FF6422A376F]
	(No symbol) [0x00007FF64229EB24]
	(No symbol) [0x00007FF64229ECB2]
	(No symbol) [0x00007FF64228E17F]
	BaseThreadInitThunk [0x00007FFBFD87257D+29]
	RtlUserThreadStart [0x00007FFBFF42AF28+40]
"><![CDATA[Traceback (most recent call last):
  File "c:\Users\luist\repos\Automatizaciones-SILOHUB-\finanzasPagos.py", line 124, in test_finance_payment
    verify_todate(self.driver,select_todate)
  File "c:\Users\luist\repos\Automatizaciones-SILOHUB-\Elements2.py", line 15, in verify_todate
    elemento_fecha = driver.find_element(By.XPATH, xpath)
  File "C:\Users\luist\AppData\Roaming\Python\Python310\site-packages\selenium\webdriver\remote\webdriver.py", line 748, in find_element
    return self.execute(Command.FIND_ELEMENT, {"using": by, "value": value})["value"]
  File "C:\Users\luist\AppData\Roaming\Python\Python310\site-packages\selenium\webdriver\remote\webdriver.py", line 354, in execute
    self.error_handler.check_response(response)
  File "C:\Users\luist\AppData\Roaming\Python\Python310\site-packages\selenium\webdriver\remote\errorhandler.py", line 229, in check_response
    raise exception_class(message, screen, stacktrace)
selenium.common.exceptions.InvalidSelectorException: Message: invalid selector
from javascript error: {"status":32,"value":"Unable to locate an element with the xpath expression #layout-wrapper > div > div > div > app-payment-collection-detail-main > div > div > div:nth-child(2) > app-totalizer-forecast > div > div > div.col-9.row.totalizer-values > div:nth-child(2) > span because of the following error:\nSyntaxError: Failed to execute 'evaluate' on 'Document': The string '#layout-wrapper > div > div > div > app-payment-collection-detail-main > div > div > div:nth-child(2) > app-totalizer-forecast > div > div > div.col-9.row.totalizer-values > div:nth-child(2) > span' is not a valid XPath expression."}
  (Session info: chrome=126.0.6478.182); For documentation on this error, please visit: https://www.selenium.dev/documentation/webdriver/troubleshooting/errors#invalid-selector-exception
Stacktrace:
	GetHandleVerifier [0x00007FF64231EEB2+31554]
	(No symbol) [0x00007FF642297EE9]
	(No symbol) [0x00007FF64215872A]
	(No symbol) [0x00007FF64215E55E]
	(No symbol) [0x00007FF642160EB1]
	(No symbol) [0x00007FF642160F50]
	(No symbol) [0x00007FF6421A7F6C]
	(No symbol) [0x00007FF6421A853C]
	(No symbol) [0x00007FF6421EF6A7]
	(No symbol) [0x00007FF6421CD06F]
	(No symbol) [0x00007FF6421EC977]
	(No symbol) [0x00007FF6421CCDD3]
	(No symbol) [0x00007FF64219A33B]
	(No symbol) [0x00007FF64219AED1]
	GetHandleVerifier [0x00007FF642628B2D+3217341]
	GetHandleVerifier [0x00007FF642675AF3+3532675]
	GetHandleVerifier [0x00007FF64266B0F0+3489152]
	GetHandleVerifier [0x00007FF6423CE786+750614]
	(No symbol) [0x00007FF6422A376F]
	(No symbol) [0x00007FF64229EB24]
	(No symbol) [0x00007FF64229ECB2]
	(No symbol) [0x00007FF64228E17F]
	BaseThreadInitThunk [0x00007FFBFD87257D+29]
	RtlUserThreadStart [0x00007FFBFF42AF28+40]

]]></error>
		<system-out><![CDATA[Tiempo de espera agotado. El texto por xpaht no está presente.
¡Input encontrado y enviado con éxito!
]]></system-out>
	</testcase>
</testsuite>
