<?xml version="1.0" encoding="UTF-8"?>
<testsuite name="detalle_cto_certificadosV2-20241107100952" tests="1" file=".py" time="10.205" timestamp="2024-11-07T10:10:03" failures="0" errors="1" skipped="0">
	<testcase classname="detalle_cto_certificadosV2" name="test_detail_certificates" time="10.205" timestamp="2024-11-07T10:10:03" file="CtaCtoDtalCertificado2.py" line="22">
		<error type="NoSuchWindowException" message="Message: no such window: target window already closed
from unknown error: web view not found
  (Session info: chrome=130.0.6723.116)
Stacktrace:
	GetHandleVerifier [0x00007FF7009738A5+3004357]
	(No symbol) [0x00007FF700609970]
	(No symbol) [0x00007FF7004B582A]
	(No symbol) [0x00007FF70048FA75]
	(No symbol) [0x00007FF700532C77]
	(No symbol) [0x00007FF70054B351]
	(No symbol) [0x00007FF70052B983]
	(No symbol) [0x00007FF7004F7628]
	(No symbol) [0x00007FF7004F8791]
	GetHandleVerifier [0x00007FF70099A00D+3161901]
	GetHandleVerifier [0x00007FF7009EE060+3506048]
	GetHandleVerifier [0x00007FF7009E400D+3465005]
	GetHandleVerifier [0x00007FF700760EEB+830987]
	(No symbol) [0x00007FF70061467F]
	(No symbol) [0x00007FF7006109D4]
	(No symbol) [0x00007FF700610B6D]
	(No symbol) [0x00007FF700600149]
	BaseThreadInitThunk [0x00007FFF3E62257D+29]
	RtlUserThreadStart [0x00007FFF4022AF08+40]
"><![CDATA[Traceback (most recent call last):
  File "c:\Users\luist\repos\Automatizaciones_M-dulos-\CtaCtoDtalCertificado2.py", line 25, in test_detail_certificates
    self.login_helper.select_tenant()
  File "c:\Users\luist\repos\Automatizaciones_M-dulos-\loginhelper.py", line 18, in select_tenant
    select_tenant = find_element_by_xpath(self.driver, "/html/body/app-root/app-layout/app-vertical/div/div/div/div/app-home-main/div/div[1]/app-tenant-main/app-tenant[8]/div/div/img")
  File "c:\Users\luist\repos\Automatizaciones_M-dulos-\findElements.py", line 14, in find_element_by_xpath
    return WebDriverWait(driver, 10).until(EC.presence_of_element_located((By.XPATH, xpath)))
  File "C:\Users\luist\AppData\Roaming\Python\Python310\site-packages\selenium\webdriver\support\wait.py", line 96, in until
    value = method(self._driver)
  File "C:\Users\luist\AppData\Roaming\Python\Python310\site-packages\selenium\webdriver\support\expected_conditions.py", line 84, in _predicate
    return driver.find_element(*locator)
  File "C:\Users\luist\AppData\Roaming\Python\Python310\site-packages\selenium\webdriver\remote\webdriver.py", line 748, in find_element
    return self.execute(Command.FIND_ELEMENT, {"using": by, "value": value})["value"]
  File "C:\Users\luist\AppData\Roaming\Python\Python310\site-packages\selenium\webdriver\remote\webdriver.py", line 354, in execute
    self.error_handler.check_response(response)
  File "C:\Users\luist\AppData\Roaming\Python\Python310\site-packages\selenium\webdriver\remote\errorhandler.py", line 229, in check_response
    raise exception_class(message, screen, stacktrace)
selenium.common.exceptions.NoSuchWindowException: Message: no such window: target window already closed
from unknown error: web view not found
  (Session info: chrome=130.0.6723.116)
Stacktrace:
	GetHandleVerifier [0x00007FF7009738A5+3004357]
	(No symbol) [0x00007FF700609970]
	(No symbol) [0x00007FF7004B582A]
	(No symbol) [0x00007FF70048FA75]
	(No symbol) [0x00007FF700532C77]
	(No symbol) [0x00007FF70054B351]
	(No symbol) [0x00007FF70052B983]
	(No symbol) [0x00007FF7004F7628]
	(No symbol) [0x00007FF7004F8791]
	GetHandleVerifier [0x00007FF70099A00D+3161901]
	GetHandleVerifier [0x00007FF7009EE060+3506048]
	GetHandleVerifier [0x00007FF7009E400D+3465005]
	GetHandleVerifier [0x00007FF700760EEB+830987]
	(No symbol) [0x00007FF70061467F]
	(No symbol) [0x00007FF7006109D4]
	(No symbol) [0x00007FF700610B6D]
	(No symbol) [0x00007FF700600149]
	BaseThreadInitThunk [0x00007FFF3E62257D+29]
	RtlUserThreadStart [0x00007FFF4022AF08+40]

]]></error>
	</testcase>
</testsuite>
