<?xml version="1.0" encoding="UTF-8"?>
<testsuite name="detalle_cto_certificadosV2-20241107101616" tests="1" file=".py" time="12.734" timestamp="2024-11-07T10:16:29" failures="0" errors="1" skipped="0">
	<testcase classname="detalle_cto_certificadosV2" name="test_detail_certificates" time="12.734" timestamp="2024-11-07T10:16:29" file="CtaCtoDtalCertificado2 copy.py" line="25">
		<error type="NoSuchWindowException" message="Message: no such window: target window already closed
from unknown error: web view not found
  (Session info: chrome=130.0.6723.116)
Stacktrace:
	GetHandleVerifier [0x00007FF7009738A5+3004357]
	(No symbol) [0x00007FF700609970]
	(No symbol) [0x00007FF7004B582A]
	(No symbol) [0x00007FF70048FA75]
	(No symbol) [0x00007FF700532C77]
	(No symbol) [0x00007FF70054B351]
	(No symbol) [0x00007FF70052B983]
	(No symbol) [0x00007FF7004F7628]
	(No symbol) [0x00007FF7004F8791]
	GetHandleVerifier [0x00007FF70099A00D+3161901]
	GetHandleVerifier [0x00007FF7009EE060+3506048]
	GetHandleVerifier [0x00007FF7009E400D+3465005]
	GetHandleVerifier [0x00007FF700760EEB+830987]
	(No symbol) [0x00007FF70061467F]
	(No symbol) [0x00007FF7006109D4]
	(No symbol) [0x00007FF700610B6D]
	(No symbol) [0x00007FF700600149]
	BaseThreadInitThunk [0x00007FFF3E62257D+29]
	RtlUserThreadStart [0x00007FFF4022AF08+40]
"><![CDATA[Traceback (most recent call last):
  File "c:\Users\luist\repos\Automatizaciones_M-dulos-\CtaCtoDtalCertificado2 copy.py", line 29, in test_detail_certificates
    self.login_helper.search_and_select_account("1023")
  File "c:\Users\luist\repos\Automatizaciones_M-dulos-\loginhelper.py", line 24, in search_and_select_account
    input_element = find_element_by_id(self.driver, "search-options")
  File "c:\Users\luist\repos\Automatizaciones_M-dulos-\findElements.py", line 10, in find_element_by_id
    return WebDriverWait(driver, 10).until(EC.presence_of_element_located((By.ID, id)))
  File "C:\Users\luist\AppData\Roaming\Python\Python310\site-packages\selenium\webdriver\support\wait.py", line 96, in until
    value = method(self._driver)
  File "C:\Users\luist\AppData\Roaming\Python\Python310\site-packages\selenium\webdriver\support\expected_conditions.py", line 84, in _predicate
    return driver.find_element(*locator)
  File "C:\Users\luist\AppData\Roaming\Python\Python310\site-packages\selenium\webdriver\remote\webdriver.py", line 748, in find_element
    return self.execute(Command.FIND_ELEMENT, {"using": by, "value": value})["value"]
  File "C:\Users\luist\AppData\Roaming\Python\Python310\site-packages\selenium\webdriver\remote\webdriver.py", line 354, in execute
    self.error_handler.check_response(response)
  File "C:\Users\luist\AppData\Roaming\Python\Python310\site-packages\selenium\webdriver\remote\errorhandler.py", line 229, in check_response
    raise exception_class(message, screen, stacktrace)
selenium.common.exceptions.NoSuchWindowException: Message: no such window: target window already closed
from unknown error: web view not found
  (Session info: chrome=130.0.6723.116)
Stacktrace:
	GetHandleVerifier [0x00007FF7009738A5+3004357]
	(No symbol) [0x00007FF700609970]
	(No symbol) [0x00007FF7004B582A]
	(No symbol) [0x00007FF70048FA75]
	(No symbol) [0x00007FF700532C77]
	(No symbol) [0x00007FF70054B351]
	(No symbol) [0x00007FF70052B983]
	(No symbol) [0x00007FF7004F7628]
	(No symbol) [0x00007FF7004F8791]
	GetHandleVerifier [0x00007FF70099A00D+3161901]
	GetHandleVerifier [0x00007FF7009EE060+3506048]
	GetHandleVerifier [0x00007FF7009E400D+3465005]
	GetHandleVerifier [0x00007FF700760EEB+830987]
	(No symbol) [0x00007FF70061467F]
	(No symbol) [0x00007FF7006109D4]
	(No symbol) [0x00007FF700610B6D]
	(No symbol) [0x00007FF700600149]
	BaseThreadInitThunk [0x00007FFF3E62257D+29]
	RtlUserThreadStart [0x00007FFF4022AF08+40]

]]></error>
	</testcase>
</testsuite>
