<?xml version="1.0" encoding="UTF-8"?>
<testsuite name="comprobanteContrato-20240403155738" tests="2" file=".py" time="17.654" timestamp="2024-04-03T15:57:55" failures="0" errors="2" skipped="0">
	<testcase classname="comprobanteContrato" name="test_comprobante_contrato" time="0.000" timestamp="0001-01-01T00:00:00" file="ComproContratos.py" line="22">
		<error type="NoSuchWindowException" message="Message: no such window: target window already closed
from unknown error: web view not found
  (Session info: chrome=123.0.6312.86)
Stacktrace:
	GetHandleVerifier [0x00007FF79F7E70C2+63090]
	(No symbol) [0x00007FF79F752D12]
	(No symbol) [0x00007FF79F5EEC65]
	(No symbol) [0x00007FF79F5CCA7C]
	(No symbol) [0x00007FF79F65D687]
	(No symbol) [0x00007FF79F672AC1]
	(No symbol) [0x00007FF79F656D83]
	(No symbol) [0x00007FF79F6283A8]
	(No symbol) [0x00007FF79F629441]
	GetHandleVerifier [0x00007FF79FBE262D+4238301]
	GetHandleVerifier [0x00007FF79FC1F78D+4488509]
	GetHandleVerifier [0x00007FF79FC17A6F+4456479]
	GetHandleVerifier [0x00007FF79F8C0606+953270]
	(No symbol) [0x00007FF79F75E5DF]
	(No symbol) [0x00007FF79F7592B4]
	(No symbol) [0x00007FF79F7593EB]
	(No symbol) [0x00007FF79F749C24]
	BaseThreadInitThunk [0x00007FF9A544257D+29]
	RtlUserThreadStart [0x00007FF9A6D0AA58+40]
"><![CDATA[Traceback (most recent call last):
  File "c:\Users\luist\repos\Automatizaciones-SILOHUB-\ComproContratos.py", line 26, in test_comprobante_contrato
    self.login_helper.search_and_select_account("1023")
  File "c:\Users\luist\repos\Automatizaciones-SILOHUB-\Loginhelper.py", line 27, in search_and_select_account
    element_to_click = find_element_by_css_selector(self.driver, "#search-dropdown > app-accounts-list > ngx-simplebar > div.simplebar-wrapper > div.simplebar-mask > div > div > div > div > div.dropdown-sub-item.accounts-numbers")
  File "c:\Users\luist\repos\Automatizaciones-SILOHUB-\FindElements.py", line 17, in find_element_by_css_selector
    return WebDriverWait(driver, 10).until(EC.presence_of_element_located((By.CSS_SELECTOR, css_selector)))
  File "C:\Users\luist\AppData\Roaming\Python\Python310\site-packages\selenium\webdriver\support\wait.py", line 96, in until
    value = method(self._driver)
  File "C:\Users\luist\AppData\Roaming\Python\Python310\site-packages\selenium\webdriver\support\expected_conditions.py", line 84, in _predicate
    return driver.find_element(*locator)
  File "C:\Users\luist\AppData\Roaming\Python\Python310\site-packages\selenium\webdriver\remote\webdriver.py", line 742, in find_element
    return self.execute(Command.FIND_ELEMENT, {"using": by, "value": value})["value"]
  File "C:\Users\luist\AppData\Roaming\Python\Python310\site-packages\selenium\webdriver\remote\webdriver.py", line 348, in execute
    self.error_handler.check_response(response)
  File "C:\Users\luist\AppData\Roaming\Python\Python310\site-packages\selenium\webdriver\remote\errorhandler.py", line 229, in check_response
    raise exception_class(message, screen, stacktrace)
selenium.common.exceptions.NoSuchWindowException: Message: no such window: target window already closed
from unknown error: web view not found
  (Session info: chrome=123.0.6312.86)
Stacktrace:
	GetHandleVerifier [0x00007FF79F7E70C2+63090]
	(No symbol) [0x00007FF79F752D12]
	(No symbol) [0x00007FF79F5EEC65]
	(No symbol) [0x00007FF79F5CCA7C]
	(No symbol) [0x00007FF79F65D687]
	(No symbol) [0x00007FF79F672AC1]
	(No symbol) [0x00007FF79F656D83]
	(No symbol) [0x00007FF79F6283A8]
	(No symbol) [0x00007FF79F629441]
	GetHandleVerifier [0x00007FF79FBE262D+4238301]
	GetHandleVerifier [0x00007FF79FC1F78D+4488509]
	GetHandleVerifier [0x00007FF79FC17A6F+4456479]
	GetHandleVerifier [0x00007FF79F8C0606+953270]
	(No symbol) [0x00007FF79F75E5DF]
	(No symbol) [0x00007FF79F7592B4]
	(No symbol) [0x00007FF79F7593EB]
	(No symbol) [0x00007FF79F749C24]
	BaseThreadInitThunk [0x00007FF9A544257D+29]
	RtlUserThreadStart [0x00007FF9A6D0AA58+40]

]]></error>
	</testcase>
	<testcase classname="comprobanteContrato" name="test_comprobante_contrato" time="17.654" timestamp="2024-04-03T15:57:55" file="ComproContratos.py" line="22">
		<error type="WebDriverException" message="Message: disconnected: not connected to DevTools
  (failed to check if window was closed: disconnected: not connected to DevTools)
  (Session info: chrome=123.0.6312.86)
Stacktrace:
	GetHandleVerifier [0x00007FF79F7E70C2+63090]
	(No symbol) [0x00007FF79F752D12]
	(No symbol) [0x00007FF79F5EEC65]
	(No symbol) [0x00007FF79F5DB1A5]
	(No symbol) [0x00007FF79F5DBA8F]
	(No symbol) [0x00007FF79F5EF1C5]
	(No symbol) [0x00007FF79F5CC65C]
	(No symbol) [0x00007FF79F663C74]
	(No symbol) [0x00007FF79F656FA0]
	(No symbol) [0x00007FF79F6283A8]
	(No symbol) [0x00007FF79F629441]
	GetHandleVerifier [0x00007FF79FBE262D+4238301]
	GetHandleVerifier [0x00007FF79FC1F78D+4488509]
	GetHandleVerifier [0x00007FF79FC17A6F+4456479]
	GetHandleVerifier [0x00007FF79F8C0606+953270]
	(No symbol) [0x00007FF79F75E5DF]
	(No symbol) [0x00007FF79F7592B4]
	(No symbol) [0x00007FF79F7593EB]
	(No symbol) [0x00007FF79F749C24]
	BaseThreadInitThunk [0x00007FF9A544257D+29]
	RtlUserThreadStart [0x00007FF9A6D0AA58+40]
"><![CDATA[Traceback (most recent call last):
  File "c:\Users\luist\repos\Automatizaciones-SILOHUB-\ComproContratos.py", line 142, in tearDown
    self.driver.close()
  File "C:\Users\luist\AppData\Roaming\Python\Python310\site-packages\selenium\webdriver\remote\webdriver.py", line 459, in close
    self.execute(Command.CLOSE)
  File "C:\Users\luist\AppData\Roaming\Python\Python310\site-packages\selenium\webdriver\remote\webdriver.py", line 348, in execute
    self.error_handler.check_response(response)
  File "C:\Users\luist\AppData\Roaming\Python\Python310\site-packages\selenium\webdriver\remote\errorhandler.py", line 229, in check_response
    raise exception_class(message, screen, stacktrace)
selenium.common.exceptions.WebDriverException: Message: disconnected: not connected to DevTools
  (failed to check if window was closed: disconnected: not connected to DevTools)
  (Session info: chrome=123.0.6312.86)
Stacktrace:
	GetHandleVerifier [0x00007FF79F7E70C2+63090]
	(No symbol) [0x00007FF79F752D12]
	(No symbol) [0x00007FF79F5EEC65]
	(No symbol) [0x00007FF79F5DB1A5]
	(No symbol) [0x00007FF79F5DBA8F]
	(No symbol) [0x00007FF79F5EF1C5]
	(No symbol) [0x00007FF79F5CC65C]
	(No symbol) [0x00007FF79F663C74]
	(No symbol) [0x00007FF79F656FA0]
	(No symbol) [0x00007FF79F6283A8]
	(No symbol) [0x00007FF79F629441]
	GetHandleVerifier [0x00007FF79FBE262D+4238301]
	GetHandleVerifier [0x00007FF79FC1F78D+4488509]
	GetHandleVerifier [0x00007FF79FC17A6F+4456479]
	GetHandleVerifier [0x00007FF79F8C0606+953270]
	(No symbol) [0x00007FF79F75E5DF]
	(No symbol) [0x00007FF79F7592B4]
	(No symbol) [0x00007FF79F7593EB]
	(No symbol) [0x00007FF79F749C24]
	BaseThreadInitThunk [0x00007FF9A544257D+29]
	RtlUserThreadStart [0x00007FF9A6D0AA58+40]

]]></error>
	</testcase>
</testsuite>
