<?xml version="1.0" encoding="UTF-8"?>
<testsuite name="comprobanteContrato-20240304094533" tests="1" file=".py" time="51.939" timestamp="2024-03-04T09:46:25" failures="0" errors="0" skipped="0">
	<testcase classname="comprobanteContrato" name="test_vouchers_contract" time="51.939" timestamp="2024-03-04T09:46:25" file="comproContratos.py" line="16">
		<system-out><![CDATA[¡Elemento encontrado y clickeado con éxito!
¡Elemento encontrado y clickeado con éxito!
El texto encontrado es  COMPROBANTES
¡Elemento encontrado y clickeado con éxito!
¡Elemento encontrado y clickeado con éxito!
¡Elemento encontrado y clickeado con éxito!
¡Elemento encontrado y clickeado 3 veces con éxito!
¡Elemento encontrado y clickeado con éxito!
¡Elemento encontrado y clickeado 1 veces con éxito!
¡Elemento encontrado y clickeado con éxito!
¡Elemento encontrado y clickeado con éxito!
El texto encontrado es  Mis Comprobantes
¡Elemento encontrado y clickeado con éxito!
El texto encontrado es  VC 0001 00125165
El texto encontrado es  VT 0001 00125179
¡Elemento encontrado y clickeado con éxito!
¡Elemento encontrado y clickeado con éxito!
El texto encontrado es  El comprobante seleccionado no se encuentra para su descarga
¡Elemento encontrado y clickeado con éxito!
]]></system-out>
	</testcase>
</testsuite>
