<?xml version="1.0" encoding="UTF-8"?>
<testsuite name="comprobanteContrato-20240403160521" tests="2" file=".py" time="5.061" timestamp="2024-04-03T16:05:26" failures="0" errors="2" skipped="0">
	<testcase classname="comprobanteContrato" name="test_comprobante_contrato" time="0.000" timestamp="0001-01-01T00:00:00" file="ComproContratos.py" line="22">
		<error type="NoSuchWindowException" message="Message: no such window: target window already closed
from unknown error: web view not found
  (Session info: chrome=123.0.6312.86)
Stacktrace:
	GetHandleVerifier [0x00007FF6BC3F70C2+63090]
	(No symbol) [0x00007FF6BC362D12]
	(No symbol) [0x00007FF6BC1FEC65]
	(No symbol) [0x00007FF6BC1DCA7C]
	(No symbol) [0x00007FF6BC26D687]
	(No symbol) [0x00007FF6BC282AC1]
	(No symbol) [0x00007FF6BC266D83]
	(No symbol) [0x00007FF6BC2383A8]
	(No symbol) [0x00007FF6BC239441]
	GetHandleVerifier [0x00007FF6BC7F262D+4238301]
	GetHandleVerifier [0x00007FF6BC82F78D+4488509]
	GetHandleVerifier [0x00007FF6BC827A6F+4456479]
	GetHandleVerifier [0x00007FF6BC4D0606+953270]
	(No symbol) [0x00007FF6BC36E5DF]
	(No symbol) [0x00007FF6BC3692B4]
	(No symbol) [0x00007FF6BC3693EB]
	(No symbol) [0x00007FF6BC359C24]
	BaseThreadInitThunk [0x00007FF9A544257D+29]
	RtlUserThreadStart [0x00007FF9A6D0AA58+40]
"><![CDATA[Traceback (most recent call last):
  File "c:\Users\luist\repos\Automatizaciones-SILOHUB-\ComproContratos.py", line 24, in test_comprobante_contrato
    self.login_helper.login("admingd@silohub.ag", "G@viglio123")
  File "c:\Users\luist\repos\Automatizaciones-SILOHUB-\Loginhelper.py", line 11, in login
    passuser = find_element_by_id(self.driver, "password")  # también aquí
  File "c:\Users\luist\repos\Automatizaciones-SILOHUB-\FindElements.py", line 10, in find_element_by_id
    return WebDriverWait(driver, 10).until(EC.presence_of_element_located((By.ID, id)))
  File "C:\Users\luist\AppData\Roaming\Python\Python310\site-packages\selenium\webdriver\support\wait.py", line 96, in until
    value = method(self._driver)
  File "C:\Users\luist\AppData\Roaming\Python\Python310\site-packages\selenium\webdriver\support\expected_conditions.py", line 84, in _predicate
    return driver.find_element(*locator)
  File "C:\Users\luist\AppData\Roaming\Python\Python310\site-packages\selenium\webdriver\remote\webdriver.py", line 742, in find_element
    return self.execute(Command.FIND_ELEMENT, {"using": by, "value": value})["value"]
  File "C:\Users\luist\AppData\Roaming\Python\Python310\site-packages\selenium\webdriver\remote\webdriver.py", line 348, in execute
    self.error_handler.check_response(response)
  File "C:\Users\luist\AppData\Roaming\Python\Python310\site-packages\selenium\webdriver\remote\errorhandler.py", line 229, in check_response
    raise exception_class(message, screen, stacktrace)
selenium.common.exceptions.NoSuchWindowException: Message: no such window: target window already closed
from unknown error: web view not found
  (Session info: chrome=123.0.6312.86)
Stacktrace:
	GetHandleVerifier [0x00007FF6BC3F70C2+63090]
	(No symbol) [0x00007FF6BC362D12]
	(No symbol) [0x00007FF6BC1FEC65]
	(No symbol) [0x00007FF6BC1DCA7C]
	(No symbol) [0x00007FF6BC26D687]
	(No symbol) [0x00007FF6BC282AC1]
	(No symbol) [0x00007FF6BC266D83]
	(No symbol) [0x00007FF6BC2383A8]
	(No symbol) [0x00007FF6BC239441]
	GetHandleVerifier [0x00007FF6BC7F262D+4238301]
	GetHandleVerifier [0x00007FF6BC82F78D+4488509]
	GetHandleVerifier [0x00007FF6BC827A6F+4456479]
	GetHandleVerifier [0x00007FF6BC4D0606+953270]
	(No symbol) [0x00007FF6BC36E5DF]
	(No symbol) [0x00007FF6BC3692B4]
	(No symbol) [0x00007FF6BC3693EB]
	(No symbol) [0x00007FF6BC359C24]
	BaseThreadInitThunk [0x00007FF9A544257D+29]
	RtlUserThreadStart [0x00007FF9A6D0AA58+40]

]]></error>
	</testcase>
	<testcase classname="comprobanteContrato" name="test_comprobante_contrato" time="5.061" timestamp="2024-04-03T16:05:26" file="ComproContratos.py" line="22">
		<error type="NoSuchWindowException" message="Message: no such window: target window already closed
from unknown error: web view not found
  (Session info: chrome=123.0.6312.86)
Stacktrace:
	GetHandleVerifier [0x00007FF6BC3F70C2+63090]
	(No symbol) [0x00007FF6BC362D12]
	(No symbol) [0x00007FF6BC1FEC65]
	(No symbol) [0x00007FF6BC1DCA7C]
	(No symbol) [0x00007FF6BC26D687]
	(No symbol) [0x00007FF6BC273CD2]
	(No symbol) [0x00007FF6BC266FA0]
	(No symbol) [0x00007FF6BC2383A8]
	(No symbol) [0x00007FF6BC239441]
	GetHandleVerifier [0x00007FF6BC7F262D+4238301]
	GetHandleVerifier [0x00007FF6BC82F78D+4488509]
	GetHandleVerifier [0x00007FF6BC827A6F+4456479]
	GetHandleVerifier [0x00007FF6BC4D0606+953270]
	(No symbol) [0x00007FF6BC36E5DF]
	(No symbol) [0x00007FF6BC3692B4]
	(No symbol) [0x00007FF6BC3693EB]
	(No symbol) [0x00007FF6BC359C24]
	BaseThreadInitThunk [0x00007FF9A544257D+29]
	RtlUserThreadStart [0x00007FF9A6D0AA58+40]
"><![CDATA[Traceback (most recent call last):
  File "c:\Users\luist\repos\Automatizaciones-SILOHUB-\ComproContratos.py", line 142, in tearDown
    self.driver.close()
  File "C:\Users\luist\AppData\Roaming\Python\Python310\site-packages\selenium\webdriver\remote\webdriver.py", line 459, in close
    self.execute(Command.CLOSE)
  File "C:\Users\luist\AppData\Roaming\Python\Python310\site-packages\selenium\webdriver\remote\webdriver.py", line 348, in execute
    self.error_handler.check_response(response)
  File "C:\Users\luist\AppData\Roaming\Python\Python310\site-packages\selenium\webdriver\remote\errorhandler.py", line 229, in check_response
    raise exception_class(message, screen, stacktrace)
selenium.common.exceptions.NoSuchWindowException: Message: no such window: target window already closed
from unknown error: web view not found
  (Session info: chrome=123.0.6312.86)
Stacktrace:
	GetHandleVerifier [0x00007FF6BC3F70C2+63090]
	(No symbol) [0x00007FF6BC362D12]
	(No symbol) [0x00007FF6BC1FEC65]
	(No symbol) [0x00007FF6BC1DCA7C]
	(No symbol) [0x00007FF6BC26D687]
	(No symbol) [0x00007FF6BC273CD2]
	(No symbol) [0x00007FF6BC266FA0]
	(No symbol) [0x00007FF6BC2383A8]
	(No symbol) [0x00007FF6BC239441]
	GetHandleVerifier [0x00007FF6BC7F262D+4238301]
	GetHandleVerifier [0x00007FF6BC82F78D+4488509]
	GetHandleVerifier [0x00007FF6BC827A6F+4456479]
	GetHandleVerifier [0x00007FF6BC4D0606+953270]
	(No symbol) [0x00007FF6BC36E5DF]
	(No symbol) [0x00007FF6BC3692B4]
	(No symbol) [0x00007FF6BC3693EB]
	(No symbol) [0x00007FF6BC359C24]
	BaseThreadInitThunk [0x00007FF9A544257D+29]
	RtlUserThreadStart [0x00007FF9A6D0AA58+40]

]]></error>
	</testcase>
</testsuite>
