<?xml version="1.0" encoding="UTF-8"?>
<testsuite name="comprobanteContrato-20240405100010" tests="1" file=".py" time="38.735" timestamp="2024-04-05T10:00:49" failures="0" errors="1" skipped="0">
	<testcase classname="comprobanteContrato" name="test_comprobante_contrato" time="38.735" timestamp="2024-04-05T10:00:49" file="ComproContratos.py" line="22">
		<error type="ElementClickInterceptedException" message="Message: element click intercepted: Element &lt;input _ngcontent-hdh-c202=&quot;&quot; type=&quot;checkbox&quot; class=&quot;form-check-input ms-2&quot;&gt; is not clickable at point (300, 426). Other element would receive the click: &lt;ngb-offcanvas-backdrop class=&quot;offcanvas-backdrop fade show&quot;&gt;&lt;/ngb-offcanvas-backdrop&gt;
  (Session info: chrome=123.0.6312.105)
Stacktrace:
	GetHandleVerifier [0x00007FF7D06B7072+63090]
	(No symbol) [0x00007FF7D0622CC2]
	(No symbol) [0x00007FF7D04BEC65]
	(No symbol) [0x00007FF7D050BB34]
	(No symbol) [0x00007FF7D0509954]
	(No symbol) [0x00007FF7D0507164]
	(No symbol) [0x00007FF7D0505EF9]
	(No symbol) [0x00007FF7D04FA708]
	(No symbol) [0x00007FF7D0526FDA]
	(No symbol) [0x00007FF7D04FA00A]
	(No symbol) [0x00007FF7D05271F0]
	(No symbol) [0x00007FF7D0543412]
	(No symbol) [0x00007FF7D0526D83]
	(No symbol) [0x00007FF7D04F83A8]
	(No symbol) [0x00007FF7D04F9441]
	GetHandleVerifier [0x00007FF7D0AB25CD+4238285]
	GetHandleVerifier [0x00007FF7D0AEF72D+4488493]
	GetHandleVerifier [0x00007FF7D0AE7A0F+4456463]
	GetHandleVerifier [0x00007FF7D07905B6+953270]
	(No symbol) [0x00007FF7D062E58F]
	(No symbol) [0x00007FF7D0629264]
	(No symbol) [0x00007FF7D062939B]
	(No symbol) [0x00007FF7D0619BD4]
	BaseThreadInitThunk [0x00007FF9A544257D+29]
	RtlUserThreadStart [0x00007FF9A6D0AA58+40]
"><![CDATA[Traceback (most recent call last):
  File "c:\Users\luist\repos\Automatizaciones-SILOHUB-\ComproContratos.py", line 104, in test_comprobante_contrato
    displace_element(self.driver, select_contract_list2)
  File "c:\Users\luist\repos\Automatizaciones-SILOHUB-\Elements.py", line 600, in displace_element
    search_input_element.click()
  File "C:\Users\luist\AppData\Roaming\Python\Python310\site-packages\selenium\webdriver\remote\webelement.py", line 94, in click
    self._execute(Command.CLICK_ELEMENT)
  File "C:\Users\luist\AppData\Roaming\Python\Python310\site-packages\selenium\webdriver\remote\webelement.py", line 395, in _execute
    return self._parent.execute(command, params)
  File "C:\Users\luist\AppData\Roaming\Python\Python310\site-packages\selenium\webdriver\remote\webdriver.py", line 348, in execute
    self.error_handler.check_response(response)
  File "C:\Users\luist\AppData\Roaming\Python\Python310\site-packages\selenium\webdriver\remote\errorhandler.py", line 229, in check_response
    raise exception_class(message, screen, stacktrace)
selenium.common.exceptions.ElementClickInterceptedException: Message: element click intercepted: Element <input _ngcontent-hdh-c202="" type="checkbox" class="form-check-input ms-2"> is not clickable at point (300, 426). Other element would receive the click: <ngb-offcanvas-backdrop class="offcanvas-backdrop fade show"></ngb-offcanvas-backdrop>
  (Session info: chrome=123.0.6312.105)
Stacktrace:
	GetHandleVerifier [0x00007FF7D06B7072+63090]
	(No symbol) [0x00007FF7D0622CC2]
	(No symbol) [0x00007FF7D04BEC65]
	(No symbol) [0x00007FF7D050BB34]
	(No symbol) [0x00007FF7D0509954]
	(No symbol) [0x00007FF7D0507164]
	(No symbol) [0x00007FF7D0505EF9]
	(No symbol) [0x00007FF7D04FA708]
	(No symbol) [0x00007FF7D0526FDA]
	(No symbol) [0x00007FF7D04FA00A]
	(No symbol) [0x00007FF7D05271F0]
	(No symbol) [0x00007FF7D0543412]
	(No symbol) [0x00007FF7D0526D83]
	(No symbol) [0x00007FF7D04F83A8]
	(No symbol) [0x00007FF7D04F9441]
	GetHandleVerifier [0x00007FF7D0AB25CD+4238285]
	GetHandleVerifier [0x00007FF7D0AEF72D+4488493]
	GetHandleVerifier [0x00007FF7D0AE7A0F+4456463]
	GetHandleVerifier [0x00007FF7D07905B6+953270]
	(No symbol) [0x00007FF7D062E58F]
	(No symbol) [0x00007FF7D0629264]
	(No symbol) [0x00007FF7D062939B]
	(No symbol) [0x00007FF7D0619BD4]
	BaseThreadInitThunk [0x00007FF9A544257D+29]
	RtlUserThreadStart [0x00007FF9A6D0AA58+40]

]]></error>
		<system-out><![CDATA[¡Elemento encontrado y clickeado con éxito!
¡Elemento encontrado y clickeado con éxito!
El texto encontrado es  COMPROBANTES
¡Elemento encontrado y clickeado con éxito!
¡Elemento encontrado y clickeado con éxito!
¡Elemento encontrado y clickeado con éxito!
¡Elemento encontrado y clickeado 4 veces con éxito!
¡Elemento encontrado y clickeado con éxito!
¡Elemento encontrado y clickeado 1 veces con éxito!
¡Elemento encontrado y clickeado con éxito!
¡Elemento encontrado y clickeado con éxito!
El texto encontrado es  Mis Comprobantes
¡Elemento encontrado y clickeado con éxito!
El texto encontrado es  VC 0001 00125165
]]></system-out>
	</testcase>
</testsuite>
