<?xml version="1.0" encoding="UTF-8"?>
<testsuite name="cta_cte_apliVencido-20241014130145" tests="1" file=".py" time="41.522" timestamp="2024-10-14T13:02:27" failures="0" errors="1" skipped="0">
	<testcase classname="cta_cte_apliVencido" name="test_ctacte_aplivencido" time="41.522" timestamp="2024-10-14T13:02:27" file="ctacte_ApliVencido.py" line="18">
		<error type="TimeoutException" message="Message: 
Stacktrace:
	GetHandleVerifier [0x00007FF7262AB095+29557]
	(No symbol) [0x00007FF72621FA50]
	(No symbol) [0x00007FF7260DB56A]
	(No symbol) [0x00007FF72612F695]
	(No symbol) [0x00007FF72612F8EC]
	(No symbol) [0x00007FF72617B777]
	(No symbol) [0x00007FF7261571CF]
	(No symbol) [0x00007FF72617851C]
	(No symbol) [0x00007FF726156F33]
	(No symbol) [0x00007FF72612116F]
	(No symbol) [0x00007FF7261222D1]
	GetHandleVerifier [0x00007FF7265DC96D+3378253]
	GetHandleVerifier [0x00007FF726628497+3688311]
	GetHandleVerifier [0x00007FF72661D1CB+3642539]
	GetHandleVerifier [0x00007FF72636A6B6+813462]
	(No symbol) [0x00007FF72622AB5F]
	(No symbol) [0x00007FF726226B74]
	(No symbol) [0x00007FF726226D10]
	(No symbol) [0x00007FF726215C1F]
	BaseThreadInitThunk [0x00007FF92EF0257D+29]
	RtlUserThreadStart [0x00007FF93006AF08+40]
"><![CDATA[Traceback (most recent call last):
  File "c:\Users\luist\repos\Automatizaciones_M-dulos-\ctacte_ApliVencido.py", line 22, in test_ctacte_aplivencido
    self.login_helper.search_and_select_account("1023")
  File "c:\Users\luist\repos\Automatizaciones_M-dulos-\loginhelper.py", line 24, in search_and_select_account
    input_element = find_element_by_id(self.driver, "search-options")
  File "c:\Users\luist\repos\Automatizaciones_M-dulos-\findElements.py", line 10, in find_element_by_id
    return WebDriverWait(driver, 10).until(EC.presence_of_element_located((By.ID, id)))
  File "C:\Users\luist\AppData\Roaming\Python\Python310\site-packages\selenium\webdriver\support\wait.py", line 105, in until
    raise TimeoutException(message, screen, stacktrace)
selenium.common.exceptions.TimeoutException: Message: 
Stacktrace:
	GetHandleVerifier [0x00007FF7262AB095+29557]
	(No symbol) [0x00007FF72621FA50]
	(No symbol) [0x00007FF7260DB56A]
	(No symbol) [0x00007FF72612F695]
	(No symbol) [0x00007FF72612F8EC]
	(No symbol) [0x00007FF72617B777]
	(No symbol) [0x00007FF7261571CF]
	(No symbol) [0x00007FF72617851C]
	(No symbol) [0x00007FF726156F33]
	(No symbol) [0x00007FF72612116F]
	(No symbol) [0x00007FF7261222D1]
	GetHandleVerifier [0x00007FF7265DC96D+3378253]
	GetHandleVerifier [0x00007FF726628497+3688311]
	GetHandleVerifier [0x00007FF72661D1CB+3642539]
	GetHandleVerifier [0x00007FF72636A6B6+813462]
	(No symbol) [0x00007FF72622AB5F]
	(No symbol) [0x00007FF726226B74]
	(No symbol) [0x00007FF726226D10]
	(No symbol) [0x00007FF726215C1F]
	BaseThreadInitThunk [0x00007FF92EF0257D+29]
	RtlUserThreadStart [0x00007FF93006AF08+40]

]]></error>
	</testcase>
</testsuite>
