<?xml version="1.0" encoding="UTF-8"?>
<testsuite name="cta_cte_apliVencido-20240405150040" tests="1" file=".py" time="59.709" timestamp="2024-04-05T15:01:39" failures="0" errors="0" skipped="0">
	<testcase classname="cta_cte_apliVencido" name="test_ctacte_aplivencido" time="59.709" timestamp="2024-04-05T15:01:39" file="CtaCte_ApliVencido.py" line="17">
		<system-out><![CDATA[¡Elemento encontrado y clickeado con éxito!
¡Elemento encontrado y clickeado con éxito!
¡Elemento encontrado y clickeado con éxito!
¡Elemento encontrado y clickeado con éxito!
¡Elemento encontrado y clickeado con éxito!
¡Elemento encontrado y clickeado con éxito!
¡Elemento encontrado y clickeado con éxito!
¡Elemento encontrado y clickeado con éxito!
¡Elemento encontrado y clickeado 6 veces con éxito!
¡Elemento encontrado y clickeado con éxito!
¡Elemento encontrado y clickeado 2 veces con éxito!
¡Elemento encontrado y clickeado con éxito!
¡Elemento encontrado y clickeado con éxito!
El texto encontrado es  Cuenta Corriente Aplicada
El valor es un carácter numérico. Valor: -104.979.066,69
El valor es un carácter numérico. Valor: 51.213.438,74
El valor es un carácter numérico. Valor: 1.644.996,71
¡Elemento encontrado y clickeado con éxito!
¡Elemento encontrado y clickeado con éxito!
¡Elemento encontrado y clickeado con éxito!
¡Elemento encontrado y clickeado con éxito!
¡Elemento encontrado y clickeado con éxito!
¡Elemento encontrado y clickeado con éxito!
El texto encontrado es  CUENTA CORRIENTE
El texto encontrado es  Movimiento ID 0011 00294698
El texto encontrado es  - ARS 3,50
El texto encontrado es  IMPUTCC
¡Elemento encontrado y clickeado con éxito!
]]></system-out>
	</testcase>
</testsuite>
