<?xml version="1.0" encoding="UTF-8"?>
<testsuite name="cta_cte_apliVencido-20241014132029" tests="1" file=".py" time="73.159" timestamp="2024-10-14T13:21:42" failures="0" errors="0" skipped="0">
	<testcase classname="cta_cte_apliVencido" name="test_ctacte_aplivencido" time="73.159" timestamp="2024-10-14T13:21:42" file="ctacte_ApliVencido.py" line="18">
		<system-out><![CDATA[El texto encontrado es  Cuenta Corriente Aplicada
El valor es un carácter numérico. Valor: -146.533.294,17
El valor es un carácter numérico. Valor: -141.128.829,86
El valor es un carácter numérico. Valor: -25.945,58
El texto encontrado es  CUENTA CORRIENTE
El valor es un string. Valor: Movimiento ND 1052 00127093
El valor es un string. Valor: - ARS 321.472,80
El valor es un string. Valor: CTG: 10116938416 / 10216968474-
]]></system-out>
	</testcase>
</testsuite>
