<?xml version="1.0" encoding="UTF-8"?>
<testsuite name="cta_cte_apliVencido-20240312164151" tests="1" file=".py" time="55.545" timestamp="2024-03-12T16:42:46" failures="0" errors="0" skipped="0">
	<testcase classname="cta_cte_apliVencido" name="test_ctacte_aplivencido" time="55.545" timestamp="2024-03-12T16:42:46" file="ctacte_ApliVencido.py" line="17">
		<system-out><![CDATA[¡Elemento encontrado y clickeado con éxito!
¡Elemento encontrado y clickeado con éxito!
¡Elemento encontrado y clickeado con éxito!
¡Elemento encontrado y clickeado con éxito!
¡Elemento encontrado y clickeado con éxito!
¡Elemento encontrado y clickeado con éxito!
¡Elemento encontrado y clickeado con éxito!
¡Elemento encontrado y clickeado con éxito!
¡Elemento encontrado y clickeado 5 veces con éxito!
¡Elemento encontrado y clickeado con éxito!
¡Elemento encontrado y clickeado 1 veces con éxito!
¡Elemento encontrado y clickeado con éxito!
¡Elemento encontrado y clickeado con éxito!
El texto encontrado es  Cuenta Corriente Aplicada
El valor es un carácter numérico. Valor: -3.517.713,88
El valor es un carácter numérico. Valor: 2.786.587,57
El valor es un carácter numérico. Valor: 332.575,35
¡Elemento encontrado y clickeado con éxito!
¡Elemento encontrado y clickeado con éxito!
¡Elemento encontrado y clickeado con éxito!
¡Elemento encontrado y clickeado con éxito!
¡Elemento encontrado y clickeado con éxito!
¡Elemento encontrado y clickeado con éxito!
El texto encontrado es  CUENTA CORRIENTE
El texto encontrado es  Movimiento ID 0011 00294698
El texto encontrado es  - ARS 3,50
El texto encontrado es  IMPUTCC
¡Elemento encontrado y clickeado con éxito!
]]></system-out>
	</testcase>
</testsuite>
