<?xml version="1.0" encoding="UTF-8"?>
<testsuite name="cuenta_mercaderia_facturarV2-20241030130328" tests="2" file=".py" time="42.566" timestamp="2024-10-30T13:04:11" failures="0" errors="2" skipped="0">
	<testcase classname="cuenta_mercaderia_facturarV2" name="test_mercaderia_facturarV2" time="0.000" timestamp="0001-01-01T00:00:00" file="ReportMerFactV2.py" line="20">
		<error type="AttributeError" message="'NoneType' object has no attribute 'text'"><![CDATA[Traceback (most recent call last):
  File "c:\Users\luist\repos\Automatizaciones_M-dulos-\ReportMerFactV2.py", line 69, in test_mercaderia_facturarV2
    validate_character_numeric_element(self.driver,totes_value_ARS)
  File "c:\Users\luist\repos\Automatizaciones_M-dulos-\Elements.py", line 1160, in validate_character_numeric_element
    valor = elemento.text
AttributeError: 'NoneType' object has no attribute 'text'
]]></error>
		<system-out><![CDATA[¡Elemento encontrado y clickeado 6 veces con éxito!
¡Elemento encontrado y clickeado 6 veces con éxito!
Tiempo de espera agotado. El elemento no está presente o no es clickeable.
]]></system-out>
	</testcase>
	<testcase classname="cuenta_mercaderia_facturarV2" name="test_mercaderia_facturarV2" time="42.566" timestamp="2024-10-30T13:04:11" file="ReportMerFactV2.py" line="20">
		<error type="WebDriverException" message="Message: disconnected: Unable to receive message from renderer
  (failed to check if window was closed: disconnected: not connected to DevTools)
  (Session info: chrome=130.0.6723.91)
Stacktrace:
	GetHandleVerifier [0x00007FF7DA6D3AF5+28005]
	(No symbol) [0x00007FF7DA6383F0]
	(No symbol) [0x00007FF7DA4D580A]
	(No symbol) [0x00007FF7DA4C3BD7]
	(No symbol) [0x00007FF7DA4C151E]
	(No symbol) [0x00007FF7DA4C1FCF]
	(No symbol) [0x00007FF7DA4D5E23]
	(No symbol) [0x00007FF7DA4AF55D]
	(No symbol) [0x00007FF7DA559CE9]
	(No symbol) [0x00007FF7DA54BA00]
	(No symbol) [0x00007FF7DA5175C8]
	(No symbol) [0x00007FF7DA518731]
	GetHandleVerifier [0x00007FF7DA9C646D+3118813]
	GetHandleVerifier [0x00007FF7DAA16CC0+3448624]
	GetHandleVerifier [0x00007FF7DAA0CF3D+3408301]
	GetHandleVerifier [0x00007FF7DA79A44B+841403]
	(No symbol) [0x00007FF7DA64344F]
	(No symbol) [0x00007FF7DA63F4C4]
	(No symbol) [0x00007FF7DA63F65D]
	(No symbol) [0x00007FF7DA62EBB9]
	BaseThreadInitThunk [0x00007FF8AAC1257D+29]
	RtlUserThreadStart [0x00007FF8ABB0AF08+40]
"><![CDATA[Traceback (most recent call last):
  File "c:\Users\luist\repos\Automatizaciones_M-dulos-\ReportMerFactV2.py", line 209, in tearDown
    self.driver.close()
  File "C:\Users\luist\AppData\Roaming\Python\Python310\site-packages\selenium\webdriver\remote\webdriver.py", line 465, in close
    self.execute(Command.CLOSE)
  File "C:\Users\luist\AppData\Roaming\Python\Python310\site-packages\selenium\webdriver\remote\webdriver.py", line 354, in execute
    self.error_handler.check_response(response)
  File "C:\Users\luist\AppData\Roaming\Python\Python310\site-packages\selenium\webdriver\remote\errorhandler.py", line 229, in check_response
    raise exception_class(message, screen, stacktrace)
selenium.common.exceptions.WebDriverException: Message: disconnected: Unable to receive message from renderer
  (failed to check if window was closed: disconnected: not connected to DevTools)
  (Session info: chrome=130.0.6723.91)
Stacktrace:
	GetHandleVerifier [0x00007FF7DA6D3AF5+28005]
	(No symbol) [0x00007FF7DA6383F0]
	(No symbol) [0x00007FF7DA4D580A]
	(No symbol) [0x00007FF7DA4C3BD7]
	(No symbol) [0x00007FF7DA4C151E]
	(No symbol) [0x00007FF7DA4C1FCF]
	(No symbol) [0x00007FF7DA4D5E23]
	(No symbol) [0x00007FF7DA4AF55D]
	(No symbol) [0x00007FF7DA559CE9]
	(No symbol) [0x00007FF7DA54BA00]
	(No symbol) [0x00007FF7DA5175C8]
	(No symbol) [0x00007FF7DA518731]
	GetHandleVerifier [0x00007FF7DA9C646D+3118813]
	GetHandleVerifier [0x00007FF7DAA16CC0+3448624]
	GetHandleVerifier [0x00007FF7DAA0CF3D+3408301]
	GetHandleVerifier [0x00007FF7DA79A44B+841403]
	(No symbol) [0x00007FF7DA64344F]
	(No symbol) [0x00007FF7DA63F4C4]
	(No symbol) [0x00007FF7DA63F65D]
	(No symbol) [0x00007FF7DA62EBB9]
	BaseThreadInitThunk [0x00007FF8AAC1257D+29]
	RtlUserThreadStart [0x00007FF8ABB0AF08+40]

]]></error>
		<system-out><![CDATA[¡Elemento encontrado y clickeado 6 veces con éxito!
¡Elemento encontrado y clickeado 6 veces con éxito!
Tiempo de espera agotado. El elemento no está presente o no es clickeable.
]]></system-out>
	</testcase>
</testsuite>
