<?xml version="1.0" encoding="UTF-8"?>
<testsuite name="cta_cte_pesiFechaCompro-20241014115659" tests="1" file=".py" time="66.679" timestamp="2024-10-14T11:58:05" failures="0" errors="0" skipped="0">
	<testcase classname="cta_cte_pesiFechaCompro" name="test_ctacte_date_voucher" time="66.679" timestamp="2024-10-14T11:58:05" file="ctacte_pesifechacompro.py" line="18">
		<system-out><![CDATA[El texto encontrado es  CUENTA PESIFICADA
El valor es un carácter numérico. Valor: -1.314.931.346,55
El texto encontrado es  CUENTA CORRIENTE
El valor es un string. Valor: Movimiento LC 3302 00169193
El valor es un string. Valor: + ARS 1.123.147,46
El valor es un string. Valor: LIQ.1116C TRIG 2324 90590 Kgs. 100,00%
]]></system-out>
	</testcase>
</testsuite>
