<?xml version="1.0" encoding="UTF-8"?>
<testsuite name="cta_cte_apliApagar-20241009130306" tests="1" file=".py" time="73.207" timestamp="2024-10-09T13:04:19" failures="0" errors="0" skipped="0">
	<testcase classname="cta_cte_apliApagar" name="test_ctacte_apliApagar" time="73.207" timestamp="2024-10-09T13:04:19" file="ctacte_ApliApagar.py" line="18">
		<system-out><![CDATA[El texto encontrado es  Cuenta Corriente Aplicada
El valor es un carácter numérico. Valor: -1.287.608.362,51
El valor es un carácter numérico. Valor: -1.110.435.956,30
El valor es un carácter numérico. Valor: -850.563,64
El texto encontrado es  CUENTA CORRIENTE
El valor no es un carácter alfabético. Valor: Movimiento ND 1052 00127094
El valor no es un carácter alfabético. Valor: - ARS 333.234,00
El valor no es un carácter alfabético. Valor: CTG: 10116939112 / 10216975666-
]]></system-out>
	</testcase>
</testsuite>
