<?xml version="1.0" encoding="UTF-8"?>
<testsuite name="cta_cte_apliApagar-20241009125948" tests="2" file=".py" time="66.626" timestamp="2024-10-09T13:00:54" failures="0" errors="2" skipped="0">
	<testcase classname="cta_cte_apliApagar" name="test_ctacte_apliApagar" time="0.000" timestamp="0001-01-01T00:00:00" file="ctacte_ApliApagar.py" line="18">
		<error type="NoSuchWindowException" message="Message: no such window: target window already closed
from unknown error: web view not found
  (Session info: chrome=129.0.6668.90)
Stacktrace:
	GetHandleVerifier [0x00007FF6B8A8B675+29573]
	(No symbol) [0x00007FF6B8A004A0]
	(No symbol) [0x00007FF6B88BB6EA]
	(No symbol) [0x00007FF6B888FCD5]
	(No symbol) [0x00007FF6B893EF67]
	(No symbol) [0x00007FF6B8957FC1]
	(No symbol) [0x00007FF6B89370A3]
	(No symbol) [0x00007FF6B89012DF]
	(No symbol) [0x00007FF6B8902441]
	GetHandleVerifier [0x00007FF6B8DBC5BD+3375821]
	GetHandleVerifier [0x00007FF6B8E079B7+3684039]
	GetHandleVerifier [0x00007FF6B8DFCDDB+3640043]
	GetHandleVerifier [0x00007FF6B8B4B7F6+816390]
	(No symbol) [0x00007FF6B8A0B7AF]
	(No symbol) [0x00007FF6B8A075D4]
	(No symbol) [0x00007FF6B8A07770]
	(No symbol) [0x00007FF6B89F65CF]
	BaseThreadInitThunk [0x00007FFFD2F3257D+29]
	RtlUserThreadStart [0x00007FFFD420AF08+40]
"><![CDATA[Traceback (most recent call last):
  File "c:\Users\luist\repos\Automatizaciones_M-dulos-\ctacte_ApliApagar.py", line 94, in test_ctacte_apliApagar
    validate_character_numeric_element(self.driver, total_to_pay)
  File "c:\Users\luist\repos\Automatizaciones_M-dulos-\Elements.py", line 1159, in validate_character_numeric_element
    elemento = driver.find_element(By.XPATH, xpath)
  File "C:\Users\luist\AppData\Roaming\Python\Python310\site-packages\selenium\webdriver\remote\webdriver.py", line 748, in find_element
    return self.execute(Command.FIND_ELEMENT, {"using": by, "value": value})["value"]
  File "C:\Users\luist\AppData\Roaming\Python\Python310\site-packages\selenium\webdriver\remote\webdriver.py", line 354, in execute
    self.error_handler.check_response(response)
  File "C:\Users\luist\AppData\Roaming\Python\Python310\site-packages\selenium\webdriver\remote\errorhandler.py", line 229, in check_response
    raise exception_class(message, screen, stacktrace)
selenium.common.exceptions.NoSuchWindowException: Message: no such window: target window already closed
from unknown error: web view not found
  (Session info: chrome=129.0.6668.90)
Stacktrace:
	GetHandleVerifier [0x00007FF6B8A8B675+29573]
	(No symbol) [0x00007FF6B8A004A0]
	(No symbol) [0x00007FF6B88BB6EA]
	(No symbol) [0x00007FF6B888FCD5]
	(No symbol) [0x00007FF6B893EF67]
	(No symbol) [0x00007FF6B8957FC1]
	(No symbol) [0x00007FF6B89370A3]
	(No symbol) [0x00007FF6B89012DF]
	(No symbol) [0x00007FF6B8902441]
	GetHandleVerifier [0x00007FF6B8DBC5BD+3375821]
	GetHandleVerifier [0x00007FF6B8E079B7+3684039]
	GetHandleVerifier [0x00007FF6B8DFCDDB+3640043]
	GetHandleVerifier [0x00007FF6B8B4B7F6+816390]
	(No symbol) [0x00007FF6B8A0B7AF]
	(No symbol) [0x00007FF6B8A075D4]
	(No symbol) [0x00007FF6B8A07770]
	(No symbol) [0x00007FF6B89F65CF]
	BaseThreadInitThunk [0x00007FFFD2F3257D+29]
	RtlUserThreadStart [0x00007FFFD420AF08+40]

]]></error>
		<system-out><![CDATA[¡Elemento encontrado y clickeado 12 veces con éxito!
¡Elemento encontrado y clickeado 2 veces con éxito!
Tiempo de espera agotado. El texto por xpaht no está presente.
]]></system-out>
	</testcase>
	<testcase classname="cta_cte_apliApagar" name="test_ctacte_apliApagar" time="66.626" timestamp="2024-10-09T13:00:54" file="ctacte_ApliApagar.py" line="18">
		<error type="WebDriverException" message="Message: disconnected: not connected to DevTools
  (failed to check if window was closed: disconnected: not connected to DevTools)
  (Session info: chrome=129.0.6668.90)
Stacktrace:
	GetHandleVerifier [0x00007FF6B8A8B675+29573]
	(No symbol) [0x00007FF6B8A004A0]
	(No symbol) [0x00007FF6B88BB6EA]
	(No symbol) [0x00007FF6B88A1528]
	(No symbol) [0x00007FF6B88A25BF]
	(No symbol) [0x00007FF6B88BBD03]
	(No symbol) [0x00007FF6B888F7BD]
	(No symbol) [0x00007FF6B8946499]
	(No symbol) [0x00007FF6B89372C0]
	(No symbol) [0x00007FF6B89012DF]
	(No symbol) [0x00007FF6B8902441]
	GetHandleVerifier [0x00007FF6B8DBC5BD+3375821]
	GetHandleVerifier [0x00007FF6B8E079B7+3684039]
	GetHandleVerifier [0x00007FF6B8DFCDDB+3640043]
	GetHandleVerifier [0x00007FF6B8B4B7F6+816390]
	(No symbol) [0x00007FF6B8A0B7AF]
	(No symbol) [0x00007FF6B8A075D4]
	(No symbol) [0x00007FF6B8A07770]
	(No symbol) [0x00007FF6B89F65CF]
	BaseThreadInitThunk [0x00007FFFD2F3257D+29]
	RtlUserThreadStart [0x00007FFFD420AF08+40]
"><![CDATA[Traceback (most recent call last):
  File "c:\Users\luist\repos\Automatizaciones_M-dulos-\ctacte_ApliApagar.py", line 168, in tearDown
    self.driver.close()
  File "C:\Users\luist\AppData\Roaming\Python\Python310\site-packages\selenium\webdriver\remote\webdriver.py", line 465, in close
    self.execute(Command.CLOSE)
  File "C:\Users\luist\AppData\Roaming\Python\Python310\site-packages\selenium\webdriver\remote\webdriver.py", line 354, in execute
    self.error_handler.check_response(response)
  File "C:\Users\luist\AppData\Roaming\Python\Python310\site-packages\selenium\webdriver\remote\errorhandler.py", line 229, in check_response
    raise exception_class(message, screen, stacktrace)
selenium.common.exceptions.WebDriverException: Message: disconnected: not connected to DevTools
  (failed to check if window was closed: disconnected: not connected to DevTools)
  (Session info: chrome=129.0.6668.90)
Stacktrace:
	GetHandleVerifier [0x00007FF6B8A8B675+29573]
	(No symbol) [0x00007FF6B8A004A0]
	(No symbol) [0x00007FF6B88BB6EA]
	(No symbol) [0x00007FF6B88A1528]
	(No symbol) [0x00007FF6B88A25BF]
	(No symbol) [0x00007FF6B88BBD03]
	(No symbol) [0x00007FF6B888F7BD]
	(No symbol) [0x00007FF6B8946499]
	(No symbol) [0x00007FF6B89372C0]
	(No symbol) [0x00007FF6B89012DF]
	(No symbol) [0x00007FF6B8902441]
	GetHandleVerifier [0x00007FF6B8DBC5BD+3375821]
	GetHandleVerifier [0x00007FF6B8E079B7+3684039]
	GetHandleVerifier [0x00007FF6B8DFCDDB+3640043]
	GetHandleVerifier [0x00007FF6B8B4B7F6+816390]
	(No symbol) [0x00007FF6B8A0B7AF]
	(No symbol) [0x00007FF6B8A075D4]
	(No symbol) [0x00007FF6B8A07770]
	(No symbol) [0x00007FF6B89F65CF]
	BaseThreadInitThunk [0x00007FFFD2F3257D+29]
	RtlUserThreadStart [0x00007FFFD420AF08+40]

]]></error>
		<system-out><![CDATA[¡Elemento encontrado y clickeado 12 veces con éxito!
¡Elemento encontrado y clickeado 2 veces con éxito!
Tiempo de espera agotado. El texto por xpaht no está presente.
]]></system-out>
	</testcase>
</testsuite>
