<?xml version="1.0" encoding="UTF-8"?>
<testsuite name="cta_cte_apliApagar-20240312155019" tests="1" file=".py" time="59.427" timestamp="2024-03-12T15:51:18" failures="0" errors="0" skipped="0">
	<testcase classname="cta_cte_apliApagar" name="test_ctacte_apliApagar" time="59.427" timestamp="2024-03-12T15:51:18" file="ctacte_ApliApagar.py" line="17">
		<system-out><![CDATA[¡Elemento encontrado y clickeado con éxito!
¡Elemento encontrado y clickeado con éxito!
¡Elemento encontrado y clickeado con éxito!
¡Elemento encontrado y clickeado con éxito!
¡Elemento encontrado y clickeado con éxito!
¡Elemento encontrado y clickeado con éxito!
¡Elemento encontrado y clickeado con éxito!
¡Elemento encontrado y clickeado con éxito!
¡Elemento encontrado y clickeado 5 veces con éxito!
¡Elemento encontrado y clickeado con éxito!
¡Elemento encontrado y clickeado 1 veces con éxito!
¡Elemento encontrado y clickeado con éxito!
¡Elemento encontrado y clickeado con éxito!
El texto encontrado es  Cuenta Corriente Aplicada
El valor es un carácter numérico. Valor: -171.167.917,84
El valor es un carácter numérico. Valor: 51.215.932,24
El valor es un carácter numérico. Valor: 2.913.163,37
¡Elemento encontrado y clickeado con éxito!
¡Elemento encontrado y clickeado con éxito!
¡Elemento encontrado y clickeado con éxito!
¡Elemento encontrado y clickeado con éxito!
¡Elemento encontrado y clickeado con éxito!
¡Elemento encontrado y clickeado con éxito!
El texto encontrado es  CUENTA CORRIENTE
El texto encontrado es  Movimiento FC 1051 00014215
El texto encontrado es  USD 738,10
El texto encontrado es  SILO BOLSA-
¡Elemento encontrado y clickeado con éxito!
]]></system-out>
	</testcase>
</testsuite>
