<?xml version="1.0" encoding="UTF-8"?>
<testsuite name="cta_cte_pesiFechaVevcimiento-20240618165628" tests="1" file=".py" time="69.080" timestamp="2024-06-18T16:57:37" failures="0" errors="0" skipped="0">
	<testcase classname="cta_cte_pesiFechaVevcimiento" name="test_ctacte_Date_expiration" time="69.080" timestamp="2024-06-18T16:57:37" file="ctacte_pesifechavenci.py" line="17">
		<system-out><![CDATA[¡Elemento encontrado y clickeado 5 veces con éxito!
¡Elemento encontrado y clickeado 2 veces con éxito!
El texto encontrado es  Cuenta Pesificada
El valor es un carácter numérico. Valor: -1.711.007.655,80
El texto encontrado es  CUENTA CORRIENTE
El texto encontrado es  Movimiento FC 1118 00076335
El texto encontrado es  - ARS 663.820,16
El texto encontrado 'GASTOS COMER. S/ 67580 KGRS. Trig Cosecha 2324-E' no coincide con el esperado 'GASTOS COMER. S/ 67580 KGRS.  Trig Cosecha 2324-E'
]]></system-out>
	</testcase>
</testsuite>
