<?xml version="1.0" encoding="UTF-8"?>
<testsuite name="HomeResNegocioTenantV2-20241101115818" tests="1" file=".py" time="29.810" timestamp="2024-11-01T11:58:48" failures="0" errors="0" skipped="0">
	<testcase classname="HomeResNegocioTenantV2" name="test_start_tenant" time="29.810" timestamp="2024-11-01T11:58:48" file="HomeResuNegoV2.py" line="20">
		<system-out><![CDATA[El texto encontrado es  Resumen de Mis Negocios de Granos
La imagen es visible para el usuario. URL: https://pwa-portal-staging.silohub.ag/assets/images/grains/soja.svg
El texto encontrado es  Soja
El valor es un carácter numérico. Valor: Saldo: 4.908.494,00 Kg
El texto encontrado es  Entregado:
El valor es un carácter numérico. Valor: 11.913.292,00 Kg
El texto encontrado es  Pendientes
El valor es un carácter numérico. Valor: 411.946,00 Kg
El texto encontrado es  Fijado:
El valor es un carácter numérico. Valor: 7.004.798,00 Kg
El texto encontrado es  Pendientes
El valor es un carácter numérico. Valor: 5.286.182,00 Kg
El texto encontrado es  Pesificado:
El valor es un carácter numérico. Valor: 2.600.000,00 Kg
El texto encontrado es  Pendientes
El valor es un carácter numérico. Valor: 760.000,00 Kg
El texto encontrado es  Liquidado:
El valor es un carácter numérico. Valor: 6.400.000,00 Kg
El texto encontrado es  Pendientes
El valor es un carácter numérico. Valor: 5.925.238,00 Kg
El texto encontrado es  Pagado:
El valor es un carácter numérico. Valor: 6.400.000,00 Kg
El texto encontrado es  Pendientes
El valor es un carácter numérico. Valor: 5.925.238,00 Kg
]]></system-out>
	</testcase>
</testsuite>
