<?xml version="1.0" encoding="UTF-8"?>
<testsuite name="TenenImpositivasV2-20241021170651" tests="1" file=".py" time="30.576" timestamp="2024-10-21T17:07:21" failures="0" errors="1" skipped="0">
	<testcase classname="TenenImpositivasV2" name="test_tax_holdings" time="30.576" timestamp="2024-10-21T17:07:21" file="TenenImposiV2.py" line="19">
		<error type="ElementClickInterceptedException" message="Message: element click intercepted: Element &lt;span _ngcontent-lin-c179=&quot;&quot;&gt;...&lt;/span&gt; is not clickable at point (1471, 200). Other element would receive the click: &lt;app-button _ngcontent-lin-c396=&quot;&quot; buttonname=&quot;Generar&quot; _nghost-lin-c179=&quot;&quot;&gt;...&lt;/app-button&gt;
  (Session info: chrome=130.0.6723.58)
Stacktrace:
	GetHandleVerifier [0x00007FF7B0D0E1F5+2972373]
	(No symbol) [0x00007FF7B09A55F0]
	(No symbol) [0x00007FF7B08457FA]
	(No symbol) [0x00007FF7B089D6CE]
	(No symbol) [0x00007FF7B089B16C]
	(No symbol) [0x00007FF7B0898628]
	(No symbol) [0x00007FF7B089783C]
	(No symbol) [0x00007FF7B088992E]
	(No symbol) [0x00007FF7B08BBA7A]
	(No symbol) [0x00007FF7B0889266]
	(No symbol) [0x00007FF7B08BBC90]
	(No symbol) [0x00007FF7B08DB8CC]
	(No symbol) [0x00007FF7B08BB823]
	(No symbol) [0x00007FF7B08875E8]
	(No symbol) [0x00007FF7B0888751]
	GetHandleVerifier [0x00007FF7B0D347BD+3129501]
	GetHandleVerifier [0x00007FF7B0D84D00+3458528]
	GetHandleVerifier [0x00007FF7B0D7B05D+3418429]
	GetHandleVerifier [0x00007FF7B0B0687B+844123]
	(No symbol) [0x00007FF7B09B0AFF]
	(No symbol) [0x00007FF7B09AC6D4]
	(No symbol) [0x00007FF7B09AC86D]
	(No symbol) [0x00007FF7B099BD79]
	BaseThreadInitThunk [0x00007FF92EF0257D+29]
	RtlUserThreadStart [0x00007FF93006AF08+40]
"><![CDATA[Traceback (most recent call last):
  File "c:\Users\luist\repos\Automatizaciones_M-dulos-\TenenImposiV2.py", line 44, in test_tax_holdings
    find_elements(self.driver, select_button_generate)
  File "c:\Users\luist\repos\Automatizaciones_M-dulos-\Elements.py", line 22, in find_elements
    select_nex_button.click()
  File "C:\Users\luist\AppData\Roaming\Python\Python310\site-packages\selenium\webdriver\remote\webelement.py", line 94, in click
    self._execute(Command.CLICK_ELEMENT)
  File "C:\Users\luist\AppData\Roaming\Python\Python310\site-packages\selenium\webdriver\remote\webelement.py", line 395, in _execute
    return self._parent.execute(command, params)
  File "C:\Users\luist\AppData\Roaming\Python\Python310\site-packages\selenium\webdriver\remote\webdriver.py", line 354, in execute
    self.error_handler.check_response(response)
  File "C:\Users\luist\AppData\Roaming\Python\Python310\site-packages\selenium\webdriver\remote\errorhandler.py", line 229, in check_response
    raise exception_class(message, screen, stacktrace)
selenium.common.exceptions.ElementClickInterceptedException: Message: element click intercepted: Element <span _ngcontent-lin-c179="">...</span> is not clickable at point (1471, 200). Other element would receive the click: <app-button _ngcontent-lin-c396="" buttonname="Generar" _nghost-lin-c179="">...</app-button>
  (Session info: chrome=130.0.6723.58)
Stacktrace:
	GetHandleVerifier [0x00007FF7B0D0E1F5+2972373]
	(No symbol) [0x00007FF7B09A55F0]
	(No symbol) [0x00007FF7B08457FA]
	(No symbol) [0x00007FF7B089D6CE]
	(No symbol) [0x00007FF7B089B16C]
	(No symbol) [0x00007FF7B0898628]
	(No symbol) [0x00007FF7B089783C]
	(No symbol) [0x00007FF7B088992E]
	(No symbol) [0x00007FF7B08BBA7A]
	(No symbol) [0x00007FF7B0889266]
	(No symbol) [0x00007FF7B08BBC90]
	(No symbol) [0x00007FF7B08DB8CC]
	(No symbol) [0x00007FF7B08BB823]
	(No symbol) [0x00007FF7B08875E8]
	(No symbol) [0x00007FF7B0888751]
	GetHandleVerifier [0x00007FF7B0D347BD+3129501]
	GetHandleVerifier [0x00007FF7B0D84D00+3458528]
	GetHandleVerifier [0x00007FF7B0D7B05D+3418429]
	GetHandleVerifier [0x00007FF7B0B0687B+844123]
	(No symbol) [0x00007FF7B09B0AFF]
	(No symbol) [0x00007FF7B09AC6D4]
	(No symbol) [0x00007FF7B09AC86D]
	(No symbol) [0x00007FF7B099BD79]
	BaseThreadInitThunk [0x00007FF92EF0257D+29]
	RtlUserThreadStart [0x00007FF93006AF08+40]

]]></error>
	</testcase>
</testsuite>
