<?xml version="1.0" encoding="UTF-8"?>
<testsuite name="Onboarding_test_tenant-20240613112853" tests="1" file=".py" time="142.876" timestamp="2024-06-13T11:31:16" failures="0" errors="1" skipped="0">
	<testcase classname="Onboarding_test_tenant" name="test_tenat_onboarding" time="142.876" timestamp="2024-06-13T11:31:16" file="Onboarding.py" line="28">
		<error type="ElementNotInteractableException" message="Message: element not interactable
  (Session info: chrome=125.0.6422.144)
Stacktrace:
	GetHandleVerifier [0x00007FF744ED1F52+60322]
	(No symbol) [0x00007FF744E4CEC9]
	(No symbol) [0x00007FF744D07CE9]
	(No symbol) [0x00007FF744D589C2]
	(No symbol) [0x00007FF744D4B491]
	(No symbol) [0x00007FF744D7C21A]
	(No symbol) [0x00007FF744D4ADB6]
	(No symbol) [0x00007FF744D7C430]
	(No symbol) [0x00007FF744D9BC80]
	(No symbol) [0x00007FF744D7BFC3]
	(No symbol) [0x00007FF744D49617]
	(No symbol) [0x00007FF744D4A211]
	GetHandleVerifier [0x00007FF7451E94AD+3301629]
	GetHandleVerifier [0x00007FF7452336D3+3605283]
	GetHandleVerifier [0x00007FF745229450+3563680]
	GetHandleVerifier [0x00007FF744F84326+790390]
	(No symbol) [0x00007FF744E5750F]
	(No symbol) [0x00007FF744E53404]
	(No symbol) [0x00007FF744E53592]
	(No symbol) [0x00007FF744E42F9F]
	BaseThreadInitThunk [0x00007FFBED37257D+29]
	RtlUserThreadStart [0x00007FFBEECEAA48+40]
"><![CDATA[Traceback (most recent call last):
  File "c:\Users\luist\repos\Automatizaciones-SILOHUB-\Onboarding.py", line 200, in test_tenat_onboarding
    upload_file_after_click_selector(self.driver, select_field3, element_archive_4, archive3)
  File "c:\Users\luist\repos\Automatizaciones-SILOHUB-\Elements.py", line 929, in upload_file_after_click_selector
    chevron_element.click()
  File "C:\Users\luist\AppData\Roaming\Python\Python310\site-packages\selenium\webdriver\remote\webelement.py", line 94, in click
    self._execute(Command.CLICK_ELEMENT)
  File "C:\Users\luist\AppData\Roaming\Python\Python310\site-packages\selenium\webdriver\remote\webelement.py", line 395, in _execute
    return self._parent.execute(command, params)
  File "C:\Users\luist\AppData\Roaming\Python\Python310\site-packages\selenium\webdriver\remote\webdriver.py", line 348, in execute
    self.error_handler.check_response(response)
  File "C:\Users\luist\AppData\Roaming\Python\Python310\site-packages\selenium\webdriver\remote\errorhandler.py", line 229, in check_response
    raise exception_class(message, screen, stacktrace)
selenium.common.exceptions.ElementNotInteractableException: Message: element not interactable
  (Session info: chrome=125.0.6422.144)
Stacktrace:
	GetHandleVerifier [0x00007FF744ED1F52+60322]
	(No symbol) [0x00007FF744E4CEC9]
	(No symbol) [0x00007FF744D07CE9]
	(No symbol) [0x00007FF744D589C2]
	(No symbol) [0x00007FF744D4B491]
	(No symbol) [0x00007FF744D7C21A]
	(No symbol) [0x00007FF744D4ADB6]
	(No symbol) [0x00007FF744D7C430]
	(No symbol) [0x00007FF744D9BC80]
	(No symbol) [0x00007FF744D7BFC3]
	(No symbol) [0x00007FF744D49617]
	(No symbol) [0x00007FF744D4A211]
	GetHandleVerifier [0x00007FF7451E94AD+3301629]
	GetHandleVerifier [0x00007FF7452336D3+3605283]
	GetHandleVerifier [0x00007FF745229450+3563680]
	GetHandleVerifier [0x00007FF744F84326+790390]
	(No symbol) [0x00007FF744E5750F]
	(No symbol) [0x00007FF744E53404]
	(No symbol) [0x00007FF744E53592]
	(No symbol) [0x00007FF744E42F9F]
	BaseThreadInitThunk [0x00007FFBED37257D+29]
	RtlUserThreadStart [0x00007FFBEECEAA48+40]

]]></error>
		<system-out><![CDATA[El texto es visible para el usuario
El texto fue validado correctamente: DOCUMENTACIÓN
El texto es visible para el usuario
El texto fue validado correctamente: Para poder continuar al siguiente paso, será obligatorio completar los campos que se muestran a continuación.
Error presente. Intentando con otro CUIT.
CUIT válido insertado: 13-67460431-3
Archivo 'C:/Users/luist/OneDrive/Escritorio/Facturas/Contratos-1023-JUAN DEMO.xls' cargado con éxito después de hacer clic en el chevron!
Checkbox con XPAHT '/html/body/app-root/app-layout/app-vertical/div/div/div/div/app-documentation-process/div/div/aw-wizard/div/app-account-type/div/div[3]/app-checks/div/input' seleccionado con éxito!
El texto es visible para el usuario
El texto fue validado correctamente: Estado Impositivo
El texto es visible para el usuario
El texto fue validado correctamente: Apertura de legajo
Archivo 'C:/Users/luist/OneDrive/Escritorio/Facturas/fractura Bezatbeth_files/factura Bezatbeth.pdf' cargado con éxito después de hacer clic en el chevron!
]]></system-out>
	</testcase>
</testsuite>
