<?xml version="1.0" encoding="UTF-8"?>
<testsuite name="Onboarding_test_tenant-20240612173938" tests="1" file=".py" time="108.110" timestamp="2024-06-12T17:41:26" failures="0" errors="1" skipped="0">
	<testcase classname="Onboarding_test_tenant" name="test_tenat_onboarding" time="108.110" timestamp="2024-06-12T17:41:26" file="Onboarding.py" line="28">
		<error type="ElementNotInteractableException" message="Message: element not interactable
  (Session info: chrome=125.0.6422.144)
Stacktrace:
	GetHandleVerifier [0x00007FF642BB1F52+60322]
	(No symbol) [0x00007FF642B2CEC9]
	(No symbol) [0x00007FF6429E7CE9]
	(No symbol) [0x00007FF642A31093]
	(No symbol) [0x00007FF642A2F20B]
	(No symbol) [0x00007FF642A5C21A]
	(No symbol) [0x00007FF642A2ADB6]
	(No symbol) [0x00007FF642A5C430]
	(No symbol) [0x00007FF642A7BC80]
	(No symbol) [0x00007FF642A5BFC3]
	(No symbol) [0x00007FF642A29617]
	(No symbol) [0x00007FF642A2A211]
	GetHandleVerifier [0x00007FF642EC94AD+3301629]
	GetHandleVerifier [0x00007FF642F136D3+3605283]
	GetHandleVerifier [0x00007FF642F09450+3563680]
	GetHandleVerifier [0x00007FF642C64326+790390]
	(No symbol) [0x00007FF642B3750F]
	(No symbol) [0x00007FF642B33404]
	(No symbol) [0x00007FF642B33592]
	(No symbol) [0x00007FF642B22F9F]
	BaseThreadInitThunk [0x00007FFBED37257D+29]
	RtlUserThreadStart [0x00007FFBEECEAA48+40]
"><![CDATA[Traceback (most recent call last):
  File "c:\Users\luist\repos\Automatizaciones-SILOHUB-\Onboarding.py", line 192, in test_tenat_onboarding
    upload_file_after_click(self.driver, select_field2, element_archive_3, archive2)
  File "c:\Users\luist\repos\Automatizaciones-SILOHUB-\Elements.py", line 911, in upload_file_after_click
    upload_input_element.send_keys(file_path)
  File "C:\Users\luist\AppData\Roaming\Python\Python310\site-packages\selenium\webdriver\remote\webelement.py", line 231, in send_keys
    self._execute(
  File "C:\Users\luist\AppData\Roaming\Python\Python310\site-packages\selenium\webdriver\remote\webelement.py", line 395, in _execute
    return self._parent.execute(command, params)
  File "C:\Users\luist\AppData\Roaming\Python\Python310\site-packages\selenium\webdriver\remote\webdriver.py", line 348, in execute
    self.error_handler.check_response(response)
  File "C:\Users\luist\AppData\Roaming\Python\Python310\site-packages\selenium\webdriver\remote\errorhandler.py", line 229, in check_response
    raise exception_class(message, screen, stacktrace)
selenium.common.exceptions.ElementNotInteractableException: Message: element not interactable
  (Session info: chrome=125.0.6422.144)
Stacktrace:
	GetHandleVerifier [0x00007FF642BB1F52+60322]
	(No symbol) [0x00007FF642B2CEC9]
	(No symbol) [0x00007FF6429E7CE9]
	(No symbol) [0x00007FF642A31093]
	(No symbol) [0x00007FF642A2F20B]
	(No symbol) [0x00007FF642A5C21A]
	(No symbol) [0x00007FF642A2ADB6]
	(No symbol) [0x00007FF642A5C430]
	(No symbol) [0x00007FF642A7BC80]
	(No symbol) [0x00007FF642A5BFC3]
	(No symbol) [0x00007FF642A29617]
	(No symbol) [0x00007FF642A2A211]
	GetHandleVerifier [0x00007FF642EC94AD+3301629]
	GetHandleVerifier [0x00007FF642F136D3+3605283]
	GetHandleVerifier [0x00007FF642F09450+3563680]
	GetHandleVerifier [0x00007FF642C64326+790390]
	(No symbol) [0x00007FF642B3750F]
	(No symbol) [0x00007FF642B33404]
	(No symbol) [0x00007FF642B33592]
	(No symbol) [0x00007FF642B22F9F]
	BaseThreadInitThunk [0x00007FFBED37257D+29]
	RtlUserThreadStart [0x00007FFBEECEAA48+40]

]]></error>
		<system-out><![CDATA[El texto es visible para el usuario
El texto fue validado correctamente: DOCUMENTACIÓN
El texto es visible para el usuario
El texto fue validado correctamente: Para poder continuar al siguiente paso, será obligatorio completar los campos que se muestran a continuación.
Error presente. Intentando con otro CUIT.
Error presente. Intentando con otro CUIT.
Error presente. Intentando con otro CUIT.
Error presente. Intentando con otro CUIT.
CUIT válido insertado: 18-90645793-4
Archivo 'C:/Users/luist/OneDrive/Escritorio/Facturas/Contratos-1023-JUAN DEMO.xls' cargado con éxito después de hacer clic en el chevron!
Checkbox con XPAHT '/html/body/app-root/app-layout/app-vertical/div/div/div/div/app-documentation-process/div/div/aw-wizard/div/app-account-type/div/div[3]/app-checks/div/input' seleccionado con éxito!
El texto es visible para el usuario
El texto fue validado correctamente: Estado Impositivo
El texto es visible para el usuario
El texto fue validado correctamente: Apertura de legajo
]]></system-out>
	</testcase>
</testsuite>
