<?xml version="1.0" encoding="UTF-8"?>
<testsuite name="Onboarding_test_tenant-20240613112214" tests="1" file=".py" time="141.047" timestamp="2024-06-13T11:24:35" failures="0" errors="1" skipped="0">
	<testcase classname="Onboarding_test_tenant" name="test_tenat_onboarding" time="141.047" timestamp="2024-06-13T11:24:35" file="Onboarding.py" line="28">
		<error type="ElementNotInteractableException" message="Message: element not interactable
  (Session info: chrome=125.0.6422.144)
Stacktrace:
	GetHandleVerifier [0x00007FF7DAB51F52+60322]
	(No symbol) [0x00007FF7DAACCEC9]
	(No symbol) [0x00007FF7DA987CE9]
	(No symbol) [0x00007FF7DA9D89C2]
	(No symbol) [0x00007FF7DA9CB491]
	(No symbol) [0x00007FF7DA9FC21A]
	(No symbol) [0x00007FF7DA9CADB6]
	(No symbol) [0x00007FF7DA9FC430]
	(No symbol) [0x00007FF7DAA1BC80]
	(No symbol) [0x00007FF7DA9FBFC3]
	(No symbol) [0x00007FF7DA9C9617]
	(No symbol) [0x00007FF7DA9CA211]
	GetHandleVerifier [0x00007FF7DAE694AD+3301629]
	GetHandleVerifier [0x00007FF7DAEB36D3+3605283]
	GetHandleVerifier [0x00007FF7DAEA9450+3563680]
	GetHandleVerifier [0x00007FF7DAC04326+790390]
	(No symbol) [0x00007FF7DAAD750F]
	(No symbol) [0x00007FF7DAAD3404]
	(No symbol) [0x00007FF7DAAD3592]
	(No symbol) [0x00007FF7DAAC2F9F]
	BaseThreadInitThunk [0x00007FFBED37257D+29]
	RtlUserThreadStart [0x00007FFBEECEAA48+40]
"><![CDATA[Traceback (most recent call last):
  File "c:\Users\luist\repos\Automatizaciones-SILOHUB-\Onboarding.py", line 200, in test_tenat_onboarding
    upload_file_after_click_selector(self.driver, select_field3, element_archive_4, archive3)
  File "c:\Users\luist\repos\Automatizaciones-SILOHUB-\Elements.py", line 929, in upload_file_after_click_selector
    chevron_element.click()
  File "C:\Users\luist\AppData\Roaming\Python\Python310\site-packages\selenium\webdriver\remote\webelement.py", line 94, in click
    self._execute(Command.CLICK_ELEMENT)
  File "C:\Users\luist\AppData\Roaming\Python\Python310\site-packages\selenium\webdriver\remote\webelement.py", line 395, in _execute
    return self._parent.execute(command, params)
  File "C:\Users\luist\AppData\Roaming\Python\Python310\site-packages\selenium\webdriver\remote\webdriver.py", line 348, in execute
    self.error_handler.check_response(response)
  File "C:\Users\luist\AppData\Roaming\Python\Python310\site-packages\selenium\webdriver\remote\errorhandler.py", line 229, in check_response
    raise exception_class(message, screen, stacktrace)
selenium.common.exceptions.ElementNotInteractableException: Message: element not interactable
  (Session info: chrome=125.0.6422.144)
Stacktrace:
	GetHandleVerifier [0x00007FF7DAB51F52+60322]
	(No symbol) [0x00007FF7DAACCEC9]
	(No symbol) [0x00007FF7DA987CE9]
	(No symbol) [0x00007FF7DA9D89C2]
	(No symbol) [0x00007FF7DA9CB491]
	(No symbol) [0x00007FF7DA9FC21A]
	(No symbol) [0x00007FF7DA9CADB6]
	(No symbol) [0x00007FF7DA9FC430]
	(No symbol) [0x00007FF7DAA1BC80]
	(No symbol) [0x00007FF7DA9FBFC3]
	(No symbol) [0x00007FF7DA9C9617]
	(No symbol) [0x00007FF7DA9CA211]
	GetHandleVerifier [0x00007FF7DAE694AD+3301629]
	GetHandleVerifier [0x00007FF7DAEB36D3+3605283]
	GetHandleVerifier [0x00007FF7DAEA9450+3563680]
	GetHandleVerifier [0x00007FF7DAC04326+790390]
	(No symbol) [0x00007FF7DAAD750F]
	(No symbol) [0x00007FF7DAAD3404]
	(No symbol) [0x00007FF7DAAD3592]
	(No symbol) [0x00007FF7DAAC2F9F]
	BaseThreadInitThunk [0x00007FFBED37257D+29]
	RtlUserThreadStart [0x00007FFBEECEAA48+40]

]]></error>
		<system-out><![CDATA[El texto es visible para el usuario
El texto fue validado correctamente: DOCUMENTACIÓN
El texto es visible para el usuario
El texto fue validado correctamente: Para poder continuar al siguiente paso, será obligatorio completar los campos que se muestran a continuación.
Error presente. Intentando con otro CUIT.
Error presente. Intentando con otro CUIT.
Error presente. Intentando con otro CUIT.
Error presente. Intentando con otro CUIT.
Error presente. Intentando con otro CUIT.
Error presente. Intentando con otro CUIT.
CUIT válido insertado: 23-74050353-7
Archivo 'C:/Users/luist/OneDrive/Escritorio/Facturas/Contratos-1023-JUAN DEMO.xls' cargado con éxito después de hacer clic en el chevron!
Checkbox con XPAHT '/html/body/app-root/app-layout/app-vertical/div/div/div/div/app-documentation-process/div/div/aw-wizard/div/app-account-type/div/div[3]/app-checks/div/input' seleccionado con éxito!
El texto es visible para el usuario
El texto fue validado correctamente: Estado Impositivo
El texto es visible para el usuario
El texto fue validado correctamente: Apertura de legajo
Archivo 'C:/Users/luist/OneDrive/Escritorio/Facturas/fractura Bezatbeth_files/factura Bezatbeth.pdf' cargado con éxito después de hacer clic en el chevron!
]]></system-out>
	</testcase>
</testsuite>
