<?xml version="1.0" encoding="UTF-8"?>
<testsuite name="reportMerRemitida-20240405173450" tests="1" file=".py" time="42.685" timestamp="2024-04-05T17:35:32" failures="0" errors="0" skipped="0">
	<testcase classname="reportMerRemitida" name="test_Report_MerFacturada" time="42.685" timestamp="2024-04-05T17:35:32" file="ReportMerRemitida.py" line="18">
		<system-out><![CDATA[¡Elemento encontrado y clickeado con éxito!
¡Elemento encontrado y clickeado con éxito!
¡Elemento encontrado y clickeado con éxito!
¡Elemento encontrado y clickeado con éxito!
¡Elemento encontrado y clickeado con éxito!
¡Elemento encontrado y clickeado 2 veces con éxito!
¡Elemento encontrado y clickeado 6 veces con éxito!
¡Elemento encontrado y clickeado con éxito!
¡Elemento encontrado y clickeado con éxito!
¡Elemento encontrado y clickeado con éxito!
El valor es un carácter numérico. Valor: 336.800,50
El valor es un carácter numérico. Valor: 2.754.461,66
El texto encontrado es  Mercadería Remitida
El texto encontrado es  Fecha
El texto no fue encontrado 30/09/2021
El texto encontrado es  Comprobante
El texto no fue encontrado REMBAL 0063 00031634
El texto encontrado es  Artículo
El texto no fue encontrado Premezcla Final Feed Embolsado x 25 kgs Nutricion Superior
El texto encontrado es  Salidas
El valor no es un carácter numérico. Valor: Salidas
El texto encontrado es  Precio
El valor es un carácter numérico. Valor: 63,24
El texto encontrado es  Total ARS
El valor es un carácter numérico. Valor: 126.470,80
¡Elemento encontrado y clickeado con éxito!
¡Elemento encontrado y clickeado con éxito!
¡Elemento encontrado y clickeado con éxito!
¡Elemento encontrado y clickeado con éxito!
¡Elemento encontrado y clickeado con éxito!
¡Elemento encontrado y clickeado con éxito!
¡Elemento encontrado y clickeado con éxito!
]]></system-out>
	</testcase>
</testsuite>
