<?xml version="1.0" encoding="UTF-8"?>
<testsuite name="reportMerRemitida-20241015101748" tests="2" file=".py" time="93.531" timestamp="2024-10-15T10:19:21" failures="0" errors="2" skipped="0">
	<testcase classname="reportMerRemitida" name="test_Report_MerFacturada" time="0.000" timestamp="0001-01-01T00:00:00" file="ReportMerRemitida.py" line="18">
		<error type="NoSuchWindowException" message="Message: no such window: target window already closed
from unknown error: web view not found
  (Session info: chrome=129.0.6668.100)
Stacktrace:
	GetHandleVerifier [0x00007FF7236FB095+29557]
	(No symbol) [0x00007FF72366FA50]
	(No symbol) [0x00007FF72352B56A]
	(No symbol) [0x00007FF7234FFCC5]
	(No symbol) [0x00007FF7235AEE07]
	(No symbol) [0x00007FF7235C7E21]
	(No symbol) [0x00007FF7235A6F33]
	(No symbol) [0x00007FF72357116F]
	(No symbol) [0x00007FF7235722D1]
	GetHandleVerifier [0x00007FF723A2C96D+3378253]
	GetHandleVerifier [0x00007FF723A78497+3688311]
	GetHandleVerifier [0x00007FF723A6D1CB+3642539]
	GetHandleVerifier [0x00007FF7237BA6B6+813462]
	(No symbol) [0x00007FF72367AB5F]
	(No symbol) [0x00007FF723676B74]
	(No symbol) [0x00007FF723676D10]
	(No symbol) [0x00007FF723665C1F]
	BaseThreadInitThunk [0x00007FF92EF0257D+29]
	RtlUserThreadStart [0x00007FF93006AF08+40]
"><![CDATA[Traceback (most recent call last):
  File "c:\Users\luist\repos\Automatizaciones_M-dulos-\ReportMerRemitida.py", line 95, in test_Report_MerFacturada
    validate_text(self.driver,third_column,third_column_column_expected )
  File "c:\Users\luist\repos\Automatizaciones_M-dulos-\Elements.py", line 1000, in validate_text
    elemento = WebDriverWait(driver, 10).until(
  File "C:\Users\luist\AppData\Roaming\Python\Python310\site-packages\selenium\webdriver\support\wait.py", line 96, in until
    value = method(self._driver)
  File "C:\Users\luist\AppData\Roaming\Python\Python310\site-packages\selenium\webdriver\support\expected_conditions.py", line 84, in _predicate
    return driver.find_element(*locator)
  File "C:\Users\luist\AppData\Roaming\Python\Python310\site-packages\selenium\webdriver\remote\webdriver.py", line 748, in find_element
    return self.execute(Command.FIND_ELEMENT, {"using": by, "value": value})["value"]
  File "C:\Users\luist\AppData\Roaming\Python\Python310\site-packages\selenium\webdriver\remote\webdriver.py", line 354, in execute
    self.error_handler.check_response(response)
  File "C:\Users\luist\AppData\Roaming\Python\Python310\site-packages\selenium\webdriver\remote\errorhandler.py", line 229, in check_response
    raise exception_class(message, screen, stacktrace)
selenium.common.exceptions.NoSuchWindowException: Message: no such window: target window already closed
from unknown error: web view not found
  (Session info: chrome=129.0.6668.100)
Stacktrace:
	GetHandleVerifier [0x00007FF7236FB095+29557]
	(No symbol) [0x00007FF72366FA50]
	(No symbol) [0x00007FF72352B56A]
	(No symbol) [0x00007FF7234FFCC5]
	(No symbol) [0x00007FF7235AEE07]
	(No symbol) [0x00007FF7235C7E21]
	(No symbol) [0x00007FF7235A6F33]
	(No symbol) [0x00007FF72357116F]
	(No symbol) [0x00007FF7235722D1]
	GetHandleVerifier [0x00007FF723A2C96D+3378253]
	GetHandleVerifier [0x00007FF723A78497+3688311]
	GetHandleVerifier [0x00007FF723A6D1CB+3642539]
	GetHandleVerifier [0x00007FF7237BA6B6+813462]
	(No symbol) [0x00007FF72367AB5F]
	(No symbol) [0x00007FF723676B74]
	(No symbol) [0x00007FF723676D10]
	(No symbol) [0x00007FF723665C1F]
	BaseThreadInitThunk [0x00007FF92EF0257D+29]
	RtlUserThreadStart [0x00007FF93006AF08+40]

]]></error>
		<system-out><![CDATA[El valor es un carácter numérico. Valor: 0,00
El valor es un carácter numérico. Valor: 575.692,71
El texto encontrado es  Mercadería Remitida
El texto encontrado es  Fecha
Tiempo de espera agotado. El texto por xpaht no está presente.
El texto encontrado es  Comprobante
Tiempo de espera agotado. El texto por xpaht no está presente.
]]></system-out>
	</testcase>
	<testcase classname="reportMerRemitida" name="test_Report_MerFacturada" time="93.531" timestamp="2024-10-15T10:19:21" file="ReportMerRemitida.py" line="18">
		<error type="WebDriverException" message="Message: disconnected: not connected to DevTools
  (failed to check if window was closed: disconnected: not connected to DevTools)
  (Session info: chrome=129.0.6668.100)
Stacktrace:
	GetHandleVerifier [0x00007FF7236FB095+29557]
	(No symbol) [0x00007FF72366FA50]
	(No symbol) [0x00007FF72352B56A]
	(No symbol) [0x00007FF723511528]
	(No symbol) [0x00007FF7235125BF]
	(No symbol) [0x00007FF72352BB83]
	(No symbol) [0x00007FF7234FF7AD]
	(No symbol) [0x00007FF7235B6339]
	(No symbol) [0x00007FF7235A7150]
	(No symbol) [0x00007FF72357116F]
	(No symbol) [0x00007FF7235722D1]
	GetHandleVerifier [0x00007FF723A2C96D+3378253]
	GetHandleVerifier [0x00007FF723A78497+3688311]
	GetHandleVerifier [0x00007FF723A6D1CB+3642539]
	GetHandleVerifier [0x00007FF7237BA6B6+813462]
	(No symbol) [0x00007FF72367AB5F]
	(No symbol) [0x00007FF723676B74]
	(No symbol) [0x00007FF723676D10]
	(No symbol) [0x00007FF723665C1F]
	BaseThreadInitThunk [0x00007FF92EF0257D+29]
	RtlUserThreadStart [0x00007FF93006AF08+40]
"><![CDATA[Traceback (most recent call last):
  File "c:\Users\luist\repos\Automatizaciones_M-dulos-\ReportMerRemitida.py", line 158, in tearDown
    self.driver.close()
  File "C:\Users\luist\AppData\Roaming\Python\Python310\site-packages\selenium\webdriver\remote\webdriver.py", line 465, in close
    self.execute(Command.CLOSE)
  File "C:\Users\luist\AppData\Roaming\Python\Python310\site-packages\selenium\webdriver\remote\webdriver.py", line 354, in execute
    self.error_handler.check_response(response)
  File "C:\Users\luist\AppData\Roaming\Python\Python310\site-packages\selenium\webdriver\remote\errorhandler.py", line 229, in check_response
    raise exception_class(message, screen, stacktrace)
selenium.common.exceptions.WebDriverException: Message: disconnected: not connected to DevTools
  (failed to check if window was closed: disconnected: not connected to DevTools)
  (Session info: chrome=129.0.6668.100)
Stacktrace:
	GetHandleVerifier [0x00007FF7236FB095+29557]
	(No symbol) [0x00007FF72366FA50]
	(No symbol) [0x00007FF72352B56A]
	(No symbol) [0x00007FF723511528]
	(No symbol) [0x00007FF7235125BF]
	(No symbol) [0x00007FF72352BB83]
	(No symbol) [0x00007FF7234FF7AD]
	(No symbol) [0x00007FF7235B6339]
	(No symbol) [0x00007FF7235A7150]
	(No symbol) [0x00007FF72357116F]
	(No symbol) [0x00007FF7235722D1]
	GetHandleVerifier [0x00007FF723A2C96D+3378253]
	GetHandleVerifier [0x00007FF723A78497+3688311]
	GetHandleVerifier [0x00007FF723A6D1CB+3642539]
	GetHandleVerifier [0x00007FF7237BA6B6+813462]
	(No symbol) [0x00007FF72367AB5F]
	(No symbol) [0x00007FF723676B74]
	(No symbol) [0x00007FF723676D10]
	(No symbol) [0x00007FF723665C1F]
	BaseThreadInitThunk [0x00007FF92EF0257D+29]
	RtlUserThreadStart [0x00007FF93006AF08+40]

]]></error>
		<system-out><![CDATA[El valor es un carácter numérico. Valor: 0,00
El valor es un carácter numérico. Valor: 575.692,71
El texto encontrado es  Mercadería Remitida
El texto encontrado es  Fecha
Tiempo de espera agotado. El texto por xpaht no está presente.
El texto encontrado es  Comprobante
Tiempo de espera agotado. El texto por xpaht no está presente.
]]></system-out>
	</testcase>
</testsuite>
