<?xml version="1.0" encoding="UTF-8"?>
<testsuite name="confi_registro_cliente-20240321163520" tests="1" file=".py" time="178.007" timestamp="2024-03-21T16:38:18" failures="0" errors="0" skipped="0">
	<testcase classname="confi_registro_cliente" name="test_record_client" time="178.007" timestamp="2024-03-21T16:38:18" file="ConfiClientes.py" line="19">
		<system-out><![CDATA[¡Elemento encontrado y clickeado con éxito!
El texto encontrado es  Clientes
Tiempo de espera agotado. El input no está presente o no es clickeable.
Tiempo de espera agotado. El elemento no está presente o no es clickeable.
¡Input encontrado y enviado con éxito!
Tiempo de espera agotado. El elemento no está presente o no es clickeable.
¡Elemento encontrado y clickeado con éxito!
El texto encontrado es  DATOS GENERALES
El texto encontrado es  RAZON SOCIAL
El texto no fue encontrado 5 B S.A.
El texto encontrado es  CUIT
El texto no fue encontrado 30-71227027-2
El texto encontrado es  CELULAR
El texto no fue encontrado 03406 - 480479 / 15645641
El texto encontrado es  DATOS EXTRA
El texto encontrado es  COMERCIAL
El texto no fue encontrado CORDOBA, RAMIRO
El texto encontrado es  CUENTA
El texto no fue encontrado (2903) - 5 B S.A.
Test finalizado con éxito
]]></system-out>
	</testcase>
</testsuite>
