<?xml version="1.0" encoding="UTF-8"?>
<testsuite name="logistOperPrimarias-20240716153539" tests="1" file=".py" time="63.580" timestamp="2024-07-16T15:36:43" failures="0" errors="0" skipped="0">
	<testcase classname="logistOperPrimarias" name="test_Logistics_primary" time="63.580" timestamp="2024-07-16T15:36:43" file="logistOperPrimarias.py" line="21">
		<system-out><![CDATA[¡Input encontrado y enviado con éxito!
¡Input encontrado y enviado con éxito!
¡Input encontrado y enviado con éxito!
¡Input encontrado y enviado con éxito!
Fecha encontrada: 16/07/2024
El texto encontrado es  10
]]></system-out>
	</testcase>
</testsuite>
