<?xml version="1.0" encoding="UTF-8"?>
<testsuite name="logistOperPrimarias-20240716152419" tests="1" file=".py" time="60.848" timestamp="2024-07-16T15:25:20" failures="0" errors="1" skipped="0">
	<testcase classname="logistOperPrimarias" name="test_Logistics_primary" time="60.848" timestamp="2024-07-16T15:25:20" file="logistOperPrimarias.py" line="21">
		<error type="AttributeError" message="'NoneType' object has no attribute 'text'"><![CDATA[Traceback (most recent call last):
  File "c:\Users\luist\repos\Automatizaciones-SILOHUB-\logistOperPrimarias.py", line 105, in test_Logistics_primary
    verify_todate(self.driver,select_todate)
  File "c:\Users\luist\repos\Automatizaciones-SILOHUB-\Elements.py", line 1628, in verify_todate
    fecha_elemento = elemento_fecha.text
AttributeError: 'NoneType' object has no attribute 'text'
]]></error>
		<system-out><![CDATA[¡Input encontrado y enviado con éxito!
¡Input encontrado y enviado con éxito!
¡Input encontrado y enviado con éxito!
¡Input encontrado y enviado con éxito!
]]></system-out>
	</testcase>
</testsuite>
