<?xml version="1.0" encoding="UTF-8"?>
<testsuite name="logistOperPrimarias-20240716131010" tests="1" file=".py" time="62.334" timestamp="2024-07-16T13:11:12" failures="0" errors="1" skipped="0">
	<testcase classname="logistOperPrimarias" name="test_Logistics_primary" time="62.334" timestamp="2024-07-16T13:11:12" file="logistOperPrimarias.py" line="20">
		<error type="AttributeError" message="'NoneType' object has no attribute 'is_displayed'"><![CDATA[Traceback (most recent call last):
  File "c:\Users\luist\repos\Automatizaciones-SILOHUB-\logistOperPrimarias.py", line 64, in test_Logistics_primary
    select_option_click(self.driver, button_dopdown4, option_desired4, )
  File "c:\Users\luist\repos\Automatizaciones-SILOHUB-\Elements.py", line 961, in select_option_click
    upload_input_element = WebDriverWait(driver, 10).until(
  File "C:\Users\luist\AppData\Roaming\Python\Python310\site-packages\selenium\webdriver\support\wait.py", line 96, in until
    value = method(self._driver)
  File "C:\Users\luist\AppData\Roaming\Python\Python310\site-packages\selenium\webdriver\support\expected_conditions.py", line 364, in _predicate
    element = visibility_of(target)(driver)
  File "C:\Users\luist\AppData\Roaming\Python\Python310\site-packages\selenium\webdriver\support\expected_conditions.py", line 173, in _predicate
    return _element_if_visible(element)
  File "C:\Users\luist\AppData\Roaming\Python\Python310\site-packages\selenium\webdriver\support\expected_conditions.py", line 179, in _element_if_visible
    return element if element.is_displayed() == visibility else False
AttributeError: 'NoneType' object has no attribute 'is_displayed'
]]></error>
		<system-out><![CDATA[¡Input encontrado y enviado con éxito!
Tiempo de espera agotado. El chevron no están presentes o no son clickeables.
]]></system-out>
	</testcase>
</testsuite>
