<?xml version="1.0" encoding="UTF-8"?>
<testsuite name="TestRegistroUsuario-20240715174536" tests="1" file=".py" time="218.088" timestamp="2024-07-15T17:49:15" failures="0" errors="0" skipped="0">
	<testcase classname="TestRegistroUsuario" name="test_register_user" time="218.088" timestamp="2024-07-15T17:49:15" file="RegistroUsuario.py" line="18">
		<system-out><![CDATA[Email generado: _mw3ihvwk@yopmail.com
El texto encontrado es  Crear usuario
Elemento desplazado, cantidad limpiada y nuevo valor '_mw3ihvwk@yopmail.com' ingresado con éxito!
Tiempo de espera agotado. El texto por texto no está presente.
Elemento desplazado, cantidad limpiada y nuevo valor '_mw3ihvwk@yopmail.com' ingresado con éxito!
Tiempo de espera agotado. El texto por xpaht no está presente.
Elemento desplazado, cantidad limpiada y nuevo valor '_mw3ihvwk@yopmail.com' ingresado con éxito!
El texto encontrado es  Email del usuario validado correctamente.
Tiempo de espera agotado. El elemento no está presente o no es clickeable.
El texto encontrado es  Cuenta Pendiente de Vincular
]]></system-out>
	</testcase>
</testsuite>
