<?xml version="1.0" encoding="UTF-8"?>
<testsuite name="SerFacturadosV2-20241021133333" tests="1" file=".py" time="50.088" timestamp="2024-10-21T13:34:23" failures="0" errors="1" skipped="0">
	<testcase classname="SerFacturadosV2" name="test_Report_deliverySales" time="50.088" timestamp="2024-10-21T13:34:23" file="SerFactV2.py" line="18">
		<error type="AttributeError" message="'NoneType' object has no attribute 'is_displayed'"><![CDATA[Traceback (most recent call last):
  File "c:\Users\luist\repos\Automatizaciones_M-dulos-\SerFactV2.py", line 49, in test_Report_deliverySales
    select_option_click(self.driver, button_dropdown2, option_desired2)
  File "c:\Users\luist\repos\Automatizaciones_M-dulos-\Elements.py", line 952, in select_option_click
    xpath_chevron = WebDriverWait(driver, 10).until(
  File "C:\Users\luist\AppData\Roaming\Python\Python310\site-packages\selenium\webdriver\support\wait.py", line 96, in until
    value = method(self._driver)
  File "C:\Users\luist\AppData\Roaming\Python\Python310\site-packages\selenium\webdriver\support\expected_conditions.py", line 364, in _predicate
    element = visibility_of(target)(driver)
  File "C:\Users\luist\AppData\Roaming\Python\Python310\site-packages\selenium\webdriver\support\expected_conditions.py", line 173, in _predicate
    return _element_if_visible(element)
  File "C:\Users\luist\AppData\Roaming\Python\Python310\site-packages\selenium\webdriver\support\expected_conditions.py", line 179, in _element_if_visible
    return element if element.is_displayed() == visibility else False
AttributeError: 'NoneType' object has no attribute 'is_displayed'
]]></error>
	</testcase>
</testsuite>
