<?xml version="1.0" encoding="UTF-8"?>
<testsuite name="HomeTenant-20240514162433" tests="1" file=".py" time="26.641" timestamp="2024-05-14T16:25:00" failures="0" errors="0" skipped="0">
	<testcase classname="HomeTenant" name="test_start_tenant" time="26.641" timestamp="2024-05-14T16:25:00" file="Home.py" line="19">
		<system-out><![CDATA[El texto encontrado es  Buen día JUAN DEMO!
El texto encontrado es  VENCIDO A HOY
El texto encontrado es  ARS
El valor es un carácter numérico. Valor: 1.642.624.183,60
El texto encontrado es  VENCIDO A HOY
El texto encontrado es  USD
El valor es un carácter numérico. Valor: 1.774.425,48
El texto encontrado es  A VENCER
El texto encontrado es  ARS
El valor es un carácter numérico. Valor: 00,00
El texto encontrado es  A VENCER
El texto encontrado es  USD
El valor es un carácter numérico. Valor: 1.717.005,16
]]></system-out>
	</testcase>
</testsuite>
