<?xml version="1.0" encoding="UTF-8"?>
<testsuite name="HomeTenant-20240514122538" tests="1" file=".py" time="58.252" timestamp="2024-05-14T12:26:36" failures="0" errors="1" skipped="0">
	<testcase classname="HomeTenant" name="test_start_tenant" time="58.252" timestamp="2024-05-14T12:26:36" file="Home.py" line="19">
		<error type="TypeError" message="expected string or bytes-like object"><![CDATA[Traceback (most recent call last):
  File "c:\Users\luist\repos\Automatizaciones-SILOHUB-\Home.py", line 156, in test_start_tenant
    validate_character_numeric_element(self.driver, element6  )
  File "c:\Users\luist\repos\Automatizaciones-SILOHUB-\Elements.py", line 1088, in validate_character_numeric_element
    if re.search(r'\d', valor):
  File "C:\Program Files\Python310\lib\re.py", line 200, in search
    return _compile(pattern, flags).search(string)
TypeError: expected string or bytes-like object
]]></error>
		<system-out><![CDATA[El texto encontrado es  Buen día JUAN DEMO!
El texto encontrado es  VENCIDO A HOY
El texto encontrado es  ARS
El valor es un carácter numérico. Valor: 1.642.624.183,60
El texto encontrado es  VENCIDO A HOY
El texto encontrado es  USD
El valor es un carácter numérico. Valor: 1.774.425,48
El texto encontrado es  A VENCER
El texto encontrado es  ARS
El valor es un carácter numérico. Valor: 00,00
El texto encontrado es  A VENCER
El texto encontrado es  USD
El valor es un carácter numérico. Valor: 1.717.005,16
El texto encontrado es  Resumen de Mis Negocios de Granos
La imagen es visible para el usuario. URL: https://pwa-portal-staging.silohub.ag/assets/images/grains/soja.svg
La imagen es visible para el usuario. URL: https://pwa-portal-staging.silohub.ag/assets/images/grains/maiz.svg
La imagen es visible para el usuario. URL: https://pwa-portal-staging.silohub.ag/assets/images/grains/trigo.svg
]]></system-out>
	</testcase>
</testsuite>
