<?xml version="1.0" encoding="UTF-8"?>
<testsuite name="HomeTenant-20240514122651" tests="1" file=".py" time="369.079" timestamp="2024-05-14T12:33:00" failures="0" errors="1" skipped="0">
	<testcase classname="HomeTenant" name="test_start_tenant" time="369.079" timestamp="2024-05-14T12:33:00" file="Home.py" line="19">
		<error type="NoSuchWindowException" message="Message: no such window: target window already closed
from unknown error: web view not found
  (Session info: chrome=124.0.6367.202)
Stacktrace:
	GetHandleVerifier [0x00007FF70FC31522+60802]
	(No symbol) [0x00007FF70FBAAC22]
	(No symbol) [0x00007FF70FA67CE4]
	(No symbol) [0x00007FF70FA3DFDF]
	(No symbol) [0x00007FF70FAE1E57]
	(No symbol) [0x00007FF70FAF98D1]
	(No symbol) [0x00007FF70FADA923]
	(No symbol) [0x00007FF70FAA8FEC]
	(No symbol) [0x00007FF70FAA9C21]
	GetHandleVerifier [0x00007FF70FF341BD+3217949]
	GetHandleVerifier [0x00007FF70FF76157+3488183]
	GetHandleVerifier [0x00007FF70FF6F0DF+3459391]
	GetHandleVerifier [0x00007FF70FCEB8E6+823622]
	(No symbol) [0x00007FF70FBB5FBF]
	(No symbol) [0x00007FF70FBB0EE4]
	(No symbol) [0x00007FF70FBB1072]
	(No symbol) [0x00007FF70FBA18C4]
	BaseThreadInitThunk [0x00007FFCF149257D+29]
	RtlUserThreadStart [0x00007FFCF2C2AA48+40]
"><![CDATA[Traceback (most recent call last):
  File "c:\Users\luist\repos\Automatizaciones-SILOHUB-\Home.py", line 156, in test_start_tenant
    validate_character_numeric_element(self.driver, element6  )
  File "c:\Users\luist\repos\Automatizaciones-SILOHUB-\Elements.py", line 1086, in validate_character_numeric_element
    valor = elemento.text
  File "C:\Users\luist\AppData\Roaming\Python\Python310\site-packages\selenium\webdriver\remote\webelement.py", line 90, in text
    return self._execute(Command.GET_ELEMENT_TEXT)["value"]
  File "C:\Users\luist\AppData\Roaming\Python\Python310\site-packages\selenium\webdriver\remote\webelement.py", line 395, in _execute
    return self._parent.execute(command, params)
  File "C:\Users\luist\AppData\Roaming\Python\Python310\site-packages\selenium\webdriver\remote\webdriver.py", line 348, in execute
    self.error_handler.check_response(response)
  File "C:\Users\luist\AppData\Roaming\Python\Python310\site-packages\selenium\webdriver\remote\errorhandler.py", line 229, in check_response
    raise exception_class(message, screen, stacktrace)
selenium.common.exceptions.NoSuchWindowException: Message: no such window: target window already closed
from unknown error: web view not found
  (Session info: chrome=124.0.6367.202)
Stacktrace:
	GetHandleVerifier [0x00007FF70FC31522+60802]
	(No symbol) [0x00007FF70FBAAC22]
	(No symbol) [0x00007FF70FA67CE4]
	(No symbol) [0x00007FF70FA3DFDF]
	(No symbol) [0x00007FF70FAE1E57]
	(No symbol) [0x00007FF70FAF98D1]
	(No symbol) [0x00007FF70FADA923]
	(No symbol) [0x00007FF70FAA8FEC]
	(No symbol) [0x00007FF70FAA9C21]
	GetHandleVerifier [0x00007FF70FF341BD+3217949]
	GetHandleVerifier [0x00007FF70FF76157+3488183]
	GetHandleVerifier [0x00007FF70FF6F0DF+3459391]
	GetHandleVerifier [0x00007FF70FCEB8E6+823622]
	(No symbol) [0x00007FF70FBB5FBF]
	(No symbol) [0x00007FF70FBB0EE4]
	(No symbol) [0x00007FF70FBB1072]
	(No symbol) [0x00007FF70FBA18C4]
	BaseThreadInitThunk [0x00007FFCF149257D+29]
	RtlUserThreadStart [0x00007FFCF2C2AA48+40]

]]></error>
		<system-out><![CDATA[El texto encontrado es  Buen día JUAN DEMO!
El texto encontrado es  VENCIDO A HOY
El texto encontrado es  ARS
El valor es un carácter numérico. Valor: 1.642.624.183,60
El texto encontrado es  VENCIDO A HOY
El texto encontrado es  USD
El valor es un carácter numérico. Valor: 1.774.425,48
El texto encontrado es  A VENCER
El texto encontrado es  ARS
El valor es un carácter numérico. Valor: 00,00
El texto encontrado es  A VENCER
El texto encontrado es  USD
El valor es un carácter numérico. Valor: 1.717.005,16
El texto encontrado es  Resumen de Mis Negocios de Granos
La imagen es visible para el usuario. URL: https://pwa-portal-staging.silohub.ag/assets/images/grains/soja.svg
La imagen es visible para el usuario. URL: https://pwa-portal-staging.silohub.ag/assets/images/grains/maiz.svg
La imagen es visible para el usuario. URL: https://pwa-portal-staging.silohub.ag/assets/images/grains/trigo.svg
]]></system-out>
	</testcase>
</testsuite>
