<?xml version="1.0" encoding="UTF-8"?>
<testsuite name="granos_contratos-20240312100713" tests="2" file=".py" time="66.523" timestamp="2024-03-12T10:08:19" failures="0" errors="2" skipped="0">
	<testcase classname="granos_contratos" name="test_granos_contratos" time="0.000" timestamp="0001-01-01T00:00:00" file="GranosContratos.py" line="23">
		<error type="NoSuchWindowException" message="Message: no such window: target window already closed
from unknown error: web view not found
  (Session info: chrome=122.0.6261.112)
Stacktrace:
	GetHandleVerifier [0x00007FF604E5AD32+56930]
	(No symbol) [0x00007FF604DCF632]
	(No symbol) [0x00007FF604C842E5]
	(No symbol) [0x00007FF604C61D4C]
	(No symbol) [0x00007FF604CF23F7]
	(No symbol) [0x00007FF604D07891]
	(No symbol) [0x00007FF604CEBA43]
	(No symbol) [0x00007FF604CBD438]
	(No symbol) [0x00007FF604CBE4D1]
	GetHandleVerifier [0x00007FF6051D6ABD+3709933]
	GetHandleVerifier [0x00007FF60522FFFD+4075821]
	GetHandleVerifier [0x00007FF60522818F+4043455]
	GetHandleVerifier [0x00007FF604EF9766+706710]
	(No symbol) [0x00007FF604DDB90F]
	(No symbol) [0x00007FF604DD6AF4]
	(No symbol) [0x00007FF604DD6C4C]
	(No symbol) [0x00007FF604DC6904]
	BaseThreadInitThunk [0x00007FFCB5B4257D+29]
	RtlUserThreadStart [0x00007FFCB61EAA58+40]
"><![CDATA[Traceback (most recent call last):
  File "c:\Users\luist\repos\Automatizaciones-SILOHUB-\GranosContratos.py", line 144, in test_granos_contratos
    find_elements(self.driver, select_calendar2)
  File "c:\Users\luist\repos\Automatizaciones-SILOHUB-\Elements.py", line 18, in find_elements
    select_nex_button = WebDriverWait(driver, 10).until(
  File "C:\Users\luist\AppData\Roaming\Python\Python310\site-packages\selenium\webdriver\support\wait.py", line 96, in until
    value = method(self._driver)
  File "C:\Users\luist\AppData\Roaming\Python\Python310\site-packages\selenium\webdriver\support\expected_conditions.py", line 363, in _predicate
    target = driver.find_element(*target)  # grab element at locator
  File "C:\Users\luist\AppData\Roaming\Python\Python310\site-packages\selenium\webdriver\remote\webdriver.py", line 742, in find_element
    return self.execute(Command.FIND_ELEMENT, {"using": by, "value": value})["value"]
  File "C:\Users\luist\AppData\Roaming\Python\Python310\site-packages\selenium\webdriver\remote\webdriver.py", line 348, in execute
    self.error_handler.check_response(response)
  File "C:\Users\luist\AppData\Roaming\Python\Python310\site-packages\selenium\webdriver\remote\errorhandler.py", line 229, in check_response
    raise exception_class(message, screen, stacktrace)
selenium.common.exceptions.NoSuchWindowException: Message: no such window: target window already closed
from unknown error: web view not found
  (Session info: chrome=122.0.6261.112)
Stacktrace:
	GetHandleVerifier [0x00007FF604E5AD32+56930]
	(No symbol) [0x00007FF604DCF632]
	(No symbol) [0x00007FF604C842E5]
	(No symbol) [0x00007FF604C61D4C]
	(No symbol) [0x00007FF604CF23F7]
	(No symbol) [0x00007FF604D07891]
	(No symbol) [0x00007FF604CEBA43]
	(No symbol) [0x00007FF604CBD438]
	(No symbol) [0x00007FF604CBE4D1]
	GetHandleVerifier [0x00007FF6051D6ABD+3709933]
	GetHandleVerifier [0x00007FF60522FFFD+4075821]
	GetHandleVerifier [0x00007FF60522818F+4043455]
	GetHandleVerifier [0x00007FF604EF9766+706710]
	(No symbol) [0x00007FF604DDB90F]
	(No symbol) [0x00007FF604DD6AF4]
	(No symbol) [0x00007FF604DD6C4C]
	(No symbol) [0x00007FF604DC6904]
	BaseThreadInitThunk [0x00007FFCB5B4257D+29]
	RtlUserThreadStart [0x00007FFCB61EAA58+40]

]]></error>
		<system-out><![CDATA[¡Elemento encontrado y clickeado con éxito!
¡Elemento encontrado y clickeado con éxito!
El texto encontrado es  CONTRATOS
La opcion fue seleccionada en el dropdown con exito  
¡Cuenta encontrada y seleccionada 1023  con éxito!
¡Elemento encontrado y clickeado con éxito!
La opcion fue seleccionada en el dropdown con exito  
La opcion fue seleccionada en el dropdown con exito  
¡Input encontrado y enviado con éxito!
La opcion fue seleccionada en el dropdown con exito  
¡Input encontrado y enviado con éxito!
La opcion fue seleccionada en el dropdown con exito  
La opcion fue seleccionada en el dropdown con exito  
¡Elemento encontrado y clickeado con éxito!
¡Elemento encontrado y clickeado 1 veces con éxito!
¡Elemento encontrado y clickeado con éxito!
¡Elemento encontrado y clickeado con éxito!
Tiempo de espera agotado. El elemento no está presente o no es clickeable.
¡Elemento encontrado y clickeado con éxito!
]]></system-out>
	</testcase>
	<testcase classname="granos_contratos" name="test_granos_contratos" time="66.523" timestamp="2024-03-12T10:08:19" file="GranosContratos.py" line="23">
		<error type="WebDriverException" message="Message: disconnected: not connected to DevTools
  (failed to check if window was closed: disconnected: not connected to DevTools)
  (Session info: chrome=122.0.6261.112)
Stacktrace:
	GetHandleVerifier [0x00007FF604E5AD32+56930]
	(No symbol) [0x00007FF604DCF632]
	(No symbol) [0x00007FF604C842E5]
	(No symbol) [0x00007FF604C70879]
	(No symbol) [0x00007FF604C710AF]
	(No symbol) [0x00007FF604C84845]
	(No symbol) [0x00007FF604C6192C]
	(No symbol) [0x00007FF604CF88E4]
	(No symbol) [0x00007FF604CEBC60]
	(No symbol) [0x00007FF604CBD438]
	(No symbol) [0x00007FF604CBE4D1]
	GetHandleVerifier [0x00007FF6051D6ABD+3709933]
	GetHandleVerifier [0x00007FF60522FFFD+4075821]
	GetHandleVerifier [0x00007FF60522818F+4043455]
	GetHandleVerifier [0x00007FF604EF9766+706710]
	(No symbol) [0x00007FF604DDB90F]
	(No symbol) [0x00007FF604DD6AF4]
	(No symbol) [0x00007FF604DD6C4C]
	(No symbol) [0x00007FF604DC6904]
	BaseThreadInitThunk [0x00007FFCB5B4257D+29]
	RtlUserThreadStart [0x00007FFCB61EAA58+40]
"><![CDATA[Traceback (most recent call last):
  File "c:\Users\luist\repos\Automatizaciones-SILOHUB-\GranosContratos.py", line 216, in tearDown
    self.driver.close()
  File "C:\Users\luist\AppData\Roaming\Python\Python310\site-packages\selenium\webdriver\remote\webdriver.py", line 459, in close
    self.execute(Command.CLOSE)
  File "C:\Users\luist\AppData\Roaming\Python\Python310\site-packages\selenium\webdriver\remote\webdriver.py", line 348, in execute
    self.error_handler.check_response(response)
  File "C:\Users\luist\AppData\Roaming\Python\Python310\site-packages\selenium\webdriver\remote\errorhandler.py", line 229, in check_response
    raise exception_class(message, screen, stacktrace)
selenium.common.exceptions.WebDriverException: Message: disconnected: not connected to DevTools
  (failed to check if window was closed: disconnected: not connected to DevTools)
  (Session info: chrome=122.0.6261.112)
Stacktrace:
	GetHandleVerifier [0x00007FF604E5AD32+56930]
	(No symbol) [0x00007FF604DCF632]
	(No symbol) [0x00007FF604C842E5]
	(No symbol) [0x00007FF604C70879]
	(No symbol) [0x00007FF604C710AF]
	(No symbol) [0x00007FF604C84845]
	(No symbol) [0x00007FF604C6192C]
	(No symbol) [0x00007FF604CF88E4]
	(No symbol) [0x00007FF604CEBC60]
	(No symbol) [0x00007FF604CBD438]
	(No symbol) [0x00007FF604CBE4D1]
	GetHandleVerifier [0x00007FF6051D6ABD+3709933]
	GetHandleVerifier [0x00007FF60522FFFD+4075821]
	GetHandleVerifier [0x00007FF60522818F+4043455]
	GetHandleVerifier [0x00007FF604EF9766+706710]
	(No symbol) [0x00007FF604DDB90F]
	(No symbol) [0x00007FF604DD6AF4]
	(No symbol) [0x00007FF604DD6C4C]
	(No symbol) [0x00007FF604DC6904]
	BaseThreadInitThunk [0x00007FFCB5B4257D+29]
	RtlUserThreadStart [0x00007FFCB61EAA58+40]

]]></error>
		<system-out><![CDATA[¡Elemento encontrado y clickeado con éxito!
¡Elemento encontrado y clickeado con éxito!
El texto encontrado es  CONTRATOS
La opcion fue seleccionada en el dropdown con exito  
¡Cuenta encontrada y seleccionada 1023  con éxito!
¡Elemento encontrado y clickeado con éxito!
La opcion fue seleccionada en el dropdown con exito  
La opcion fue seleccionada en el dropdown con exito  
¡Input encontrado y enviado con éxito!
La opcion fue seleccionada en el dropdown con exito  
¡Input encontrado y enviado con éxito!
La opcion fue seleccionada en el dropdown con exito  
La opcion fue seleccionada en el dropdown con exito  
¡Elemento encontrado y clickeado con éxito!
¡Elemento encontrado y clickeado 1 veces con éxito!
¡Elemento encontrado y clickeado con éxito!
¡Elemento encontrado y clickeado con éxito!
Tiempo de espera agotado. El elemento no está presente o no es clickeable.
¡Elemento encontrado y clickeado con éxito!
]]></system-out>
	</testcase>
</testsuite>
