<?xml version="1.0" encoding="UTF-8"?>
<testsuite name="granos_contratos-20240311183603" tests="1" file=".py" time="20.908" timestamp="2024-03-11T18:36:24" failures="0" errors="1" skipped="0">
	<testcase classname="granos_contratos" name="test_granos_contratos" time="20.908" timestamp="2024-03-11T18:36:24" file="GranosContratos.py" line="23">
		<error type="TypeError" message="search_and_displace_account() missing 1 required positional argument: 'class_name'"><![CDATA[Traceback (most recent call last):
  File "c:\Users\luist\repos\Automatizaciones-SILOHUB-\GranosContratos.py", line 63, in test_granos_contratos
    search_and_displace_account(self.driver, account_number, select_input, select_element, located_element )
TypeError: search_and_displace_account() missing 1 required positional argument: 'class_name'
]]></error>
		<system-out><![CDATA[¡Elemento encontrado y clickeado con éxito!
¡Elemento encontrado y clickeado con éxito!
El texto encontrado es  CONTRATOS
La opcion fue seleccionada con éxito después de hacer clic en el chevron!
]]></system-out>
	</testcase>
</testsuite>
