<?xml version="1.0" encoding="UTF-8"?>
<testsuite name="granos_contratos-20240311182624" tests="1" file=".py" time="18.067" timestamp="2024-03-11T18:26:42" failures="0" errors="1" skipped="0">
	<testcase classname="granos_contratos" name="test_granos_contratos" time="18.067" timestamp="2024-03-11T18:26:42" file="GranosContratos.py" line="23">
		<error type="TypeError" message="search_and_displace_account() takes 3 positional arguments but 4 were given"><![CDATA[Traceback (most recent call last):
  File "c:\Users\luist\repos\Automatizaciones-SILOHUB-\GranosContratos.py", line 62, in test_granos_contratos
    search_and_displace_account(self.driver, account_number, select_input, select_element )
TypeError: search_and_displace_account() takes 3 positional arguments but 4 were given
]]></error>
		<system-out><![CDATA[¡Elemento encontrado y clickeado con éxito!
¡Elemento encontrado y clickeado con éxito!
El texto encontrado es  CONTRATOS
La opcion fue seleccionada con éxito después de hacer clic en el chevron!
]]></system-out>
	</testcase>
</testsuite>
