<?xml version="1.0" encoding="UTF-8"?>
<testsuite name="granos_contratos-20240517163315" tests="1" file=".py" time="138.991" timestamp="2024-05-17T16:35:34" failures="0" errors="0" skipped="0">
	<testcase classname="granos_contratos" name="test_granos_contratos" time="138.991" timestamp="2024-05-17T16:35:34" file="GranosContratos.py" line="23">
		<system-out><![CDATA[El texto encontrado es  CONTRATOS
¡Cuenta encontrada y seleccionada 1023  con éxito!
¡Input encontrado y enviado con éxito!
¡Input encontrado y enviado con éxito!
¡Elemento encontrado y clickeado 1 veces con éxito!
¡Elemento encontrado y clickeado 6 veces con éxito!
¡Elemento encontrado y clickeado 1 veces con éxito!
Tiempo de espera agotado. El elemento no está presente o no es clickeable.
Tiempo de espera agotado. El texto por xpaht no está presente.
Tiempo de espera agotado. El elemento no está presente o no es clickeable.
]]></system-out>
	</testcase>
</testsuite>
