<?xml version="1.0" encoding="UTF-8"?>
<testsuite name="granos_contratos-20240308131820" tests="2" file=".py" time="32.507" timestamp="2024-03-08T13:18:53" failures="0" errors="2" skipped="0">
	<testcase classname="granos_contratos" name="test_granos_contratos" time="0.000" timestamp="0001-01-01T00:00:00" file="GranosContratos.py" line="22">
		<error type="TypeError" message="search_and_select_account() takes 2 positional arguments but 4 were given"><![CDATA[Traceback (most recent call last):
  File "c:\Users\luist\repos\Automatizaciones-SILOHUB-\GranosContratos.py", line 58, in test_granos_contratos
    search_and_select_account(self.driver, numbert_the_account, input_account, selecc_option)
TypeError: search_and_select_account() takes 2 positional arguments but 4 were given
]]></error>
		<system-out><![CDATA[¡Elemento encontrado y clickeado con éxito!
¡Elemento encontrado y clickeado con éxito!
El texto encontrado es  CONTRATOS
La opcion fue seleccionada con éxito después de hacer clic en el chevron!
Tiempo de espera agotado. El texto por xpaht no está presente.
]]></system-out>
	</testcase>
	<testcase classname="granos_contratos" name="test_granos_contratos" time="32.507" timestamp="2024-03-08T13:18:53" file="GranosContratos.py" line="22">
		<error type="WebDriverException" message="Message: disconnected: not connected to DevTools
  (failed to check if window was closed: disconnected: not connected to DevTools)
  (Session info: chrome=122.0.6261.112)
Stacktrace:
	GetHandleVerifier [0x00007FF6A3F7AD32+56930]
	(No symbol) [0x00007FF6A3EEF632]
	(No symbol) [0x00007FF6A3DA42E5]
	(No symbol) [0x00007FF6A3D90879]
	(No symbol) [0x00007FF6A3D910AF]
	(No symbol) [0x00007FF6A3DA4845]
	(No symbol) [0x00007FF6A3D8192C]
	(No symbol) [0x00007FF6A3E188E4]
	(No symbol) [0x00007FF6A3E0BC60]
	(No symbol) [0x00007FF6A3DDD438]
	(No symbol) [0x00007FF6A3DDE4D1]
	GetHandleVerifier [0x00007FF6A42F6ABD+3709933]
	GetHandleVerifier [0x00007FF6A434FFFD+4075821]
	GetHandleVerifier [0x00007FF6A434818F+4043455]
	GetHandleVerifier [0x00007FF6A4019766+706710]
	(No symbol) [0x00007FF6A3EFB90F]
	(No symbol) [0x00007FF6A3EF6AF4]
	(No symbol) [0x00007FF6A3EF6C4C]
	(No symbol) [0x00007FF6A3EE6904]
	BaseThreadInitThunk [0x00007FFAF18A257D+29]
	RtlUserThreadStart [0x00007FFAF310AA58+40]
"><![CDATA[Traceback (most recent call last):
  File "c:\Users\luist\repos\Automatizaciones-SILOHUB-\GranosContratos.py", line 285, in tearDown
    self.driver.close()
  File "C:\Users\luist\AppData\Roaming\Python\Python310\site-packages\selenium\webdriver\remote\webdriver.py", line 459, in close
    self.execute(Command.CLOSE)
  File "C:\Users\luist\AppData\Roaming\Python\Python310\site-packages\selenium\webdriver\remote\webdriver.py", line 348, in execute
    self.error_handler.check_response(response)
  File "C:\Users\luist\AppData\Roaming\Python\Python310\site-packages\selenium\webdriver\remote\errorhandler.py", line 229, in check_response
    raise exception_class(message, screen, stacktrace)
selenium.common.exceptions.WebDriverException: Message: disconnected: not connected to DevTools
  (failed to check if window was closed: disconnected: not connected to DevTools)
  (Session info: chrome=122.0.6261.112)
Stacktrace:
	GetHandleVerifier [0x00007FF6A3F7AD32+56930]
	(No symbol) [0x00007FF6A3EEF632]
	(No symbol) [0x00007FF6A3DA42E5]
	(No symbol) [0x00007FF6A3D90879]
	(No symbol) [0x00007FF6A3D910AF]
	(No symbol) [0x00007FF6A3DA4845]
	(No symbol) [0x00007FF6A3D8192C]
	(No symbol) [0x00007FF6A3E188E4]
	(No symbol) [0x00007FF6A3E0BC60]
	(No symbol) [0x00007FF6A3DDD438]
	(No symbol) [0x00007FF6A3DDE4D1]
	GetHandleVerifier [0x00007FF6A42F6ABD+3709933]
	GetHandleVerifier [0x00007FF6A434FFFD+4075821]
	GetHandleVerifier [0x00007FF6A434818F+4043455]
	GetHandleVerifier [0x00007FF6A4019766+706710]
	(No symbol) [0x00007FF6A3EFB90F]
	(No symbol) [0x00007FF6A3EF6AF4]
	(No symbol) [0x00007FF6A3EF6C4C]
	(No symbol) [0x00007FF6A3EE6904]
	BaseThreadInitThunk [0x00007FFAF18A257D+29]
	RtlUserThreadStart [0x00007FFAF310AA58+40]

]]></error>
		<system-out><![CDATA[¡Elemento encontrado y clickeado con éxito!
¡Elemento encontrado y clickeado con éxito!
El texto encontrado es  CONTRATOS
La opcion fue seleccionada con éxito después de hacer clic en el chevron!
Tiempo de espera agotado. El texto por xpaht no está presente.
]]></system-out>
	</testcase>
</testsuite>
