<?xml version="1.0" encoding="UTF-8"?>
<testsuite name="granos_contratos-20240312104710" tests="1" file=".py" time="28.716" timestamp="2024-03-12T10:47:39" failures="0" errors="1" skipped="0">
	<testcase classname="granos_contratos" name="test_granos_contratos" time="28.716" timestamp="2024-03-12T10:47:39" file="GranosContratos.py" line="23">
		<error type="ElementClickInterceptedException" message="Message: element click intercepted: Element is not clickable at point (649, 727)
  (Session info: chrome=122.0.6261.112)
Stacktrace:
	GetHandleVerifier [0x00007FF642A3AD32+56930]
	(No symbol) [0x00007FF6429AF632]
	(No symbol) [0x00007FF6428642E5]
	(No symbol) [0x00007FF6428B0A80]
	(No symbol) [0x00007FF6428AE8AB]
	(No symbol) [0x00007FF6428AC0B4]
	(No symbol) [0x00007FF6428AAE45]
	(No symbol) [0x00007FF64289F798]
	(No symbol) [0x00007FF6428CBC9A]
	(No symbol) [0x00007FF64289F09A]
	(No symbol) [0x00007FF6428CBEB0]
	(No symbol) [0x00007FF6428E81E2]
	(No symbol) [0x00007FF6428CBA43]
	(No symbol) [0x00007FF64289D438]
	(No symbol) [0x00007FF64289E4D1]
	GetHandleVerifier [0x00007FF642DB6ABD+3709933]
	GetHandleVerifier [0x00007FF642E0FFFD+4075821]
	GetHandleVerifier [0x00007FF642E0818F+4043455]
	GetHandleVerifier [0x00007FF642AD9766+706710]
	(No symbol) [0x00007FF6429BB90F]
	(No symbol) [0x00007FF6429B6AF4]
	(No symbol) [0x00007FF6429B6C4C]
	(No symbol) [0x00007FF6429A6904]
	BaseThreadInitThunk [0x00007FFCB5B4257D+29]
	RtlUserThreadStart [0x00007FFCB61EAA58+40]
"><![CDATA[Traceback (most recent call last):
  File "c:\Users\luist\repos\Automatizaciones-SILOHUB-\GranosContratos.py", line 118, in test_granos_contratos
    displace_element(self.driver, select_date)
  File "c:\Users\luist\repos\Automatizaciones-SILOHUB-\Elements.py", line 551, in displace_element
    search_input_element.click()
  File "C:\Users\luist\AppData\Roaming\Python\Python310\site-packages\selenium\webdriver\remote\webelement.py", line 94, in click
    self._execute(Command.CLICK_ELEMENT)
  File "C:\Users\luist\AppData\Roaming\Python\Python310\site-packages\selenium\webdriver\remote\webelement.py", line 395, in _execute
    return self._parent.execute(command, params)
  File "C:\Users\luist\AppData\Roaming\Python\Python310\site-packages\selenium\webdriver\remote\webdriver.py", line 348, in execute
    self.error_handler.check_response(response)
  File "C:\Users\luist\AppData\Roaming\Python\Python310\site-packages\selenium\webdriver\remote\errorhandler.py", line 229, in check_response
    raise exception_class(message, screen, stacktrace)
selenium.common.exceptions.ElementClickInterceptedException: Message: element click intercepted: Element is not clickable at point (649, 727)
  (Session info: chrome=122.0.6261.112)
Stacktrace:
	GetHandleVerifier [0x00007FF642A3AD32+56930]
	(No symbol) [0x00007FF6429AF632]
	(No symbol) [0x00007FF6428642E5]
	(No symbol) [0x00007FF6428B0A80]
	(No symbol) [0x00007FF6428AE8AB]
	(No symbol) [0x00007FF6428AC0B4]
	(No symbol) [0x00007FF6428AAE45]
	(No symbol) [0x00007FF64289F798]
	(No symbol) [0x00007FF6428CBC9A]
	(No symbol) [0x00007FF64289F09A]
	(No symbol) [0x00007FF6428CBEB0]
	(No symbol) [0x00007FF6428E81E2]
	(No symbol) [0x00007FF6428CBA43]
	(No symbol) [0x00007FF64289D438]
	(No symbol) [0x00007FF64289E4D1]
	GetHandleVerifier [0x00007FF642DB6ABD+3709933]
	GetHandleVerifier [0x00007FF642E0FFFD+4075821]
	GetHandleVerifier [0x00007FF642E0818F+4043455]
	GetHandleVerifier [0x00007FF642AD9766+706710]
	(No symbol) [0x00007FF6429BB90F]
	(No symbol) [0x00007FF6429B6AF4]
	(No symbol) [0x00007FF6429B6C4C]
	(No symbol) [0x00007FF6429A6904]
	BaseThreadInitThunk [0x00007FFCB5B4257D+29]
	RtlUserThreadStart [0x00007FFCB61EAA58+40]

]]></error>
		<system-out><![CDATA[¡Elemento encontrado y clickeado con éxito!
¡Elemento encontrado y clickeado con éxito!
El texto encontrado es  CONTRATOS
La opcion fue seleccionada en el dropdown con exito  
¡Cuenta encontrada y seleccionada 1023  con éxito!
¡Elemento encontrado y clickeado con éxito!
La opcion fue seleccionada en el dropdown con exito  
La opcion fue seleccionada en el dropdown con exito  
¡Input encontrado y enviado con éxito!
La opcion fue seleccionada en el dropdown con exito  
¡Input encontrado y enviado con éxito!
La opcion fue seleccionada en el dropdown con exito  
La opcion fue seleccionada en el dropdown con exito  
]]></system-out>
	</testcase>
</testsuite>
