<?xml version="1.0" encoding="UTF-8"?>
<testsuite name="granos_contratos-20240311135316" tests="1" file=".py" time="49.436" timestamp="2024-03-11T13:54:06" failures="0" errors="1" skipped="0">
	<testcase classname="granos_contratos" name="test_granos_contratos" time="49.436" timestamp="2024-03-11T13:54:06" file="GranosContratos.py" line="23">
		<error type="InvalidSelectorException" message="Message: invalid selector: Unable to locate an element with the xpath expression 1023 because of the following error:
TypeError: Failed to execute 'evaluate' on 'Document': The result is not a node set, and therefore cannot be converted to the desired type.
  (Session info: chrome=122.0.6261.112); For documentation on this error, please visit: https://www.selenium.dev/documentation/webdriver/troubleshooting/errors#invalid-selector-exception
Stacktrace:
	GetHandleVerifier [0x00007FF66C8BAD32+56930]
	(No symbol) [0x00007FF66C82F632]
	(No symbol) [0x00007FF66C6E42E5]
	(No symbol) [0x00007FF66C6E9261]
	(No symbol) [0x00007FF66C6EB6EB]
	(No symbol) [0x00007FF66C6EB7B0]
	(No symbol) [0x00007FF66C72955C]
	(No symbol) [0x00007FF66C729A2C]
	(No symbol) [0x00007FF66C76A967]
	(No symbol) [0x00007FF66C74BCDF]
	(No symbol) [0x00007FF66C7681E2]
	(No symbol) [0x00007FF66C74BA43]
	(No symbol) [0x00007FF66C71D438]
	(No symbol) [0x00007FF66C71E4D1]
	GetHandleVerifier [0x00007FF66CC36ABD+3709933]
	GetHandleVerifier [0x00007FF66CC8FFFD+4075821]
	GetHandleVerifier [0x00007FF66CC8818F+4043455]
	GetHandleVerifier [0x00007FF66C959766+706710]
	(No symbol) [0x00007FF66C83B90F]
	(No symbol) [0x00007FF66C836AF4]
	(No symbol) [0x00007FF66C836C4C]
	(No symbol) [0x00007FF66C826904]
	BaseThreadInitThunk [0x00007FFAF18A257D+29]
	RtlUserThreadStart [0x00007FFAF310AA58+40]
"><![CDATA[Traceback (most recent call last):
  File "c:\Users\luist\repos\Automatizaciones-SILOHUB-\GranosContratos.py", line 58, in test_granos_contratos
    search_for_select_account(self.driver,select_element, account_number, select_account,  send_element )
  File "c:\Users\luist\repos\Automatizaciones-SILOHUB-\Elements.py", line 1118, in search_for_select_account
    select_element = WebDriverWait(driver, 10).until(
  File "C:\Users\luist\AppData\Roaming\Python\Python310\site-packages\selenium\webdriver\support\wait.py", line 96, in until
    value = method(self._driver)
  File "C:\Users\luist\AppData\Roaming\Python\Python310\site-packages\selenium\webdriver\support\expected_conditions.py", line 84, in _predicate
    return driver.find_element(*locator)
  File "C:\Users\luist\AppData\Roaming\Python\Python310\site-packages\selenium\webdriver\remote\webdriver.py", line 742, in find_element
    return self.execute(Command.FIND_ELEMENT, {"using": by, "value": value})["value"]
  File "C:\Users\luist\AppData\Roaming\Python\Python310\site-packages\selenium\webdriver\remote\webdriver.py", line 348, in execute
    self.error_handler.check_response(response)
  File "C:\Users\luist\AppData\Roaming\Python\Python310\site-packages\selenium\webdriver\remote\errorhandler.py", line 229, in check_response
    raise exception_class(message, screen, stacktrace)
selenium.common.exceptions.InvalidSelectorException: Message: invalid selector: Unable to locate an element with the xpath expression 1023 because of the following error:
TypeError: Failed to execute 'evaluate' on 'Document': The result is not a node set, and therefore cannot be converted to the desired type.
  (Session info: chrome=122.0.6261.112); For documentation on this error, please visit: https://www.selenium.dev/documentation/webdriver/troubleshooting/errors#invalid-selector-exception
Stacktrace:
	GetHandleVerifier [0x00007FF66C8BAD32+56930]
	(No symbol) [0x00007FF66C82F632]
	(No symbol) [0x00007FF66C6E42E5]
	(No symbol) [0x00007FF66C6E9261]
	(No symbol) [0x00007FF66C6EB6EB]
	(No symbol) [0x00007FF66C6EB7B0]
	(No symbol) [0x00007FF66C72955C]
	(No symbol) [0x00007FF66C729A2C]
	(No symbol) [0x00007FF66C76A967]
	(No symbol) [0x00007FF66C74BCDF]
	(No symbol) [0x00007FF66C7681E2]
	(No symbol) [0x00007FF66C74BA43]
	(No symbol) [0x00007FF66C71D438]
	(No symbol) [0x00007FF66C71E4D1]
	GetHandleVerifier [0x00007FF66CC36ABD+3709933]
	GetHandleVerifier [0x00007FF66CC8FFFD+4075821]
	GetHandleVerifier [0x00007FF66CC8818F+4043455]
	GetHandleVerifier [0x00007FF66C959766+706710]
	(No symbol) [0x00007FF66C83B90F]
	(No symbol) [0x00007FF66C836AF4]
	(No symbol) [0x00007FF66C836C4C]
	(No symbol) [0x00007FF66C826904]
	BaseThreadInitThunk [0x00007FFAF18A257D+29]
	RtlUserThreadStart [0x00007FFAF310AA58+40]

]]></error>
		<system-out><![CDATA[¡Elemento encontrado y clickeado con éxito!
¡Elemento encontrado y clickeado con éxito!
El texto encontrado es  CONTRATOS
La opcion fue seleccionada con éxito después de hacer clic en el chevron!
Tiempo de espera agotado. El texto por xpaht no está presente.
]]></system-out>
	</testcase>
</testsuite>
