<?xml version="1.0" encoding="UTF-8"?>
<testsuite name="granos_contratos-20240312125050" tests="1" file=".py" time="45.157" timestamp="2024-03-12T12:51:35" failures="0" errors="1" skipped="0">
	<testcase classname="granos_contratos" name="test_granos_contratos" time="45.157" timestamp="2024-03-12T12:51:35" file="GranosContratos.py" line="23">
		<error type="ElementClickInterceptedException" message="Message: element click intercepted: Element &lt;div class=&quot;ng-placeholder&quot;&gt;...&lt;/div&gt; is not clickable at point (1187, 271). Other element would receive the click: &lt;input aria-autocomplete=&quot;list&quot; type=&quot;text&quot; autocorrect=&quot;off&quot; autocapitalize=&quot;off&quot; autocomplete=&quot;a2fc961e73ed&quot;&gt;
  (Session info: chrome=122.0.6261.112)
Stacktrace:
	GetHandleVerifier [0x00007FF73011AD32+56930]
	(No symbol) [0x00007FF73008F632]
	(No symbol) [0x00007FF72FF442E5]
	(No symbol) [0x00007FF72FF90A80]
	(No symbol) [0x00007FF72FF8E8AB]
	(No symbol) [0x00007FF72FF8C0B4]
	(No symbol) [0x00007FF72FF8AE45]
	(No symbol) [0x00007FF72FF7F798]
	(No symbol) [0x00007FF72FFABC9A]
	(No symbol) [0x00007FF72FF7F09A]
	(No symbol) [0x00007FF72FFABEB0]
	(No symbol) [0x00007FF72FFC81E2]
	(No symbol) [0x00007FF72FFABA43]
	(No symbol) [0x00007FF72FF7D438]
	(No symbol) [0x00007FF72FF7E4D1]
	GetHandleVerifier [0x00007FF730496ABD+3709933]
	GetHandleVerifier [0x00007FF7304EFFFD+4075821]
	GetHandleVerifier [0x00007FF7304E818F+4043455]
	GetHandleVerifier [0x00007FF7301B9766+706710]
	(No symbol) [0x00007FF73009B90F]
	(No symbol) [0x00007FF730096AF4]
	(No symbol) [0x00007FF730096C4C]
	(No symbol) [0x00007FF730086904]
	BaseThreadInitThunk [0x00007FFCB5B4257D+29]
	RtlUserThreadStart [0x00007FFCB61EAA58+40]
"><![CDATA[Traceback (most recent call last):
  File "c:\Users\luist\repos\Automatizaciones-SILOHUB-\GranosContratos.py", line 164, in test_granos_contratos
    find_elements(self.driver, select_input)
  File "c:\Users\luist\repos\Automatizaciones-SILOHUB-\Elements.py", line 21, in find_elements
    select_nex_button.click()
  File "C:\Users\luist\AppData\Roaming\Python\Python310\site-packages\selenium\webdriver\remote\webelement.py", line 94, in click
    self._execute(Command.CLICK_ELEMENT)
  File "C:\Users\luist\AppData\Roaming\Python\Python310\site-packages\selenium\webdriver\remote\webelement.py", line 395, in _execute
    return self._parent.execute(command, params)
  File "C:\Users\luist\AppData\Roaming\Python\Python310\site-packages\selenium\webdriver\remote\webdriver.py", line 348, in execute
    self.error_handler.check_response(response)
  File "C:\Users\luist\AppData\Roaming\Python\Python310\site-packages\selenium\webdriver\remote\errorhandler.py", line 229, in check_response
    raise exception_class(message, screen, stacktrace)
selenium.common.exceptions.ElementClickInterceptedException: Message: element click intercepted: Element <div class="ng-placeholder">...</div> is not clickable at point (1187, 271). Other element would receive the click: <input aria-autocomplete="list" type="text" autocorrect="off" autocapitalize="off" autocomplete="a2fc961e73ed">
  (Session info: chrome=122.0.6261.112)
Stacktrace:
	GetHandleVerifier [0x00007FF73011AD32+56930]
	(No symbol) [0x00007FF73008F632]
	(No symbol) [0x00007FF72FF442E5]
	(No symbol) [0x00007FF72FF90A80]
	(No symbol) [0x00007FF72FF8E8AB]
	(No symbol) [0x00007FF72FF8C0B4]
	(No symbol) [0x00007FF72FF8AE45]
	(No symbol) [0x00007FF72FF7F798]
	(No symbol) [0x00007FF72FFABC9A]
	(No symbol) [0x00007FF72FF7F09A]
	(No symbol) [0x00007FF72FFABEB0]
	(No symbol) [0x00007FF72FFC81E2]
	(No symbol) [0x00007FF72FFABA43]
	(No symbol) [0x00007FF72FF7D438]
	(No symbol) [0x00007FF72FF7E4D1]
	GetHandleVerifier [0x00007FF730496ABD+3709933]
	GetHandleVerifier [0x00007FF7304EFFFD+4075821]
	GetHandleVerifier [0x00007FF7304E818F+4043455]
	GetHandleVerifier [0x00007FF7301B9766+706710]
	(No symbol) [0x00007FF73009B90F]
	(No symbol) [0x00007FF730096AF4]
	(No symbol) [0x00007FF730096C4C]
	(No symbol) [0x00007FF730086904]
	BaseThreadInitThunk [0x00007FFCB5B4257D+29]
	RtlUserThreadStart [0x00007FFCB61EAA58+40]

]]></error>
		<system-out><![CDATA[¡Elemento encontrado y clickeado con éxito!
¡Elemento encontrado y clickeado con éxito!
El texto encontrado es  CONTRATOS
La opcion fue seleccionada en el dropdown con exito  
¡Cuenta encontrada y seleccionada 1023  con éxito!
¡Elemento encontrado y clickeado con éxito!
La opcion fue seleccionada en el dropdown con exito  
La opcion fue seleccionada en el dropdown con exito  
¡Input encontrado y enviado con éxito!
La opcion fue seleccionada en el dropdown con exito  
¡Input encontrado y enviado con éxito!
La opcion fue seleccionada en el dropdown con exito  
La opcion fue seleccionada en el dropdown con exito  
¡Elemento encontrado y clickeado 1 veces con éxito!
¡Elemento encontrado y clickeado con éxito!
¡Elemento encontrado y clickeado 1 veces con éxito!
¡Elemento encontrado y clickeado con éxito!
¡Elemento encontrado y clickeado con éxito!
¡Elemento encontrado y clickeado con éxito!
¡Elemento encontrado y clickeado con éxito!
]]></system-out>
	</testcase>
</testsuite>
