<?xml version="1.0" encoding="UTF-8"?>
<testsuite name="granos_contratos-20240311191624" tests="2" file=".py" time="106.117" timestamp="2024-03-11T19:18:10" failures="0" errors="2" skipped="0">
	<testcase classname="granos_contratos" name="test_granos_contratos" time="0.000" timestamp="0001-01-01T00:00:00" file="GranosContratos.py" line="23">
		<error type="WebDriverException" message="Message: disconnected: unable to send message to renderer
  (failed to check if window was closed: disconnected: not connected to DevTools)
  (Session info: chrome=122.0.6261.112)
Stacktrace:
	GetHandleVerifier [0x00007FF7DD8CAD32+56930]
	(No symbol) [0x00007FF7DD83F632]
	(No symbol) [0x00007FF7DD6F42E5]
	(No symbol) [0x00007FF7DD6E06B1]
	(No symbol) [0x00007FF7DD6E10AF]
	(No symbol) [0x00007FF7DD6F7486]
	(No symbol) [0x00007FF7DD6F7D63]
	(No symbol) [0x00007FF7DD6FB6EB]
	(No symbol) [0x00007FF7DD6FB7B0]
	(No symbol) [0x00007FF7DD73955C]
	(No symbol) [0x00007FF7DD739A2C]
	(No symbol) [0x00007FF7DD77A967]
	(No symbol) [0x00007FF7DD75BCDF]
	(No symbol) [0x00007FF7DD7781E2]
	(No symbol) [0x00007FF7DD75BA43]
	(No symbol) [0x00007FF7DD72D438]
	(No symbol) [0x00007FF7DD72E4D1]
	GetHandleVerifier [0x00007FF7DDC46ABD+3709933]
	GetHandleVerifier [0x00007FF7DDC9FFFD+4075821]
	GetHandleVerifier [0x00007FF7DDC9818F+4043455]
	GetHandleVerifier [0x00007FF7DD969766+706710]
	(No symbol) [0x00007FF7DD84B90F]
	(No symbol) [0x00007FF7DD846AF4]
	(No symbol) [0x00007FF7DD846C4C]
	(No symbol) [0x00007FF7DD836904]
	BaseThreadInitThunk [0x00007FFAF18A257D+29]
	RtlUserThreadStart [0x00007FFAF310AA58+40]
"><![CDATA[Traceback (most recent call last):
  File "c:\Users\luist\repos\Automatizaciones-SILOHUB-\GranosContratos.py", line 173, in test_granos_contratos
    select_option_dropdown(self.driver, button_dopdown5, option_desired5, value_to_search5)
  File "c:\Users\luist\repos\Automatizaciones-SILOHUB-\Elements.py", line 842, in select_option_dropdown
    search_input_element = WebDriverWait(driver, 10).until(
  File "C:\Users\luist\AppData\Roaming\Python\Python310\site-packages\selenium\webdriver\support\wait.py", line 96, in until
    value = method(self._driver)
  File "C:\Users\luist\AppData\Roaming\Python\Python310\site-packages\selenium\webdriver\support\expected_conditions.py", line 363, in _predicate
    target = driver.find_element(*target)  # grab element at locator
  File "C:\Users\luist\AppData\Roaming\Python\Python310\site-packages\selenium\webdriver\remote\webdriver.py", line 742, in find_element
    return self.execute(Command.FIND_ELEMENT, {"using": by, "value": value})["value"]
  File "C:\Users\luist\AppData\Roaming\Python\Python310\site-packages\selenium\webdriver\remote\webdriver.py", line 348, in execute
    self.error_handler.check_response(response)
  File "C:\Users\luist\AppData\Roaming\Python\Python310\site-packages\selenium\webdriver\remote\errorhandler.py", line 229, in check_response
    raise exception_class(message, screen, stacktrace)
selenium.common.exceptions.WebDriverException: Message: disconnected: unable to send message to renderer
  (failed to check if window was closed: disconnected: not connected to DevTools)
  (Session info: chrome=122.0.6261.112)
Stacktrace:
	GetHandleVerifier [0x00007FF7DD8CAD32+56930]
	(No symbol) [0x00007FF7DD83F632]
	(No symbol) [0x00007FF7DD6F42E5]
	(No symbol) [0x00007FF7DD6E06B1]
	(No symbol) [0x00007FF7DD6E10AF]
	(No symbol) [0x00007FF7DD6F7486]
	(No symbol) [0x00007FF7DD6F7D63]
	(No symbol) [0x00007FF7DD6FB6EB]
	(No symbol) [0x00007FF7DD6FB7B0]
	(No symbol) [0x00007FF7DD73955C]
	(No symbol) [0x00007FF7DD739A2C]
	(No symbol) [0x00007FF7DD77A967]
	(No symbol) [0x00007FF7DD75BCDF]
	(No symbol) [0x00007FF7DD7781E2]
	(No symbol) [0x00007FF7DD75BA43]
	(No symbol) [0x00007FF7DD72D438]
	(No symbol) [0x00007FF7DD72E4D1]
	GetHandleVerifier [0x00007FF7DDC46ABD+3709933]
	GetHandleVerifier [0x00007FF7DDC9FFFD+4075821]
	GetHandleVerifier [0x00007FF7DDC9818F+4043455]
	GetHandleVerifier [0x00007FF7DD969766+706710]
	(No symbol) [0x00007FF7DD84B90F]
	(No symbol) [0x00007FF7DD846AF4]
	(No symbol) [0x00007FF7DD846C4C]
	(No symbol) [0x00007FF7DD836904]
	BaseThreadInitThunk [0x00007FFAF18A257D+29]
	RtlUserThreadStart [0x00007FFAF310AA58+40]

]]></error>
		<system-out><![CDATA[¡Elemento encontrado y clickeado con éxito!
¡Elemento encontrado y clickeado con éxito!
El texto encontrado es  CONTRATOS
La opcion fue seleccionada en el dropdown con exito  
¡Cuenta encontrada y seleccionada 1023  con éxito!
¡Elemento encontrado y clickeado con éxito!
La opcion fue seleccionada en el dropdown con exito  
La opcion fue seleccionada en el dropdown con exito  
¡Input encontrado y enviado con éxito!
La opcion fue seleccionada en el dropdown con exito  
¡Input encontrado y enviado con éxito!
La opcion fue seleccionada en el dropdown con exito  
Tiempo de espera agotado. El chevron no están presentes o no son clickeables.
Tiempo de espera agotado. El elemento no está presente o no es clickeable.
Tiempo de espera agotado. El elemento no está presente o no es clickeable.
Tiempo de espera agotado. El elemento no está presente o no es clickeable.
]]></system-out>
	</testcase>
	<testcase classname="granos_contratos" name="test_granos_contratos" time="106.117" timestamp="2024-03-11T19:18:10" file="GranosContratos.py" line="23">
		<error type="WebDriverException" message="Message: disconnected: not connected to DevTools
  (failed to check if window was closed: disconnected: not connected to DevTools)
  (Session info: chrome=122.0.6261.112)
Stacktrace:
	GetHandleVerifier [0x00007FF7DD8CAD32+56930]
	(No symbol) [0x00007FF7DD83F632]
	(No symbol) [0x00007FF7DD6F42E5]
	(No symbol) [0x00007FF7DD6E0879]
	(No symbol) [0x00007FF7DD6E10AF]
	(No symbol) [0x00007FF7DD6F4845]
	(No symbol) [0x00007FF7DD6D192C]
	(No symbol) [0x00007FF7DD7688E4]
	(No symbol) [0x00007FF7DD75BC60]
	(No symbol) [0x00007FF7DD72D438]
	(No symbol) [0x00007FF7DD72E4D1]
	GetHandleVerifier [0x00007FF7DDC46ABD+3709933]
	GetHandleVerifier [0x00007FF7DDC9FFFD+4075821]
	GetHandleVerifier [0x00007FF7DDC9818F+4043455]
	GetHandleVerifier [0x00007FF7DD969766+706710]
	(No symbol) [0x00007FF7DD84B90F]
	(No symbol) [0x00007FF7DD846AF4]
	(No symbol) [0x00007FF7DD846C4C]
	(No symbol) [0x00007FF7DD836904]
	BaseThreadInitThunk [0x00007FFAF18A257D+29]
	RtlUserThreadStart [0x00007FFAF310AA58+40]
"><![CDATA[Traceback (most recent call last):
  File "c:\Users\luist\repos\Automatizaciones-SILOHUB-\GranosContratos.py", line 278, in tearDown
    self.driver.close()
  File "C:\Users\luist\AppData\Roaming\Python\Python310\site-packages\selenium\webdriver\remote\webdriver.py", line 459, in close
    self.execute(Command.CLOSE)
  File "C:\Users\luist\AppData\Roaming\Python\Python310\site-packages\selenium\webdriver\remote\webdriver.py", line 348, in execute
    self.error_handler.check_response(response)
  File "C:\Users\luist\AppData\Roaming\Python\Python310\site-packages\selenium\webdriver\remote\errorhandler.py", line 229, in check_response
    raise exception_class(message, screen, stacktrace)
selenium.common.exceptions.WebDriverException: Message: disconnected: not connected to DevTools
  (failed to check if window was closed: disconnected: not connected to DevTools)
  (Session info: chrome=122.0.6261.112)
Stacktrace:
	GetHandleVerifier [0x00007FF7DD8CAD32+56930]
	(No symbol) [0x00007FF7DD83F632]
	(No symbol) [0x00007FF7DD6F42E5]
	(No symbol) [0x00007FF7DD6E0879]
	(No symbol) [0x00007FF7DD6E10AF]
	(No symbol) [0x00007FF7DD6F4845]
	(No symbol) [0x00007FF7DD6D192C]
	(No symbol) [0x00007FF7DD7688E4]
	(No symbol) [0x00007FF7DD75BC60]
	(No symbol) [0x00007FF7DD72D438]
	(No symbol) [0x00007FF7DD72E4D1]
	GetHandleVerifier [0x00007FF7DDC46ABD+3709933]
	GetHandleVerifier [0x00007FF7DDC9FFFD+4075821]
	GetHandleVerifier [0x00007FF7DDC9818F+4043455]
	GetHandleVerifier [0x00007FF7DD969766+706710]
	(No symbol) [0x00007FF7DD84B90F]
	(No symbol) [0x00007FF7DD846AF4]
	(No symbol) [0x00007FF7DD846C4C]
	(No symbol) [0x00007FF7DD836904]
	BaseThreadInitThunk [0x00007FFAF18A257D+29]
	RtlUserThreadStart [0x00007FFAF310AA58+40]

]]></error>
		<system-out><![CDATA[¡Elemento encontrado y clickeado con éxito!
¡Elemento encontrado y clickeado con éxito!
El texto encontrado es  CONTRATOS
La opcion fue seleccionada en el dropdown con exito  
¡Cuenta encontrada y seleccionada 1023  con éxito!
¡Elemento encontrado y clickeado con éxito!
La opcion fue seleccionada en el dropdown con exito  
La opcion fue seleccionada en el dropdown con exito  
¡Input encontrado y enviado con éxito!
La opcion fue seleccionada en el dropdown con exito  
¡Input encontrado y enviado con éxito!
La opcion fue seleccionada en el dropdown con exito  
Tiempo de espera agotado. El chevron no están presentes o no son clickeables.
Tiempo de espera agotado. El elemento no está presente o no es clickeable.
Tiempo de espera agotado. El elemento no está presente o no es clickeable.
Tiempo de espera agotado. El elemento no está presente o no es clickeable.
]]></system-out>
	</testcase>
</testsuite>
