<?xml version="1.0" encoding="UTF-8"?>
<testsuite name="granos_contratos-20240308135707" tests="2" file=".py" time="42.817" timestamp="2024-03-08T13:57:50" failures="0" errors="2" skipped="0">
	<testcase classname="granos_contratos" name="test_granos_contratos" time="0.000" timestamp="0001-01-01T00:00:00" file="GranosContratos.py" line="22">
		<error type="NoSuchWindowException" message="Message: no such window: target window already closed
from unknown error: web view not found
  (Session info: chrome=122.0.6261.112)
Stacktrace:
	GetHandleVerifier [0x00007FF74B61AD32+56930]
	(No symbol) [0x00007FF74B58F632]
	(No symbol) [0x00007FF74B4442E5]
	(No symbol) [0x00007FF74B421D4C]
	(No symbol) [0x00007FF74B4B23F7]
	(No symbol) [0x00007FF74B4C7891]
	(No symbol) [0x00007FF74B4ABA43]
	(No symbol) [0x00007FF74B47D438]
	(No symbol) [0x00007FF74B47E4D1]
	GetHandleVerifier [0x00007FF74B996ABD+3709933]
	GetHandleVerifier [0x00007FF74B9EFFFD+4075821]
	GetHandleVerifier [0x00007FF74B9E818F+4043455]
	GetHandleVerifier [0x00007FF74B6B9766+706710]
	(No symbol) [0x00007FF74B59B90F]
	(No symbol) [0x00007FF74B596AF4]
	(No symbol) [0x00007FF74B596C4C]
	(No symbol) [0x00007FF74B586904]
	BaseThreadInitThunk [0x00007FFAF18A257D+29]
	RtlUserThreadStart [0x00007FFAF310AA58+40]
"><![CDATA[Traceback (most recent call last):
  File "c:\Users\luist\repos\Automatizaciones-SILOHUB-\GranosContratos.py", line 58, in test_granos_contratos
    search_for_selector_option(self.driver, selector_search_input, selector_search_result, value_to_search, send_input_element)
  File "c:\Users\luist\repos\Automatizaciones-SILOHUB-\Elements.py", line 695, in search_for_selector_option
    search_input_element = WebDriverWait(driver, 10).until(
  File "C:\Users\luist\AppData\Roaming\Python\Python310\site-packages\selenium\webdriver\support\wait.py", line 96, in until
    value = method(self._driver)
  File "C:\Users\luist\AppData\Roaming\Python\Python310\site-packages\selenium\webdriver\support\expected_conditions.py", line 363, in _predicate
    target = driver.find_element(*target)  # grab element at locator
  File "C:\Users\luist\AppData\Roaming\Python\Python310\site-packages\selenium\webdriver\remote\webdriver.py", line 742, in find_element
    return self.execute(Command.FIND_ELEMENT, {"using": by, "value": value})["value"]
  File "C:\Users\luist\AppData\Roaming\Python\Python310\site-packages\selenium\webdriver\remote\webdriver.py", line 348, in execute
    self.error_handler.check_response(response)
  File "C:\Users\luist\AppData\Roaming\Python\Python310\site-packages\selenium\webdriver\remote\errorhandler.py", line 229, in check_response
    raise exception_class(message, screen, stacktrace)
selenium.common.exceptions.NoSuchWindowException: Message: no such window: target window already closed
from unknown error: web view not found
  (Session info: chrome=122.0.6261.112)
Stacktrace:
	GetHandleVerifier [0x00007FF74B61AD32+56930]
	(No symbol) [0x00007FF74B58F632]
	(No symbol) [0x00007FF74B4442E5]
	(No symbol) [0x00007FF74B421D4C]
	(No symbol) [0x00007FF74B4B23F7]
	(No symbol) [0x00007FF74B4C7891]
	(No symbol) [0x00007FF74B4ABA43]
	(No symbol) [0x00007FF74B47D438]
	(No symbol) [0x00007FF74B47E4D1]
	GetHandleVerifier [0x00007FF74B996ABD+3709933]
	GetHandleVerifier [0x00007FF74B9EFFFD+4075821]
	GetHandleVerifier [0x00007FF74B9E818F+4043455]
	GetHandleVerifier [0x00007FF74B6B9766+706710]
	(No symbol) [0x00007FF74B59B90F]
	(No symbol) [0x00007FF74B596AF4]
	(No symbol) [0x00007FF74B596C4C]
	(No symbol) [0x00007FF74B586904]
	BaseThreadInitThunk [0x00007FFAF18A257D+29]
	RtlUserThreadStart [0x00007FFAF310AA58+40]

]]></error>
		<system-out><![CDATA[¡Elemento encontrado y clickeado con éxito!
¡Elemento encontrado y clickeado con éxito!
El texto encontrado es  CONTRATOS
La opcion fue seleccionada con éxito después de hacer clic en el chevron!
Tiempo de espera agotado. El texto por xpaht no está presente.
]]></system-out>
	</testcase>
	<testcase classname="granos_contratos" name="test_granos_contratos" time="42.817" timestamp="2024-03-08T13:57:50" file="GranosContratos.py" line="22">
		<error type="WebDriverException" message="Message: disconnected: not connected to DevTools
  (failed to check if window was closed: disconnected: not connected to DevTools)
  (Session info: chrome=122.0.6261.112)
Stacktrace:
	GetHandleVerifier [0x00007FF74B61AD32+56930]
	(No symbol) [0x00007FF74B58F632]
	(No symbol) [0x00007FF74B4442E5]
	(No symbol) [0x00007FF74B430879]
	(No symbol) [0x00007FF74B4310AF]
	(No symbol) [0x00007FF74B444845]
	(No symbol) [0x00007FF74B42192C]
	(No symbol) [0x00007FF74B4B88E4]
	(No symbol) [0x00007FF74B4ABC60]
	(No symbol) [0x00007FF74B47D438]
	(No symbol) [0x00007FF74B47E4D1]
	GetHandleVerifier [0x00007FF74B996ABD+3709933]
	GetHandleVerifier [0x00007FF74B9EFFFD+4075821]
	GetHandleVerifier [0x00007FF74B9E818F+4043455]
	GetHandleVerifier [0x00007FF74B6B9766+706710]
	(No symbol) [0x00007FF74B59B90F]
	(No symbol) [0x00007FF74B596AF4]
	(No symbol) [0x00007FF74B596C4C]
	(No symbol) [0x00007FF74B586904]
	BaseThreadInitThunk [0x00007FFAF18A257D+29]
	RtlUserThreadStart [0x00007FFAF310AA58+40]
"><![CDATA[Traceback (most recent call last):
  File "c:\Users\luist\repos\Automatizaciones-SILOHUB-\GranosContratos.py", line 285, in tearDown
    self.driver.close()
  File "C:\Users\luist\AppData\Roaming\Python\Python310\site-packages\selenium\webdriver\remote\webdriver.py", line 459, in close
    self.execute(Command.CLOSE)
  File "C:\Users\luist\AppData\Roaming\Python\Python310\site-packages\selenium\webdriver\remote\webdriver.py", line 348, in execute
    self.error_handler.check_response(response)
  File "C:\Users\luist\AppData\Roaming\Python\Python310\site-packages\selenium\webdriver\remote\errorhandler.py", line 229, in check_response
    raise exception_class(message, screen, stacktrace)
selenium.common.exceptions.WebDriverException: Message: disconnected: not connected to DevTools
  (failed to check if window was closed: disconnected: not connected to DevTools)
  (Session info: chrome=122.0.6261.112)
Stacktrace:
	GetHandleVerifier [0x00007FF74B61AD32+56930]
	(No symbol) [0x00007FF74B58F632]
	(No symbol) [0x00007FF74B4442E5]
	(No symbol) [0x00007FF74B430879]
	(No symbol) [0x00007FF74B4310AF]
	(No symbol) [0x00007FF74B444845]
	(No symbol) [0x00007FF74B42192C]
	(No symbol) [0x00007FF74B4B88E4]
	(No symbol) [0x00007FF74B4ABC60]
	(No symbol) [0x00007FF74B47D438]
	(No symbol) [0x00007FF74B47E4D1]
	GetHandleVerifier [0x00007FF74B996ABD+3709933]
	GetHandleVerifier [0x00007FF74B9EFFFD+4075821]
	GetHandleVerifier [0x00007FF74B9E818F+4043455]
	GetHandleVerifier [0x00007FF74B6B9766+706710]
	(No symbol) [0x00007FF74B59B90F]
	(No symbol) [0x00007FF74B596AF4]
	(No symbol) [0x00007FF74B596C4C]
	(No symbol) [0x00007FF74B586904]
	BaseThreadInitThunk [0x00007FFAF18A257D+29]
	RtlUserThreadStart [0x00007FFAF310AA58+40]

]]></error>
		<system-out><![CDATA[¡Elemento encontrado y clickeado con éxito!
¡Elemento encontrado y clickeado con éxito!
El texto encontrado es  CONTRATOS
La opcion fue seleccionada con éxito después de hacer clic en el chevron!
Tiempo de espera agotado. El texto por xpaht no está presente.
]]></system-out>
	</testcase>
</testsuite>
