<?xml version="1.0" encoding="UTF-8"?>
<testsuite name="granos_contratos-20240312115148" tests="2" file=".py" time="60.302" timestamp="2024-03-12T11:52:48" failures="0" errors="2" skipped="0">
	<testcase classname="granos_contratos" name="test_granos_contratos" time="0.000" timestamp="0001-01-01T00:00:00" file="GranosContratos.py" line="23">
		<error type="AttributeError" message="'NoneType' object has no attribute 'is_displayed'"><![CDATA[Traceback (most recent call last):
  File "c:\Users\luist\repos\Automatizaciones-SILOHUB-\GranosContratos.py", line 153, in test_granos_contratos
    locate_option_click(self.driver, button_dopdown6, select_option)
  File "c:\Users\luist\repos\Automatizaciones-SILOHUB-\Elements.py", line 969, in locate_option_click
    xpath_chevron = WebDriverWait(driver, 10).until(
  File "C:\Users\luist\AppData\Roaming\Python\Python310\site-packages\selenium\webdriver\support\wait.py", line 96, in until
    value = method(self._driver)
  File "C:\Users\luist\AppData\Roaming\Python\Python310\site-packages\selenium\webdriver\support\expected_conditions.py", line 364, in _predicate
    element = visibility_of(target)(driver)
  File "C:\Users\luist\AppData\Roaming\Python\Python310\site-packages\selenium\webdriver\support\expected_conditions.py", line 173, in _predicate
    return _element_if_visible(element)
  File "C:\Users\luist\AppData\Roaming\Python\Python310\site-packages\selenium\webdriver\support\expected_conditions.py", line 179, in _element_if_visible
    return element if element.is_displayed() == visibility else False
AttributeError: 'NoneType' object has no attribute 'is_displayed'
]]></error>
		<system-out><![CDATA[¡Elemento encontrado y clickeado con éxito!
¡Elemento encontrado y clickeado con éxito!
El texto encontrado es  CONTRATOS
La opcion fue seleccionada en el dropdown con exito  
¡Cuenta encontrada y seleccionada 1023  con éxito!
¡Elemento encontrado y clickeado con éxito!
La opcion fue seleccionada en el dropdown con exito  
La opcion fue seleccionada en el dropdown con exito  
¡Input encontrado y enviado con éxito!
La opcion fue seleccionada en el dropdown con exito  
¡Input encontrado y enviado con éxito!
La opcion fue seleccionada en el dropdown con exito  
La opcion fue seleccionada en el dropdown con exito  
¡Elemento encontrado y clickeado 1 veces con éxito!
¡Elemento encontrado y clickeado con éxito!
Tiempo de espera agotado. El elemento no está presente o no es clickeable.
¡Elemento encontrado y clickeado con éxito!
¡Elemento encontrado y clickeado con éxito!
]]></system-out>
	</testcase>
	<testcase classname="granos_contratos" name="test_granos_contratos" time="60.302" timestamp="2024-03-12T11:52:48" file="GranosContratos.py" line="23">
		<error type="NoSuchWindowException" message="Message: no such window: target window already closed
from unknown error: web view not found
  (Session info: chrome=122.0.6261.112)
Stacktrace:
	GetHandleVerifier [0x00007FF73011AD32+56930]
	(No symbol) [0x00007FF73008F632]
	(No symbol) [0x00007FF72FF442E5]
	(No symbol) [0x00007FF72FF21D4C]
	(No symbol) [0x00007FF72FFB23F7]
	(No symbol) [0x00007FF72FFB8942]
	(No symbol) [0x00007FF72FFABC60]
	(No symbol) [0x00007FF72FF7D438]
	(No symbol) [0x00007FF72FF7E4D1]
	GetHandleVerifier [0x00007FF730496ABD+3709933]
	GetHandleVerifier [0x00007FF7304EFFFD+4075821]
	GetHandleVerifier [0x00007FF7304E818F+4043455]
	GetHandleVerifier [0x00007FF7301B9766+706710]
	(No symbol) [0x00007FF73009B90F]
	(No symbol) [0x00007FF730096AF4]
	(No symbol) [0x00007FF730096C4C]
	(No symbol) [0x00007FF730086904]
	BaseThreadInitThunk [0x00007FFCB5B4257D+29]
	RtlUserThreadStart [0x00007FFCB61EAA58+40]
"><![CDATA[Traceback (most recent call last):
  File "c:\Users\luist\repos\Automatizaciones-SILOHUB-\GranosContratos.py", line 198, in tearDown
    self.driver.close()
  File "C:\Users\luist\AppData\Roaming\Python\Python310\site-packages\selenium\webdriver\remote\webdriver.py", line 459, in close
    self.execute(Command.CLOSE)
  File "C:\Users\luist\AppData\Roaming\Python\Python310\site-packages\selenium\webdriver\remote\webdriver.py", line 348, in execute
    self.error_handler.check_response(response)
  File "C:\Users\luist\AppData\Roaming\Python\Python310\site-packages\selenium\webdriver\remote\errorhandler.py", line 229, in check_response
    raise exception_class(message, screen, stacktrace)
selenium.common.exceptions.NoSuchWindowException: Message: no such window: target window already closed
from unknown error: web view not found
  (Session info: chrome=122.0.6261.112)
Stacktrace:
	GetHandleVerifier [0x00007FF73011AD32+56930]
	(No symbol) [0x00007FF73008F632]
	(No symbol) [0x00007FF72FF442E5]
	(No symbol) [0x00007FF72FF21D4C]
	(No symbol) [0x00007FF72FFB23F7]
	(No symbol) [0x00007FF72FFB8942]
	(No symbol) [0x00007FF72FFABC60]
	(No symbol) [0x00007FF72FF7D438]
	(No symbol) [0x00007FF72FF7E4D1]
	GetHandleVerifier [0x00007FF730496ABD+3709933]
	GetHandleVerifier [0x00007FF7304EFFFD+4075821]
	GetHandleVerifier [0x00007FF7304E818F+4043455]
	GetHandleVerifier [0x00007FF7301B9766+706710]
	(No symbol) [0x00007FF73009B90F]
	(No symbol) [0x00007FF730096AF4]
	(No symbol) [0x00007FF730096C4C]
	(No symbol) [0x00007FF730086904]
	BaseThreadInitThunk [0x00007FFCB5B4257D+29]
	RtlUserThreadStart [0x00007FFCB61EAA58+40]

]]></error>
		<system-out><![CDATA[¡Elemento encontrado y clickeado con éxito!
¡Elemento encontrado y clickeado con éxito!
El texto encontrado es  CONTRATOS
La opcion fue seleccionada en el dropdown con exito  
¡Cuenta encontrada y seleccionada 1023  con éxito!
¡Elemento encontrado y clickeado con éxito!
La opcion fue seleccionada en el dropdown con exito  
La opcion fue seleccionada en el dropdown con exito  
¡Input encontrado y enviado con éxito!
La opcion fue seleccionada en el dropdown con exito  
¡Input encontrado y enviado con éxito!
La opcion fue seleccionada en el dropdown con exito  
La opcion fue seleccionada en el dropdown con exito  
¡Elemento encontrado y clickeado 1 veces con éxito!
¡Elemento encontrado y clickeado con éxito!
Tiempo de espera agotado. El elemento no está presente o no es clickeable.
¡Elemento encontrado y clickeado con éxito!
¡Elemento encontrado y clickeado con éxito!
]]></system-out>
	</testcase>
</testsuite>
