<?xml version="1.0" encoding="UTF-8"?>
<testsuite name="insumosProductos-20240719152253" tests="1" file=".py" time="79.854" timestamp="2024-07-19T15:24:13" failures="0" errors="1" skipped="0">
	<testcase classname="insumosProductos" name="test_supplies_products" time="79.854" timestamp="2024-07-19T15:24:13" file="insumos_producto.py" line="19">
		<error type="StaleElementReferenceException" message="Message: stale element reference: stale element not found in the current frame
  (Session info: chrome=126.0.6478.182); For documentation on this error, please visit: https://www.selenium.dev/documentation/webdriver/troubleshooting/errors#stale-element-reference-exception
Stacktrace:
	GetHandleVerifier [0x00007FF7BF8BEEB2+31554]
	(No symbol) [0x00007FF7BF837EE9]
	(No symbol) [0x00007FF7BF6F872A]
	(No symbol) [0x00007FF7BF6FE55E]
	(No symbol) [0x00007FF7BF700EB1]
	(No symbol) [0x00007FF7BF700F50]
	(No symbol) [0x00007FF7BF749192]
	(No symbol) [0x00007FF7BF749272]
	(No symbol) [0x00007FF7BF73F119]
	(No symbol) [0x00007FF7BF76D02A]
	(No symbol) [0x00007FF7BF73BA76]
	(No symbol) [0x00007FF7BF76D240]
	(No symbol) [0x00007FF7BF78C977]
	(No symbol) [0x00007FF7BF76CDD3]
	(No symbol) [0x00007FF7BF73A33B]
	(No symbol) [0x00007FF7BF73AED1]
	GetHandleVerifier [0x00007FF7BFBC8B2D+3217341]
	GetHandleVerifier [0x00007FF7BFC15AF3+3532675]
	GetHandleVerifier [0x00007FF7BFC0B0F0+3489152]
	GetHandleVerifier [0x00007FF7BF96E786+750614]
	(No symbol) [0x00007FF7BF84376F]
	(No symbol) [0x00007FF7BF83EB24]
	(No symbol) [0x00007FF7BF83ECB2]
	(No symbol) [0x00007FF7BF82E17F]
	BaseThreadInitThunk [0x00007FFBFD87257D+29]
	RtlUserThreadStart [0x00007FFBFF42AF28+40]
"><![CDATA[Traceback (most recent call last):
  File "c:\Users\luist\repos\Automatizaciones-SILOHUB-\insumos_producto.py", line 109, in test_supplies_products
    delete_element(self.driver, cleam_account)
  File "c:\Users\luist\repos\Automatizaciones-SILOHUB-\Elements.py", line 1422, in delete_element
    element.send_keys(Keys.CONTROL, "a")
  File "C:\Users\luist\AppData\Roaming\Python\Python310\site-packages\selenium\webdriver\remote\webelement.py", line 231, in send_keys
    self._execute(
  File "C:\Users\luist\AppData\Roaming\Python\Python310\site-packages\selenium\webdriver\remote\webelement.py", line 395, in _execute
    return self._parent.execute(command, params)
  File "C:\Users\luist\AppData\Roaming\Python\Python310\site-packages\selenium\webdriver\remote\webdriver.py", line 354, in execute
    self.error_handler.check_response(response)
  File "C:\Users\luist\AppData\Roaming\Python\Python310\site-packages\selenium\webdriver\remote\errorhandler.py", line 229, in check_response
    raise exception_class(message, screen, stacktrace)
selenium.common.exceptions.StaleElementReferenceException: Message: stale element reference: stale element not found in the current frame
  (Session info: chrome=126.0.6478.182); For documentation on this error, please visit: https://www.selenium.dev/documentation/webdriver/troubleshooting/errors#stale-element-reference-exception
Stacktrace:
	GetHandleVerifier [0x00007FF7BF8BEEB2+31554]
	(No symbol) [0x00007FF7BF837EE9]
	(No symbol) [0x00007FF7BF6F872A]
	(No symbol) [0x00007FF7BF6FE55E]
	(No symbol) [0x00007FF7BF700EB1]
	(No symbol) [0x00007FF7BF700F50]
	(No symbol) [0x00007FF7BF749192]
	(No symbol) [0x00007FF7BF749272]
	(No symbol) [0x00007FF7BF73F119]
	(No symbol) [0x00007FF7BF76D02A]
	(No symbol) [0x00007FF7BF73BA76]
	(No symbol) [0x00007FF7BF76D240]
	(No symbol) [0x00007FF7BF78C977]
	(No symbol) [0x00007FF7BF76CDD3]
	(No symbol) [0x00007FF7BF73A33B]
	(No symbol) [0x00007FF7BF73AED1]
	GetHandleVerifier [0x00007FF7BFBC8B2D+3217341]
	GetHandleVerifier [0x00007FF7BFC15AF3+3532675]
	GetHandleVerifier [0x00007FF7BFC0B0F0+3489152]
	GetHandleVerifier [0x00007FF7BF96E786+750614]
	(No symbol) [0x00007FF7BF84376F]
	(No symbol) [0x00007FF7BF83EB24]
	(No symbol) [0x00007FF7BF83ECB2]
	(No symbol) [0x00007FF7BF82E17F]
	BaseThreadInitThunk [0x00007FFBFD87257D+29]
	RtlUserThreadStart [0x00007FFBFF42AF28+40]

]]></error>
		<system-out><![CDATA[El texto encontrado es  PRODUCTOS
¡Input encontrado y enviado con éxito!
¡Valor '30 días' ingresado y opción seleccionada con éxito!
El texto encontrado es  Productos Seleccionados
El texto no fue encontrado Herbicida 2-4 DB 96% Rainwon x 20 lts RAINWON AGRO
¡Input encontrado y enviado con éxito!
]]></system-out>
	</testcase>
</testsuite>
