<?xml version="1.0" encoding="UTF-8"?>
<testsuite name="insumosProductos-20240705100549" tests="2" file=".py" time="51.876" timestamp="2024-07-05T10:06:41" failures="0" errors="2" skipped="0">
	<testcase classname="insumosProductos" name="test_supplies_products" time="0.000" timestamp="0001-01-01T00:00:00" file="insumos_producto.py" line="19">
		<error type="NoSuchWindowException" message="Message: no such window: target window already closed
from unknown error: web view not found
  (Session info: chrome=126.0.6478.127)
Stacktrace:
	GetHandleVerifier [0x00007FF6367AEEA2+31554]
	(No symbol) [0x00007FF636727ED9]
	(No symbol) [0x00007FF6365E872A]
	(No symbol) [0x00007FF6365BD995]
	(No symbol) [0x00007FF6366644D7]
	(No symbol) [0x00007FF63667C051]
	(No symbol) [0x00007FF63665CDD3]
	(No symbol) [0x00007FF63662A33B]
	(No symbol) [0x00007FF63662AED1]
	GetHandleVerifier [0x00007FF636AB8B1D+3217341]
	GetHandleVerifier [0x00007FF636B05AE3+3532675]
	GetHandleVerifier [0x00007FF636AFB0E0+3489152]
	GetHandleVerifier [0x00007FF63685E776+750614]
	(No symbol) [0x00007FF63673375F]
	(No symbol) [0x00007FF63672EB14]
	(No symbol) [0x00007FF63672ECA2]
	(No symbol) [0x00007FF63671E16F]
	BaseThreadInitThunk [0x00007FF99BFF257D+29]
	RtlUserThreadStart [0x00007FF99CAAAF28+40]
"><![CDATA[Traceback (most recent call last):
  File "c:\Users\luist\repos\Automatizaciones-SILOHUB-\insumos_producto.py", line 44, in test_supplies_products
    find_send_element(self.driver, add_product, send_product )
  File "c:\Users\luist\repos\Automatizaciones-SILOHUB-\Elements.py", line 295, in find_send_element
    input_element = WebDriverWait(driver, 10).until(
  File "C:\Users\luist\AppData\Roaming\Python\Python310\site-packages\selenium\webdriver\support\wait.py", line 96, in until
    value = method(self._driver)
  File "C:\Users\luist\AppData\Roaming\Python\Python310\site-packages\selenium\webdriver\support\expected_conditions.py", line 363, in _predicate
    target = driver.find_element(*target)  # grab element at locator
  File "C:\Users\luist\AppData\Roaming\Python\Python310\site-packages\selenium\webdriver\remote\webdriver.py", line 742, in find_element
    return self.execute(Command.FIND_ELEMENT, {"using": by, "value": value})["value"]
  File "C:\Users\luist\AppData\Roaming\Python\Python310\site-packages\selenium\webdriver\remote\webdriver.py", line 348, in execute
    self.error_handler.check_response(response)
  File "C:\Users\luist\AppData\Roaming\Python\Python310\site-packages\selenium\webdriver\remote\errorhandler.py", line 229, in check_response
    raise exception_class(message, screen, stacktrace)
selenium.common.exceptions.NoSuchWindowException: Message: no such window: target window already closed
from unknown error: web view not found
  (Session info: chrome=126.0.6478.127)
Stacktrace:
	GetHandleVerifier [0x00007FF6367AEEA2+31554]
	(No symbol) [0x00007FF636727ED9]
	(No symbol) [0x00007FF6365E872A]
	(No symbol) [0x00007FF6365BD995]
	(No symbol) [0x00007FF6366644D7]
	(No symbol) [0x00007FF63667C051]
	(No symbol) [0x00007FF63665CDD3]
	(No symbol) [0x00007FF63662A33B]
	(No symbol) [0x00007FF63662AED1]
	GetHandleVerifier [0x00007FF636AB8B1D+3217341]
	GetHandleVerifier [0x00007FF636B05AE3+3532675]
	GetHandleVerifier [0x00007FF636AFB0E0+3489152]
	GetHandleVerifier [0x00007FF63685E776+750614]
	(No symbol) [0x00007FF63673375F]
	(No symbol) [0x00007FF63672EB14]
	(No symbol) [0x00007FF63672ECA2]
	(No symbol) [0x00007FF63671E16F]
	BaseThreadInitThunk [0x00007FF99BFF257D+29]
	RtlUserThreadStart [0x00007FF99CAAAF28+40]

]]></error>
		<system-out><![CDATA[Tiempo de espera agotado. El elemento no est치 presente o no es clickeable.
Tiempo de espera agotado. El texto por texto no est치 presente.
]]></system-out>
	</testcase>
	<testcase classname="insumosProductos" name="test_supplies_products" time="51.876" timestamp="2024-07-05T10:06:41" file="insumos_producto.py" line="19">
		<error type="WebDriverException" message="Message: disconnected: not connected to DevTools
  (failed to check if window was closed: disconnected: not connected to DevTools)
  (Session info: chrome=126.0.6478.127)
Stacktrace:
	GetHandleVerifier [0x00007FF6367AEEA2+31554]
	(No symbol) [0x00007FF636727ED9]
	(No symbol) [0x00007FF6365E872A]
	(No symbol) [0x00007FF6365CE90F]
	(No symbol) [0x00007FF6365CF47F]
	(No symbol) [0x00007FF6365E8D53]
	(No symbol) [0x00007FF6365BD47C]
	(No symbol) [0x00007FF63666B614]
	(No symbol) [0x00007FF63665CFF0]
	(No symbol) [0x00007FF63662A33B]
	(No symbol) [0x00007FF63662AED1]
	GetHandleVerifier [0x00007FF636AB8B1D+3217341]
	GetHandleVerifier [0x00007FF636B05AE3+3532675]
	GetHandleVerifier [0x00007FF636AFB0E0+3489152]
	GetHandleVerifier [0x00007FF63685E776+750614]
	(No symbol) [0x00007FF63673375F]
	(No symbol) [0x00007FF63672EB14]
	(No symbol) [0x00007FF63672ECA2]
	(No symbol) [0x00007FF63671E16F]
	BaseThreadInitThunk [0x00007FF99BFF257D+29]
	RtlUserThreadStart [0x00007FF99CAAAF28+40]
"><![CDATA[Traceback (most recent call last):
  File "c:\Users\luist\repos\Automatizaciones-SILOHUB-\insumos_producto.py", line 204, in tearDown
    self.driver.close()
  File "C:\Users\luist\AppData\Roaming\Python\Python310\site-packages\selenium\webdriver\remote\webdriver.py", line 459, in close
    self.execute(Command.CLOSE)
  File "C:\Users\luist\AppData\Roaming\Python\Python310\site-packages\selenium\webdriver\remote\webdriver.py", line 348, in execute
    self.error_handler.check_response(response)
  File "C:\Users\luist\AppData\Roaming\Python\Python310\site-packages\selenium\webdriver\remote\errorhandler.py", line 229, in check_response
    raise exception_class(message, screen, stacktrace)
selenium.common.exceptions.WebDriverException: Message: disconnected: not connected to DevTools
  (failed to check if window was closed: disconnected: not connected to DevTools)
  (Session info: chrome=126.0.6478.127)
Stacktrace:
	GetHandleVerifier [0x00007FF6367AEEA2+31554]
	(No symbol) [0x00007FF636727ED9]
	(No symbol) [0x00007FF6365E872A]
	(No symbol) [0x00007FF6365CE90F]
	(No symbol) [0x00007FF6365CF47F]
	(No symbol) [0x00007FF6365E8D53]
	(No symbol) [0x00007FF6365BD47C]
	(No symbol) [0x00007FF63666B614]
	(No symbol) [0x00007FF63665CFF0]
	(No symbol) [0x00007FF63662A33B]
	(No symbol) [0x00007FF63662AED1]
	GetHandleVerifier [0x00007FF636AB8B1D+3217341]
	GetHandleVerifier [0x00007FF636B05AE3+3532675]
	GetHandleVerifier [0x00007FF636AFB0E0+3489152]
	GetHandleVerifier [0x00007FF63685E776+750614]
	(No symbol) [0x00007FF63673375F]
	(No symbol) [0x00007FF63672EB14]
	(No symbol) [0x00007FF63672ECA2]
	(No symbol) [0x00007FF63671E16F]
	BaseThreadInitThunk [0x00007FF99BFF257D+29]
	RtlUserThreadStart [0x00007FF99CAAAF28+40]

]]></error>
		<system-out><![CDATA[Tiempo de espera agotado. El elemento no est치 presente o no es clickeable.
Tiempo de espera agotado. El texto por texto no est치 presente.
]]></system-out>
	</testcase>
</testsuite>
