<?xml version="1.0" encoding="UTF-8"?>
<testsuite name="insumosProductos-20240719151710" tests="1" file=".py" time="119.895" timestamp="2024-07-19T15:19:10" failures="0" errors="1" skipped="0">
	<testcase classname="insumosProductos" name="test_supplies_products" time="119.895" timestamp="2024-07-19T15:19:10" file="insumos_producto.py" line="19">
		<error type="ElementClickInterceptedException" message="Message: element click intercepted: Element is not clickable at point (726, 1091)
  (Session info: chrome=126.0.6478.182)
Stacktrace:
	GetHandleVerifier [0x00007FF7BF8BEEB2+31554]
	(No symbol) [0x00007FF7BF837EE9]
	(No symbol) [0x00007FF7BF6F872A]
	(No symbol) [0x00007FF7BF75012E]
	(No symbol) [0x00007FF7BF74DAF2]
	(No symbol) [0x00007FF7BF74AF8B]
	(No symbol) [0x00007FF7BF74A156]
	(No symbol) [0x00007FF7BF73C151]
	(No symbol) [0x00007FF7BF76D02A]
	(No symbol) [0x00007FF7BF73BA76]
	(No symbol) [0x00007FF7BF76D240]
	(No symbol) [0x00007FF7BF78C977]
	(No symbol) [0x00007FF7BF76CDD3]
	(No symbol) [0x00007FF7BF73A33B]
	(No symbol) [0x00007FF7BF73AED1]
	GetHandleVerifier [0x00007FF7BFBC8B2D+3217341]
	GetHandleVerifier [0x00007FF7BFC15AF3+3532675]
	GetHandleVerifier [0x00007FF7BFC0B0F0+3489152]
	GetHandleVerifier [0x00007FF7BF96E786+750614]
	(No symbol) [0x00007FF7BF84376F]
	(No symbol) [0x00007FF7BF83EB24]
	(No symbol) [0x00007FF7BF83ECB2]
	(No symbol) [0x00007FF7BF82E17F]
	BaseThreadInitThunk [0x00007FFBFD87257D+29]
	RtlUserThreadStart [0x00007FFBFF42AF28+40]
"><![CDATA[Traceback (most recent call last):
  File "c:\Users\luist\repos\Automatizaciones-SILOHUB-\insumos_producto.py", line 135, in test_supplies_products
    find_elements(self.driver, create_order )
  File "c:\Users\luist\repos\Automatizaciones-SILOHUB-\Elements.py", line 22, in find_elements
    select_nex_button.click()
  File "C:\Users\luist\AppData\Roaming\Python\Python310\site-packages\selenium\webdriver\remote\webelement.py", line 94, in click
    self._execute(Command.CLICK_ELEMENT)
  File "C:\Users\luist\AppData\Roaming\Python\Python310\site-packages\selenium\webdriver\remote\webelement.py", line 395, in _execute
    return self._parent.execute(command, params)
  File "C:\Users\luist\AppData\Roaming\Python\Python310\site-packages\selenium\webdriver\remote\webdriver.py", line 354, in execute
    self.error_handler.check_response(response)
  File "C:\Users\luist\AppData\Roaming\Python\Python310\site-packages\selenium\webdriver\remote\errorhandler.py", line 229, in check_response
    raise exception_class(message, screen, stacktrace)
selenium.common.exceptions.ElementClickInterceptedException: Message: element click intercepted: Element is not clickable at point (726, 1091)
  (Session info: chrome=126.0.6478.182)
Stacktrace:
	GetHandleVerifier [0x00007FF7BF8BEEB2+31554]
	(No symbol) [0x00007FF7BF837EE9]
	(No symbol) [0x00007FF7BF6F872A]
	(No symbol) [0x00007FF7BF75012E]
	(No symbol) [0x00007FF7BF74DAF2]
	(No symbol) [0x00007FF7BF74AF8B]
	(No symbol) [0x00007FF7BF74A156]
	(No symbol) [0x00007FF7BF73C151]
	(No symbol) [0x00007FF7BF76D02A]
	(No symbol) [0x00007FF7BF73BA76]
	(No symbol) [0x00007FF7BF76D240]
	(No symbol) [0x00007FF7BF78C977]
	(No symbol) [0x00007FF7BF76CDD3]
	(No symbol) [0x00007FF7BF73A33B]
	(No symbol) [0x00007FF7BF73AED1]
	GetHandleVerifier [0x00007FF7BFBC8B2D+3217341]
	GetHandleVerifier [0x00007FF7BFC15AF3+3532675]
	GetHandleVerifier [0x00007FF7BFC0B0F0+3489152]
	GetHandleVerifier [0x00007FF7BF96E786+750614]
	(No symbol) [0x00007FF7BF84376F]
	(No symbol) [0x00007FF7BF83EB24]
	(No symbol) [0x00007FF7BF83ECB2]
	(No symbol) [0x00007FF7BF82E17F]
	BaseThreadInitThunk [0x00007FFBFD87257D+29]
	RtlUserThreadStart [0x00007FFBFF42AF28+40]

]]></error>
		<system-out><![CDATA[El texto encontrado es  PRODUCTOS
¡Input encontrado y enviado con éxito!
¡Valor '30 días' ingresado y opción seleccionada con éxito!
El texto encontrado es  Productos Seleccionados
El texto no fue encontrado Herbicida 2-4 DB 96% Rainwon x 20 lts RAINWON AGRO
¡Input encontrado y enviado con éxito!
No se encontraron los datos para borrar.
Tiempo de espera agotado. El input no está presente o no es clickeable.
¡Input encontrado y enviado con éxito!
]]></system-out>
	</testcase>
</testsuite>
