<?xml version="1.0" encoding="UTF-8"?>
<testsuite name="insumosProductos-20240607151211" tests="1" file=".py" time="70.578" timestamp="2024-06-07T15:13:22" failures="0" errors="0" skipped="0">
	<testcase classname="insumosProductos" name="test_supplies_products" time="70.578" timestamp="2024-06-07T15:13:22" file="Insumos_Producto.py" line="19">
		<system-out><![CDATA[El texto encontrado es  PRODUCTOS
¡Input encontrado y enviado con éxito!
¡Valor '30 días' ingresado y opción seleccionada con éxito!
El texto encontrado es  Productos Seleccionados
El texto no fue encontrado Herbicida 2-4 DB 96% Rainwon x 20 lts RAINWON AGRO
¡Input encontrado y enviado con éxito!
¡Input encontrado y enviado con éxito!
¡Input encontrado y enviado con éxito!
El texto encontrado es  Tu orden fue enviada al sistema
El texto encontrado es  Mis Órdenes
El texto encontrado es  Número
El valor es un carácter numérico. Valor: 84
El texto encontrado es  Fecha
El texto encontrado '17/05/2024' no coincide con el esperado ''
El texto encontrado es  Hora
El texto encontrado '16:58 hs.' no coincide con el esperado ''
El texto encontrado es  Productor
El texto encontrado '(1023) JUAN DEMO' no coincide con el esperado ''
El texto encontrado es  Estado
El texto encontrado 'Gen. C/ Error' no coincide con el esperado ''
]]></system-out>
	</testcase>
</testsuite>
