<?xml version="1.0" encoding="UTF-8"?>
<testsuite name="insumosProductos-20240705101611" tests="1" file=".py" time="83.141" timestamp="2024-07-05T10:17:34" failures="0" errors="1" skipped="0">
	<testcase classname="insumosProductos" name="test_supplies_products" time="83.141" timestamp="2024-07-05T10:17:34" file="insumos_producto.py" line="19">
		<error type="ElementClickInterceptedException" message="Message: element click intercepted: Element is not clickable at point (726, 1091)
  (Session info: chrome=126.0.6478.127)
Stacktrace:
	GetHandleVerifier [0x00007FF6367AEEA2+31554]
	(No symbol) [0x00007FF636727ED9]
	(No symbol) [0x00007FF6365E872A]
	(No symbol) [0x00007FF63664012E]
	(No symbol) [0x00007FF63663DAF2]
	(No symbol) [0x00007FF63663AF8B]
	(No symbol) [0x00007FF63663A156]
	(No symbol) [0x00007FF63662C151]
	(No symbol) [0x00007FF63665D02A]
	(No symbol) [0x00007FF63662BA76]
	(No symbol) [0x00007FF63665D240]
	(No symbol) [0x00007FF63667C977]
	(No symbol) [0x00007FF63665CDD3]
	(No symbol) [0x00007FF63662A33B]
	(No symbol) [0x00007FF63662AED1]
	GetHandleVerifier [0x00007FF636AB8B1D+3217341]
	GetHandleVerifier [0x00007FF636B05AE3+3532675]
	GetHandleVerifier [0x00007FF636AFB0E0+3489152]
	GetHandleVerifier [0x00007FF63685E776+750614]
	(No symbol) [0x00007FF63673375F]
	(No symbol) [0x00007FF63672EB14]
	(No symbol) [0x00007FF63672ECA2]
	(No symbol) [0x00007FF63671E16F]
	BaseThreadInitThunk [0x00007FF99BFF257D+29]
	RtlUserThreadStart [0x00007FF99CAAAF28+40]
"><![CDATA[Traceback (most recent call last):
  File "c:\Users\luist\repos\Automatizaciones-SILOHUB-\insumos_producto.py", line 132, in test_supplies_products
    find_elements(self.driver, create_order )
  File "c:\Users\luist\repos\Automatizaciones-SILOHUB-\Elements.py", line 22, in find_elements
    select_nex_button.click()
  File "C:\Users\luist\AppData\Roaming\Python\Python310\site-packages\selenium\webdriver\remote\webelement.py", line 94, in click
    self._execute(Command.CLICK_ELEMENT)
  File "C:\Users\luist\AppData\Roaming\Python\Python310\site-packages\selenium\webdriver\remote\webelement.py", line 395, in _execute
    return self._parent.execute(command, params)
  File "C:\Users\luist\AppData\Roaming\Python\Python310\site-packages\selenium\webdriver\remote\webdriver.py", line 348, in execute
    self.error_handler.check_response(response)
  File "C:\Users\luist\AppData\Roaming\Python\Python310\site-packages\selenium\webdriver\remote\errorhandler.py", line 229, in check_response
    raise exception_class(message, screen, stacktrace)
selenium.common.exceptions.ElementClickInterceptedException: Message: element click intercepted: Element is not clickable at point (726, 1091)
  (Session info: chrome=126.0.6478.127)
Stacktrace:
	GetHandleVerifier [0x00007FF6367AEEA2+31554]
	(No symbol) [0x00007FF636727ED9]
	(No symbol) [0x00007FF6365E872A]
	(No symbol) [0x00007FF63664012E]
	(No symbol) [0x00007FF63663DAF2]
	(No symbol) [0x00007FF63663AF8B]
	(No symbol) [0x00007FF63663A156]
	(No symbol) [0x00007FF63662C151]
	(No symbol) [0x00007FF63665D02A]
	(No symbol) [0x00007FF63662BA76]
	(No symbol) [0x00007FF63665D240]
	(No symbol) [0x00007FF63667C977]
	(No symbol) [0x00007FF63665CDD3]
	(No symbol) [0x00007FF63662A33B]
	(No symbol) [0x00007FF63662AED1]
	GetHandleVerifier [0x00007FF636AB8B1D+3217341]
	GetHandleVerifier [0x00007FF636B05AE3+3532675]
	GetHandleVerifier [0x00007FF636AFB0E0+3489152]
	GetHandleVerifier [0x00007FF63685E776+750614]
	(No symbol) [0x00007FF63673375F]
	(No symbol) [0x00007FF63672EB14]
	(No symbol) [0x00007FF63672ECA2]
	(No symbol) [0x00007FF63671E16F]
	BaseThreadInitThunk [0x00007FF99BFF257D+29]
	RtlUserThreadStart [0x00007FF99CAAAF28+40]

]]></error>
		<system-out><![CDATA[El texto encontrado es  PRODUCTOS
¡Input encontrado y enviado con éxito!
¡Valor '30 días' ingresado y opción seleccionada con éxito!
El texto encontrado es  Productos Seleccionados
El texto no fue encontrado Herbicida 2-4 DB 96% Rainwon x 20 lts RAINWON AGRO
¡Input encontrado y enviado con éxito!
Elemento obsoleto después de desplazarse. Intentando recuperarlo y reintentar...
Elemento obsoleto después de desplazarse. Intentando recuperarlo y reintentar...
Elemento obsoleto después de desplazarse. Intentando recuperarlo y reintentar...
Elemento obsoleto después de desplazarse. Intentando recuperarlo y reintentar...
Elemento obsoleto después de desplazarse. Intentando recuperarlo y reintentar...
Elemento obsoleto después de desplazarse. Intentando recuperarlo y reintentar...
Elemento obsoleto después de desplazarse. Intentando recuperarlo y reintentar...
Elemento obsoleto después de desplazarse. Intentando recuperarlo y reintentar...
Elemento obsoleto después de desplazarse. Intentando recuperarlo y reintentar...
Elemento obsoleto después de desplazarse. Intentando recuperarlo y reintentar...
Elemento obsoleto después de desplazarse. Intentando recuperarlo y reintentar...
Elemento obsoleto después de desplazarse. Intentando recuperarlo y reintentar...
Elemento obsoleto después de desplazarse. Intentando recuperarlo y reintentar...
Elemento obsoleto después de desplazarse. Intentando recuperarlo y reintentar...
Elemento obsoleto después de desplazarse. Intentando recuperarlo y reintentar...
Elemento obsoleto después de desplazarse. Intentando recuperarlo y reintentar...
Elemento obsoleto después de desplazarse. Intentando recuperarlo y reintentar...
Elemento obsoleto después de desplazarse. Intentando recuperarlo y reintentar...
Elemento obsoleto después de desplazarse. Intentando recuperarlo y reintentar...
Elemento obsoleto después de desplazarse. Intentando recuperarlo y reintentar...
Elemento obsoleto después de desplazarse. Intentando recuperarlo y reintentar...
Elemento obsoleto después de desplazarse. Intentando recuperarlo y reintentar...
Elemento obsoleto después de desplazarse. Intentando recuperarlo y reintentar...
Elemento obsoleto después de desplazarse. Intentando recuperarlo y reintentar...
Elemento obsoleto después de desplazarse. Intentando recuperarlo y reintentar...
Elemento obsoleto después de desplazarse. Intentando recuperarlo y reintentar...
Elemento obsoleto después de desplazarse. Intentando recuperarlo y reintentar...
Elemento obsoleto después de desplazarse. Intentando recuperarlo y reintentar...
Elemento obsoleto después de desplazarse. Intentando recuperarlo y reintentar...
Elemento obsoleto después de desplazarse. Intentando recuperarlo y reintentar...
Elemento obsoleto después de desplazarse. Intentando recuperarlo y reintentar...
Elemento obsoleto después de desplazarse. Intentando recuperarlo y reintentar...
Elemento obsoleto después de desplazarse. Intentando recuperarlo y reintentar...
Elemento obsoleto después de desplazarse. Intentando recuperarlo y reintentar...
Elemento obsoleto después de desplazarse. Intentando recuperarlo y reintentar...
Elemento obsoleto después de desplazarse. Intentando recuperarlo y reintentar...
Elemento obsoleto después de desplazarse. Intentando recuperarlo y reintentar...
Elemento obsoleto después de desplazarse. Intentando recuperarlo y reintentar...
Elemento obsoleto después de desplazarse. Intentando recuperarlo y reintentar...
Elemento obsoleto después de desplazarse. Intentando recuperarlo y reintentar...
Elemento obsoleto después de desplazarse. Intentando recuperarlo y reintentar...
Elemento obsoleto después de desplazarse. Intentando recuperarlo y reintentar...
Elemento obsoleto después de desplazarse. Intentando recuperarlo y reintentar...
Elemento obsoleto después de desplazarse. Intentando recuperarlo y reintentar...
Elemento obsoleto después de desplazarse. Intentando recuperarlo y reintentar...
Elemento obsoleto después de desplazarse. Intentando recuperarlo y reintentar...
Elemento obsoleto después de desplazarse. Intentando recuperarlo y reintentar...
Elemento obsoleto después de desplazarse. Intentando recuperarlo y reintentar...
Elemento obsoleto después de desplazarse. Intentando recuperarlo y reintentar...
Elemento obsoleto después de desplazarse. Intentando recuperarlo y reintentar...
Elemento obsoleto después de desplazarse. Intentando recuperarlo y reintentar...
Elemento obsoleto después de desplazarse. Intentando recuperarlo y reintentar...
Elemento obsoleto después de desplazarse. Intentando recuperarlo y reintentar...
Elemento obsoleto después de desplazarse. Intentando recuperarlo y reintentar...
Elemento obsoleto después de desplazarse. Intentando recuperarlo y reintentar...
Elemento obsoleto después de desplazarse. Intentando recuperarlo y reintentar...
Elemento obsoleto después de desplazarse. Intentando recuperarlo y reintentar...
Elemento obsoleto después de desplazarse. Intentando recuperarlo y reintentar...
Elemento obsoleto después de desplazarse. Intentando recuperarlo y reintentar...
Elemento obsoleto después de desplazarse. Intentando recuperarlo y reintentar...
Elemento obsoleto después de desplazarse. Intentando recuperarlo y reintentar...
Elemento obsoleto después de desplazarse. Intentando recuperarlo y reintentar...
Elemento obsoleto después de desplazarse. Intentando recuperarlo y reintentar...
Elemento obsoleto después de desplazarse. Intentando recuperarlo y reintentar...
Elemento obsoleto después de desplazarse. Intentando recuperarlo y reintentar...
Elemento obsoleto después de desplazarse. Intentando recuperarlo y reintentar...
Elemento obsoleto después de desplazarse. Intentando recuperarlo y reintentar...
Elemento obsoleto después de desplazarse. Intentando recuperarlo y reintentar...
Elemento obsoleto después de desplazarse. Intentando recuperarlo y reintentar...
Elemento obsoleto después de desplazarse. Intentando recuperarlo y reintentar...
Elemento obsoleto después de desplazarse. Intentando recuperarlo y reintentar...
Elemento obsoleto después de desplazarse. Intentando recuperarlo y reintentar...
Elemento obsoleto después de desplazarse. Intentando recuperarlo y reintentar...
Elemento obsoleto después de desplazarse. Intentando recuperarlo y reintentar...
Elemento obsoleto después de desplazarse. Intentando recuperarlo y reintentar...
Elemento obsoleto después de desplazarse. Intentando recuperarlo y reintentar...
Elemento obsoleto después de desplazarse. Intentando recuperarlo y reintentar...
Elemento obsoleto después de desplazarse. Intentando recuperarlo y reintentar...
Elemento obsoleto después de desplazarse. Intentando recuperarlo y reintentar...
Elemento obsoleto después de desplazarse. Intentando recuperarlo y reintentar...
Elemento obsoleto después de desplazarse. Intentando recuperarlo y reintentar...
Elemento obsoleto después de desplazarse. Intentando recuperarlo y reintentar...
Elemento obsoleto después de desplazarse. Intentando recuperarlo y reintentar...
Elemento obsoleto después de desplazarse. Intentando recuperarlo y reintentar...
Elemento obsoleto después de desplazarse. Intentando recuperarlo y reintentar...
Elemento obsoleto después de desplazarse. Intentando recuperarlo y reintentar...
Elemento obsoleto después de desplazarse. Intentando recuperarlo y reintentar...
Elemento obsoleto después de desplazarse. Intentando recuperarlo y reintentar...
Elemento obsoleto después de desplazarse. Intentando recuperarlo y reintentar...
Elemento obsoleto después de desplazarse. Intentando recuperarlo y reintentar...
Elemento obsoleto después de desplazarse. Intentando recuperarlo y reintentar...
Elemento obsoleto después de desplazarse. Intentando recuperarlo y reintentar...
Elemento obsoleto después de desplazarse. Intentando recuperarlo y reintentar...
Elemento obsoleto después de desplazarse. Intentando recuperarlo y reintentar...
Elemento obsoleto después de desplazarse. Intentando recuperarlo y reintentar...
Elemento obsoleto después de desplazarse. Intentando recuperarlo y reintentar...
Elemento obsoleto después de desplazarse. Intentando recuperarlo y reintentar...
Elemento obsoleto después de desplazarse. Intentando recuperarlo y reintentar...
Elemento obsoleto después de desplazarse. Intentando recuperarlo y reintentar...
Elemento obsoleto después de desplazarse. Intentando recuperarlo y reintentar...
Elemento obsoleto después de desplazarse. Intentando recuperarlo y reintentar...
Elemento obsoleto después de desplazarse. Intentando recuperarlo y reintentar...
Elemento obsoleto después de desplazarse. Intentando recuperarlo y reintentar...
Elemento obsoleto después de desplazarse. Intentando recuperarlo y reintentar...
Elemento obsoleto después de desplazarse. Intentando recuperarlo y reintentar...
Elemento obsoleto después de desplazarse. Intentando recuperarlo y reintentar...
Elemento obsoleto después de desplazarse. Intentando recuperarlo y reintentar...
Elemento obsoleto después de desplazarse. Intentando recuperarlo y reintentar...
Elemento obsoleto después de desplazarse. Intentando recuperarlo y reintentar...
Elemento obsoleto después de desplazarse. Intentando recuperarlo y reintentar...
Elemento obsoleto después de desplazarse. Intentando recuperarlo y reintentar...
Elemento obsoleto después de desplazarse. Intentando recuperarlo y reintentar...
Elemento obsoleto después de desplazarse. Intentando recuperarlo y reintentar...
Elemento obsoleto después de desplazarse. Intentando recuperarlo y reintentar...
Elemento obsoleto después de desplazarse. Intentando recuperarlo y reintentar...
Elemento obsoleto después de desplazarse. Intentando recuperarlo y reintentar...
Elemento obsoleto después de desplazarse. Intentando recuperarlo y reintentar...
Elemento obsoleto después de desplazarse. Intentando recuperarlo y reintentar...
Elemento obsoleto después de desplazarse. Intentando recuperarlo y reintentar...
Elemento obsoleto después de desplazarse. Intentando recuperarlo y reintentar...
Elemento obsoleto después de desplazarse. Intentando recuperarlo y reintentar...
Elemento obsoleto después de desplazarse. Intentando recuperarlo y reintentar...
Elemento obsoleto después de desplazarse. Intentando recuperarlo y reintentar...
Elemento obsoleto después de desplazarse. Intentando recuperarlo y reintentar...
Elemento obsoleto después de desplazarse. Intentando recuperarlo y reintentar...
Elemento obsoleto después de desplazarse. Intentando recuperarlo y reintentar...
Elemento obsoleto después de desplazarse. Intentando recuperarlo y reintentar...
Elemento obsoleto después de desplazarse. Intentando recuperarlo y reintentar...
Elemento obsoleto después de desplazarse. Intentando recuperarlo y reintentar...
Elemento obsoleto después de desplazarse. Intentando recuperarlo y reintentar...
Elemento obsoleto después de desplazarse. Intentando recuperarlo y reintentar...
Elemento obsoleto después de desplazarse. Intentando recuperarlo y reintentar...
Elemento obsoleto después de desplazarse. Intentando recuperarlo y reintentar...
Elemento obsoleto después de desplazarse. Intentando recuperarlo y reintentar...
Elemento obsoleto después de desplazarse. Intentando recuperarlo y reintentar...
Elemento obsoleto después de desplazarse. Intentando recuperarlo y reintentar...
Elemento obsoleto después de desplazarse. Intentando recuperarlo y reintentar...
Elemento obsoleto después de desplazarse. Intentando recuperarlo y reintentar...
Elemento obsoleto después de desplazarse. Intentando recuperarlo y reintentar...
Elemento obsoleto después de desplazarse. Intentando recuperarlo y reintentar...
Elemento obsoleto después de desplazarse. Intentando recuperarlo y reintentar...
Elemento obsoleto después de desplazarse. Intentando recuperarlo y reintentar...
Elemento obsoleto después de desplazarse. Intentando recuperarlo y reintentar...
Elemento obsoleto después de desplazarse. Intentando recuperarlo y reintentar...
Elemento obsoleto después de desplazarse. Intentando recuperarlo y reintentar...
Elemento obsoleto después de desplazarse. Intentando recuperarlo y reintentar...
Elemento obsoleto después de desplazarse. Intentando recuperarlo y reintentar...
Elemento obsoleto después de desplazarse. Intentando recuperarlo y reintentar...
Elemento obsoleto después de desplazarse. Intentando recuperarlo y reintentar...
Elemento obsoleto después de desplazarse. Intentando recuperarlo y reintentar...
Elemento obsoleto después de desplazarse. Intentando recuperarlo y reintentar...
Elemento obsoleto después de desplazarse. Intentando recuperarlo y reintentar...
Elemento obsoleto después de desplazarse. Intentando recuperarlo y reintentar...
Elemento obsoleto después de desplazarse. Intentando recuperarlo y reintentar...
Elemento obsoleto después de desplazarse. Intentando recuperarlo y reintentar...
Elemento obsoleto después de desplazarse. Intentando recuperarlo y reintentar...
Elemento obsoleto después de desplazarse. Intentando recuperarlo y reintentar...
Elemento obsoleto después de desplazarse. Intentando recuperarlo y reintentar...
Elemento obsoleto después de desplazarse. Intentando recuperarlo y reintentar...
Elemento obsoleto después de desplazarse. Intentando recuperarlo y reintentar...
Elemento obsoleto después de desplazarse. Intentando recuperarlo y reintentar...
Elemento obsoleto después de desplazarse. Intentando recuperarlo y reintentar...
Elemento obsoleto después de desplazarse. Intentando recuperarlo y reintentar...
Elemento obsoleto después de desplazarse. Intentando recuperarlo y reintentar...
Elemento obsoleto después de desplazarse. Intentando recuperarlo y reintentar...
Elemento obsoleto después de desplazarse. Intentando recuperarlo y reintentar...
Elemento obsoleto después de desplazarse. Intentando recuperarlo y reintentar...
Elemento obsoleto después de desplazarse. Intentando recuperarlo y reintentar...
Elemento obsoleto después de desplazarse. Intentando recuperarlo y reintentar...
Elemento obsoleto después de desplazarse. Intentando recuperarlo y reintentar...
Elemento obsoleto después de desplazarse. Intentando recuperarlo y reintentar...
Elemento obsoleto después de desplazarse. Intentando recuperarlo y reintentar...
Elemento obsoleto después de desplazarse. Intentando recuperarlo y reintentar...
Elemento obsoleto después de desplazarse. Intentando recuperarlo y reintentar...
Elemento obsoleto después de desplazarse. Intentando recuperarlo y reintentar...
Elemento obsoleto después de desplazarse. Intentando recuperarlo y reintentar...
Elemento obsoleto después de desplazarse. Intentando recuperarlo y reintentar...
Elemento obsoleto después de desplazarse. Intentando recuperarlo y reintentar...
Elemento obsoleto después de desplazarse. Intentando recuperarlo y reintentar...
Elemento obsoleto después de desplazarse. Intentando recuperarlo y reintentar...
Elemento obsoleto después de desplazarse. Intentando recuperarlo y reintentar...
Elemento obsoleto después de desplazarse. Intentando recuperarlo y reintentar...
Elemento obsoleto después de desplazarse. Intentando recuperarlo y reintentar...
Elemento obsoleto después de desplazarse. Intentando recuperarlo y reintentar...
Elemento obsoleto después de desplazarse. Intentando recuperarlo y reintentar...
Elemento obsoleto después de desplazarse. Intentando recuperarlo y reintentar...
Elemento obsoleto después de desplazarse. Intentando recuperarlo y reintentar...
Elemento obsoleto después de desplazarse. Intentando recuperarlo y reintentar...
Elemento obsoleto después de desplazarse. Intentando recuperarlo y reintentar...
Elemento obsoleto después de desplazarse. Intentando recuperarlo y reintentar...
Elemento obsoleto después de desplazarse. Intentando recuperarlo y reintentar...
Elemento obsoleto después de desplazarse. Intentando recuperarlo y reintentar...
Elemento obsoleto después de desplazarse. Intentando recuperarlo y reintentar...
Elemento obsoleto después de desplazarse. Intentando recuperarlo y reintentar...
Elemento obsoleto después de desplazarse. Intentando recuperarlo y reintentar...
Elemento obsoleto después de desplazarse. Intentando recuperarlo y reintentar...
Elemento obsoleto después de desplazarse. Intentando recuperarlo y reintentar...
Elemento obsoleto después de desplazarse. Intentando recuperarlo y reintentar...
Elemento obsoleto después de desplazarse. Intentando recuperarlo y reintentar...
Elemento obsoleto después de desplazarse. Intentando recuperarlo y reintentar...
Elemento obsoleto después de desplazarse. Intentando recuperarlo y reintentar...
Elemento obsoleto después de desplazarse. Intentando recuperarlo y reintentar...
Elemento obsoleto después de desplazarse. Intentando recuperarlo y reintentar...
Elemento obsoleto después de desplazarse. Intentando recuperarlo y reintentar...
Elemento obsoleto después de desplazarse. Intentando recuperarlo y reintentar...
Elemento obsoleto después de desplazarse. Intentando recuperarlo y reintentar...
Elemento obsoleto después de desplazarse. Intentando recuperarlo y reintentar...
Elemento obsoleto después de desplazarse. Intentando recuperarlo y reintentar...
Elemento obsoleto después de desplazarse. Intentando recuperarlo y reintentar...
Elemento obsoleto después de desplazarse. Intentando recuperarlo y reintentar...
Elemento obsoleto después de desplazarse. Intentando recuperarlo y reintentar...
Elemento obsoleto después de desplazarse. Intentando recuperarlo y reintentar...
Elemento obsoleto después de desplazarse. Intentando recuperarlo y reintentar...
Elemento obsoleto después de desplazarse. Intentando recuperarlo y reintentar...
Elemento obsoleto después de desplazarse. Intentando recuperarlo y reintentar...
Elemento obsoleto después de desplazarse. Intentando recuperarlo y reintentar...
Elemento obsoleto después de desplazarse. Intentando recuperarlo y reintentar...
Elemento obsoleto después de desplazarse. Intentando recuperarlo y reintentar...
Elemento obsoleto después de desplazarse. Intentando recuperarlo y reintentar...
Elemento obsoleto después de desplazarse. Intentando recuperarlo y reintentar...
Elemento obsoleto después de desplazarse. Intentando recuperarlo y reintentar...
Elemento obsoleto después de desplazarse. Intentando recuperarlo y reintentar...
Elemento obsoleto después de desplazarse. Intentando recuperarlo y reintentar...
Elemento obsoleto después de desplazarse. Intentando recuperarlo y reintentar...
Elemento obsoleto después de desplazarse. Intentando recuperarlo y reintentar...
Elemento obsoleto después de desplazarse. Intentando recuperarlo y reintentar...
Elemento obsoleto después de desplazarse. Intentando recuperarlo y reintentar...
Elemento obsoleto después de desplazarse. Intentando recuperarlo y reintentar...
Elemento obsoleto después de desplazarse. Intentando recuperarlo y reintentar...
Elemento obsoleto después de desplazarse. Intentando recuperarlo y reintentar...
Elemento obsoleto después de desplazarse. Intentando recuperarlo y reintentar...
Elemento obsoleto después de desplazarse. Intentando recuperarlo y reintentar...
Elemento obsoleto después de desplazarse. Intentando recuperarlo y reintentar...
Elemento obsoleto después de desplazarse. Intentando recuperarlo y reintentar...
Elemento obsoleto después de desplazarse. Intentando recuperarlo y reintentar...
Elemento obsoleto después de desplazarse. Intentando recuperarlo y reintentar...
Elemento desplazado, cantidad limpiada y nuevo valor '3' ingresado con éxito!
¡Input encontrado y enviado con éxito!
]]></system-out>
	</testcase>
</testsuite>
