<?xml version="1.0" encoding="UTF-8"?>
<testsuite name="insumosProductos-20240607151402" tests="2" file=".py" time="35.892" timestamp="2024-06-07T15:14:38" failures="0" errors="2" skipped="0">
	<testcase classname="insumosProductos" name="test_supplies_products" time="0.000" timestamp="0001-01-01T00:00:00" file="Insumos_Producto.py" line="19">
		<error type="NoSuchWindowException" message="Message: no such window: target window already closed
from unknown error: web view not found
  (Session info: chrome=125.0.6422.142)
Stacktrace:
	GetHandleVerifier [0x00007FF6E4D51F52+60322]
	(No symbol) [0x00007FF6E4CCCEC9]
	(No symbol) [0x00007FF6E4B87EBA]
	(No symbol) [0x00007FF6E4B5D5A5]
	(No symbol) [0x00007FF6E4C036B7]
	(No symbol) [0x00007FF6E4C1B331]
	(No symbol) [0x00007FF6E4BFBFC3]
	(No symbol) [0x00007FF6E4BC9617]
	(No symbol) [0x00007FF6E4BCA211]
	GetHandleVerifier [0x00007FF6E50694AD+3301629]
	GetHandleVerifier [0x00007FF6E50B36D3+3605283]
	GetHandleVerifier [0x00007FF6E50A9450+3563680]
	GetHandleVerifier [0x00007FF6E4E04326+790390]
	(No symbol) [0x00007FF6E4CD750F]
	(No symbol) [0x00007FF6E4CD3404]
	(No symbol) [0x00007FF6E4CD3592]
	(No symbol) [0x00007FF6E4CC2F9F]
	BaseThreadInitThunk [0x00007FFBED37257D+29]
	RtlUserThreadStart [0x00007FFBEECEAA48+40]
"><![CDATA[Traceback (most recent call last):
  File "c:\Users\luist\repos\Automatizaciones-SILOHUB-\Insumos_Producto.py", line 38, in test_supplies_products
    validate_text_by_text(self.driver, title_page_product_obtained)
  File "c:\Users\luist\repos\Automatizaciones-SILOHUB-\Elements.py", line 1000, in validate_text_by_text
    elemento = WebDriverWait(driver, 10).until(
  File "C:\Users\luist\AppData\Roaming\Python\Python310\site-packages\selenium\webdriver\support\wait.py", line 96, in until
    value = method(self._driver)
  File "C:\Users\luist\AppData\Roaming\Python\Python310\site-packages\selenium\webdriver\support\expected_conditions.py", line 84, in _predicate
    return driver.find_element(*locator)
  File "C:\Users\luist\AppData\Roaming\Python\Python310\site-packages\selenium\webdriver\remote\webdriver.py", line 742, in find_element
    return self.execute(Command.FIND_ELEMENT, {"using": by, "value": value})["value"]
  File "C:\Users\luist\AppData\Roaming\Python\Python310\site-packages\selenium\webdriver\remote\webdriver.py", line 348, in execute
    self.error_handler.check_response(response)
  File "C:\Users\luist\AppData\Roaming\Python\Python310\site-packages\selenium\webdriver\remote\errorhandler.py", line 229, in check_response
    raise exception_class(message, screen, stacktrace)
selenium.common.exceptions.NoSuchWindowException: Message: no such window: target window already closed
from unknown error: web view not found
  (Session info: chrome=125.0.6422.142)
Stacktrace:
	GetHandleVerifier [0x00007FF6E4D51F52+60322]
	(No symbol) [0x00007FF6E4CCCEC9]
	(No symbol) [0x00007FF6E4B87EBA]
	(No symbol) [0x00007FF6E4B5D5A5]
	(No symbol) [0x00007FF6E4C036B7]
	(No symbol) [0x00007FF6E4C1B331]
	(No symbol) [0x00007FF6E4BFBFC3]
	(No symbol) [0x00007FF6E4BC9617]
	(No symbol) [0x00007FF6E4BCA211]
	GetHandleVerifier [0x00007FF6E50694AD+3301629]
	GetHandleVerifier [0x00007FF6E50B36D3+3605283]
	GetHandleVerifier [0x00007FF6E50A9450+3563680]
	GetHandleVerifier [0x00007FF6E4E04326+790390]
	(No symbol) [0x00007FF6E4CD750F]
	(No symbol) [0x00007FF6E4CD3404]
	(No symbol) [0x00007FF6E4CD3592]
	(No symbol) [0x00007FF6E4CC2F9F]
	BaseThreadInitThunk [0x00007FFBED37257D+29]
	RtlUserThreadStart [0x00007FFBEECEAA48+40]

]]></error>
		<system-out><![CDATA[Tiempo de espera agotado. El elemento no está presente o no es clickeable.
]]></system-out>
	</testcase>
	<testcase classname="insumosProductos" name="test_supplies_products" time="35.892" timestamp="2024-06-07T15:14:38" file="Insumos_Producto.py" line="19">
		<error type="WebDriverException" message="Message: disconnected: not connected to DevTools
  (failed to check if window was closed: disconnected: not connected to DevTools)
  (Session info: chrome=125.0.6422.142)
Stacktrace:
	GetHandleVerifier [0x00007FF6E4D51F52+60322]
	(No symbol) [0x00007FF6E4CCCEC9]
	(No symbol) [0x00007FF6E4B87EBA]
	(No symbol) [0x00007FF6E4B6E03F]
	(No symbol) [0x00007FF6E4B6EBAF]
	(No symbol) [0x00007FF6E4B884E3]
	(No symbol) [0x00007FF6E4B5D08C]
	(No symbol) [0x00007FF6E4C0A7B4]
	(No symbol) [0x00007FF6E4BFC1E0]
	(No symbol) [0x00007FF6E4BC9617]
	(No symbol) [0x00007FF6E4BCA211]
	GetHandleVerifier [0x00007FF6E50694AD+3301629]
	GetHandleVerifier [0x00007FF6E50B36D3+3605283]
	GetHandleVerifier [0x00007FF6E50A9450+3563680]
	GetHandleVerifier [0x00007FF6E4E04326+790390]
	(No symbol) [0x00007FF6E4CD750F]
	(No symbol) [0x00007FF6E4CD3404]
	(No symbol) [0x00007FF6E4CD3592]
	(No symbol) [0x00007FF6E4CC2F9F]
	BaseThreadInitThunk [0x00007FFBED37257D+29]
	RtlUserThreadStart [0x00007FFBEECEAA48+40]
"><![CDATA[Traceback (most recent call last):
  File "c:\Users\luist\repos\Automatizaciones-SILOHUB-\Insumos_Producto.py", line 204, in tearDown
    self.driver.close()
  File "C:\Users\luist\AppData\Roaming\Python\Python310\site-packages\selenium\webdriver\remote\webdriver.py", line 459, in close
    self.execute(Command.CLOSE)
  File "C:\Users\luist\AppData\Roaming\Python\Python310\site-packages\selenium\webdriver\remote\webdriver.py", line 348, in execute
    self.error_handler.check_response(response)
  File "C:\Users\luist\AppData\Roaming\Python\Python310\site-packages\selenium\webdriver\remote\errorhandler.py", line 229, in check_response
    raise exception_class(message, screen, stacktrace)
selenium.common.exceptions.WebDriverException: Message: disconnected: not connected to DevTools
  (failed to check if window was closed: disconnected: not connected to DevTools)
  (Session info: chrome=125.0.6422.142)
Stacktrace:
	GetHandleVerifier [0x00007FF6E4D51F52+60322]
	(No symbol) [0x00007FF6E4CCCEC9]
	(No symbol) [0x00007FF6E4B87EBA]
	(No symbol) [0x00007FF6E4B6E03F]
	(No symbol) [0x00007FF6E4B6EBAF]
	(No symbol) [0x00007FF6E4B884E3]
	(No symbol) [0x00007FF6E4B5D08C]
	(No symbol) [0x00007FF6E4C0A7B4]
	(No symbol) [0x00007FF6E4BFC1E0]
	(No symbol) [0x00007FF6E4BC9617]
	(No symbol) [0x00007FF6E4BCA211]
	GetHandleVerifier [0x00007FF6E50694AD+3301629]
	GetHandleVerifier [0x00007FF6E50B36D3+3605283]
	GetHandleVerifier [0x00007FF6E50A9450+3563680]
	GetHandleVerifier [0x00007FF6E4E04326+790390]
	(No symbol) [0x00007FF6E4CD750F]
	(No symbol) [0x00007FF6E4CD3404]
	(No symbol) [0x00007FF6E4CD3592]
	(No symbol) [0x00007FF6E4CC2F9F]
	BaseThreadInitThunk [0x00007FFBED37257D+29]
	RtlUserThreadStart [0x00007FFBEECEAA48+40]

]]></error>
		<system-out><![CDATA[Tiempo de espera agotado. El elemento no está presente o no es clickeable.
]]></system-out>
	</testcase>
</testsuite>
