<?xml version="1.0" encoding="UTF-8"?>
<testsuite name="detalle_ctro_fijacionesV2-20241107160121" tests="1" file=".py" time="116.009" timestamp="2024-11-07T16:03:17" failures="0" errors="1" skipped="0">
	<testcase classname="detalle_ctro_fijacionesV2" name="test_detail_fixings" time="116.009" timestamp="2024-11-07T16:03:17" file="CtaCtoDtaFijaV2.py" line="28">
		<error type="NoSuchElementException" message="Message: no such element: Unable to locate element: {&quot;method&quot;:&quot;xpath&quot;,&quot;selector&quot;:&quot;/html/body/app-root/app-layout/app-vertical/div/div/div/div/app-detail-contract/div/div[1]/div[1]/div/span&quot;}
  (Session info: chrome=130.0.6723.116); For documentation on this error, please visit: https://www.selenium.dev/documentation/webdriver/troubleshooting/errors#no-such-element-exception
Stacktrace:
	GetHandleVerifier [0x00007FF7824B38A5+3004357]
	(No symbol) [0x00007FF782149970]
	(No symbol) [0x00007FF781FF582A]
	(No symbol) [0x00007FF782045B8E]
	(No symbol) [0x00007FF782045E7C]
	(No symbol) [0x00007FF78208EC27]
	(No symbol) [0x00007FF78206BC1F]
	(No symbol) [0x00007FF78208BA4C]
	(No symbol) [0x00007FF78206B983]
	(No symbol) [0x00007FF782037628]
	(No symbol) [0x00007FF782038791]
	GetHandleVerifier [0x00007FF7824DA00D+3161901]
	GetHandleVerifier [0x00007FF78252E060+3506048]
	GetHandleVerifier [0x00007FF78252400D+3465005]
	GetHandleVerifier [0x00007FF7822A0EEB+830987]
	(No symbol) [0x00007FF78215467F]
	(No symbol) [0x00007FF7821509D4]
	(No symbol) [0x00007FF782150B6D]
	(No symbol) [0x00007FF782140149]
	BaseThreadInitThunk [0x00007FFF3E62257D+29]
	RtlUserThreadStart [0x00007FFF4022AF08+40]
"><![CDATA[Traceback (most recent call last):
  File "c:\Users\luist\repos\Automatizaciones_M-dulos-\CtaCtoDtaFijaV2.py", line 118, in test_detail_fixings
    validate_text_visible(self.driver, element1, number_expected)
  File "c:\Users\luist\repos\Automatizaciones_M-dulos-\Elements.py", line 1177, in validate_text_visible
    element = driver.find_element(By.XPATH, xpath)
  File "C:\Users\luist\AppData\Roaming\Python\Python310\site-packages\selenium\webdriver\remote\webdriver.py", line 748, in find_element
    return self.execute(Command.FIND_ELEMENT, {"using": by, "value": value})["value"]
  File "C:\Users\luist\AppData\Roaming\Python\Python310\site-packages\selenium\webdriver\remote\webdriver.py", line 354, in execute
    self.error_handler.check_response(response)
  File "C:\Users\luist\AppData\Roaming\Python\Python310\site-packages\selenium\webdriver\remote\errorhandler.py", line 229, in check_response
    raise exception_class(message, screen, stacktrace)
selenium.common.exceptions.NoSuchElementException: Message: no such element: Unable to locate element: {"method":"xpath","selector":"/html/body/app-root/app-layout/app-vertical/div/div/div/div/app-detail-contract/div/div[1]/div[1]/div/span"}
  (Session info: chrome=130.0.6723.116); For documentation on this error, please visit: https://www.selenium.dev/documentation/webdriver/troubleshooting/errors#no-such-element-exception
Stacktrace:
	GetHandleVerifier [0x00007FF7824B38A5+3004357]
	(No symbol) [0x00007FF782149970]
	(No symbol) [0x00007FF781FF582A]
	(No symbol) [0x00007FF782045B8E]
	(No symbol) [0x00007FF782045E7C]
	(No symbol) [0x00007FF78208EC27]
	(No symbol) [0x00007FF78206BC1F]
	(No symbol) [0x00007FF78208BA4C]
	(No symbol) [0x00007FF78206B983]
	(No symbol) [0x00007FF782037628]
	(No symbol) [0x00007FF782038791]
	GetHandleVerifier [0x00007FF7824DA00D+3161901]
	GetHandleVerifier [0x00007FF78252E060+3506048]
	GetHandleVerifier [0x00007FF78252400D+3465005]
	GetHandleVerifier [0x00007FF7822A0EEB+830987]
	(No symbol) [0x00007FF78215467F]
	(No symbol) [0x00007FF7821509D4]
	(No symbol) [0x00007FF782150B6D]
	(No symbol) [0x00007FF782140149]
	BaseThreadInitThunk [0x00007FFF3E62257D+29]
	RtlUserThreadStart [0x00007FFF4022AF08+40]

]]></error>
		<system-out><![CDATA[¡Elemento encontrado y clickeado 1 veces con éxito!
¡Elemento encontrado y clickeado 7 veces con éxito!
¡Elemento encontrado y clickeado 3 veces con éxito!
El texto encontrado es  Estado De Mis Contratos
Tiempo de espera agotado. El elemento no está presente o no es clickeable.
]]></system-out>
	</testcase>
</testsuite>
