<?xml version="1.0" encoding="UTF-8"?>
<testsuite name="detalle_ctro_fijacionesV2-20241107171936" tests="1" file=".py" time="64.686" timestamp="2024-11-07T17:20:41" failures="1" errors="0" skipped="0">
	<testcase classname="detalle_ctro_fijacionesV2" name="test_detail_fixings" time="64.686" timestamp="2024-11-07T17:20:41" file="CtaCtoDtaFijaV2.py" line="28">
		<failure type="AssertionError" message=""><![CDATA[Traceback (most recent call last):
  File "c:\Users\luist\repos\Automatizaciones_M-dulos-\CtaCtoDtaFijaV2.py", line 195, in test_detail_fixings
    validate_text_visible(self.driver, type_money, text_expected)
  File "c:\Users\luist\repos\Automatizaciones_M-dulos-\Elements.py", line 1186, in validate_text_visible
    assert text_obtained == text_expected
AssertionError
]]></failure>
		<system-out><![CDATA[¡Elemento encontrado y clickeado 1 veces con éxito!
El texto encontrado es  Estado De Mis Contratos
El texto es visible para el usuario
El texto fue validado correctamente: Contrato 124536
El texto es visible para el usuario
El texto fue validado correctamente: De Trigo
El texto es visible para el usuario: 'De 439.853,00 Kg Pactados'
El texto es visible para el usuario
El texto fue validado correctamente: Mis Ventas
El texto es visible para el usuario
El texto fue validado correctamente: Producto
El texto es visible para el usuario
El texto fue validado correctamente: Trigo
El texto es visible para el usuario
El texto fue validado correctamente: Fecha
El texto es visible para el usuario
El texto fue validado correctamente: 24/01/2024
El texto es visible para el usuario
El texto fue validado correctamente: Comprobante
El valor es un carácter numérico. Valor: F 0001 00124536
El texto es visible para el usuario: 'Kg Fijados'
El valor es un carácter numérico. Valor: 175.306,00
El texto es visible para el usuario
El texto fue validado correctamente: Precio
El valor es un carácter numérico. Valor: 184.50
El texto es visible para el usuario
El texto fue validado correctamente: Moneda
El texto es visible para el usuario
]]></system-out>
	</testcase>
</testsuite>
