<?xml version="1.0" encoding="UTF-8"?>
<testsuite name="detalle_ctro_entregaVentasV2-20241106122247" tests="1" file=".py" time="47.097" timestamp="2024-11-06T12:23:34" failures="0" errors="1" skipped="0">
	<testcase classname="detalle_ctro_entregaVentasV2" name="test_detail_deriverySales" time="47.097" timestamp="2024-11-06T12:23:34" file="CtaCtoDtaEntVent2.py" line="22">
		<error type="TimeoutException" message="Message: 
Stacktrace:
	GetHandleVerifier [0x00007FF75B123B05+28005]
	(No symbol) [0x00007FF75B088400]
	(No symbol) [0x00007FF75AF2580A]
	(No symbol) [0x00007FF75AF75A3E]
	(No symbol) [0x00007FF75AF75D2C]
	(No symbol) [0x00007FF75AFBEA97]
	(No symbol) [0x00007FF75AF9BA7F]
	(No symbol) [0x00007FF75AFBB8B3]
	(No symbol) [0x00007FF75AF9B7E3]
	(No symbol) [0x00007FF75AF675C8]
	(No symbol) [0x00007FF75AF68731]
	GetHandleVerifier [0x00007FF75B41647D+3118813]
	GetHandleVerifier [0x00007FF75B466CD0+3448624]
	GetHandleVerifier [0x00007FF75B45CF4D+3408301]
	GetHandleVerifier [0x00007FF75B1EA45B+841403]
	(No symbol) [0x00007FF75B09345F]
	(No symbol) [0x00007FF75B08F4D4]
	(No symbol) [0x00007FF75B08F66D]
	(No symbol) [0x00007FF75B07EBC9]
	BaseThreadInitThunk [0x00007FFF3E62257D+29]
	RtlUserThreadStart [0x00007FFF4022AF08+40]
"><![CDATA[Traceback (most recent call last):
  File "c:\Users\luist\repos\Automatizaciones_M-dulos-\CtaCtoDtaEntVent2.py", line 26, in test_detail_deriverySales
    self.login_helper.search_and_select_account("1023")
  File "c:\Users\luist\repos\Automatizaciones_M-dulos-\loginhelper.py", line 24, in search_and_select_account
    input_element = find_element_by_id(self.driver, "search-options")
  File "c:\Users\luist\repos\Automatizaciones_M-dulos-\findElements.py", line 10, in find_element_by_id
    return WebDriverWait(driver, 10).until(EC.presence_of_element_located((By.ID, id)))
  File "C:\Users\luist\AppData\Roaming\Python\Python310\site-packages\selenium\webdriver\support\wait.py", line 105, in until
    raise TimeoutException(message, screen, stacktrace)
selenium.common.exceptions.TimeoutException: Message: 
Stacktrace:
	GetHandleVerifier [0x00007FF75B123B05+28005]
	(No symbol) [0x00007FF75B088400]
	(No symbol) [0x00007FF75AF2580A]
	(No symbol) [0x00007FF75AF75A3E]
	(No symbol) [0x00007FF75AF75D2C]
	(No symbol) [0x00007FF75AFBEA97]
	(No symbol) [0x00007FF75AF9BA7F]
	(No symbol) [0x00007FF75AFBB8B3]
	(No symbol) [0x00007FF75AF9B7E3]
	(No symbol) [0x00007FF75AF675C8]
	(No symbol) [0x00007FF75AF68731]
	GetHandleVerifier [0x00007FF75B41647D+3118813]
	GetHandleVerifier [0x00007FF75B466CD0+3448624]
	GetHandleVerifier [0x00007FF75B45CF4D+3408301]
	GetHandleVerifier [0x00007FF75B1EA45B+841403]
	(No symbol) [0x00007FF75B09345F]
	(No symbol) [0x00007FF75B08F4D4]
	(No symbol) [0x00007FF75B08F66D]
	(No symbol) [0x00007FF75B07EBC9]
	BaseThreadInitThunk [0x00007FFF3E62257D+29]
	RtlUserThreadStart [0x00007FFF4022AF08+40]

]]></error>
	</testcase>
</testsuite>
