<?xml version="1.0" encoding="UTF-8"?>
<testsuite name="comprobanteVentas-20240612164359" tests="1" file=".py" time="110.754" timestamp="2024-06-12T16:45:50" failures="0" errors="0" skipped="0">
	<testcase classname="comprobanteVentas" name="test_vouchers_sales" time="110.754" timestamp="2024-06-12T16:45:50" file="comproVentas.py" line="18">
		<system-out><![CDATA[El texto encontrado es  COMPROBANTES
¡Elemento encontrado y clickeado 6 veces con éxito!
¡Elemento encontrado y clickeado 1 veces con éxito!
El texto encontrado es  Mis Comprobantes
El texto encontrado es  F 0001 00120623
El texto no fue encontrado F 0001 00125168
Tiempo de espera agotado. El texto por xpaht no está presente.
Tiempo de espera agotado. El elemento no está presente o no es clickeable.
]]></system-out>
	</testcase>
</testsuite>
