<?xml version="1.0" encoding="UTF-8"?>
<testsuite name="cuenta_ctacte_histApagar-20240313103255" tests="1" file=".py" time="58.150" timestamp="2024-03-13T10:33:53" failures="0" errors="0" skipped="0">
	<testcase classname="cuenta_ctacte_histApagar" name="test_ctacte_historica" time="58.150" timestamp="2024-03-13T10:33:53" file="ctacte_histoApagar.py" line="17">
		<system-out><![CDATA[¡Elemento encontrado y clickeado con éxito!
¡Elemento encontrado y clickeado con éxito!
¡Elemento encontrado y clickeado con éxito!
¡Elemento encontrado y clickeado con éxito!
¡Elemento encontrado y clickeado con éxito!
¡Elemento encontrado y clickeado con éxito!
¡Elemento encontrado y clickeado con éxito!
¡Elemento encontrado y clickeado con éxito!
¡Elemento encontrado y clickeado con éxito!
¡Elemento encontrado y clickeado con éxito!
¡Elemento encontrado y clickeado con éxito!
¡Elemento encontrado y clickeado 3 veces con éxito!
¡Elemento encontrado y clickeado con éxito!
¡Elemento encontrado y clickeado 3 veces con éxito!
¡Elemento encontrado y clickeado con éxito!
¡Elemento encontrado y clickeado con éxito!
El texto encontrado es  Cuenta Corriente
El valor es un carácter numérico. Valor: -1.537.125.110,90
El valor es un carácter numérico. Valor: -4.649.138,86
¡Elemento encontrado y clickeado con éxito!
¡Elemento encontrado y clickeado con éxito!
¡Elemento encontrado y clickeado con éxito!
¡Elemento encontrado y clickeado con éxito!
¡Elemento encontrado y clickeado con éxito!
¡Elemento encontrado y clickeado con éxito!
¡Elemento encontrado y clickeado con éxito!
¡Elemento encontrado y clickeado con éxito!
¡Elemento encontrado y clickeado con éxito!
El texto encontrado es  CUENTA CORRIENTE
El texto no fue encontrado Movimiento FC 1118 00076662
El texto no fue encontrado - ARS 329.446,82
El texto no fue encontrado GASTOS COMER. S/ 30820 KGRS.  Trig Cosecha 2324-E
¡Elemento encontrado y clickeado con éxito!
]]></system-out>
	</testcase>
</testsuite>
