<?xml version="1.0" encoding="UTF-8"?>
<testsuite name="cuenta_ctacte_histApagar-20240606112423" tests="1" file=".py" time="99.632" timestamp="2024-06-06T11:26:03" failures="0" errors="0" skipped="0">
	<testcase classname="cuenta_ctacte_histApagar" name="test_ctacte_historica" time="99.632" timestamp="2024-06-06T11:26:03" file="CtaCte_HistoApagar.py" line="17">
		<system-out><![CDATA[¡Elemento encontrado y clickeado 5 veces con éxito!
¡Elemento encontrado y clickeado 3 veces con éxito!
Tiempo de espera agotado. El texto por xpaht no está presente.
El valor es un carácter numérico. Valor: -9.553.592,21
El valor es un carácter numérico. Valor: -4.542.902,18
El texto encontrado es  CUENTA CORRIENTE
El texto no fue encontrado Movimiento AT 0011 00500764
El texto encontrado es  - ARS 100,25
El texto encontrado es  Comprobante registrado desde la APP SoftCereal
]]></system-out>
	</testcase>
</testsuite>
