<?xml version="1.0" encoding="UTF-8"?>
<testsuite name="cuenta_ctacte_histApagar-20240313103607" tests="1" file=".py" time="60.936" timestamp="2024-03-13T10:37:08" failures="0" errors="0" skipped="0">
	<testcase classname="cuenta_ctacte_histApagar" name="test_ctacte_historica" time="60.936" timestamp="2024-03-13T10:37:08" file="ctacte_histoApagar.py" line="17">
		<system-out><![CDATA[¡Elemento encontrado y clickeado con éxito!
¡Elemento encontrado y clickeado con éxito!
¡Elemento encontrado y clickeado con éxito!
¡Elemento encontrado y clickeado con éxito!
¡Elemento encontrado y clickeado con éxito!
¡Elemento encontrado y clickeado con éxito!
¡Elemento encontrado y clickeado con éxito!
¡Elemento encontrado y clickeado con éxito!
¡Elemento encontrado y clickeado con éxito!
¡Elemento encontrado y clickeado con éxito!
¡Elemento encontrado y clickeado con éxito!
¡Elemento encontrado y clickeado 3 veces con éxito!
¡Elemento encontrado y clickeado con éxito!
¡Elemento encontrado y clickeado 3 veces con éxito!
¡Elemento encontrado y clickeado con éxito!
¡Elemento encontrado y clickeado con éxito!
El texto encontrado es  Cuenta Corriente
El valor es un carácter numérico. Valor: -1.537.125.110,90
El valor es un carácter numérico. Valor: -4.649.138,86
¡Elemento encontrado y clickeado con éxito!
¡Elemento encontrado y clickeado con éxito!
¡Elemento encontrado y clickeado con éxito!
¡Elemento encontrado y clickeado con éxito!
¡Elemento encontrado y clickeado con éxito!
¡Elemento encontrado y clickeado con éxito!
¡Elemento encontrado y clickeado con éxito!
¡Elemento encontrado y clickeado con éxito!
¡Elemento encontrado y clickeado con éxito!
El texto encontrado es  CUENTA CORRIENTE
El texto encontrado es  Movimiento OP 0011 00499478
El texto encontrado es  - ARS 87.725,00
El texto encontrado es  PAGO A CTA.VTA.MAIZ
¡Elemento encontrado y clickeado con éxito!
]]></system-out>
	</testcase>
</testsuite>
