<?xml version="1.0" encoding="UTF-8"?>
<testsuite name="ctacte_ApliApagar.cta_cte_apliApagar-failed" tests="1" file="ctacte_ApliApagar.py" time="62.829" timestamp="2024-08-28T12:32:03" failures="0" errors="0" skipped="0">
	<testcase classname="ctacte_ApliApagar.cta_cte_apliApagar" name="test_ctacte_apliApagar" time="62.829" timestamp="2024-08-28T12:32:03" file="ctacte_ApliApagar.py" line="17">
		<system-out><![CDATA[¡Elemento encontrado y clickeado 10 veces con éxito!
¡Elemento encontrado y clickeado 2 veces con éxito!
El texto encontrado es  Cuenta Corriente Aplicada
El valor es un carácter numérico. Valor: -171.167.917,84
El valor es un carácter numérico. Valor: -50.626.851,17
El valor es un carácter numérico. Valor: -655.752,88
El texto encontrado es  CUENTA CORRIENTE
El texto encontrado es  Movimiento FC 1051 00014215
El texto encontrado es  USD 738,10
El texto encontrado es  SILO BOLSA-
]]></system-out>
	</testcase>
</testsuite>
