<?xml version="1.0" encoding="UTF-8"?>
<testsuite name="ctacte_HistApagarV2.cuenta_ctacte_histApagarV2-failed" tests="1" file="ctacte_HistApagarV2.py" time="60.104" timestamp="2024-11-06T14:38:18" failures="0" errors="0" skipped="0">
	<testcase classname="ctacte_HistApagarV2.cuenta_ctacte_histApagarV2" name="test_ctacte_historica" time="60.104" timestamp="2024-11-06T14:38:18" file="ctacte_HistApagarV2.py" line="18">
		<system-out><![CDATA[El texto encontrado es  Cuenta Corriente
El valor es un carácter numérico. Valor: -2.676.667.255,66
El valor es un carácter numérico. Valor: -87.831,48
El texto encontrado es  CUENTA CORRIENTE
El valor es un string. Valor: Movimiento FC 1118 00083848
El valor es un string. Valor: - ARS 1.652.730,90
El valor es un string. Valor: GASTOS COMER. S/ 60200 KGRS. Soja Cosecha 2324-E
]]></system-out>
	</testcase>
</testsuite>
