<?xml version="1.0" encoding="UTF-8"?>
<testsuite name="HomeEntVentReciV2.HomeEntVentRecientesV2-failed" tests="1" file="HomeEntVentReciV2.py" time="24.198" timestamp="2024-11-06T14:20:11" failures="0" errors="0" skipped="0">
	<testcase classname="HomeEntVentReciV2.HomeEntVentRecientesV2" name="test_start_tenant" time="24.198" timestamp="2024-11-06T14:20:11" file="HomeEntVentReciV2.py" line="19">
		<system-out><![CDATA[El texto encontrado es  Entregas y Ventas Recientes
El texto encontrado es  Entregas Recientes
El texto encontrado es  Producto
La imagen es visible para el usuario. URL: https://pwa-portal-staging.silohub.ag/assets/images/grains/soja.svg
El valor es un string. Valor: Soja 23/24
El valor es un carácter numérico. Valor: 17/08/2024
El texto encontrado es  CTG/CRT
El valor es un carácter numérico. Valor: 10118492385
El texto encontrado es  Kg Netos
El valor es un carácter numérico. Valor: 30.440,00
El texto encontrado es  Ventas Recientes
El texto encontrado es  Producto
La imagen es visible para el usuario. URL: https://pwa-portal-staging.silohub.ag/assets/images/grains/soja.svg
El valor es un string. Valor: Soja 24/25
El valor es un carácter numérico. Valor: 16/10/2024
El texto encontrado es  Kg Netos
El valor es un carácter numérico. Valor: 20,00
El texto encontrado es  Precio
El valor es un carácter alfabético. Valor: USD
El valor es un carácter numérico. Valor: 100
]]></system-out>
	</testcase>
</testsuite>
