<?xml version="1.0" encoding="UTF-8"?>
<testsuite name="Precio_Fijacion.precio_granos_fijaciones-failed" tests="1" file="Precio_Fijacion.py" time="58.418" timestamp="2024-10-17T16:16:47" failures="0" errors="1" skipped="0">
	<testcase classname="Precio_Fijacion.precio_granos_fijaciones" name="test_price_fixings" time="58.418" timestamp="2024-10-17T16:16:47" file="Precio_Fijacion.py" line="21">
		<error type="ElementClickInterceptedException" message="Message: element click intercepted: Element is not clickable at point (1471, 1014)
  (Session info: chrome=130.0.6723.58)
Stacktrace:
	GetHandleVerifier [0x00007FF76563E1F5+2972373]
	(No symbol) [0x00007FF7652D55F0]
	(No symbol) [0x00007FF7651757FA]
	(No symbol) [0x00007FF7651CD6CE]
	(No symbol) [0x00007FF7651CB16C]
	(No symbol) [0x00007FF7651C8628]
	(No symbol) [0x00007FF7651C783C]
	(No symbol) [0x00007FF7651B992E]
	(No symbol) [0x00007FF7651EBA7A]
	(No symbol) [0x00007FF7651B9266]
	(No symbol) [0x00007FF7651EBC90]
	(No symbol) [0x00007FF76520B8CC]
	(No symbol) [0x00007FF7651EB823]
	(No symbol) [0x00007FF7651B75E8]
	(No symbol) [0x00007FF7651B8751]
	GetHandleVerifier [0x00007FF7656647BD+3129501]
	GetHandleVerifier [0x00007FF7656B4D00+3458528]
	GetHandleVerifier [0x00007FF7656AB05D+3418429]
	GetHandleVerifier [0x00007FF76543687B+844123]
	(No symbol) [0x00007FF7652E0AFF]
	(No symbol) [0x00007FF7652DC6D4]
	(No symbol) [0x00007FF7652DC86D]
	(No symbol) [0x00007FF7652CBD79]
	BaseThreadInitThunk [0x00007FF92EF0257D+29]
	RtlUserThreadStart [0x00007FF93006AF08+40]
"><![CDATA[Traceback (most recent call last):
  File "c:\Users\luist\repos\Automatizaciones_M-dulos-\Precio_Fijacion.py", line 50, in test_price_fixings
    click_icon_delete(self.driver, delete_price_grain2)
  File "c:\Users\luist\repos\Automatizaciones_M-dulos-\Elements.py", line 1356, in click_icon_delete
    icono_borrar.click()
  File "C:\Users\luist\AppData\Roaming\Python\Python310\site-packages\selenium\webdriver\remote\webelement.py", line 94, in click
    self._execute(Command.CLICK_ELEMENT)
  File "C:\Users\luist\AppData\Roaming\Python\Python310\site-packages\selenium\webdriver\remote\webelement.py", line 395, in _execute
    return self._parent.execute(command, params)
  File "C:\Users\luist\AppData\Roaming\Python\Python310\site-packages\selenium\webdriver\remote\webdriver.py", line 354, in execute
    self.error_handler.check_response(response)
  File "C:\Users\luist\AppData\Roaming\Python\Python310\site-packages\selenium\webdriver\remote\errorhandler.py", line 229, in check_response
    raise exception_class(message, screen, stacktrace)
selenium.common.exceptions.ElementClickInterceptedException: Message: element click intercepted: Element is not clickable at point (1471, 1014)
  (Session info: chrome=130.0.6723.58)
Stacktrace:
	GetHandleVerifier [0x00007FF76563E1F5+2972373]
	(No symbol) [0x00007FF7652D55F0]
	(No symbol) [0x00007FF7651757FA]
	(No symbol) [0x00007FF7651CD6CE]
	(No symbol) [0x00007FF7651CB16C]
	(No symbol) [0x00007FF7651C8628]
	(No symbol) [0x00007FF7651C783C]
	(No symbol) [0x00007FF7651B992E]
	(No symbol) [0x00007FF7651EBA7A]
	(No symbol) [0x00007FF7651B9266]
	(No symbol) [0x00007FF7651EBC90]
	(No symbol) [0x00007FF76520B8CC]
	(No symbol) [0x00007FF7651EB823]
	(No symbol) [0x00007FF7651B75E8]
	(No symbol) [0x00007FF7651B8751]
	GetHandleVerifier [0x00007FF7656647BD+3129501]
	GetHandleVerifier [0x00007FF7656B4D00+3458528]
	GetHandleVerifier [0x00007FF7656AB05D+3418429]
	GetHandleVerifier [0x00007FF76543687B+844123]
	(No symbol) [0x00007FF7652E0AFF]
	(No symbol) [0x00007FF7652DC6D4]
	(No symbol) [0x00007FF7652DC86D]
	(No symbol) [0x00007FF7652CBD79]
	BaseThreadInitThunk [0x00007FF92EF0257D+29]
	RtlUserThreadStart [0x00007FF93006AF08+40]

]]></error>
		<system-out><![CDATA[El texto encontrado es  MERCADOS
No se encontraron mÃ¡s movimientos para borrar.
]]></system-out>
	</testcase>
</testsuite>
