<?xml version="1.0" encoding="UTF-8"?>
<testsuite name="MisIntenciones.mis_intenciones-failed" tests="2" file="MisIntenciones.py" time="103.995" timestamp="2024-10-17T16:20:49" failures="0" errors="2" skipped="0">
	<testcase classname="MisIntenciones.mis_intenciones" name="test_my_intentions" time="0.000" timestamp="0001-01-01T00:00:00" file="MisIntenciones.py" line="22">
		<error type="AttributeError" message="'NoneType' object has no attribute 'is_displayed'"><![CDATA[Traceback (most recent call last):
  File "c:\Users\luist\repos\Automatizaciones_M-dulos-\MisIntenciones.py", line 63, in test_my_intentions
    find_elements(self.driver, select_button_next)
  File "c:\Users\luist\repos\Automatizaciones_M-dulos-\Elements.py", line 19, in find_elements
    select_nex_button = WebDriverWait(driver, 10).until(
  File "C:\Users\luist\AppData\Roaming\Python\Python310\site-packages\selenium\webdriver\support\wait.py", line 96, in until
    value = method(self._driver)
  File "C:\Users\luist\AppData\Roaming\Python\Python310\site-packages\selenium\webdriver\support\expected_conditions.py", line 364, in _predicate
    element = visibility_of(target)(driver)
  File "C:\Users\luist\AppData\Roaming\Python\Python310\site-packages\selenium\webdriver\support\expected_conditions.py", line 173, in _predicate
    return _element_if_visible(element)
  File "C:\Users\luist\AppData\Roaming\Python\Python310\site-packages\selenium\webdriver\support\expected_conditions.py", line 179, in _element_if_visible
    return element if element.is_displayed() == visibility else False
AttributeError: 'NoneType' object has no attribute 'is_displayed'
]]></error>
		<system-out><![CDATA[Tiempo de espera agotado. El elemento no est치 presente o no es clickeable.
Tiempo de espera agotado. El elemento no est치 presente o no es clickeable.
]]></system-out>
	</testcase>
	<testcase classname="MisIntenciones.mis_intenciones" name="test_my_intentions" time="103.995" timestamp="2024-10-17T16:20:49" file="MisIntenciones.py" line="22">
		<error type="WebDriverException" message="Message: disconnected: Unable to receive message from renderer
  (failed to check if window was closed: disconnected: not connected to DevTools)
  (Session info: chrome=130.0.6723.58)
Stacktrace:
	GetHandleVerifier [0x00007FF76563E1F5+2972373]
	(No symbol) [0x00007FF7652D55F0]
	(No symbol) [0x00007FF7651757FA]
	(No symbol) [0x00007FF765163BD7]
	(No symbol) [0x00007FF76516151E]
	(No symbol) [0x00007FF765161FCF]
	(No symbol) [0x00007FF765175E13]
	(No symbol) [0x00007FF76514F55D]
	(No symbol) [0x00007FF7651F9D19]
	(No symbol) [0x00007FF7651EBA40]
	(No symbol) [0x00007FF7651B75E8]
	(No symbol) [0x00007FF7651B8751]
	GetHandleVerifier [0x00007FF7656647BD+3129501]
	GetHandleVerifier [0x00007FF7656B4D00+3458528]
	GetHandleVerifier [0x00007FF7656AB05D+3418429]
	GetHandleVerifier [0x00007FF76543687B+844123]
	(No symbol) [0x00007FF7652E0AFF]
	(No symbol) [0x00007FF7652DC6D4]
	(No symbol) [0x00007FF7652DC86D]
	(No symbol) [0x00007FF7652CBD79]
	BaseThreadInitThunk [0x00007FF92EF0257D+29]
	RtlUserThreadStart [0x00007FF93006AF08+40]
"><![CDATA[Traceback (most recent call last):
  File "c:\Users\luist\repos\Automatizaciones_M-dulos-\MisIntenciones.py", line 87, in tearDown
    self.driver.close()
  File "C:\Users\luist\AppData\Roaming\Python\Python310\site-packages\selenium\webdriver\remote\webdriver.py", line 465, in close
    self.execute(Command.CLOSE)
  File "C:\Users\luist\AppData\Roaming\Python\Python310\site-packages\selenium\webdriver\remote\webdriver.py", line 354, in execute
    self.error_handler.check_response(response)
  File "C:\Users\luist\AppData\Roaming\Python\Python310\site-packages\selenium\webdriver\remote\errorhandler.py", line 229, in check_response
    raise exception_class(message, screen, stacktrace)
selenium.common.exceptions.WebDriverException: Message: disconnected: Unable to receive message from renderer
  (failed to check if window was closed: disconnected: not connected to DevTools)
  (Session info: chrome=130.0.6723.58)
Stacktrace:
	GetHandleVerifier [0x00007FF76563E1F5+2972373]
	(No symbol) [0x00007FF7652D55F0]
	(No symbol) [0x00007FF7651757FA]
	(No symbol) [0x00007FF765163BD7]
	(No symbol) [0x00007FF76516151E]
	(No symbol) [0x00007FF765161FCF]
	(No symbol) [0x00007FF765175E13]
	(No symbol) [0x00007FF76514F55D]
	(No symbol) [0x00007FF7651F9D19]
	(No symbol) [0x00007FF7651EBA40]
	(No symbol) [0x00007FF7651B75E8]
	(No symbol) [0x00007FF7651B8751]
	GetHandleVerifier [0x00007FF7656647BD+3129501]
	GetHandleVerifier [0x00007FF7656B4D00+3458528]
	GetHandleVerifier [0x00007FF7656AB05D+3418429]
	GetHandleVerifier [0x00007FF76543687B+844123]
	(No symbol) [0x00007FF7652E0AFF]
	(No symbol) [0x00007FF7652DC6D4]
	(No symbol) [0x00007FF7652DC86D]
	(No symbol) [0x00007FF7652CBD79]
	BaseThreadInitThunk [0x00007FF92EF0257D+29]
	RtlUserThreadStart [0x00007FF93006AF08+40]

]]></error>
		<system-out><![CDATA[Tiempo de espera agotado. El elemento no est치 presente o no es clickeable.
Tiempo de espera agotado. El elemento no est치 presente o no es clickeable.
]]></system-out>
	</testcase>
</testsuite>
