<?xml version="1.0" encoding="UTF-8"?>
<testsuite name="CtaCtoDtalFijaciones.detalle_ctro_fijaciones-failed" tests="1" file="CtaCtoDtalFijaciones.py" time="511.808" timestamp="2024-08-28T12:09:46" failures="0" errors="1" skipped="0">
	<testcase classname="CtaCtoDtalFijaciones.detalle_ctro_fijaciones" name="test_detail_fixings" time="511.808" timestamp="2024-08-28T12:09:46" file="CtaCtoDtalFijaciones.py" line="22">
		<error type="NoSuchElementException" message="Message: no such element: Unable to locate element: {&quot;method&quot;:&quot;xpath&quot;,&quot;selector&quot;:&quot;/html/body/app-root/app-layout/app-vertical/div/div/div/div/app-detail-contract/div/div[1]/div[1]/div/span&quot;}
  (Session info: chrome=128.0.6613.85); For documentation on this error, please visit: https://www.selenium.dev/documentation/webdriver/troubleshooting/errors#no-such-element-exception
Stacktrace:
	GetHandleVerifier [0x00007FF77CDDB632+29090]
	(No symbol) [0x00007FF77CD4E6E9]
	(No symbol) [0x00007FF77CC0B1CA]
	(No symbol) [0x00007FF77CC5EFD7]
	(No symbol) [0x00007FF77CC5F22C]
	(No symbol) [0x00007FF77CCA97F7]
	(No symbol) [0x00007FF77CC8672F]
	(No symbol) [0x00007FF77CCA65D9]
	(No symbol) [0x00007FF77CC86493]
	(No symbol) [0x00007FF77CC509B1]
	(No symbol) [0x00007FF77CC51B11]
	GetHandleVerifier [0x00007FF77D0F881D+3294093]
	GetHandleVerifier [0x00007FF77D144403+3604339]
	GetHandleVerifier [0x00007FF77D13A2C7+3563063]
	GetHandleVerifier [0x00007FF77CE96F16+797318]
	(No symbol) [0x00007FF77CD5986F]
	(No symbol) [0x00007FF77CD55454]
	(No symbol) [0x00007FF77CD555E0]
	(No symbol) [0x00007FF77CD44A7F]
	BaseThreadInitThunk [0x00007FFFFD25257D+29]
	RtlUserThreadStart [0x00007FFFFDBAAF28+40]
"><![CDATA[Traceback (most recent call last):
  File "c:\Users\luist\repos\Automatizaciones-SILOHUB-\CtaCtoDtalFijaciones.py", line 105, in test_detail_fixings
    validate_text_visible(self.driver, element1, number_expected)
  File "c:\Users\luist\repos\Automatizaciones-SILOHUB-\Elements.py", line 1177, in validate_text_visible
    element = driver.find_element(By.XPATH, xpath)
  File "C:\Users\luist\AppData\Roaming\Python\Python310\site-packages\selenium\webdriver\remote\webdriver.py", line 748, in find_element
    return self.execute(Command.FIND_ELEMENT, {"using": by, "value": value})["value"]
  File "C:\Users\luist\AppData\Roaming\Python\Python310\site-packages\selenium\webdriver\remote\webdriver.py", line 354, in execute
    self.error_handler.check_response(response)
  File "C:\Users\luist\AppData\Roaming\Python\Python310\site-packages\selenium\webdriver\remote\errorhandler.py", line 229, in check_response
    raise exception_class(message, screen, stacktrace)
selenium.common.exceptions.NoSuchElementException: Message: no such element: Unable to locate element: {"method":"xpath","selector":"/html/body/app-root/app-layout/app-vertical/div/div/div/div/app-detail-contract/div/div[1]/div[1]/div/span"}
  (Session info: chrome=128.0.6613.85); For documentation on this error, please visit: https://www.selenium.dev/documentation/webdriver/troubleshooting/errors#no-such-element-exception
Stacktrace:
	GetHandleVerifier [0x00007FF77CDDB632+29090]
	(No symbol) [0x00007FF77CD4E6E9]
	(No symbol) [0x00007FF77CC0B1CA]
	(No symbol) [0x00007FF77CC5EFD7]
	(No symbol) [0x00007FF77CC5F22C]
	(No symbol) [0x00007FF77CCA97F7]
	(No symbol) [0x00007FF77CC8672F]
	(No symbol) [0x00007FF77CCA65D9]
	(No symbol) [0x00007FF77CC86493]
	(No symbol) [0x00007FF77CC509B1]
	(No symbol) [0x00007FF77CC51B11]
	GetHandleVerifier [0x00007FF77D0F881D+3294093]
	GetHandleVerifier [0x00007FF77D144403+3604339]
	GetHandleVerifier [0x00007FF77D13A2C7+3563063]
	GetHandleVerifier [0x00007FF77CE96F16+797318]
	(No symbol) [0x00007FF77CD5986F]
	(No symbol) [0x00007FF77CD55454]
	(No symbol) [0x00007FF77CD555E0]
	(No symbol) [0x00007FF77CD44A7F]
	BaseThreadInitThunk [0x00007FFFFD25257D+29]
	RtlUserThreadStart [0x00007FFFFDBAAF28+40]

]]></error>
		<system-out><![CDATA[Tiempo de espera agotado. El elemento no está presente o no es clickeable.
Tiempo de espera agotado. El elemento no está presente o no es clickeable.
Tiempo de espera agotado. El elemento no está presente o no es clickeable.
Tiempo de espera agotado. El elemento no está presente o no es clickeable.
Tiempo de espera agotado. El elemento no está presente o no es clickeable.
Tiempo de espera agotado. El elemento no está presente o no es clickeable.
Tiempo de espera agotado. El elemento no está presente o no es clickeable.
Tiempo de espera agotado. El elemento no está presente o no es clickeable.
Tiempo de espera agotado. El elemento no está presente o no es clickeable.
Tiempo de espera agotado. El elemento no está presente o no es clickeable.
Tiempo de espera agotado. El elemento no está presente o no es clickeable.
Tiempo de espera agotado. El elemento no está presente o no es clickeable.
Tiempo de espera agotado. El texto por texto no está presente.
Tiempo de espera agotado. El elemento no está presente o no es clickeable.
]]></system-out>
	</testcase>
</testsuite>
