<?xml version="1.0" encoding="UTF-8"?>
<testsuite name="comproVentas.comprobanteVentas-failed" tests="1" file="comproVentas.py" time="115.490" timestamp="2024-08-28T12:56:40" failures="0" errors="0" skipped="0">
	<testcase classname="comproVentas.comprobanteVentas" name="test_vouchers_sales" time="115.490" timestamp="2024-08-28T12:56:40" file="comproVentas.py" line="18">
		<system-out><![CDATA[El texto encontrado es  COMPROBANTES
¡Elemento encontrado y clickeado 8 veces con éxito!
¡Elemento encontrado y clickeado 1 veces con éxito!
El texto encontrado es  Mis Comprobantes
El texto encontrado es  F 0001 00120623
El texto encontrado es  F 0001 00125168
Tiempo de espera agotado. El texto por xpaht no está presente.
Tiempo de espera agotado. El elemento no está presente o no es clickeable.
]]></system-out>
	</testcase>
</testsuite>
