<?xml version="1.0" encoding="UTF-8"?>
<testsuite name="Home.HomeTenant-failed" tests="1" file="Home.py" time="22.281" timestamp="2024-09-11T15:46:00" failures="0" errors="0" skipped="0">
	<testcase classname="Home.HomeTenant" name="test_start_tenant" time="22.281" timestamp="2024-09-11T15:46:00" file="Home.py" line="19">
		<system-out><![CDATA[El texto encontrado es  Buen día JUAN DEMO!
El texto encontrado es  VENCIDO A HOY
El texto encontrado es  ARS
El valor es un carácter numérico. Valor: 00,00
El texto encontrado es  VENCIDO A HOY
El texto encontrado es  USD
El valor es un carácter numérico. Valor: 00,00
El texto encontrado es  A VENCER
El texto encontrado es  ARS
El valor es un carácter numérico. Valor: 00,00
El texto encontrado es  A VENCER
El texto encontrado es  USD
El valor es un carácter numérico. Valor: 00,00
]]></system-out>
	</testcase>
</testsuite>
