<?xml version="1.0" encoding="UTF-8"?>
<testsuite name="ctacte_apliAcobrar.cta_cte_apliAcobrar-failed" tests="1" file="ctacte_apliAcobrar.py" time="55.144" timestamp="2024-10-09T15:43:25" failures="0" errors="0" skipped="0">
	<testcase classname="ctacte_apliAcobrar.cta_cte_apliAcobrar" name="test_ctacte_aplicada" time="55.144" timestamp="2024-10-09T15:43:25" file="ctacte_apliAcobrar.py" line="18">
		<system-out><![CDATA[El texto encontrado es  Cuenta Corriente Aplicada
El valor es un carácter numérico. Valor: 683.907.064,57
El valor es un carácter numérico. Valor: 683.175.535,80
El valor es un carácter numérico. Valor: 3.511,90
El texto encontrado es  CUENTA CORRIENTE
El valor es un string. Valor: Movimiento RR 0011 00087914
El valor es un string. Valor: + ARS 251.443,42
El valor es un string. Valor: RET.IB - RG
]]></system-out>
	</testcase>
</testsuite>
