<?xml version="1.0" encoding="UTF-8"?>
<testsuite name="GranosContratos.granos_contratos-failed" tests="1" file="GranosContratos.py" time="71.430" timestamp="2024-08-28T11:39:52" failures="0" errors="1" skipped="0">
	<testcase classname="GranosContratos.granos_contratos" name="test_granos_contratos" time="71.430" timestamp="2024-08-28T11:39:52" file="GranosContratos.py" line="23">
		<error type="StaleElementReferenceException" message="Message: stale element reference: stale element not found in the current frame
  (Session info: chrome=128.0.6613.85); For documentation on this error, please visit: https://www.selenium.dev/documentation/webdriver/troubleshooting/errors#stale-element-reference-exception
Stacktrace:
	GetHandleVerifier [0x00007FF77CDDB632+29090]
	(No symbol) [0x00007FF77CD4E6E9]
	(No symbol) [0x00007FF77CC0B1CA]
	(No symbol) [0x00007FF77CC11CD3]
	(No symbol) [0x00007FF77CC14071]
	(No symbol) [0x00007FF77CC14110]
	(No symbol) [0x00007FF77CC66AF9]
	(No symbol) [0x00007FF77CC64682]
	(No symbol) [0x00007FF77CC61B9B]
	(No symbol) [0x00007FF77CC60DB5]
	(No symbol) [0x00007FF77CC52D61]
	(No symbol) [0x00007FF77CC866EA]
	(No symbol) [0x00007FF77CC526A6]
	(No symbol) [0x00007FF77CC86900]
	(No symbol) [0x00007FF77CCA65D9]
	(No symbol) [0x00007FF77CC86493]
	(No symbol) [0x00007FF77CC509B1]
	(No symbol) [0x00007FF77CC51B11]
	GetHandleVerifier [0x00007FF77D0F881D+3294093]
	GetHandleVerifier [0x00007FF77D144403+3604339]
	GetHandleVerifier [0x00007FF77D13A2C7+3563063]
	GetHandleVerifier [0x00007FF77CE96F16+797318]
	(No symbol) [0x00007FF77CD5986F]
	(No symbol) [0x00007FF77CD55454]
	(No symbol) [0x00007FF77CD555E0]
	(No symbol) [0x00007FF77CD44A7F]
	BaseThreadInitThunk [0x00007FFFFD25257D+29]
	RtlUserThreadStart [0x00007FFFFDBAAF28+40]
"><![CDATA[Traceback (most recent call last):
  File "c:\Users\luist\repos\Automatizaciones-SILOHUB-\GranosContratos.py", line 216, in test_granos_contratos
    find_elements(self.driver, select_button_confirm)
  File "c:\Users\luist\repos\Automatizaciones-SILOHUB-\Elements.py", line 22, in find_elements
    select_nex_button.click()
  File "C:\Users\luist\AppData\Roaming\Python\Python310\site-packages\selenium\webdriver\remote\webelement.py", line 94, in click
    self._execute(Command.CLICK_ELEMENT)
  File "C:\Users\luist\AppData\Roaming\Python\Python310\site-packages\selenium\webdriver\remote\webelement.py", line 395, in _execute
    return self._parent.execute(command, params)
  File "C:\Users\luist\AppData\Roaming\Python\Python310\site-packages\selenium\webdriver\remote\webdriver.py", line 354, in execute
    self.error_handler.check_response(response)
  File "C:\Users\luist\AppData\Roaming\Python\Python310\site-packages\selenium\webdriver\remote\errorhandler.py", line 229, in check_response
    raise exception_class(message, screen, stacktrace)
selenium.common.exceptions.StaleElementReferenceException: Message: stale element reference: stale element not found in the current frame
  (Session info: chrome=128.0.6613.85); For documentation on this error, please visit: https://www.selenium.dev/documentation/webdriver/troubleshooting/errors#stale-element-reference-exception
Stacktrace:
	GetHandleVerifier [0x00007FF77CDDB632+29090]
	(No symbol) [0x00007FF77CD4E6E9]
	(No symbol) [0x00007FF77CC0B1CA]
	(No symbol) [0x00007FF77CC11CD3]
	(No symbol) [0x00007FF77CC14071]
	(No symbol) [0x00007FF77CC14110]
	(No symbol) [0x00007FF77CC66AF9]
	(No symbol) [0x00007FF77CC64682]
	(No symbol) [0x00007FF77CC61B9B]
	(No symbol) [0x00007FF77CC60DB5]
	(No symbol) [0x00007FF77CC52D61]
	(No symbol) [0x00007FF77CC866EA]
	(No symbol) [0x00007FF77CC526A6]
	(No symbol) [0x00007FF77CC86900]
	(No symbol) [0x00007FF77CCA65D9]
	(No symbol) [0x00007FF77CC86493]
	(No symbol) [0x00007FF77CC509B1]
	(No symbol) [0x00007FF77CC51B11]
	GetHandleVerifier [0x00007FF77D0F881D+3294093]
	GetHandleVerifier [0x00007FF77D144403+3604339]
	GetHandleVerifier [0x00007FF77D13A2C7+3563063]
	GetHandleVerifier [0x00007FF77CE96F16+797318]
	(No symbol) [0x00007FF77CD5986F]
	(No symbol) [0x00007FF77CD55454]
	(No symbol) [0x00007FF77CD555E0]
	(No symbol) [0x00007FF77CD44A7F]
	BaseThreadInitThunk [0x00007FFFFD25257D+29]
	RtlUserThreadStart [0x00007FFFFDBAAF28+40]

]]></error>
		<system-out><![CDATA[El texto encontrado es  CONTRATOS
¡Cuenta encontrada y seleccionada 1023  con éxito!
¡Input encontrado y enviado con éxito!
¡Input encontrado y enviado con éxito!
El clic en el chevron fue interceptado por otro elemento en la página.
¡Elemento encontrado y clickeado 1 veces con éxito!
¡Elemento encontrado y clickeado 6 veces con éxito!
¡Elemento encontrado y clickeado 1 veces con éxito!
]]></system-out>
	</testcase>
</testsuite>
