<?xml version="1.0" encoding="UTF-8"?>
<testsuite name="ConfigSucursales.config_Sucursales-failed" tests="1" file="ConfigSucursales.py" time="120.378" timestamp="2024-10-09T16:08:34" failures="0" errors="1" skipped="0">
	<testcase classname="ConfigSucursales.config_Sucursales" name="test_settings_branch_offices" time="120.378" timestamp="2024-10-09T16:08:34" file="ConfigSucursales.py" line="19">
		<error type="ElementClickInterceptedException" message="Message: element click intercepted: Element &lt;a _ngcontent-opq-c253=&quot;&quot; id=&quot;current-account-file-tab&quot; data-bs-toggle=&quot;tab&quot; data-bs-target=&quot;#current-account-file&quot; type=&quot;button&quot; role=&quot;tab&quot; aria-controls=&quot;current-account-file&quot; aria-selected=&quot;false&quot; class=&quot;nav-link&quot;&gt;...&lt;/a&gt; is not clickable at point (639, 146). Other element would receive the click: &lt;div _ngcontent-opq-c246=&quot;&quot; class=&quot;row g-3 align-items-center p-0 m-0&quot;&gt;...&lt;/div&gt;
  (Session info: chrome=129.0.6668.90)
Stacktrace:
	GetHandleVerifier [0x00007FF642E1B675+29573]
	(No symbol) [0x00007FF642D904A0]
	(No symbol) [0x00007FF642C4B6EA]
	(No symbol) [0x00007FF642CA74EE]
	(No symbol) [0x00007FF642CA4F3C]
	(No symbol) [0x00007FF642CA2408]
	(No symbol) [0x00007FF642CA161A]
	(No symbol) [0x00007FF642C936BE]
	(No symbol) [0x00007FF642CC72FA]
	(No symbol) [0x00007FF642C92FF6]
	(No symbol) [0x00007FF642CC7510]
	(No symbol) [0x00007FF642CE86BC]
	(No symbol) [0x00007FF642CC70A3]
	(No symbol) [0x00007FF642C912DF]
	(No symbol) [0x00007FF642C92441]
	GetHandleVerifier [0x00007FF64314C5BD+3375821]
	GetHandleVerifier [0x00007FF6431979B7+3684039]
	GetHandleVerifier [0x00007FF64318CDDB+3640043]
	GetHandleVerifier [0x00007FF642EDB7F6+816390]
	(No symbol) [0x00007FF642D9B7AF]
	(No symbol) [0x00007FF642D975D4]
	(No symbol) [0x00007FF642D97770]
	(No symbol) [0x00007FF642D865CF]
	BaseThreadInitThunk [0x00007FFFD2F3257D+29]
	RtlUserThreadStart [0x00007FFFD420AF08+40]
"><![CDATA[Traceback (most recent call last):
  File "c:\Users\luist\repos\Automatizaciones_M-dulos-\ConfigSucursales.py", line 102, in test_settings_branch_offices
    find_elements(self.driver,enter_tab_distribution )
  File "c:\Users\luist\repos\Automatizaciones_M-dulos-\Elements.py", line 22, in find_elements
    select_nex_button.click()
  File "C:\Users\luist\AppData\Roaming\Python\Python310\site-packages\selenium\webdriver\remote\webelement.py", line 94, in click
    self._execute(Command.CLICK_ELEMENT)
  File "C:\Users\luist\AppData\Roaming\Python\Python310\site-packages\selenium\webdriver\remote\webelement.py", line 395, in _execute
    return self._parent.execute(command, params)
  File "C:\Users\luist\AppData\Roaming\Python\Python310\site-packages\selenium\webdriver\remote\webdriver.py", line 354, in execute
    self.error_handler.check_response(response)
  File "C:\Users\luist\AppData\Roaming\Python\Python310\site-packages\selenium\webdriver\remote\errorhandler.py", line 229, in check_response
    raise exception_class(message, screen, stacktrace)
selenium.common.exceptions.ElementClickInterceptedException: Message: element click intercepted: Element <a _ngcontent-opq-c253="" id="current-account-file-tab" data-bs-toggle="tab" data-bs-target="#current-account-file" type="button" role="tab" aria-controls="current-account-file" aria-selected="false" class="nav-link">...</a> is not clickable at point (639, 146). Other element would receive the click: <div _ngcontent-opq-c246="" class="row g-3 align-items-center p-0 m-0">...</div>
  (Session info: chrome=129.0.6668.90)
Stacktrace:
	GetHandleVerifier [0x00007FF642E1B675+29573]
	(No symbol) [0x00007FF642D904A0]
	(No symbol) [0x00007FF642C4B6EA]
	(No symbol) [0x00007FF642CA74EE]
	(No symbol) [0x00007FF642CA4F3C]
	(No symbol) [0x00007FF642CA2408]
	(No symbol) [0x00007FF642CA161A]
	(No symbol) [0x00007FF642C936BE]
	(No symbol) [0x00007FF642CC72FA]
	(No symbol) [0x00007FF642C92FF6]
	(No symbol) [0x00007FF642CC7510]
	(No symbol) [0x00007FF642CE86BC]
	(No symbol) [0x00007FF642CC70A3]
	(No symbol) [0x00007FF642C912DF]
	(No symbol) [0x00007FF642C92441]
	GetHandleVerifier [0x00007FF64314C5BD+3375821]
	GetHandleVerifier [0x00007FF6431979B7+3684039]
	GetHandleVerifier [0x00007FF64318CDDB+3640043]
	GetHandleVerifier [0x00007FF642EDB7F6+816390]
	(No symbol) [0x00007FF642D9B7AF]
	(No symbol) [0x00007FF642D975D4]
	(No symbol) [0x00007FF642D97770]
	(No symbol) [0x00007FF642D865CF]
	BaseThreadInitThunk [0x00007FFFD2F3257D+29]
	RtlUserThreadStart [0x00007FFFD420AF08+40]

]]></error>
		<system-out><![CDATA[El texto encontrado es  SUCURSALES
El texto encontrado es  Nombre Sucursal
El texto no fue encontrado Angellica - Casa Central
El texto encontrado es  Depositos
Tiempo de espera agotado. El elemento no está presente o no es clickeable.
Tiempo de espera agotado. El elemento no está presente o no es clickeable.
Tiempo de espera agotado. El elemento no está presente o no es clickeable.
Tiempo de espera agotado. El elemento no está presente o no es clickeable.
Tiempo de espera agotado. El elemento no está presente o no es clickeable.
Tiempo de espera agotado. El elemento no está presente o no es clickeable.
Tiempo de espera agotado. El elemento no está presente o no es clickeable.
]]></system-out>
	</testcase>
</testsuite>
