<?xml version="1.0" encoding="UTF-8"?>
<testsuite name="HomeEntRecientes.HomeEntRecientesTenant-failed" tests="1" file="HomeEntRecientes.py" time="52.788" timestamp="2024-09-11T15:46:55" failures="0" errors="0" skipped="0">
	<testcase classname="HomeEntRecientes.HomeEntRecientesTenant" name="test_start_tenant" time="52.788" timestamp="2024-09-11T15:46:55" file="HomeEntRecientes.py" line="18">
		<system-out><![CDATA[El texto encontrado es  Buen día JUAN DEMO!
Tiempo de espera agotado. El texto por xpaht no está presente.
La imagen es visible para el usuario. URL: https://pwa-portal-staging.silohub.ag/assets/images/grains/soja.svg
El valor es un carácter numérico. Valor: 10115078542
El valor es un carácter numérico. Valor: 35.880,00
El texto encontrado es  Ventas Recientes
La imagen es visible para el usuario. URL: https://pwa-portal-staging.silohub.ag/assets/images/grains/maiz.svg
El valor es un carácter numérico. Valor: 1.000.000,00
El valor es un carácter numérico. Valor: 161
]]></system-out>
	</testcase>
</testsuite>
