<?xml version="1.0" encoding="UTF-8"?>
<testsuite name="Home.HomeTenant-failed" tests="1" file="Home.py" time="116.713" timestamp="2024-11-06T13:20:38" failures="0" errors="1" skipped="0">
	<testcase classname="Home.HomeTenant" name="test_start_tenant" time="116.713" timestamp="2024-11-06T13:20:38" file="Home.py" line="19">
		<error type="NoSuchElementException" message="Message: no such element: Unable to locate element: {&quot;method&quot;:&quot;xpath&quot;,&quot;selector&quot;:&quot;/html/body/app-root/app-layout/app-vertical/div/div/div/div/app-home-switch/app-home/div/div[1]/app-balances/div[2]/swiper/div/div[1]/div[1]/app-number-values-card/div/div/div/div[3]/div/h4/span&quot;}
  (Session info: chrome=130.0.6723.116); For documentation on this error, please visit: https://www.selenium.dev/documentation/webdriver/troubleshooting/errors#no-such-element-exception
Stacktrace:
	GetHandleVerifier [0x00007FF60C883B05+28005]
	(No symbol) [0x00007FF60C7E8400]
	(No symbol) [0x00007FF60C68580A]
	(No symbol) [0x00007FF60C6D5A3E]
	(No symbol) [0x00007FF60C6D5D2C]
	(No symbol) [0x00007FF60C71EA97]
	(No symbol) [0x00007FF60C6FBA7F]
	(No symbol) [0x00007FF60C71B8B3]
	(No symbol) [0x00007FF60C6FB7E3]
	(No symbol) [0x00007FF60C6C75C8]
	(No symbol) [0x00007FF60C6C8731]
	GetHandleVerifier [0x00007FF60CB7647D+3118813]
	GetHandleVerifier [0x00007FF60CBC6CD0+3448624]
	GetHandleVerifier [0x00007FF60CBBCF4D+3408301]
	GetHandleVerifier [0x00007FF60C94A45B+841403]
	(No symbol) [0x00007FF60C7F345F]
	(No symbol) [0x00007FF60C7EF4D4]
	(No symbol) [0x00007FF60C7EF66D]
	(No symbol) [0x00007FF60C7DEBC9]
	BaseThreadInitThunk [0x00007FFF3E62257D+29]
	RtlUserThreadStart [0x00007FFF4022AF08+40]
"><![CDATA[Traceback (most recent call last):
  File "c:\Users\luist\repos\Automatizaciones_M-dulos-\Home.py", line 45, in test_start_tenant
    validate_character_numeric_element(self.driver, element1  )
  File "c:\Users\luist\repos\Automatizaciones_M-dulos-\Elements.py", line 1159, in validate_character_numeric_element
    elemento = driver.find_element(By.XPATH, xpath)
  File "C:\Users\luist\AppData\Roaming\Python\Python310\site-packages\selenium\webdriver\remote\webdriver.py", line 748, in find_element
    return self.execute(Command.FIND_ELEMENT, {"using": by, "value": value})["value"]
  File "C:\Users\luist\AppData\Roaming\Python\Python310\site-packages\selenium\webdriver\remote\webdriver.py", line 354, in execute
    self.error_handler.check_response(response)
  File "C:\Users\luist\AppData\Roaming\Python\Python310\site-packages\selenium\webdriver\remote\errorhandler.py", line 229, in check_response
    raise exception_class(message, screen, stacktrace)
selenium.common.exceptions.NoSuchElementException: Message: no such element: Unable to locate element: {"method":"xpath","selector":"/html/body/app-root/app-layout/app-vertical/div/div/div/div/app-home-switch/app-home/div/div[1]/app-balances/div[2]/swiper/div/div[1]/div[1]/app-number-values-card/div/div/div/div[3]/div/h4/span"}
  (Session info: chrome=130.0.6723.116); For documentation on this error, please visit: https://www.selenium.dev/documentation/webdriver/troubleshooting/errors#no-such-element-exception
Stacktrace:
	GetHandleVerifier [0x00007FF60C883B05+28005]
	(No symbol) [0x00007FF60C7E8400]
	(No symbol) [0x00007FF60C68580A]
	(No symbol) [0x00007FF60C6D5A3E]
	(No symbol) [0x00007FF60C6D5D2C]
	(No symbol) [0x00007FF60C71EA97]
	(No symbol) [0x00007FF60C6FBA7F]
	(No symbol) [0x00007FF60C71B8B3]
	(No symbol) [0x00007FF60C6FB7E3]
	(No symbol) [0x00007FF60C6C75C8]
	(No symbol) [0x00007FF60C6C8731]
	GetHandleVerifier [0x00007FF60CB7647D+3118813]
	GetHandleVerifier [0x00007FF60CBC6CD0+3448624]
	GetHandleVerifier [0x00007FF60CBBCF4D+3408301]
	GetHandleVerifier [0x00007FF60C94A45B+841403]
	(No symbol) [0x00007FF60C7F345F]
	(No symbol) [0x00007FF60C7EF4D4]
	(No symbol) [0x00007FF60C7EF66D]
	(No symbol) [0x00007FF60C7DEBC9]
	BaseThreadInitThunk [0x00007FFF3E62257D+29]
	RtlUserThreadStart [0x00007FFF4022AF08+40]

]]></error>
		<system-out><![CDATA[El texto encontrado es  Buen día JUAN DEMO!
Tiempo de espera agotado. El texto por xpaht no está presente.
Tiempo de espera agotado. El texto por xpaht no está presente.
]]></system-out>
	</testcase>
</testsuite>
