<?xml version="1.0" encoding="UTF-8"?>
<testsuite name="HomeEntRecientes.HomeEntRecientesTenant-failed" tests="1" file="HomeEntRecientes.py" time="55.559" timestamp="2024-08-28T11:37:36" failures="0" errors="0" skipped="0">
	<testcase classname="HomeEntRecientes.HomeEntRecientesTenant" name="test_start_tenant" time="55.559" timestamp="2024-08-28T11:37:36" file="HomeEntRecientes.py" line="18">
		<system-out><![CDATA[El texto encontrado es  Buen día JUAN DEMO!
Tiempo de espera agotado. El texto por xpaht no está presente.
La imagen es visible para el usuario. URL: https://pwa-portal-staging.silohub.ag/assets/images/grains/trigo.svg
El valor es un carácter numérico. Valor: 10109864292
El valor es un carácter numérico. Valor: 31.580,00
El texto encontrado es  Ventas Recientes
La imagen es visible para el usuario. URL: https://pwa-portal-staging.silohub.ag/assets/images/grains/soja.svg
El valor es un carácter numérico. Valor: 10,00
El valor es un carácter numérico. Valor: 200
]]></system-out>
	</testcase>
</testsuite>
