<?xml version="1.0" encoding="UTF-8"?>
<testsuite name="ctacte_histoAcobrar.cuenta_ctacte_histAcobrar-failed" tests="1" file="ctacte_histoAcobrar.py" time="126.834" timestamp="2024-10-09T15:51:47" failures="0" errors="0" skipped="0">
	<testcase classname="ctacte_histoAcobrar.cuenta_ctacte_histAcobrar" name="test_ctacte_historica" time="126.834" timestamp="2024-10-09T15:51:47" file="ctacte_histoAcobrar.py" line="17">
		<system-out><![CDATA[Tiempo de espera agotado. El elemento no está presente o no es clickeable.
¡Elemento encontrado y clickeado 7 veces con éxito!
¡Elemento encontrado y clickeado 3 veces con éxito!
Tiempo de espera agotado. El texto por xpaht no está presente.
El valor es un carácter numérico. Valor: -300,75
El valor es un carácter numérico. Valor: 0,00
El texto encontrado es  CUENTA CORRIENTE
El texto no fue encontrado Movimiento LC 3302 11350773
El texto no fue encontrado + ARS 19.640,53
El texto no fue encontrado Liq.1116C SOJA 2223 100 Kgs. 100,00%
]]></system-out>
	</testcase>
</testsuite>
