<?xml version="1.0" encoding="UTF-8"?>
<testsuite name="ReportCompPenFact.reportPendFacturar-failed" tests="1" file="ReportCompPenFact.py" time="51.664" timestamp="2024-09-11T16:46:06" failures="0" errors="0" skipped="0">
	<testcase classname="ReportCompPenFact.reportPendFacturar" name="test_Report_PendFacturar" time="51.664" timestamp="2024-09-11T16:46:06" file="ReportCompPenFact.py" line="17">
		<system-out><![CDATA[El texto encontrado es  Comprobantes Pendientes de Facturar
El texto encontrado es  Comprobante
El texto no fue encontrado PED 0051 00017084
El texto encontrado es  Artículo
El texto encontrado es  110002 - Aceite mineral Novaoil x 20 lts NOVA SA.
El texto encontrado es  Cantidad
El valor es un carácter numérico. Valor: 300
El texto encontrado es  Cant. Pend.
El valor es un carácter numérico. Valor: 300
El texto encontrado es  Moneda
El texto encontrado es  USD
El texto encontrado es  Precio
El valor es un carácter numérico. Valor: 2.000,00
El texto encontrado es  Total USD
El valor es un carácter numérico. Valor: 600.000,00
El texto encontrado es  Total ARS
El valor es un carácter numérico. Valor: 0
El texto encontrado es  DATOS DEL COMPROBANTE PENDIENTE DE FACTURAR
El texto encontrado es  FECHA
El valor es un carácter numérico. Valor: 30/08/2024
El texto encontrado es  ARTÍCULO
El texto encontrado es  110002 - Aceite mineral Novaoil x 20 lts NOVA SA.
]]></system-out>
	</testcase>
</testsuite>
