<?xml version="1.0" encoding="UTF-8"?>
<testsuite name="CtaCtoDtalCertificados.detalle_cto_certificados-failed" tests="1" file="CtaCtoDtalCertificados.py" time="108.522" timestamp="2024-10-09T15:33:58" failures="0" errors="0" skipped="0">
	<testcase classname="CtaCtoDtalCertificados.detalle_cto_certificados" name="test_detail_certificates" time="108.522" timestamp="2024-10-09T15:33:58" file="CtaCtoDtalCertificados.py" line="22">
		<system-out><![CDATA[Tiempo de espera agotado. El elemento no está presente o no es clickeable.
¡Elemento encontrado y clickeado 3 veces con éxito!
¡Elemento encontrado y clickeado 7 veces con éxito!
¡Elemento encontrado y clickeado 3 veces con éxito!
El texto encontrado es  Estado De Mis Contratos
El texto es visible para el usuario
El texto fue validado correctamente: Contrato 108280
El texto es visible para el usuario
El texto fue validado correctamente: De Maiz
El texto no coincide con los valores esperados. Texto actual: '500.000,00 Kg'
El texto es visible para el usuario
El texto fue validado correctamente: Listado de Certificados
El texto es visible para el usuario
El texto fue validado correctamente: Fecha
El texto es visible para el usuario
El texto fue validado correctamente: 21/03/2022
El texto es visible para el usuario
El texto fue validado correctamente: Comprobante
El valor es un carácter numérico. Valor: LA 3320 13812071
El texto es visible para el usuario
El texto fue validado correctamente: Tn Totales
El valor es un carácter numérico. Valor: 116.112
El texto es visible para el usuario
El texto fue validado correctamente: Tn Aplicadas
El valor es un carácter numérico. Valor: 116.112
El texto es visible para el usuario
El texto fue validado correctamente: Planta
El valor es un carácter numérico. Valor: 8
Checkbox con XPAHT '/html/body/app-root/app-layout/app-vertical/div/div/div/div/app-detail-contract/app-contract-detail-tabs/div/div[3]/app-contract-certificates/app-responsive-table/div/div/table/tbody/tr[1]/th/input' seleccionado con éxito!
]]></system-out>
	</testcase>
</testsuite>
