<?xml version="1.0" encoding="UTF-8"?>
<testsuite name="ConfigSucursales.config_Sucursales-failed" tests="1" file="ConfigSucursales.py" time="62.647" timestamp="2024-09-11T16:55:59" failures="0" errors="0" skipped="0">
	<testcase classname="ConfigSucursales.config_Sucursales" name="test_settings_branch_offices" time="62.647" timestamp="2024-09-11T16:55:59" file="ConfigSucursales.py" line="19">
		<system-out><![CDATA[El texto no fue encontrado SUCURSALES
El texto encontrado es  Nombre Sucursal
El texto no fue encontrado Angellica - Casa Central
El texto encontrado es  Depositos
El texto encontrado es  Centro de Distribución
El texto encontrado es  Depósito
El texto encontrado es  Deposito Angelica - Bancchio
Test finalizado con éxito
]]></system-out>
	</testcase>
</testsuite>
