<?xml version="1.0" encoding="UTF-8"?>
<testsuite name="Retenciones.cuenta_retenciones-failed" tests="1" file="Retenciones.py" time="39.494" timestamp="2024-10-28T12:56:12" failures="0" errors="0" skipped="0">
	<testcase classname="Retenciones.cuenta_retenciones" name="test_ctacte_historica" time="39.494" timestamp="2024-10-28T12:56:12" file="Retenciones.py" line="18">
		<system-out><![CDATA[El texto encontrado es  Retenciones
El valor es un string. Valor: 
El valor es un carácter numérico. Valor: 30/09/2024
El valor es un string. Valor: 3302-00169189
El valor es un string. Valor: 22 - Gan Cereales Art. 10 inc. a). Est 2  Op. Prim
El valor es un string. Valor: Imp. a las Ganancias - Cereales
El valor es un carácter numérico. Valor: LC 3302 00169189
El valor es un carácter numérico. Valor: -306.600,00
El valor es un carácter numérico. Valor: 2,00 %
]]></system-out>
	</testcase>
</testsuite>
