<?xml version="1.0" encoding="UTF-8"?>
<testsuite name="reportInsuRetirar.ReportinsumosPendRetirar-failed" tests="1" file="reportInsuRetirar.py" time="52.688" timestamp="2024-10-09T16:03:19" failures="0" errors="0" skipped="0">
	<testcase classname="reportInsuRetirar.ReportinsumosPendRetirar" name="test_Report_suppliesWithdrawal" time="52.688" timestamp="2024-10-09T16:03:19" file="reportInsuRetirar.py" line="17">
		<system-out><![CDATA[El texto encontrado es  Insumos Pendientes de Retirar
El texto no fue encontrado Comprobante
El texto encontrado '02/07/2024' no coincide con el esperado ''
El texto no fue encontrado Artículo
El texto encontrado 'FAC 1051 00015145' no coincide con el esperado ''
El texto no fue encontrado Cant. Pend.
El valor es un carácter numérico. Valor: 100
]]></system-out>
	</testcase>
</testsuite>
