<?xml version="1.0" encoding="UTF-8"?>
<testsuite name="RegistroUsuario.TestRegistroUsuario-failed" tests="1" file="RegistroUsuario.py" time="82.787" timestamp="2024-09-11T15:44:30" failures="0" errors="1" skipped="0">
	<testcase classname="RegistroUsuario.TestRegistroUsuario" name="test_register_user" time="82.787" timestamp="2024-09-11T15:44:30" file="RegistroUsuario.py" line="18">
		<error type="ElementClickInterceptedException" message="Message: element click intercepted: Element &lt;i class=&quot;material-icons-outlined f36&quot;&gt;...&lt;/i&gt; is not clickable at point (497, 15). Other element would receive the click: &lt;iframe id=&quot;aswift_6&quot; name=&quot;aswift_6&quot; browsingtopics=&quot;true&quot; style=&quot;width: 100vw !important; height: 100vh !important; inset: 0px auto auto 0px !important; position: absolute !important; clear: none !important; display: inline !important; float: none !important; margin: 0px !important; max-height: none !important; max-width: none !important; opacity: 1 !important; overflow: visible !important; padding: 0px !important; vertical-align: baseline !important; visibility: visible !important; z-index: auto !important;&quot; sandbox=&quot;allow-forms allow-popups allow-popups-to-escape-sandbox allow-same-origin allow-scripts allow-top-navigation-by-user-activation&quot; width=&quot;&quot; height=&quot;&quot; frameborder=&quot;0&quot; marginwidth=&quot;0&quot; marginheight=&quot;0&quot; vspace=&quot;0&quot; hspace=&quot;0&quot; allowtransparency=&quot;true&quot; scrolling=&quot;no&quot; allow=&quot;attribution-reporting; run-ad-auction&quot; src=&quot;https://googleads.g.doubleclick.net/pagead/html/r20240905/r20110914/zrt_lookup_fy2021.html#RS-0-&amp;amp;adk=1812271808&amp;amp;client=ca-pub-5609129721109980&amp;amp;fa=8&amp;amp;ifi=7&amp;amp;uci=a!7&quot; data-google-container-id=&quot;a!7&quot; tabindex=&quot;0&quot; title=&quot;Advertisement&quot; aria-label=&quot;Advertisement&quot; data-google-query-id=&quot;CMb6xo3Gu4gDFZZL3QIdW-UfmQ&quot; data-load-complete=&quot;true&quot;&gt;&lt;/iframe&gt;
  (Session info: chrome=128.0.6613.120)
Stacktrace:
	GetHandleVerifier [0x00007FF710D29412+29090]
	(No symbol) [0x00007FF710C9E239]
	(No symbol) [0x00007FF710B5B1DA]
	(No symbol) [0x00007FF710BB6C1E]
	(No symbol) [0x00007FF710BB4692]
	(No symbol) [0x00007FF710BB1BAB]
	(No symbol) [0x00007FF710BB0DC5]
	(No symbol) [0x00007FF710BA2D81]
	(No symbol) [0x00007FF710BD66EA]
	(No symbol) [0x00007FF710BA26C6]
	(No symbol) [0x00007FF710BD6900]
	(No symbol) [0x00007FF710BF65A2]
	(No symbol) [0x00007FF710BD6493]
	(No symbol) [0x00007FF710BA09D1]
	(No symbol) [0x00007FF710BA1B31]
	GetHandleVerifier [0x00007FF71104871D+3302573]
	GetHandleVerifier [0x00007FF711094243+3612627]
	GetHandleVerifier [0x00007FF71108A417+3572135]
	GetHandleVerifier [0x00007FF710DE5EB6+801862]
	(No symbol) [0x00007FF710CA945F]
	(No symbol) [0x00007FF710CA4FB4]
	(No symbol) [0x00007FF710CA5140]
	(No symbol) [0x00007FF710C9461F]
	BaseThreadInitThunk [0x00007FF8EEFD257D+29]
	RtlUserThreadStart [0x00007FF8F08EAF28+40]
"><![CDATA[Traceback (most recent call last):
  File "c:\Users\luist\repos\Automatizaciones_M-dulos-\RegistroUsuario.py", line 85, in test_register_user
    find_elements(self.driver, select_chevron)
  File "c:\Users\luist\repos\Automatizaciones_M-dulos-\Elements.py", line 22, in find_elements
    select_nex_button.click()
  File "C:\Users\luist\AppData\Roaming\Python\Python310\site-packages\selenium\webdriver\remote\webelement.py", line 94, in click
    self._execute(Command.CLICK_ELEMENT)
  File "C:\Users\luist\AppData\Roaming\Python\Python310\site-packages\selenium\webdriver\remote\webelement.py", line 395, in _execute
    return self._parent.execute(command, params)
  File "C:\Users\luist\AppData\Roaming\Python\Python310\site-packages\selenium\webdriver\remote\webdriver.py", line 354, in execute
    self.error_handler.check_response(response)
  File "C:\Users\luist\AppData\Roaming\Python\Python310\site-packages\selenium\webdriver\remote\errorhandler.py", line 229, in check_response
    raise exception_class(message, screen, stacktrace)
selenium.common.exceptions.ElementClickInterceptedException: Message: element click intercepted: Element <i class="material-icons-outlined f36">...</i> is not clickable at point (497, 15). Other element would receive the click: <iframe id="aswift_6" name="aswift_6" browsingtopics="true" style="width: 100vw !important; height: 100vh !important; inset: 0px auto auto 0px !important; position: absolute !important; clear: none !important; display: inline !important; float: none !important; margin: 0px !important; max-height: none !important; max-width: none !important; opacity: 1 !important; overflow: visible !important; padding: 0px !important; vertical-align: baseline !important; visibility: visible !important; z-index: auto !important;" sandbox="allow-forms allow-popups allow-popups-to-escape-sandbox allow-same-origin allow-scripts allow-top-navigation-by-user-activation" width="" height="" frameborder="0" marginwidth="0" marginheight="0" vspace="0" hspace="0" allowtransparency="true" scrolling="no" allow="attribution-reporting; run-ad-auction" src="https://googleads.g.doubleclick.net/pagead/html/r20240905/r20110914/zrt_lookup_fy2021.html#RS-0-&amp;adk=1812271808&amp;client=ca-pub-5609129721109980&amp;fa=8&amp;ifi=7&amp;uci=a!7" data-google-container-id="a!7" tabindex="0" title="Advertisement" aria-label="Advertisement" data-google-query-id="CMb6xo3Gu4gDFZZL3QIdW-UfmQ" data-load-complete="true"></iframe>
  (Session info: chrome=128.0.6613.120)
Stacktrace:
	GetHandleVerifier [0x00007FF710D29412+29090]
	(No symbol) [0x00007FF710C9E239]
	(No symbol) [0x00007FF710B5B1DA]
	(No symbol) [0x00007FF710BB6C1E]
	(No symbol) [0x00007FF710BB4692]
	(No symbol) [0x00007FF710BB1BAB]
	(No symbol) [0x00007FF710BB0DC5]
	(No symbol) [0x00007FF710BA2D81]
	(No symbol) [0x00007FF710BD66EA]
	(No symbol) [0x00007FF710BA26C6]
	(No symbol) [0x00007FF710BD6900]
	(No symbol) [0x00007FF710BF65A2]
	(No symbol) [0x00007FF710BD6493]
	(No symbol) [0x00007FF710BA09D1]
	(No symbol) [0x00007FF710BA1B31]
	GetHandleVerifier [0x00007FF71104871D+3302573]
	GetHandleVerifier [0x00007FF711094243+3612627]
	GetHandleVerifier [0x00007FF71108A417+3572135]
	GetHandleVerifier [0x00007FF710DE5EB6+801862]
	(No symbol) [0x00007FF710CA945F]
	(No symbol) [0x00007FF710CA4FB4]
	(No symbol) [0x00007FF710CA5140]
	(No symbol) [0x00007FF710C9461F]
	BaseThreadInitThunk [0x00007FF8EEFD257D+29]
	RtlUserThreadStart [0x00007FF8F08EAF28+40]

]]></error>
		<system-out><![CDATA[Email generado: _vldsf17u@yopmail.com
El texto encontrado es  Crear usuario
Elemento desplazado, cantidad limpiada y nuevo valor '_vldsf17u@yopmail.com' ingresado con éxito!
Tiempo de espera agotado. El texto por texto no está presente.
Elemento desplazado, cantidad limpiada y nuevo valor '_vldsf17u@yopmail.com' ingresado con éxito!
]]></system-out>
	</testcase>
</testsuite>
