<?xml version="1.0" encoding="UTF-8"?>
<testsuite name="ctacte_apliApagar2.cta_cte_apliApagarV2-failed" tests="1" file="ctacte_apliApagar2.py" time="56.031" timestamp="2024-11-06T14:32:36" failures="0" errors="0" skipped="0">
	<testcase classname="ctacte_apliApagar2.cta_cte_apliApagarV2" name="test_ctacte_apliApagar" time="56.031" timestamp="2024-11-06T14:32:36" file="ctacte_apliApagar2.py" line="18">
		<system-out><![CDATA[El texto encontrado es  Cuenta Corriente Aplicada
El valor es un carácter numérico. Valor: -2.005.387.363,37
El valor es un carácter numérico. Valor: -932.915.675,36
El valor es un carácter numérico. Valor: -850.679,85
El texto encontrado es  CUENTA CORRIENTE
El valor es un string. Valor: Movimiento ND 1052 00127094
El valor es un string. Valor: - ARS 333.234,00
El valor es un string. Valor: CTG: 10116939112 / 10216975666-
]]></system-out>
	</testcase>
</testsuite>
