<?xml version="1.0" encoding="UTF-8"?>
<testsuite name="ConfISolicitudes.confi_Solicitudes-failed" tests="1" file="ConfISolicitudes.py" time="49.694" timestamp="2024-08-28T13:16:15" failures="0" errors="0" skipped="0">
	<testcase classname="ConfISolicitudes.confi_Solicitudes" name="test_settings_User" time="49.694" timestamp="2024-08-28T13:16:15" file="ConfISolicitudes.py" line="19">
		<system-out><![CDATA[El texto encontrado es  SOLICITUDES
¡Input encontrado y enviado con éxito!
¡Input encontrado y enviado con éxito!
Test finalizado con éxito
]]></system-out>
	</testcase>
</testsuite>
