<?xml version="1.0" encoding="UTF-8"?>
<testsuite name="logistOperPrimarias.logistOperPrimarias-failed" tests="1" file="logistOperPrimarias.py" time="69.697" timestamp="2024-10-28T13:12:38" failures="0" errors="1" skipped="0">
	<testcase classname="logistOperPrimarias.logistOperPrimarias" name="test_Logistics_primary" time="69.697" timestamp="2024-10-28T13:12:38" file="logistOperPrimarias.py" line="22">
		<error type="ElementClickInterceptedException" message="Message: element click intercepted: Element is not clickable at point (412, 973)
  (Session info: chrome=130.0.6723.70)
Stacktrace:
	GetHandleVerifier [0x00007FF66AAC3AB5+28005]
	(No symbol) [0x00007FF66AA283B0]
	(No symbol) [0x00007FF66A8C580A]
	(No symbol) [0x00007FF66A91D6CE]
	(No symbol) [0x00007FF66A91B16C]
	(No symbol) [0x00007FF66A918628]
	(No symbol) [0x00007FF66A91785D]
	(No symbol) [0x00007FF66A90990E]
	(No symbol) [0x00007FF66A93BA3A]
	(No symbol) [0x00007FF66A909246]
	(No symbol) [0x00007FF66A93BC50]
	(No symbol) [0x00007FF66A95B8B3]
	(No symbol) [0x00007FF66A93B7E3]
	(No symbol) [0x00007FF66A9075C8]
	(No symbol) [0x00007FF66A908731]
	GetHandleVerifier [0x00007FF66ADB643D+3118829]
	GetHandleVerifier [0x00007FF66AE06C90+3448640]
	GetHandleVerifier [0x00007FF66ADFCF0D+3408317]
	GetHandleVerifier [0x00007FF66AB8A40B+841403]
	(No symbol) [0x00007FF66AA3340F]
	(No symbol) [0x00007FF66AA2F484]
	(No symbol) [0x00007FF66AA2F61D]
	(No symbol) [0x00007FF66AA1EB79]
	BaseThreadInitThunk [0x00007FF8AAC1257D+29]
	RtlUserThreadStart [0x00007FF8ABB0AF08+40]
"><![CDATA[Traceback (most recent call last):
  File "c:\Users\luist\repos\Automatizaciones_M-dulos-\logistOperPrimarias.py", line 83, in test_Logistics_primary
    find_elements(self.driver, select_button_confirm)
  File "c:\Users\luist\repos\Automatizaciones_M-dulos-\Elements.py", line 22, in find_elements
    select_nex_button.click()
  File "C:\Users\luist\AppData\Roaming\Python\Python310\site-packages\selenium\webdriver\remote\webelement.py", line 94, in click
    self._execute(Command.CLICK_ELEMENT)
  File "C:\Users\luist\AppData\Roaming\Python\Python310\site-packages\selenium\webdriver\remote\webelement.py", line 395, in _execute
    return self._parent.execute(command, params)
  File "C:\Users\luist\AppData\Roaming\Python\Python310\site-packages\selenium\webdriver\remote\webdriver.py", line 354, in execute
    self.error_handler.check_response(response)
  File "C:\Users\luist\AppData\Roaming\Python\Python310\site-packages\selenium\webdriver\remote\errorhandler.py", line 229, in check_response
    raise exception_class(message, screen, stacktrace)
selenium.common.exceptions.ElementClickInterceptedException: Message: element click intercepted: Element is not clickable at point (412, 973)
  (Session info: chrome=130.0.6723.70)
Stacktrace:
	GetHandleVerifier [0x00007FF66AAC3AB5+28005]
	(No symbol) [0x00007FF66AA283B0]
	(No symbol) [0x00007FF66A8C580A]
	(No symbol) [0x00007FF66A91D6CE]
	(No symbol) [0x00007FF66A91B16C]
	(No symbol) [0x00007FF66A918628]
	(No symbol) [0x00007FF66A91785D]
	(No symbol) [0x00007FF66A90990E]
	(No symbol) [0x00007FF66A93BA3A]
	(No symbol) [0x00007FF66A909246]
	(No symbol) [0x00007FF66A93BC50]
	(No symbol) [0x00007FF66A95B8B3]
	(No symbol) [0x00007FF66A93B7E3]
	(No symbol) [0x00007FF66A9075C8]
	(No symbol) [0x00007FF66A908731]
	GetHandleVerifier [0x00007FF66ADB643D+3118829]
	GetHandleVerifier [0x00007FF66AE06C90+3448640]
	GetHandleVerifier [0x00007FF66ADFCF0D+3408317]
	GetHandleVerifier [0x00007FF66AB8A40B+841403]
	(No symbol) [0x00007FF66AA3340F]
	(No symbol) [0x00007FF66AA2F484]
	(No symbol) [0x00007FF66AA2F61D]
	(No symbol) [0x00007FF66AA1EB79]
	BaseThreadInitThunk [0x00007FF8AAC1257D+29]
	RtlUserThreadStart [0x00007FF8ABB0AF08+40]

]]></error>
		<system-out><![CDATA[¡Input encontrado y enviado con éxito!
Tiempo de espera agotado. El chevron no están presentes o no son clickeables.
¡Input encontrado y enviado con éxito!
¡Input encontrado y enviado con éxito!
]]></system-out>
	</testcase>
</testsuite>
