<?xml version="1.0" encoding="UTF-8"?>
<testsuite name="CtaCtoDtalFijaciones.detalle_ctro_fijaciones-failed" tests="1" file="CtaCtoDtalFijaciones.py" time="87.004" timestamp="2024-10-09T15:32:06" failures="0" errors="1" skipped="0">
	<testcase classname="CtaCtoDtalFijaciones.detalle_ctro_fijaciones" name="test_detail_fixings" time="87.004" timestamp="2024-10-09T15:32:06" file="CtaCtoDtalFijaciones.py" line="22">
		<error type="ElementClickInterceptedException" message="Message: element click intercepted: Element is not clickable at point (470, -894)
  (Session info: chrome=129.0.6668.90)
Stacktrace:
	GetHandleVerifier [0x00007FF642E1B675+29573]
	(No symbol) [0x00007FF642D904A0]
	(No symbol) [0x00007FF642C4B6EA]
	(No symbol) [0x00007FF642CA74EE]
	(No symbol) [0x00007FF642CA4F3C]
	(No symbol) [0x00007FF642CA2408]
	(No symbol) [0x00007FF642CA161A]
	(No symbol) [0x00007FF642C936BE]
	(No symbol) [0x00007FF642CC72FA]
	(No symbol) [0x00007FF642C92FF6]
	(No symbol) [0x00007FF642CC7510]
	(No symbol) [0x00007FF642CE86BC]
	(No symbol) [0x00007FF642CC70A3]
	(No symbol) [0x00007FF642C912DF]
	(No symbol) [0x00007FF642C92441]
	GetHandleVerifier [0x00007FF64314C5BD+3375821]
	GetHandleVerifier [0x00007FF6431979B7+3684039]
	GetHandleVerifier [0x00007FF64318CDDB+3640043]
	GetHandleVerifier [0x00007FF642EDB7F6+816390]
	(No symbol) [0x00007FF642D9B7AF]
	(No symbol) [0x00007FF642D975D4]
	(No symbol) [0x00007FF642D97770]
	(No symbol) [0x00007FF642D865CF]
	BaseThreadInitThunk [0x00007FFFD2F3257D+29]
	RtlUserThreadStart [0x00007FFFD420AF08+40]
"><![CDATA[Traceback (most recent call last):
  File "c:\Users\luist\repos\Automatizaciones_M-dulos-\CtaCtoDtalFijaciones.py", line 128, in test_detail_fixings
    find_elements_id(self.driver, select_fixings )
  File "c:\Users\luist\repos\Automatizaciones_M-dulos-\Elements.py", line 47, in find_elements_id
    select_nex_button.click()
  File "C:\Users\luist\AppData\Roaming\Python\Python310\site-packages\selenium\webdriver\remote\webelement.py", line 94, in click
    self._execute(Command.CLICK_ELEMENT)
  File "C:\Users\luist\AppData\Roaming\Python\Python310\site-packages\selenium\webdriver\remote\webelement.py", line 395, in _execute
    return self._parent.execute(command, params)
  File "C:\Users\luist\AppData\Roaming\Python\Python310\site-packages\selenium\webdriver\remote\webdriver.py", line 354, in execute
    self.error_handler.check_response(response)
  File "C:\Users\luist\AppData\Roaming\Python\Python310\site-packages\selenium\webdriver\remote\errorhandler.py", line 229, in check_response
    raise exception_class(message, screen, stacktrace)
selenium.common.exceptions.ElementClickInterceptedException: Message: element click intercepted: Element is not clickable at point (470, -894)
  (Session info: chrome=129.0.6668.90)
Stacktrace:
	GetHandleVerifier [0x00007FF642E1B675+29573]
	(No symbol) [0x00007FF642D904A0]
	(No symbol) [0x00007FF642C4B6EA]
	(No symbol) [0x00007FF642CA74EE]
	(No symbol) [0x00007FF642CA4F3C]
	(No symbol) [0x00007FF642CA2408]
	(No symbol) [0x00007FF642CA161A]
	(No symbol) [0x00007FF642C936BE]
	(No symbol) [0x00007FF642CC72FA]
	(No symbol) [0x00007FF642C92FF6]
	(No symbol) [0x00007FF642CC7510]
	(No symbol) [0x00007FF642CE86BC]
	(No symbol) [0x00007FF642CC70A3]
	(No symbol) [0x00007FF642C912DF]
	(No symbol) [0x00007FF642C92441]
	GetHandleVerifier [0x00007FF64314C5BD+3375821]
	GetHandleVerifier [0x00007FF6431979B7+3684039]
	GetHandleVerifier [0x00007FF64318CDDB+3640043]
	GetHandleVerifier [0x00007FF642EDB7F6+816390]
	(No symbol) [0x00007FF642D9B7AF]
	(No symbol) [0x00007FF642D975D4]
	(No symbol) [0x00007FF642D97770]
	(No symbol) [0x00007FF642D865CF]
	BaseThreadInitThunk [0x00007FFFD2F3257D+29]
	RtlUserThreadStart [0x00007FFFD420AF08+40]

]]></error>
		<system-out><![CDATA[Tiempo de espera agotado. El elemento no está presente o no es clickeable.
¡Elemento encontrado y clickeado 3 veces con éxito!
¡Elemento encontrado y clickeado 7 veces con éxito!
¡Elemento encontrado y clickeado 3 veces con éxito!
El texto encontrado es  Estado De Mis Contratos
El texto es visible para el usuario
El texto fue validado correctamente: Contrato 108169
El texto es visible para el usuario
El texto fue validado correctamente: De Maiz
El texto es visible para el usuario: 'De 500.000,00 Kg Pactados'
]]></system-out>
	</testcase>
</testsuite>
