<?xml version="1.0" encoding="UTF-8"?>
<testsuite name="CtaCtoDtalLiquidaciones.detalle_cto_liquidaciones-failed" tests="1" file="CtaCtoDtalLiquidaciones.py" time="82.621" timestamp="2024-10-17T16:29:41" failures="0" errors="1" skipped="0">
	<testcase classname="CtaCtoDtalLiquidaciones.detalle_cto_liquidaciones" name="test_detail_liquidations" time="82.621" timestamp="2024-10-17T16:29:41" file="CtaCtoDtalLiquidaciones.py" line="22">
		<error type="AttributeError" message="'NoneType' object has no attribute 'is_displayed'"><![CDATA[Traceback (most recent call last):
  File "c:\Users\luist\repos\Automatizaciones_M-dulos-\CtaCtoDtalLiquidaciones.py", line 96, in test_detail_liquidations
    find_elements(self.driver, selet_list_contract )
  File "c:\Users\luist\repos\Automatizaciones_M-dulos-\Elements.py", line 19, in find_elements
    select_nex_button = WebDriverWait(driver, 10).until(
  File "C:\Users\luist\AppData\Roaming\Python\Python310\site-packages\selenium\webdriver\support\wait.py", line 96, in until
    value = method(self._driver)
  File "C:\Users\luist\AppData\Roaming\Python\Python310\site-packages\selenium\webdriver\support\expected_conditions.py", line 364, in _predicate
    element = visibility_of(target)(driver)
  File "C:\Users\luist\AppData\Roaming\Python\Python310\site-packages\selenium\webdriver\support\expected_conditions.py", line 173, in _predicate
    return _element_if_visible(element)
  File "C:\Users\luist\AppData\Roaming\Python\Python310\site-packages\selenium\webdriver\support\expected_conditions.py", line 179, in _element_if_visible
    return element if element.is_displayed() == visibility else False
AttributeError: 'NoneType' object has no attribute 'is_displayed'
]]></error>
		<system-out><![CDATA[¡Elemento encontrado y clickeado 3 veces con éxito!
¡Elemento encontrado y clickeado 8 veces con éxito!
¡Elemento encontrado y clickeado 3 veces con éxito!
Tiempo de espera agotado. El texto por texto no está presente.
]]></system-out>
	</testcase>
</testsuite>
