<?xml version="1.0" encoding="UTF-8"?>
<testsuite name="indicaInsumosHome.IndicaInsumosHome-failed" tests="1" file="indicaInsumosHome.py" time="26.141" timestamp="2024-10-28T12:24:15" failures="0" errors="0" skipped="0">
	<testcase classname="indicaInsumosHome.IndicaInsumosHome" name="test__indicators_home" time="26.141" timestamp="2024-10-28T12:24:15" file="indicaInsumosHome.py" line="18">
		<system-out><![CDATA[El texto no coincide con los valores esperados. Texto actual: 'Indicadores de Insumos (correspondiente a los últimos 12 meses)'
El texto encontrado es  Insumos Pendientes de Retirar
El texto es visible para el usuario: 'Fertilizante'
El valor es un carácter numérico. Valor: Cant: 220.483,00
El texto encontrado es  Mercadería Remitida
El texto es visible para el usuario: 'Fertilizantes'
El valor es un carácter numérico. Valor: Cant: 1.738.730,00
El texto encontrado es  Mercadería Facturada
El texto es visible para el usuario: 'Fertilizantes'
El valor es un carácter numérico. Valor: Cant: 1.579.190,00
]]></system-out>
	</testcase>
</testsuite>
