<?xml version="1.0" encoding="UTF-8"?>
<testsuite name="CtaCte_HistoVencido.cuenta_ctacte_histVencido-failed" tests="1" file="CtaCte_HistoVencido.py" time="92.045" timestamp="2024-09-11T16:35:50" failures="0" errors="0" skipped="0">
	<testcase classname="CtaCte_HistoVencido.cuenta_ctacte_histVencido" name="test_ctacte_historica" time="92.045" timestamp="2024-09-11T16:35:50" file="CtaCte_HistoVencido.py" line="17">
		<system-out><![CDATA[¡Elemento encontrado y clickeado 7 veces con éxito!
¡Elemento encontrado y clickeado 3 veces con éxito!
Tiempo de espera agotado. El texto por xpaht no está presente.
El valor es un carácter numérico. Valor: -300,75
El valor es un carácter numérico. Valor: 0,00
El texto encontrado es  CUENTA CORRIENTE
El texto no fue encontrado Movimiento FC 1118 00076291
El texto no fue encontrado - ARS 1.544.928,00
El texto no fue encontrado GASTOS DE COMER: S/240000 KG NETOS. Maiz Cosecha 2
]]></system-out>
	</testcase>
</testsuite>
