<?xml version="1.0" encoding="UTF-8"?>
<testsuite name="ConfiClientes.confi_registro_cliente-failed" tests="1" file="ConfiClientes.py" time="37.123" timestamp="2024-10-17T17:03:39" failures="0" errors="0" skipped="0">
	<testcase classname="ConfiClientes.confi_registro_cliente" name="test_record_client" time="37.123" timestamp="2024-10-17T17:03:39" file="ConfiClientes.py" line="19">
		<system-out><![CDATA[El texto encontrado es  Clientes
¡Input encontrado y enviado con éxito!
¡Input encontrado y enviado con éxito!
El texto encontrado es  DATOS GENERALES
El texto encontrado es  RAZON SOCIAL
El texto encontrado es  5 B S.A.
El texto encontrado es  CUIT
El texto encontrado es  30-71227027-2
El texto encontrado es  CELULAR
El texto encontrado es  03406 - 480479 / 15645641
El texto encontrado es  DATOS EXTRA
El texto encontrado es  COMERCIAL
El texto encontrado es  CORDOBA, RAMIRO
El texto encontrado es  CUENTA
El texto encontrado es  (2903) - 5 B S.A.
Test finalizado con éxito
]]></system-out>
	</testcase>
</testsuite>
