<?xml version="1.0" encoding="UTF-8"?>
<testsuite name="CtaCte_HistoApagar.cuenta_ctacte_histApagar-failed" tests="1" file="CtaCte_HistoApagar.py" time="98.269" timestamp="2024-08-28T12:39:23" failures="0" errors="0" skipped="0">
	<testcase classname="CtaCte_HistoApagar.cuenta_ctacte_histApagar" name="test_ctacte_historica" time="98.269" timestamp="2024-08-28T12:39:23" file="CtaCte_HistoApagar.py" line="17">
		<system-out><![CDATA[¡Elemento encontrado y clickeado 7 veces con éxito!
¡Elemento encontrado y clickeado 3 veces con éxito!
Tiempo de espera agotado. El texto por xpaht no está presente.
El valor es un carácter numérico. Valor: -1.537.135.076,15
El valor es un carácter numérico. Valor: -4.649.138,86
El texto encontrado es  CUENTA CORRIENTE
El texto no fue encontrado Movimiento AT 0011 00500764
El texto encontrado es  - ARS 100,25
El texto encontrado es  Comprobante registrado desde la APP SoftCereal
]]></system-out>
	</testcase>
</testsuite>
