<?xml version="1.0" encoding="UTF-8"?>
<testsuite name="ctacte_histoAcobrar.cuenta_ctacte_histAcobrar-failed" tests="1" file="ctacte_histoAcobrar.py" time="97.324" timestamp="2024-08-28T12:41:02" failures="0" errors="0" skipped="0">
	<testcase classname="ctacte_histoAcobrar.cuenta_ctacte_histAcobrar" name="test_ctacte_historica" time="97.324" timestamp="2024-08-28T12:41:02" file="ctacte_histoAcobrar.py" line="17">
		<system-out><![CDATA[¡Elemento encontrado y clickeado 7 veces con éxito!
¡Elemento encontrado y clickeado 3 veces con éxito!
Tiempo de espera agotado. El texto por xpaht no está presente.
El valor es un carácter numérico. Valor: 1.516.284.997,06
El valor es un carácter numérico. Valor: 4.837.351,06
El texto encontrado es  CUENTA CORRIENTE
El texto encontrado es  Movimiento LC 3302 11350773
El texto encontrado es  + ARS 19.640,53
El texto encontrado es  Liq.1116C SOJA 2223 100 Kgs. 100,00%
]]></system-out>
	</testcase>
</testsuite>
