<?xml version="1.0" encoding="UTF-8"?>
<testsuite name="logistOperPrimarias.logistOperPrimarias-failed" tests="1" file="logistOperPrimarias.py" time="149.830" timestamp="2024-09-11T16:54:11" failures="0" errors="1" skipped="0">
	<testcase classname="logistOperPrimarias.logistOperPrimarias" name="test_Logistics_primary" time="149.830" timestamp="2024-09-11T16:54:11" file="logistOperPrimarias.py" line="22">
		<error type="AttributeError" message="'NoneType' object has no attribute 'text'"><![CDATA[Traceback (most recent call last):
  File "c:\Users\luist\repos\Automatizaciones_M-dulos-\logistOperPrimarias.py", line 106, in test_Logistics_primary
    verify_todate(self.driver,select_todate)
  File "c:\Users\luist\repos\Automatizaciones_M-dulos-\Elements2.py", line 16, in verify_todate
    fecha_elemento = elemento_fecha.text.strip()
AttributeError: 'NoneType' object has no attribute 'text'
]]></error>
		<system-out><![CDATA[¡Input encontrado y enviado con éxito!
Tiempo de espera agotado. El chevron no están presentes o no son clickeables.
¡Input encontrado y enviado con éxito!
¡Input encontrado y enviado con éxito!
Tiempo de espera agotado. El elemento no está presente o no es clickeable.
¡Input encontrado y enviado con éxito!
]]></system-out>
	</testcase>
</testsuite>
