<?xml version="1.0" encoding="UTF-8"?>
<testsuite name="Cuentacontrato.contrato_tenant-failed" tests="1" file="Cuentacontrato.py" time="140.789" timestamp="2024-10-28T12:34:54" failures="0" errors="1" skipped="0">
	<testcase classname="Cuentacontrato.contrato_tenant" name="test_contrato_tenant" time="140.789" timestamp="2024-10-28T12:34:54" file="Cuentacontrato.py" line="22">
		<error type="NoSuchElementException" message="Message: no such element: Unable to locate element: {&quot;method&quot;:&quot;xpath&quot;,&quot;selector&quot;:&quot;/html/body/app-root/app-layout/app-vertical/div/div/div/div/app-detail-contract/div/div[1]/div[1]/div/span&quot;}
  (Session info: chrome=130.0.6723.70); For documentation on this error, please visit: https://www.selenium.dev/documentation/webdriver/troubleshooting/errors#no-such-element-exception
Stacktrace:
	GetHandleVerifier [0x00007FF66AAC3AB5+28005]
	(No symbol) [0x00007FF66AA283B0]
	(No symbol) [0x00007FF66A8C580A]
	(No symbol) [0x00007FF66A915A3E]
	(No symbol) [0x00007FF66A915D2C]
	(No symbol) [0x00007FF66A95EA97]
	(No symbol) [0x00007FF66A93BA7F]
	(No symbol) [0x00007FF66A95B8B3]
	(No symbol) [0x00007FF66A93B7E3]
	(No symbol) [0x00007FF66A9075C8]
	(No symbol) [0x00007FF66A908731]
	GetHandleVerifier [0x00007FF66ADB643D+3118829]
	GetHandleVerifier [0x00007FF66AE06C90+3448640]
	GetHandleVerifier [0x00007FF66ADFCF0D+3408317]
	GetHandleVerifier [0x00007FF66AB8A40B+841403]
	(No symbol) [0x00007FF66AA3340F]
	(No symbol) [0x00007FF66AA2F484]
	(No symbol) [0x00007FF66AA2F61D]
	(No symbol) [0x00007FF66AA1EB79]
	BaseThreadInitThunk [0x00007FF8AAC1257D+29]
	RtlUserThreadStart [0x00007FF8ABB0AF08+40]
"><![CDATA[Traceback (most recent call last):
  File "c:\Users\luist\repos\Automatizaciones_M-dulos-\Cuentacontrato.py", line 101, in test_contrato_tenant
    validate_text_visible(self.driver, element1, number_expected)
  File "c:\Users\luist\repos\Automatizaciones_M-dulos-\Elements.py", line 1177, in validate_text_visible
    element = driver.find_element(By.XPATH, xpath)
  File "C:\Users\luist\AppData\Roaming\Python\Python310\site-packages\selenium\webdriver\remote\webdriver.py", line 748, in find_element
    return self.execute(Command.FIND_ELEMENT, {"using": by, "value": value})["value"]
  File "C:\Users\luist\AppData\Roaming\Python\Python310\site-packages\selenium\webdriver\remote\webdriver.py", line 354, in execute
    self.error_handler.check_response(response)
  File "C:\Users\luist\AppData\Roaming\Python\Python310\site-packages\selenium\webdriver\remote\errorhandler.py", line 229, in check_response
    raise exception_class(message, screen, stacktrace)
selenium.common.exceptions.NoSuchElementException: Message: no such element: Unable to locate element: {"method":"xpath","selector":"/html/body/app-root/app-layout/app-vertical/div/div/div/div/app-detail-contract/div/div[1]/div[1]/div/span"}
  (Session info: chrome=130.0.6723.70); For documentation on this error, please visit: https://www.selenium.dev/documentation/webdriver/troubleshooting/errors#no-such-element-exception
Stacktrace:
	GetHandleVerifier [0x00007FF66AAC3AB5+28005]
	(No symbol) [0x00007FF66AA283B0]
	(No symbol) [0x00007FF66A8C580A]
	(No symbol) [0x00007FF66A915A3E]
	(No symbol) [0x00007FF66A915D2C]
	(No symbol) [0x00007FF66A95EA97]
	(No symbol) [0x00007FF66A93BA7F]
	(No symbol) [0x00007FF66A95B8B3]
	(No symbol) [0x00007FF66A93B7E3]
	(No symbol) [0x00007FF66A9075C8]
	(No symbol) [0x00007FF66A908731]
	GetHandleVerifier [0x00007FF66ADB643D+3118829]
	GetHandleVerifier [0x00007FF66AE06C90+3448640]
	GetHandleVerifier [0x00007FF66ADFCF0D+3408317]
	GetHandleVerifier [0x00007FF66AB8A40B+841403]
	(No symbol) [0x00007FF66AA3340F]
	(No symbol) [0x00007FF66AA2F484]
	(No symbol) [0x00007FF66AA2F61D]
	(No symbol) [0x00007FF66AA1EB79]
	BaseThreadInitThunk [0x00007FF8AAC1257D+29]
	RtlUserThreadStart [0x00007FF8ABB0AF08+40]

]]></error>
		<system-out><![CDATA[¡Elemento encontrado y clickeado 3 veces con éxito!
¡Elemento encontrado y clickeado 8 veces con éxito!
¡Elemento encontrado y clickeado 3 veces con éxito!
Tiempo de espera agotado. El texto por texto no está presente.
Tiempo de espera agotado. El elemento no está presente o no es clickeable.
]]></system-out>
	</testcase>
</testsuite>
