<?xml version="1.0" encoding="UTF-8"?>
<testsuite name="Onboarding.Onboarding_test_tenant-failed" tests="1" file="Onboarding.py" time="149.881" timestamp="2024-09-11T16:59:23" failures="0" errors="0" skipped="0">
	<testcase classname="Onboarding.Onboarding_test_tenant" name="test_tenat_onboarding" time="149.881" timestamp="2024-09-11T16:59:23" file="Onboarding.py" line="28">
		<system-out><![CDATA[El texto es visible para el usuario
El texto fue validado correctamente: DOCUMENTACIÓN
El texto es visible para el usuario
El texto fue validado correctamente: Para poder continuar al siguiente paso, será obligatorio completar los campos que se muestran a continuación.
Error presente. Intentando con otro CUIT.
Error presente. Intentando con otro CUIT.
Error presente. Intentando con otro CUIT.
CUIT válido insertado: 24-36421132-1
Archivo 'C:/Users/luist/OneDrive/Escritorio/Facturas/Contratos-1023-JUAN DEMO.xls' cargado con éxito después de hacer clic en el chevron!
Checkbox con XPAHT '/html/body/app-root/app-layout/app-vertical/div/div/div/div/app-documentation-process/div/div/aw-wizard/div/app-account-type/div/div[3]/app-checks/div/input' seleccionado con éxito!
El texto es visible para el usuario
El texto fue validado correctamente: Estado Impositivo
El texto es visible para el usuario
El texto fue validado correctamente: Apertura de legajo
Archivo 'C:/Users/luist/OneDrive/Escritorio/Facturas/fractura Bezatbeth_files/factura Bezatbeth.pdf' cargado con éxito después de hacer clic en el chevron!
Archivo 'C:/Users/luist/OneDrive/Escritorio/Facturas/fractura Bezatbeth_files/factura Bezatbeth.pdf' cargado con éxito después de hacer clic en el chevron!
Archivo 'C:/Users/luist/OneDrive/Escritorio/Facturas/fractura Bezatbeth_files/factura Bezatbeth.pdf' cargado con éxito después de hacer clic en el chevron!
Archivo 'C:/Users/luist/OneDrive/Escritorio/Facturas/fractura Bezatbeth_files/factura Bezatbeth.pdf' cargado con éxito después de hacer clic en el chevron!
El texto es visible para el usuario
El texto fue validado correctamente: Gestión de Lineas de Crédito
Archivo 'C:/Users/luist/OneDrive/Escritorio/Facturas/fractura Bezatbeth_files/factura Bezatbeth.pdf' cargado con éxito después de hacer clic en el chevron!
Archivo 'C:/Users/luist/OneDrive/Escritorio/Facturas/fractura Bezatbeth_files/factura Bezatbeth.pdf' cargado con éxito después de hacer clic en el chevron!
Archivo 'C:/Users/luist/OneDrive/Escritorio/Facturas/fractura Bezatbeth_files/factura Bezatbeth.pdf' cargado con éxito después de hacer clic en el chevron!
El texto es visible para el usuario
El texto fue validado correctamente: Terceros autorizados a retirar insumos
Se generó y escribió el DNI verificado: 15225187S
]]></system-out>
	</testcase>
</testsuite>
