<?xml version="1.0" encoding="UTF-8"?>
<testsuite name="Ventas.cuenta_ventas-failed" tests="1" file="Ventas.py" time="51.478" timestamp="2024-10-17T16:34:03" failures="0" errors="0" skipped="0">
	<testcase classname="Ventas.cuenta_ventas" name="test_cuenta_ventas" time="51.478" timestamp="2024-10-17T16:34:03" file="Ventas.py" line="24">
		<system-out><![CDATA[El texto es visible para el usuario
El texto fue validado correctamente: Mis Ventas
El valor es un carácter alfabético. Valor: Producto
El valor es un carácter alfabético. Valor: Soja
El valor es un carácter alfabético. Valor: Fecha
El valor es un string. Valor: 16/10/2024
El valor es un carácter alfabético. Valor: Comprobante
El valor es un string. Valor: F 0001 00129963
El valor es un string. Valor: Tn Fijados
El valor es un carácter numérico. Valor: 0,10
El texto es visible para el usuario
El texto fue validado correctamente: Precio
El valor es un carácter numérico. Valor: 100.000,00
El texto encontrado es  Moneda
El texto no fue encontrado ARS
]]></system-out>
	</testcase>
</testsuite>
