<?xml version="1.0" encoding="UTF-8"?>
<testsuite name="ReportCompPenFact.reportPendFacturar-failed" tests="1" file="ReportCompPenFact.py" time="58.759" timestamp="2024-10-17T16:51:03" failures="0" errors="0" skipped="0">
	<testcase classname="ReportCompPenFact.reportPendFacturar" name="test_Report_PendFacturar" time="58.759" timestamp="2024-10-17T16:51:03" file="ReportCompPenFact.py" line="18">
		<system-out><![CDATA[El texto encontrado es  Comprobantes Pendientes de Facturar
El texto no fue encontrado Comprobante
El valor es un string. Valor: 30/08/2024
El texto no fue encontrado Artículo
El valor es un string. Valor: PED 0051 00017659
El texto no fue encontrado Cantidad
El valor es un carácter numérico. Valor: 110002 - Aceite mineral Novaoil x 20 lts NOVA SA.
El texto no fue encontrado Cant. Pend.
El valor es un carácter numérico. Valor: 300
El texto no fue encontrado Moneda
El texto no fue encontrado USD
El texto no fue encontrado Precio
El valor no es un carácter numérico. Valor: USD
El texto no fue encontrado Total USD
El valor es un carácter numérico. Valor: 2.000,00
El texto no fue encontrado Total ARS
El valor es un carácter numérico. Valor: 600.000,00
El texto encontrado es  DATOS DEL COMPROBANTE PENDIENTE DE FACTURAR
El texto encontrado es  FECHA
El valor es un carácter numérico. Valor: 30/08/2024
El texto encontrado es  ARTÍCULO
El valor es un string. Valor: 110002 - Aceite mineral Novaoil x 20 lts NOVA SA.
]]></system-out>
	</testcase>
</testsuite>
