<?xml version="1.0" encoding="UTF-8"?>
<testsuite name="comproCtaCte.comprobantectacte-failed" tests="1" file="comproCtaCte.py" time="64.761" timestamp="2024-09-11T16:36:57" failures="0" errors="0" skipped="0">
	<testcase classname="comproCtaCte.comprobantectacte" name="test_vouchers_ctacte" time="64.761" timestamp="2024-09-11T16:36:57" file="comproCtaCte.py" line="15">
		<system-out><![CDATA[El texto no fue encontrado COMPROBANTES
¡Elemento encontrado y clickeado 8 veces con éxito!
¡Elemento encontrado y clickeado 1 veces con éxito!
El texto encontrado es  Mis Comprobantes
El texto no fue encontrado NC 1053 00000779
El texto no fue encontrado FC 1051 00014531
El texto encontrado es  El comprobante seleccionado no se encuentra para su descarga
]]></system-out>
	</testcase>
</testsuite>
