<?xml version="1.0" encoding="UTF-8"?>
<testsuite name="MisIntenciones.mis_intenciones-failed" tests="2" file="MisIntenciones.py" time="127.729" timestamp="2024-08-28T11:57:26" failures="0" errors="2" skipped="0">
	<testcase classname="MisIntenciones.mis_intenciones" name="test_my_intentions" time="0.000" timestamp="0001-01-01T00:00:00" file="MisIntenciones.py" line="22">
		<error type="AttributeError" message="'NoneType' object has no attribute 'is_displayed'"><![CDATA[Traceback (most recent call last):
  File "c:\Users\luist\repos\Automatizaciones-SILOHUB-\MisIntenciones.py", line 71, in test_my_intentions
    find_elements(self.driver, select_button_next)
  File "c:\Users\luist\repos\Automatizaciones-SILOHUB-\Elements.py", line 19, in find_elements
    select_nex_button = WebDriverWait(driver, 10).until(
  File "C:\Users\luist\AppData\Roaming\Python\Python310\site-packages\selenium\webdriver\support\wait.py", line 96, in until
    value = method(self._driver)
  File "C:\Users\luist\AppData\Roaming\Python\Python310\site-packages\selenium\webdriver\support\expected_conditions.py", line 364, in _predicate
    element = visibility_of(target)(driver)
  File "C:\Users\luist\AppData\Roaming\Python\Python310\site-packages\selenium\webdriver\support\expected_conditions.py", line 173, in _predicate
    return _element_if_visible(element)
  File "C:\Users\luist\AppData\Roaming\Python\Python310\site-packages\selenium\webdriver\support\expected_conditions.py", line 179, in _element_if_visible
    return element if element.is_displayed() == visibility else False
AttributeError: 'NoneType' object has no attribute 'is_displayed'
]]></error>
		<system-out><![CDATA[Tiempo de espera agotado. El elemento no est치 presente o no es clickeable.
Tiempo de espera agotado. El elemento no est치 presente o no es clickeable.
]]></system-out>
	</testcase>
	<testcase classname="MisIntenciones.mis_intenciones" name="test_my_intentions" time="127.729" timestamp="2024-08-28T11:57:26" file="MisIntenciones.py" line="22">
		<error type="NoSuchWindowException" message="Message: no such window: target window already closed
from unknown error: web view not found
  (Session info: chrome=128.0.6613.85)
Stacktrace:
	GetHandleVerifier [0x00007FF77CDDB632+29090]
	(No symbol) [0x00007FF77CD4E6E9]
	(No symbol) [0x00007FF77CC0B1CA]
	(No symbol) [0x00007FF77CBDFAF5]
	(No symbol) [0x00007FF77CC8E2E7]
	(No symbol) [0x00007FF77CC953D8]
	(No symbol) [0x00007FF77CC866B0]
	(No symbol) [0x00007FF77CC509B1]
	(No symbol) [0x00007FF77CC51B11]
	GetHandleVerifier [0x00007FF77D0F881D+3294093]
	GetHandleVerifier [0x00007FF77D144403+3604339]
	GetHandleVerifier [0x00007FF77D13A2C7+3563063]
	GetHandleVerifier [0x00007FF77CE96F16+797318]
	(No symbol) [0x00007FF77CD5986F]
	(No symbol) [0x00007FF77CD55454]
	(No symbol) [0x00007FF77CD555E0]
	(No symbol) [0x00007FF77CD44A7F]
	BaseThreadInitThunk [0x00007FFFFD25257D+29]
	RtlUserThreadStart [0x00007FFFFDBAAF28+40]
"><![CDATA[Traceback (most recent call last):
  File "c:\Users\luist\repos\Automatizaciones-SILOHUB-\MisIntenciones.py", line 95, in tearDown
    self.driver.close()
  File "C:\Users\luist\AppData\Roaming\Python\Python310\site-packages\selenium\webdriver\remote\webdriver.py", line 465, in close
    self.execute(Command.CLOSE)
  File "C:\Users\luist\AppData\Roaming\Python\Python310\site-packages\selenium\webdriver\remote\webdriver.py", line 354, in execute
    self.error_handler.check_response(response)
  File "C:\Users\luist\AppData\Roaming\Python\Python310\site-packages\selenium\webdriver\remote\errorhandler.py", line 229, in check_response
    raise exception_class(message, screen, stacktrace)
selenium.common.exceptions.NoSuchWindowException: Message: no such window: target window already closed
from unknown error: web view not found
  (Session info: chrome=128.0.6613.85)
Stacktrace:
	GetHandleVerifier [0x00007FF77CDDB632+29090]
	(No symbol) [0x00007FF77CD4E6E9]
	(No symbol) [0x00007FF77CC0B1CA]
	(No symbol) [0x00007FF77CBDFAF5]
	(No symbol) [0x00007FF77CC8E2E7]
	(No symbol) [0x00007FF77CC953D8]
	(No symbol) [0x00007FF77CC866B0]
	(No symbol) [0x00007FF77CC509B1]
	(No symbol) [0x00007FF77CC51B11]
	GetHandleVerifier [0x00007FF77D0F881D+3294093]
	GetHandleVerifier [0x00007FF77D144403+3604339]
	GetHandleVerifier [0x00007FF77D13A2C7+3563063]
	GetHandleVerifier [0x00007FF77CE96F16+797318]
	(No symbol) [0x00007FF77CD5986F]
	(No symbol) [0x00007FF77CD55454]
	(No symbol) [0x00007FF77CD555E0]
	(No symbol) [0x00007FF77CD44A7F]
	BaseThreadInitThunk [0x00007FFFFD25257D+29]
	RtlUserThreadStart [0x00007FFFFDBAAF28+40]

]]></error>
		<system-out><![CDATA[Tiempo de espera agotado. El elemento no est치 presente o no es clickeable.
Tiempo de espera agotado. El elemento no est치 presente o no es clickeable.
]]></system-out>
	</testcase>
</testsuite>
