<?xml version="1.0" encoding="UTF-8"?>
<testsuite name="comproEntregas.comprobanteEntregas-failed" tests="1" file="comproEntregas.py" time="58.934" timestamp="2024-08-28T12:54:42" failures="0" errors="0" skipped="0">
	<testcase classname="comproEntregas.comprobanteEntregas" name="test_vouchers_delivery" time="58.934" timestamp="2024-08-28T12:54:42" file="comproEntregas.py" line="15">
		<system-out><![CDATA[El texto no fue encontrado COMPROBANTES
¡Elemento encontrado y clickeado 8 veces con éxito!
¡Elemento encontrado y clickeado 1 veces con éxito!
El texto encontrado es  Mis Comprobantes
El texto no fue encontrado TK 0001 00127175
El texto no fue encontrado TK 0001 00127180
El texto encontrado es  El comprobante seleccionado no se encuentra para su descarga
]]></system-out>
	</testcase>
</testsuite>
