<?xml version="1.0" encoding="UTF-8"?>
<testsuite name="comproEntregas.comprobanteEntregas-failed" tests="1" file="comproEntregas.py" time="323.058" timestamp="2024-09-11T16:43:15" failures="0" errors="0" skipped="0">
	<testcase classname="comproEntregas.comprobanteEntregas" name="test_vouchers_delivery" time="323.058" timestamp="2024-09-11T16:43:15" file="comproEntregas.py" line="15">
		<system-out><![CDATA[El texto encontrado es  COMPROBANTES
¡Elemento encontrado y clickeado 8 veces con éxito!
¡Elemento encontrado y clickeado 1 veces con éxito!
Tiempo de espera agotado. El texto por xpaht no está presente.
Tiempo de espera agotado. El elemento no está presente o no es clickeable.
Tiempo de espera agotado. El texto por xpaht no está presente.
Tiempo de espera agotado. El elemento no está presente o no es visible.
Tiempo de espera agotado. El texto por xpaht no está presente.
Tiempo de espera agotado. El elemento no está presente o no es clickeable.
Tiempo de espera agotado. El elemento no está presente o no es clickeable.
Tiempo de espera agotado. El texto por xpaht no está presente.
Tiempo de espera agotado. El elemento no está presente o no es clickeable.
]]></system-out>
	</testcase>
</testsuite>
