<?xml version="1.0" encoding="UTF-8"?>
<testsuite name="insumos_producto.insumosProductos-failed" tests="2" file="insumos_producto.py" time="141.766" timestamp="2024-10-17T16:15:47" failures="0" errors="2" skipped="0">
	<testcase classname="insumos_producto.insumosProductos" name="test_supplies_products" time="0.000" timestamp="0001-01-01T00:00:00" file="insumos_producto.py" line="19">
		<error type="NoSuchWindowException" message="Message: no such window: target window already closed
from unknown error: web view not found
  (Session info: chrome=130.0.6723.58)
Stacktrace:
	GetHandleVerifier [0x00007FF76563E1F5+2972373]
	(No symbol) [0x00007FF7652D55F0]
	(No symbol) [0x00007FF7651757FA]
	(No symbol) [0x00007FF76514FA85]
	(No symbol) [0x00007FF7651F2B17]
	(No symbol) [0x00007FF76520B1D1]
	(No symbol) [0x00007FF7651EB823]
	(No symbol) [0x00007FF7651B75E8]
	(No symbol) [0x00007FF7651B8751]
	GetHandleVerifier [0x00007FF7656647BD+3129501]
	GetHandleVerifier [0x00007FF7656B4D00+3458528]
	GetHandleVerifier [0x00007FF7656AB05D+3418429]
	GetHandleVerifier [0x00007FF76543687B+844123]
	(No symbol) [0x00007FF7652E0AFF]
	(No symbol) [0x00007FF7652DC6D4]
	(No symbol) [0x00007FF7652DC86D]
	(No symbol) [0x00007FF7652CBD79]
	BaseThreadInitThunk [0x00007FF92EF0257D+29]
	RtlUserThreadStart [0x00007FF93006AF08+40]
"><![CDATA[Traceback (most recent call last):
  File "c:\Users\luist\repos\Automatizaciones_M-dulos-\insumos_producto.py", line 88, in test_supplies_products
    validate_text(self.driver,title_page_car, title_page_car_obtained )
  File "c:\Users\luist\repos\Automatizaciones_M-dulos-\Elements.py", line 1000, in validate_text
    elemento = WebDriverWait(driver, 10).until(
  File "C:\Users\luist\AppData\Roaming\Python\Python310\site-packages\selenium\webdriver\support\wait.py", line 96, in until
    value = method(self._driver)
  File "C:\Users\luist\AppData\Roaming\Python\Python310\site-packages\selenium\webdriver\support\expected_conditions.py", line 84, in _predicate
    return driver.find_element(*locator)
  File "C:\Users\luist\AppData\Roaming\Python\Python310\site-packages\selenium\webdriver\remote\webdriver.py", line 748, in find_element
    return self.execute(Command.FIND_ELEMENT, {"using": by, "value": value})["value"]
  File "C:\Users\luist\AppData\Roaming\Python\Python310\site-packages\selenium\webdriver\remote\webdriver.py", line 354, in execute
    self.error_handler.check_response(response)
  File "C:\Users\luist\AppData\Roaming\Python\Python310\site-packages\selenium\webdriver\remote\errorhandler.py", line 229, in check_response
    raise exception_class(message, screen, stacktrace)
selenium.common.exceptions.NoSuchWindowException: Message: no such window: target window already closed
from unknown error: web view not found
  (Session info: chrome=130.0.6723.58)
Stacktrace:
	GetHandleVerifier [0x00007FF76563E1F5+2972373]
	(No symbol) [0x00007FF7652D55F0]
	(No symbol) [0x00007FF7651757FA]
	(No symbol) [0x00007FF76514FA85]
	(No symbol) [0x00007FF7651F2B17]
	(No symbol) [0x00007FF76520B1D1]
	(No symbol) [0x00007FF7651EB823]
	(No symbol) [0x00007FF7651B75E8]
	(No symbol) [0x00007FF7651B8751]
	GetHandleVerifier [0x00007FF7656647BD+3129501]
	GetHandleVerifier [0x00007FF7656B4D00+3458528]
	GetHandleVerifier [0x00007FF7656AB05D+3418429]
	GetHandleVerifier [0x00007FF76543687B+844123]
	(No symbol) [0x00007FF7652E0AFF]
	(No symbol) [0x00007FF7652DC6D4]
	(No symbol) [0x00007FF7652DC86D]
	(No symbol) [0x00007FF7652CBD79]
	BaseThreadInitThunk [0x00007FF92EF0257D+29]
	RtlUserThreadStart [0x00007FF93006AF08+40]

]]></error>
		<system-out><![CDATA[El texto encontrado es  PRODUCTOS
¡Input encontrado y enviado con éxito!
¡Valor '30 días' ingresado y opción seleccionada con éxito!
Tiempo de espera agotado. El elemento no está presente o no es clickeable.
Tiempo de espera agotado. El elemento no está presente o no es clickeable.
Tiempo de espera agotado. El elemento no está presente o no es clickeable.
]]></system-out>
	</testcase>
	<testcase classname="insumos_producto.insumosProductos" name="test_supplies_products" time="141.766" timestamp="2024-10-17T16:15:47" file="insumos_producto.py" line="19">
		<error type="WebDriverException" message="Message: disconnected: not connected to DevTools
  (failed to check if window was closed: disconnected: not connected to DevTools)
  (Session info: chrome=130.0.6723.58)
Stacktrace:
	GetHandleVerifier [0x00007FF76563E1F5+2972373]
	(No symbol) [0x00007FF7652D55F0]
	(No symbol) [0x00007FF7651757FA]
	(No symbol) [0x00007FF765160B06]
	(No symbol) [0x00007FF765161FCF]
	(No symbol) [0x00007FF765175E13]
	(No symbol) [0x00007FF76514F55D]
	(No symbol) [0x00007FF7651F9D19]
	(No symbol) [0x00007FF7651EBA40]
	(No symbol) [0x00007FF7651B75E8]
	(No symbol) [0x00007FF7651B8751]
	GetHandleVerifier [0x00007FF7656647BD+3129501]
	GetHandleVerifier [0x00007FF7656B4D00+3458528]
	GetHandleVerifier [0x00007FF7656AB05D+3418429]
	GetHandleVerifier [0x00007FF76543687B+844123]
	(No symbol) [0x00007FF7652E0AFF]
	(No symbol) [0x00007FF7652DC6D4]
	(No symbol) [0x00007FF7652DC86D]
	(No symbol) [0x00007FF7652CBD79]
	BaseThreadInitThunk [0x00007FF92EF0257D+29]
	RtlUserThreadStart [0x00007FF93006AF08+40]
"><![CDATA[Traceback (most recent call last):
  File "c:\Users\luist\repos\Automatizaciones_M-dulos-\insumos_producto.py", line 212, in tearDown
    self.driver.close()
  File "C:\Users\luist\AppData\Roaming\Python\Python310\site-packages\selenium\webdriver\remote\webdriver.py", line 465, in close
    self.execute(Command.CLOSE)
  File "C:\Users\luist\AppData\Roaming\Python\Python310\site-packages\selenium\webdriver\remote\webdriver.py", line 354, in execute
    self.error_handler.check_response(response)
  File "C:\Users\luist\AppData\Roaming\Python\Python310\site-packages\selenium\webdriver\remote\errorhandler.py", line 229, in check_response
    raise exception_class(message, screen, stacktrace)
selenium.common.exceptions.WebDriverException: Message: disconnected: not connected to DevTools
  (failed to check if window was closed: disconnected: not connected to DevTools)
  (Session info: chrome=130.0.6723.58)
Stacktrace:
	GetHandleVerifier [0x00007FF76563E1F5+2972373]
	(No symbol) [0x00007FF7652D55F0]
	(No symbol) [0x00007FF7651757FA]
	(No symbol) [0x00007FF765160B06]
	(No symbol) [0x00007FF765161FCF]
	(No symbol) [0x00007FF765175E13]
	(No symbol) [0x00007FF76514F55D]
	(No symbol) [0x00007FF7651F9D19]
	(No symbol) [0x00007FF7651EBA40]
	(No symbol) [0x00007FF7651B75E8]
	(No symbol) [0x00007FF7651B8751]
	GetHandleVerifier [0x00007FF7656647BD+3129501]
	GetHandleVerifier [0x00007FF7656B4D00+3458528]
	GetHandleVerifier [0x00007FF7656AB05D+3418429]
	GetHandleVerifier [0x00007FF76543687B+844123]
	(No symbol) [0x00007FF7652E0AFF]
	(No symbol) [0x00007FF7652DC6D4]
	(No symbol) [0x00007FF7652DC86D]
	(No symbol) [0x00007FF7652CBD79]
	BaseThreadInitThunk [0x00007FF92EF0257D+29]
	RtlUserThreadStart [0x00007FF93006AF08+40]

]]></error>
		<system-out><![CDATA[El texto encontrado es  PRODUCTOS
¡Input encontrado y enviado con éxito!
¡Valor '30 días' ingresado y opción seleccionada con éxito!
Tiempo de espera agotado. El elemento no está presente o no es clickeable.
Tiempo de espera agotado. El elemento no está presente o no es clickeable.
Tiempo de espera agotado. El elemento no está presente o no es clickeable.
]]></system-out>
	</testcase>
</testsuite>
