<?xml version="1.0" encoding="UTF-8"?>
<testsuite name="EntregasAplicadas.cta_entregasAplicadas-failed" tests="2" file="EntregasAplicadas.py" time="157.112" timestamp="2024-10-09T15:39:36" failures="0" errors="2" skipped="0">
	<testcase classname="EntregasAplicadas.cta_entregasAplicadas" name="test_delivery_applied" time="0.000" timestamp="0001-01-01T00:00:00" file="EntregasAplicadas.py" line="22">
		<error type="AttributeError" message="'NoneType' object has no attribute 'is_displayed'"><![CDATA[Traceback (most recent call last):
  File "c:\Users\luist\repos\Automatizaciones_M-dulos-\EntregasAplicadas.py", line 68, in test_delivery_applied
    find_elements(self.driver, apply_state_filter )
  File "c:\Users\luist\repos\Automatizaciones_M-dulos-\Elements.py", line 19, in find_elements
    select_nex_button = WebDriverWait(driver, 10).until(
  File "C:\Users\luist\AppData\Roaming\Python\Python310\site-packages\selenium\webdriver\support\wait.py", line 96, in until
    value = method(self._driver)
  File "C:\Users\luist\AppData\Roaming\Python\Python310\site-packages\selenium\webdriver\support\expected_conditions.py", line 364, in _predicate
    element = visibility_of(target)(driver)
  File "C:\Users\luist\AppData\Roaming\Python\Python310\site-packages\selenium\webdriver\support\expected_conditions.py", line 173, in _predicate
    return _element_if_visible(element)
  File "C:\Users\luist\AppData\Roaming\Python\Python310\site-packages\selenium\webdriver\support\expected_conditions.py", line 179, in _element_if_visible
    return element if element.is_displayed() == visibility else False
AttributeError: 'NoneType' object has no attribute 'is_displayed'
]]></error>
		<system-out><![CDATA[El texto no fue encontrado MIS ENTREGAS
Tiempo de espera agotado. El elemento no está presente o no es clickeable.
Tiempo de espera agotado. El elemento no está presente o no es clickeable.
Tiempo de espera agotado. El elemento no está presente o no es clickeable.
Tiempo de espera agotado. El elemento no está presente o no es clickeable.
]]></system-out>
	</testcase>
	<testcase classname="EntregasAplicadas.cta_entregasAplicadas" name="test_delivery_applied" time="157.112" timestamp="2024-10-09T15:39:36" file="EntregasAplicadas.py" line="22">
		<error type="NoSuchWindowException" message="Message: no such window: target window already closed
from unknown error: web view not found
  (Session info: chrome=129.0.6668.90)
Stacktrace:
	GetHandleVerifier [0x00007FF642E1B675+29573]
	(No symbol) [0x00007FF642D904A0]
	(No symbol) [0x00007FF642C4B6EA]
	(No symbol) [0x00007FF642C1FCD5]
	(No symbol) [0x00007FF642CCEF67]
	(No symbol) [0x00007FF642CD64F8]
	(No symbol) [0x00007FF642CC72C0]
	(No symbol) [0x00007FF642C912DF]
	(No symbol) [0x00007FF642C92441]
	GetHandleVerifier [0x00007FF64314C5BD+3375821]
	GetHandleVerifier [0x00007FF6431979B7+3684039]
	GetHandleVerifier [0x00007FF64318CDDB+3640043]
	GetHandleVerifier [0x00007FF642EDB7F6+816390]
	(No symbol) [0x00007FF642D9B7AF]
	(No symbol) [0x00007FF642D975D4]
	(No symbol) [0x00007FF642D97770]
	(No symbol) [0x00007FF642D865CF]
	BaseThreadInitThunk [0x00007FFFD2F3257D+29]
	RtlUserThreadStart [0x00007FFFD420AF08+40]
"><![CDATA[Traceback (most recent call last):
  File "c:\Users\luist\repos\Automatizaciones_M-dulos-\EntregasAplicadas.py", line 232, in tearDown
    self.driver.close()
  File "C:\Users\luist\AppData\Roaming\Python\Python310\site-packages\selenium\webdriver\remote\webdriver.py", line 465, in close
    self.execute(Command.CLOSE)
  File "C:\Users\luist\AppData\Roaming\Python\Python310\site-packages\selenium\webdriver\remote\webdriver.py", line 354, in execute
    self.error_handler.check_response(response)
  File "C:\Users\luist\AppData\Roaming\Python\Python310\site-packages\selenium\webdriver\remote\errorhandler.py", line 229, in check_response
    raise exception_class(message, screen, stacktrace)
selenium.common.exceptions.NoSuchWindowException: Message: no such window: target window already closed
from unknown error: web view not found
  (Session info: chrome=129.0.6668.90)
Stacktrace:
	GetHandleVerifier [0x00007FF642E1B675+29573]
	(No symbol) [0x00007FF642D904A0]
	(No symbol) [0x00007FF642C4B6EA]
	(No symbol) [0x00007FF642C1FCD5]
	(No symbol) [0x00007FF642CCEF67]
	(No symbol) [0x00007FF642CD64F8]
	(No symbol) [0x00007FF642CC72C0]
	(No symbol) [0x00007FF642C912DF]
	(No symbol) [0x00007FF642C92441]
	GetHandleVerifier [0x00007FF64314C5BD+3375821]
	GetHandleVerifier [0x00007FF6431979B7+3684039]
	GetHandleVerifier [0x00007FF64318CDDB+3640043]
	GetHandleVerifier [0x00007FF642EDB7F6+816390]
	(No symbol) [0x00007FF642D9B7AF]
	(No symbol) [0x00007FF642D975D4]
	(No symbol) [0x00007FF642D97770]
	(No symbol) [0x00007FF642D865CF]
	BaseThreadInitThunk [0x00007FFFD2F3257D+29]
	RtlUserThreadStart [0x00007FFFD420AF08+40]

]]></error>
		<system-out><![CDATA[El texto no fue encontrado MIS ENTREGAS
Tiempo de espera agotado. El elemento no está presente o no es clickeable.
Tiempo de espera agotado. El elemento no está presente o no es clickeable.
Tiempo de espera agotado. El elemento no está presente o no es clickeable.
Tiempo de espera agotado. El elemento no está presente o no es clickeable.
]]></system-out>
	</testcase>
</testsuite>
