<?xml version="1.0" encoding="UTF-8"?>
<testsuite name="ctacte_HistVencidoV2.cuenta_ctacte_histVencidoV2-failed" tests="1" file="ctacte_HistVencidoV2.py" time="56.557" timestamp="2024-11-06T14:40:16" failures="0" errors="0" skipped="0">
	<testcase classname="ctacte_HistVencidoV2.cuenta_ctacte_histVencidoV2" name="test_ctacte_historica" time="56.557" timestamp="2024-11-06T14:40:16" file="ctacte_HistVencidoV2.py" line="18">
		<system-out><![CDATA[El texto encontrado es  Cuenta Corriente
El valor es un carácter numérico. Valor: -23.177.119,20
El valor es un carácter numérico. Valor: 0,00
El texto encontrado es  CUENTA CORRIENTE
El valor es un string. Valor: Movimiento IC 3302 11350775
El valor es un string. Valor: + ARS 14.208,47
El valor es un string. Valor: IVA CBU Liq.1116C MAIZ 2324 39320 Kgs.
]]></system-out>
	</testcase>
</testsuite>
