<?xml version="1.0" encoding="UTF-8"?>
<testsuite name="ctacte_ApliApagar.cta_cte_apliApagar-failed" tests="1" file="ctacte_ApliApagar.py" time="55.367" timestamp="2024-10-28T12:48:26" failures="0" errors="0" skipped="0">
	<testcase classname="ctacte_ApliApagar.cta_cte_apliApagar" name="test_ctacte_apliApagar" time="55.367" timestamp="2024-10-28T12:48:26" file="ctacte_ApliApagar.py" line="18">
		<system-out><![CDATA[El texto encontrado es  Cuenta Corriente Aplicada
El valor es un carácter numérico. Valor: -1.164.156.120,51
El valor es un carácter numérico. Valor: -986.983.714,30
El valor es un carácter numérico. Valor: -850.563,64
El texto encontrado es  CUENTA CORRIENTE
El valor es un string. Valor: Movimiento ND 1052 00127094
El valor es un string. Valor: - ARS 333.234,00
El valor es un string. Valor: CTG: 10116939112 / 10216975666-
]]></system-out>
	</testcase>
</testsuite>
