<?xml version="1.0" encoding="UTF-8"?>
<testsuite name="ReportEntreVentas.reportEntregasVentas-failed" tests="1" file="ReportEntreVentas.py" time="90.522" timestamp="2024-10-28T13:04:04" failures="0" errors="0" skipped="0">
	<testcase classname="ReportEntreVentas.reportEntregasVentas" name="test_Report_deliverySales" time="90.522" timestamp="2024-10-28T13:04:04" file="ReportEntreVentas.py" line="17">
		<system-out><![CDATA[El texto encontrado es  Entregas y Ventas
El texto encontrado es  Soja
El texto no fue encontrado 23/24
El texto encontrado es  Kilos Entregados
El valor es un carácter numérico. Valor: 0
El texto encontrado es  Otros Movimientos
El valor es un carácter numérico. Valor: 0
El texto encontrado es  Kilos Vendidos
El valor es un carácter numérico. Valor: 2.466.682
El texto encontrado es  Kilos Solicitados
El valor es un carácter numérico. Valor: 0
El texto encontrado es  Kilos a Fijar
El valor es un carácter numérico. Valor: 1.556.918
El texto encontrado es  Saldo
El valor es un carácter numérico. Valor: -2.466.682
El texto encontrado es  Saldo Comercial
El valor es un carácter numérico. Valor: -4.023.600
]]></system-out>
	</testcase>
</testsuite>
