<?xml version="1.0" encoding="UTF-8"?>
<testsuite name="Onboarding.Onboarding_test_tenant-failed" tests="1" file="Onboarding.py" time="209.567" timestamp="2024-10-28T13:18:44" failures="0" errors="1" skipped="0">
	<testcase classname="Onboarding.Onboarding_test_tenant" name="test_tenat_onboarding" time="209.567" timestamp="2024-10-28T13:18:44" file="Onboarding.py" line="28">
		<error type="ElementClickInterceptedException" message="Message: element click intercepted: Element &lt;button _ngcontent-elu-c179=&quot;&quot; type=&quot;button&quot; class=&quot;btn waves-effect waves-light fw-bold d-flex justify-content-center shadow-none button btn-primary w-100&quot;&gt;...&lt;/button&gt; is not clickable at point (750, 267). Other element would receive the click: &lt;img _ngcontent-elu-c382=&quot;&quot; src=&quot;assets/images/custom-icons/documentation/indentity-validation/selfie.svg&quot; alt=&quot;Selfie (3/3)&quot;&gt;
  (Session info: chrome=130.0.6723.70)
Stacktrace:
	GetHandleVerifier [0x00007FF66AAC3AB5+28005]
	(No symbol) [0x00007FF66AA283B0]
	(No symbol) [0x00007FF66A8C580A]
	(No symbol) [0x00007FF66A91D6CE]
	(No symbol) [0x00007FF66A91B16C]
	(No symbol) [0x00007FF66A918628]
	(No symbol) [0x00007FF66A91785D]
	(No symbol) [0x00007FF66A90990E]
	(No symbol) [0x00007FF66A93BA3A]
	(No symbol) [0x00007FF66A909246]
	(No symbol) [0x00007FF66A93BC50]
	(No symbol) [0x00007FF66A95B8B3]
	(No symbol) [0x00007FF66A93B7E3]
	(No symbol) [0x00007FF66A9075C8]
	(No symbol) [0x00007FF66A908731]
	GetHandleVerifier [0x00007FF66ADB643D+3118829]
	GetHandleVerifier [0x00007FF66AE06C90+3448640]
	GetHandleVerifier [0x00007FF66ADFCF0D+3408317]
	GetHandleVerifier [0x00007FF66AB8A40B+841403]
	(No symbol) [0x00007FF66AA3340F]
	(No symbol) [0x00007FF66AA2F484]
	(No symbol) [0x00007FF66AA2F61D]
	(No symbol) [0x00007FF66AA1EB79]
	BaseThreadInitThunk [0x00007FF8AAC1257D+29]
	RtlUserThreadStart [0x00007FF8ABB0AF08+40]
"><![CDATA[Traceback (most recent call last):
  File "c:\Users\luist\repos\Automatizaciones_M-dulos-\Onboarding.py", line 145, in test_tenat_onboarding
    find_elements(self.driver,  photo_person3)
  File "c:\Users\luist\repos\Automatizaciones_M-dulos-\Elements.py", line 22, in find_elements
    select_nex_button.click()
  File "C:\Users\luist\AppData\Roaming\Python\Python310\site-packages\selenium\webdriver\remote\webelement.py", line 94, in click
    self._execute(Command.CLICK_ELEMENT)
  File "C:\Users\luist\AppData\Roaming\Python\Python310\site-packages\selenium\webdriver\remote\webelement.py", line 395, in _execute
    return self._parent.execute(command, params)
  File "C:\Users\luist\AppData\Roaming\Python\Python310\site-packages\selenium\webdriver\remote\webdriver.py", line 354, in execute
    self.error_handler.check_response(response)
  File "C:\Users\luist\AppData\Roaming\Python\Python310\site-packages\selenium\webdriver\remote\errorhandler.py", line 229, in check_response
    raise exception_class(message, screen, stacktrace)
selenium.common.exceptions.ElementClickInterceptedException: Message: element click intercepted: Element <button _ngcontent-elu-c179="" type="button" class="btn waves-effect waves-light fw-bold d-flex justify-content-center shadow-none button btn-primary w-100">...</button> is not clickable at point (750, 267). Other element would receive the click: <img _ngcontent-elu-c382="" src="assets/images/custom-icons/documentation/indentity-validation/selfie.svg" alt="Selfie (3/3)">
  (Session info: chrome=130.0.6723.70)
Stacktrace:
	GetHandleVerifier [0x00007FF66AAC3AB5+28005]
	(No symbol) [0x00007FF66AA283B0]
	(No symbol) [0x00007FF66A8C580A]
	(No symbol) [0x00007FF66A91D6CE]
	(No symbol) [0x00007FF66A91B16C]
	(No symbol) [0x00007FF66A918628]
	(No symbol) [0x00007FF66A91785D]
	(No symbol) [0x00007FF66A90990E]
	(No symbol) [0x00007FF66A93BA3A]
	(No symbol) [0x00007FF66A909246]
	(No symbol) [0x00007FF66A93BC50]
	(No symbol) [0x00007FF66A95B8B3]
	(No symbol) [0x00007FF66A93B7E3]
	(No symbol) [0x00007FF66A9075C8]
	(No symbol) [0x00007FF66A908731]
	GetHandleVerifier [0x00007FF66ADB643D+3118829]
	GetHandleVerifier [0x00007FF66AE06C90+3448640]
	GetHandleVerifier [0x00007FF66ADFCF0D+3408317]
	GetHandleVerifier [0x00007FF66AB8A40B+841403]
	(No symbol) [0x00007FF66AA3340F]
	(No symbol) [0x00007FF66AA2F484]
	(No symbol) [0x00007FF66AA2F61D]
	(No symbol) [0x00007FF66AA1EB79]
	BaseThreadInitThunk [0x00007FF8AAC1257D+29]
	RtlUserThreadStart [0x00007FF8ABB0AF08+40]

]]></error>
		<system-out><![CDATA[El texto es visible para el usuario
El texto fue validado correctamente: DOCUMENTACIÓN
El texto es visible para el usuario
El texto fue validado correctamente: Para poder continuar al siguiente paso, será obligatorio completar los campos que se muestran a continuación.
Error presente. Intentando con otro CUIT.
Error presente. Intentando con otro CUIT.
Error presente. Intentando con otro CUIT.
Error presente. Intentando con otro CUIT.
Error presente. Intentando con otro CUIT.
Error presente. Intentando con otro CUIT.
CUIT válido insertado: 16-19512449-7
Archivo 'C:/Users/luist/OneDrive/Escritorio/Facturas/Contratos-1023-JUAN DEMO.xls' cargado con éxito después de hacer clic en el chevron!
Checkbox con XPAHT '/html/body/app-root/app-layout/app-vertical/div/div/div/div/app-documentation-process/div/div/aw-wizard/div/app-account-type/div/div[3]/app-checks/div/input' seleccionado con éxito!
Tiempo de espera agotado. El elemento no está presente o no es clickeable.
Tiempo de espera agotado. El elemento no está presente o no es clickeable.
Tiempo de espera agotado. El elemento no está presente o no es clickeable.
]]></system-out>
	</testcase>
</testsuite>
