<?xml version="1.0" encoding="UTF-8"?>
<testsuite name="ctacte_aplicada.cuenta_ctacte_aplicada-failed" tests="1" file="ctacte_aplicada.py" time="60.698" timestamp="2024-08-28T12:28:26" failures="0" errors="0" skipped="0">
	<testcase classname="ctacte_aplicada.cuenta_ctacte_aplicada" name="test_ctacte_aplicada" time="60.698" timestamp="2024-08-28T12:28:26" file="ctacte_aplicada.py" line="17">
		<system-out><![CDATA[¡Elemento encontrado y clickeado 10 veces con éxito!
¡Elemento encontrado y clickeado 2 veces con éxito!
El texto encontrado es  CUENTA CORRIENTE APLICADA
El valor es un carácter numérico. Valor: -171.122.569,50
El valor es un carácter numérico. Valor: -50.626.847,67
El valor es un carácter numérico. Valor: -655.498,78
El texto encontrado es  CUENTA CORRIENTE
El texto encontrado es  Movimiento FC 1051 00014218
El texto encontrado es  USD 738,10
El texto encontrado es  SILO BOLSA-
]]></system-out>
	</testcase>
</testsuite>
