<?xml version="1.0" encoding="UTF-8"?>
<testsuite name="CtaCte_HistoAvenver.cuenta_ctacte_histAvencer-failed" tests="1" file="CtaCte_HistoAvenver.py" time="57.626" timestamp="2024-10-17T16:42:54" failures="0" errors="0" skipped="0">
	<testcase classname="CtaCte_HistoAvenver.cuenta_ctacte_histAvencer" name="test_ctacte_historica" time="57.626" timestamp="2024-10-17T16:42:54" file="CtaCte_HistoAvenver.py" line="18">
		<system-out><![CDATA[El texto encontrado es  Cuenta Corriente
El texto encontrado es  CUENTA CORRIENTE
El valor es un string. Valor: Movimiento IC 3302 11350776
El valor es un string. Valor: + ARS 9.008,51
El valor es un string. Valor: IVA CBU Liq.1116C SOJA 2324 24000 Kgs.
]]></system-out>
	</testcase>
</testsuite>
