<?xml version="1.0" encoding="UTF-8"?>
<testsuite name="HomeEntRecientes.HomeEntRecientesTenant-failed" tests="1" file="HomeEntRecientes.py" time="121.842" timestamp="2024-11-06T13:22:42" failures="0" errors="1" skipped="0">
	<testcase classname="HomeEntRecientes.HomeEntRecientesTenant" name="test_start_tenant" time="121.842" timestamp="2024-11-06T13:22:42" file="HomeEntRecientes.py" line="18">
		<error type="NoSuchElementException" message="Message: no such element: Unable to locate element: {&quot;method&quot;:&quot;css selector&quot;,&quot;selector&quot;:&quot;#layout-wrapper &gt; div &gt; div &gt; div &gt; app-home-switch &gt; app-home &gt; div &gt; div:nth-child(4) &gt; app-recent-grain-movements &gt; div:nth-child(2) &gt; div:nth-child(1) &gt; app-recent-deliveries &gt; app-responsive-table-multiple-items &gt; div &gt; table &gt; tbody &gt; tr:nth-child(1) &gt; td:nth-child(1) &gt; div &gt; div &gt; div.me-2 &gt; img&quot;}
  (Session info: chrome=130.0.6723.116); For documentation on this error, please visit: https://www.selenium.dev/documentation/webdriver/troubleshooting/errors#no-such-element-exception
Stacktrace:
	GetHandleVerifier [0x00007FF60C883B05+28005]
	(No symbol) [0x00007FF60C7E8400]
	(No symbol) [0x00007FF60C68580A]
	(No symbol) [0x00007FF60C6D5A3E]
	(No symbol) [0x00007FF60C6D5D2C]
	(No symbol) [0x00007FF60C71EA97]
	(No symbol) [0x00007FF60C6FBA7F]
	(No symbol) [0x00007FF60C71B8B3]
	(No symbol) [0x00007FF60C6FB7E3]
	(No symbol) [0x00007FF60C6C75C8]
	(No symbol) [0x00007FF60C6C8731]
	GetHandleVerifier [0x00007FF60CB7647D+3118813]
	GetHandleVerifier [0x00007FF60CBC6CD0+3448624]
	GetHandleVerifier [0x00007FF60CBBCF4D+3408301]
	GetHandleVerifier [0x00007FF60C94A45B+841403]
	(No symbol) [0x00007FF60C7F345F]
	(No symbol) [0x00007FF60C7EF4D4]
	(No symbol) [0x00007FF60C7EF66D]
	(No symbol) [0x00007FF60C7DEBC9]
	BaseThreadInitThunk [0x00007FFF3E62257D+29]
	RtlUserThreadStart [0x00007FFF4022AF08+40]
"><![CDATA[Traceback (most recent call last):
  File "c:\Users\luist\repos\Automatizaciones_M-dulos-\HomeEntRecientes.py", line 50, in test_start_tenant
    validate_image_css_selector(self.driver, image_4, image_4_expected)
  File "c:\Users\luist\repos\Automatizaciones_M-dulos-\Elements.py", line 1150, in validate_image_css_selector
    imagen = driver.find_element(By.CSS_SELECTOR, css_selector)
  File "C:\Users\luist\AppData\Roaming\Python\Python310\site-packages\selenium\webdriver\remote\webdriver.py", line 748, in find_element
    return self.execute(Command.FIND_ELEMENT, {"using": by, "value": value})["value"]
  File "C:\Users\luist\AppData\Roaming\Python\Python310\site-packages\selenium\webdriver\remote\webdriver.py", line 354, in execute
    self.error_handler.check_response(response)
  File "C:\Users\luist\AppData\Roaming\Python\Python310\site-packages\selenium\webdriver\remote\errorhandler.py", line 229, in check_response
    raise exception_class(message, screen, stacktrace)
selenium.common.exceptions.NoSuchElementException: Message: no such element: Unable to locate element: {"method":"css selector","selector":"#layout-wrapper > div > div > div > app-home-switch > app-home > div > div:nth-child(4) > app-recent-grain-movements > div:nth-child(2) > div:nth-child(1) > app-recent-deliveries > app-responsive-table-multiple-items > div > table > tbody > tr:nth-child(1) > td:nth-child(1) > div > div > div.me-2 > img"}
  (Session info: chrome=130.0.6723.116); For documentation on this error, please visit: https://www.selenium.dev/documentation/webdriver/troubleshooting/errors#no-such-element-exception
Stacktrace:
	GetHandleVerifier [0x00007FF60C883B05+28005]
	(No symbol) [0x00007FF60C7E8400]
	(No symbol) [0x00007FF60C68580A]
	(No symbol) [0x00007FF60C6D5A3E]
	(No symbol) [0x00007FF60C6D5D2C]
	(No symbol) [0x00007FF60C71EA97]
	(No symbol) [0x00007FF60C6FBA7F]
	(No symbol) [0x00007FF60C71B8B3]
	(No symbol) [0x00007FF60C6FB7E3]
	(No symbol) [0x00007FF60C6C75C8]
	(No symbol) [0x00007FF60C6C8731]
	GetHandleVerifier [0x00007FF60CB7647D+3118813]
	GetHandleVerifier [0x00007FF60CBC6CD0+3448624]
	GetHandleVerifier [0x00007FF60CBBCF4D+3408301]
	GetHandleVerifier [0x00007FF60C94A45B+841403]
	(No symbol) [0x00007FF60C7F345F]
	(No symbol) [0x00007FF60C7EF4D4]
	(No symbol) [0x00007FF60C7EF66D]
	(No symbol) [0x00007FF60C7DEBC9]
	BaseThreadInitThunk [0x00007FFF3E62257D+29]
	RtlUserThreadStart [0x00007FFF4022AF08+40]

]]></error>
		<system-out><![CDATA[Tiempo de espera agotado. El texto por xpaht no está presente.
Tiempo de espera agotado. El texto por xpaht no está presente.
]]></system-out>
	</testcase>
</testsuite>
