<?xml version="1.0" encoding="UTF-8"?>
<testsuite name="logistOperPrimarias.logistOperPrimarias-failed" tests="1" file="logistOperPrimarias.py" time="106.221" timestamp="2024-10-17T17:02:58" failures="0" errors="1" skipped="0">
	<testcase classname="logistOperPrimarias.logistOperPrimarias" name="test_Logistics_primary" time="106.221" timestamp="2024-10-17T17:02:58" file="logistOperPrimarias.py" line="22">
		<error type="ElementClickInterceptedException" message="Message: element click intercepted: Element &lt;a _ngcontent-ief-c359=&quot;&quot; id=&quot;current-account-file-tab&quot; data-bs-toggle=&quot;tab&quot; data-bs-target=&quot;#current-account-file&quot; type=&quot;button&quot; role=&quot;tab&quot; aria-controls=&quot;current-account-file&quot; aria-selected=&quot;false&quot; class=&quot;nav-link&quot;&gt;...&lt;/a&gt; is not clickable at point (519, 146). Other element would receive the click: &lt;div class=&quot;swal2-container swal2-center swal2-backdrop-show&quot; style=&quot;overflow-y: auto;&quot;&gt;...&lt;/div&gt;
  (Session info: chrome=130.0.6723.58)
Stacktrace:
	GetHandleVerifier [0x00007FF76563E1F5+2972373]
	(No symbol) [0x00007FF7652D55F0]
	(No symbol) [0x00007FF7651757FA]
	(No symbol) [0x00007FF7651CD6CE]
	(No symbol) [0x00007FF7651CB16C]
	(No symbol) [0x00007FF7651C8628]
	(No symbol) [0x00007FF7651C783C]
	(No symbol) [0x00007FF7651B992E]
	(No symbol) [0x00007FF7651EBA7A]
	(No symbol) [0x00007FF7651B9266]
	(No symbol) [0x00007FF7651EBC90]
	(No symbol) [0x00007FF76520B8CC]
	(No symbol) [0x00007FF7651EB823]
	(No symbol) [0x00007FF7651B75E8]
	(No symbol) [0x00007FF7651B8751]
	GetHandleVerifier [0x00007FF7656647BD+3129501]
	GetHandleVerifier [0x00007FF7656B4D00+3458528]
	GetHandleVerifier [0x00007FF7656AB05D+3418429]
	GetHandleVerifier [0x00007FF76543687B+844123]
	(No symbol) [0x00007FF7652E0AFF]
	(No symbol) [0x00007FF7652DC6D4]
	(No symbol) [0x00007FF7652DC86D]
	(No symbol) [0x00007FF7652CBD79]
	BaseThreadInitThunk [0x00007FF92EF0257D+29]
	RtlUserThreadStart [0x00007FF93006AF08+40]
"><![CDATA[Traceback (most recent call last):
  File "c:\Users\luist\repos\Automatizaciones_M-dulos-\logistOperPrimarias.py", line 94, in test_Logistics_primary
    find_elements(self.driver, select_menu_myrequest)
  File "c:\Users\luist\repos\Automatizaciones_M-dulos-\Elements.py", line 22, in find_elements
    select_nex_button.click()
  File "C:\Users\luist\AppData\Roaming\Python\Python310\site-packages\selenium\webdriver\remote\webelement.py", line 94, in click
    self._execute(Command.CLICK_ELEMENT)
  File "C:\Users\luist\AppData\Roaming\Python\Python310\site-packages\selenium\webdriver\remote\webelement.py", line 395, in _execute
    return self._parent.execute(command, params)
  File "C:\Users\luist\AppData\Roaming\Python\Python310\site-packages\selenium\webdriver\remote\webdriver.py", line 354, in execute
    self.error_handler.check_response(response)
  File "C:\Users\luist\AppData\Roaming\Python\Python310\site-packages\selenium\webdriver\remote\errorhandler.py", line 229, in check_response
    raise exception_class(message, screen, stacktrace)
selenium.common.exceptions.ElementClickInterceptedException: Message: element click intercepted: Element <a _ngcontent-ief-c359="" id="current-account-file-tab" data-bs-toggle="tab" data-bs-target="#current-account-file" type="button" role="tab" aria-controls="current-account-file" aria-selected="false" class="nav-link">...</a> is not clickable at point (519, 146). Other element would receive the click: <div class="swal2-container swal2-center swal2-backdrop-show" style="overflow-y: auto;">...</div>
  (Session info: chrome=130.0.6723.58)
Stacktrace:
	GetHandleVerifier [0x00007FF76563E1F5+2972373]
	(No symbol) [0x00007FF7652D55F0]
	(No symbol) [0x00007FF7651757FA]
	(No symbol) [0x00007FF7651CD6CE]
	(No symbol) [0x00007FF7651CB16C]
	(No symbol) [0x00007FF7651C8628]
	(No symbol) [0x00007FF7651C783C]
	(No symbol) [0x00007FF7651B992E]
	(No symbol) [0x00007FF7651EBA7A]
	(No symbol) [0x00007FF7651B9266]
	(No symbol) [0x00007FF7651EBC90]
	(No symbol) [0x00007FF76520B8CC]
	(No symbol) [0x00007FF7651EB823]
	(No symbol) [0x00007FF7651B75E8]
	(No symbol) [0x00007FF7651B8751]
	GetHandleVerifier [0x00007FF7656647BD+3129501]
	GetHandleVerifier [0x00007FF7656B4D00+3458528]
	GetHandleVerifier [0x00007FF7656AB05D+3418429]
	GetHandleVerifier [0x00007FF76543687B+844123]
	(No symbol) [0x00007FF7652E0AFF]
	(No symbol) [0x00007FF7652DC6D4]
	(No symbol) [0x00007FF7652DC86D]
	(No symbol) [0x00007FF7652CBD79]
	BaseThreadInitThunk [0x00007FF92EF0257D+29]
	RtlUserThreadStart [0x00007FF93006AF08+40]

]]></error>
		<system-out><![CDATA[¡Input encontrado y enviado con éxito!
Tiempo de espera agotado. El chevron no están presentes o no son clickeables.
¡Input encontrado y enviado con éxito!
¡Input encontrado y enviado con éxito!
Tiempo de espera agotado. El elemento no está presente o no es clickeable.
]]></system-out>
	</testcase>
</testsuite>
