<?xml version="1.0" encoding="UTF-8"?>
<testsuite name="ctacte_ApliVencido.cta_cte_apliVencido-failed" tests="1" file="ctacte_ApliVencido.py" time="53.880" timestamp="2024-10-17T16:38:52" failures="0" errors="0" skipped="0">
	<testcase classname="ctacte_ApliVencido.cta_cte_apliVencido" name="test_ctacte_aplivencido" time="53.880" timestamp="2024-10-17T16:38:52" file="ctacte_ApliVencido.py" line="18">
		<system-out><![CDATA[El texto encontrado es  Cuenta Corriente Aplicada
El valor es un carácter numérico. Valor: -147.411.019,94
El valor es un carácter numérico. Valor: -142.006.555,63
El valor es un carácter numérico. Valor: -25.945,58
El texto encontrado es  CUENTA CORRIENTE
El valor es un string. Valor: Movimiento ND 1052 00127093
El valor es un string. Valor: - ARS 321.472,80
El valor es un string. Valor: CTG: 10116938416 / 10216968474-
]]></system-out>
	</testcase>
</testsuite>
