<?xml version="1.0" encoding="UTF-8"?>
<testsuite name="Onboarding.Onboarding_test_tenant-failed" tests="1" file="Onboarding.py" time="259.363" timestamp="2024-11-06T15:22:08" failures="0" errors="1" skipped="0">
	<testcase classname="Onboarding.Onboarding_test_tenant" name="test_tenat_onboarding" time="259.363" timestamp="2024-11-06T15:22:08" file="Onboarding.py" line="28">
		<error type="AttributeError" message="'NoneType' object has no attribute 'is_displayed'"><![CDATA[Traceback (most recent call last):
  File "c:\Users\luist\repos\Automatizaciones_M-dulos-\Onboarding.py", line 153, in test_tenat_onboarding
    find_elements(self.driver, continue3_button)
  File "c:\Users\luist\repos\Automatizaciones_M-dulos-\Elements.py", line 19, in find_elements
    select_nex_button = WebDriverWait(driver, 10).until(
  File "C:\Users\luist\AppData\Roaming\Python\Python310\site-packages\selenium\webdriver\support\wait.py", line 96, in until
    value = method(self._driver)
  File "C:\Users\luist\AppData\Roaming\Python\Python310\site-packages\selenium\webdriver\support\expected_conditions.py", line 364, in _predicate
    element = visibility_of(target)(driver)
  File "C:\Users\luist\AppData\Roaming\Python\Python310\site-packages\selenium\webdriver\support\expected_conditions.py", line 173, in _predicate
    return _element_if_visible(element)
  File "C:\Users\luist\AppData\Roaming\Python\Python310\site-packages\selenium\webdriver\support\expected_conditions.py", line 179, in _element_if_visible
    return element if element.is_displayed() == visibility else False
AttributeError: 'NoneType' object has no attribute 'is_displayed'
]]></error>
		<system-out><![CDATA[El texto es visible para el usuario
El texto fue validado correctamente: DOCUMENTACIÓN
El texto es visible para el usuario
El texto fue validado correctamente: Para poder continuar al siguiente paso, será obligatorio completar los campos que se muestran a continuación.
Error presente. Intentando con otro CUIT.
Error presente. Intentando con otro CUIT.
Error presente. Intentando con otro CUIT.
Error presente. Intentando con otro CUIT.
Error presente. Intentando con otro CUIT.
Error presente. Intentando con otro CUIT.
Error presente. Intentando con otro CUIT.
Error presente. Intentando con otro CUIT.
Error presente. Intentando con otro CUIT.
Error presente. Intentando con otro CUIT.
Error presente. Intentando con otro CUIT.
Error presente. Intentando con otro CUIT.
Error presente. Intentando con otro CUIT.
Error presente. Intentando con otro CUIT.
Error presente. Intentando con otro CUIT.
Error presente. Intentando con otro CUIT.
Error presente. Intentando con otro CUIT.
Error presente. Intentando con otro CUIT.
Error presente. Intentando con otro CUIT.
Error presente. Intentando con otro CUIT.
Error presente. Intentando con otro CUIT.
Error presente. Intentando con otro CUIT.
Error presente. Intentando con otro CUIT.
Error presente. Intentando con otro CUIT.
Error presente. Intentando con otro CUIT.
Error presente. Intentando con otro CUIT.
Error presente. Intentando con otro CUIT.
Error presente. Intentando con otro CUIT.
Error presente. Intentando con otro CUIT.
CUIT válido insertado: 21-43441066-2
Archivo 'C:/Users/luist/OneDrive/Escritorio/Facturas/Contratos-1023-JUAN DEMO.xls' cargado con éxito después de hacer clic en el chevron!
Checkbox con XPAHT '/html/body/app-root/app-layout/app-vertical/div/div/div/div/app-documentation-process/div/div/aw-wizard/div/app-account-type/div/div[3]/app-checks/div/input' seleccionado con éxito!
Tiempo de espera agotado. El elemento no está presente o no es clickeable.
Tiempo de espera agotado. El elemento no está presente o no es clickeable.
Tiempo de espera agotado. El elemento no está presente o no es clickeable.
]]></system-out>
	</testcase>
</testsuite>
