<?xml version="1.0" encoding="UTF-8"?>
<testsuite name="CtaContOperSecundaria.contrato_operSecundarias-failed" tests="1" file="CtaContOperSecundaria.py" time="241.992" timestamp="2024-08-28T12:22:05" failures="0" errors="1" skipped="0">
	<testcase classname="CtaContOperSecundaria.contrato_operSecundarias" name="test_contratc_oparSecondary" time="241.992" timestamp="2024-08-28T12:22:05" file="CtaContOperSecundaria.py" line="22">
		<error type="AttributeError" message="'NoneType' object has no attribute 'is_displayed'"><![CDATA[Traceback (most recent call last):
  File "c:\Users\luist\repos\Automatizaciones-SILOHUB-\CtaContOperSecundaria.py", line 70, in test_contratc_oparSecondary
    find_and_click_element(self.driver, arrow_filter2, amount_click2)
  File "c:\Users\luist\repos\Automatizaciones-SILOHUB-\Elements.py", line 375, in find_and_click_element
    element = WebDriverWait(driver, 10).until(
  File "C:\Users\luist\AppData\Roaming\Python\Python310\site-packages\selenium\webdriver\support\wait.py", line 96, in until
    value = method(self._driver)
  File "C:\Users\luist\AppData\Roaming\Python\Python310\site-packages\selenium\webdriver\support\expected_conditions.py", line 364, in _predicate
    element = visibility_of(target)(driver)
  File "C:\Users\luist\AppData\Roaming\Python\Python310\site-packages\selenium\webdriver\support\expected_conditions.py", line 173, in _predicate
    return _element_if_visible(element)
  File "C:\Users\luist\AppData\Roaming\Python\Python310\site-packages\selenium\webdriver\support\expected_conditions.py", line 179, in _element_if_visible
    return element if element.is_displayed() == visibility else False
AttributeError: 'NoneType' object has no attribute 'is_displayed'
]]></error>
		<system-out><![CDATA[Tiempo de espera agotado. El elemento no está presente o no es clickeable.
Tiempo de espera agotado. El elemento no está presente o no es clickeable.
Tiempo de espera agotado. El elemento no está presente o no es clickeable.
Tiempo de espera agotado. El elemento no está presente o no es clickeable.
Tiempo de espera agotado. El elemento no está presente o no es clickeable.
Tiempo de espera agotado. El elemento no está presente o no es clickeable.
]]></system-out>
	</testcase>
</testsuite>
