<?xml version="1.0" encoding="UTF-8"?>
<testsuite name="HomeSaldoCuetHoyV2.HomeSaldoCuentHoyV2-failed" tests="1" file="HomeSaldoCuetHoyV2.py" time="22.301" timestamp="2024-11-06T14:19:12" failures="0" errors="0" skipped="0">
	<testcase classname="HomeSaldoCuetHoyV2.HomeSaldoCuentHoyV2" name="test_start_tenantV2" time="22.301" timestamp="2024-11-06T14:19:12" file="HomeSaldoCuetHoyV2.py" line="18">
		<system-out><![CDATA[El texto encontrado es  Buen día JUAN DEMO!
El texto encontrado es  PESOS (ARS)
El texto encontrado es  Total
El valor es un carácter numérico. Valor: -515.955.077,21
El texto encontrado es  Total Vencido
El valor es un carácter numérico. Valor: -391.845.600,31
El texto encontrado es  Total a vencer
El valor es un carácter numérico. Valor: -124.109.476,90
El texto encontrado es  DÓLARES (USD)
El texto encontrado es  Total
El valor es un carácter numérico. Valor: -883.869,07
El texto encontrado es  Total Vencido
El valor es un carácter numérico. Valor: -25.945,58
El texto encontrado es  Total a vencer
El valor es un carácter numérico. Valor: -857.923,49
]]></system-out>
	</testcase>
</testsuite>
