<?xml version="1.0" encoding="UTF-8"?>
<testsuite name="cuenta_ctacte_historica-20240405151237" tests="1" file=".py" time="59.396" timestamp="2024-04-05T15:13:37" failures="0" errors="0" skipped="0">
	<testcase classname="cuenta_ctacte_historica" name="test_ctacte_historica" time="59.396" timestamp="2024-04-05T15:13:37" file="CtaCte_Histórica.py" line="17">
		<system-out><![CDATA[¡Elemento encontrado y clickeado con éxito!
¡Elemento encontrado y clickeado con éxito!
¡Elemento encontrado y clickeado con éxito!
¡Elemento encontrado y clickeado con éxito!
¡Elemento encontrado y clickeado con éxito!
¡Elemento encontrado y clickeado con éxito!
¡Elemento encontrado y clickeado con éxito!
¡Elemento encontrado y clickeado con éxito!
¡Elemento encontrado y clickeado con éxito!
¡Elemento encontrado y clickeado 11 veces con éxito!
¡Elemento encontrado y clickeado con éxito!
¡Elemento encontrado y clickeado 1 veces con éxito!
¡Elemento encontrado y clickeado con éxito!
¡Elemento encontrado y clickeado con éxito!
El texto encontrado es  CUENTA CORRIENTE
El valor es un carácter numérico. Valor: 131.172.595,19
El valor es un carácter numérico. Valor: 897.440,38
¡Elemento encontrado y clickeado con éxito!
¡Elemento encontrado y clickeado con éxito!
¡Elemento encontrado y clickeado con éxito!
¡Elemento encontrado y clickeado con éxito!
¡Elemento encontrado y clickeado con éxito!
¡Elemento encontrado y clickeado con éxito!
¡Elemento encontrado y clickeado con éxito!
¡Elemento encontrado y clickeado con éxito!
¡Elemento encontrado y clickeado con éxito!
El texto encontrado es  CUENTA CORRIENTE
El texto no fue encontrado Movimiento RI 0011 00077998
El texto no fue encontrado + ARS 1.234,20
El texto no fue encontrado Comprobante Contrapartida de: OP 0001 - 00038025 0
¡Elemento encontrado y clickeado con éxito!
]]></system-out>
	</testcase>
</testsuite>
