<?xml version="1.0" encoding="UTF-8"?>
<testsuite name="cuenta_ctacte_historica-20240612164839" tests="1" file=".py" time="75.645" timestamp="2024-06-12T16:49:54" failures="0" errors="1" skipped="0">
	<testcase classname="cuenta_ctacte_historica" name="test_ctacte_historica" time="75.645" timestamp="2024-06-12T16:49:54" file="CtaCte_Histórica.py" line="17">
		<error type="NoSuchElementException" message="Message: no such element: Unable to locate element: {&quot;method&quot;:&quot;xpath&quot;,&quot;selector&quot;:&quot;/html/body/app-root/app-layout/app-vertical/div/div/div/div/app-current-account/div/div/div[2]/app-current-account-file-list/app-header-for-responsive-table/div/div/div[1]/div/div[1]/app-totalizer/div/div/div[2]/div[2]/span[1]&quot;}
  (Session info: chrome=125.0.6422.144); For documentation on this error, please visit: https://www.selenium.dev/documentation/webdriver/troubleshooting/errors#no-such-element-exception
Stacktrace:
	GetHandleVerifier [0x00007FF7CD4C1F52+60322]
	(No symbol) [0x00007FF7CD43CEC9]
	(No symbol) [0x00007FF7CD2F7EBA]
	(No symbol) [0x00007FF7CD347676]
	(No symbol) [0x00007FF7CD34773C]
	(No symbol) [0x00007FF7CD38E967]
	(No symbol) [0x00007FF7CD36C25F]
	(No symbol) [0x00007FF7CD38BC80]
	(No symbol) [0x00007FF7CD36BFC3]
	(No symbol) [0x00007FF7CD339617]
	(No symbol) [0x00007FF7CD33A211]
	GetHandleVerifier [0x00007FF7CD7D94AD+3301629]
	GetHandleVerifier [0x00007FF7CD8236D3+3605283]
	GetHandleVerifier [0x00007FF7CD819450+3563680]
	GetHandleVerifier [0x00007FF7CD574326+790390]
	(No symbol) [0x00007FF7CD44750F]
	(No symbol) [0x00007FF7CD443404]
	(No symbol) [0x00007FF7CD443592]
	(No symbol) [0x00007FF7CD432F9F]
	BaseThreadInitThunk [0x00007FFBED37257D+29]
	RtlUserThreadStart [0x00007FFBEECEAA48+40]
"><![CDATA[Traceback (most recent call last):
  File "c:\Users\luist\repos\Automatizaciones-SILOHUB-\CtaCte_Histórica.py", line 108, in test_ctacte_historica
    validate_character_numeric_element(self.driver, balance_ars)
  File "c:\Users\luist\repos\Automatizaciones-SILOHUB-\Elements.py", line 1118, in validate_character_numeric_element
    elemento = driver.find_element(By.XPATH, xpath)
  File "C:\Users\luist\AppData\Roaming\Python\Python310\site-packages\selenium\webdriver\remote\webdriver.py", line 742, in find_element
    return self.execute(Command.FIND_ELEMENT, {"using": by, "value": value})["value"]
  File "C:\Users\luist\AppData\Roaming\Python\Python310\site-packages\selenium\webdriver\remote\webdriver.py", line 348, in execute
    self.error_handler.check_response(response)
  File "C:\Users\luist\AppData\Roaming\Python\Python310\site-packages\selenium\webdriver\remote\errorhandler.py", line 229, in check_response
    raise exception_class(message, screen, stacktrace)
selenium.common.exceptions.NoSuchElementException: Message: no such element: Unable to locate element: {"method":"xpath","selector":"/html/body/app-root/app-layout/app-vertical/div/div/div/div/app-current-account/div/div/div[2]/app-current-account-file-list/app-header-for-responsive-table/div/div/div[1]/div/div[1]/app-totalizer/div/div/div[2]/div[2]/span[1]"}
  (Session info: chrome=125.0.6422.144); For documentation on this error, please visit: https://www.selenium.dev/documentation/webdriver/troubleshooting/errors#no-such-element-exception
Stacktrace:
	GetHandleVerifier [0x00007FF7CD4C1F52+60322]
	(No symbol) [0x00007FF7CD43CEC9]
	(No symbol) [0x00007FF7CD2F7EBA]
	(No symbol) [0x00007FF7CD347676]
	(No symbol) [0x00007FF7CD34773C]
	(No symbol) [0x00007FF7CD38E967]
	(No symbol) [0x00007FF7CD36C25F]
	(No symbol) [0x00007FF7CD38BC80]
	(No symbol) [0x00007FF7CD36BFC3]
	(No symbol) [0x00007FF7CD339617]
	(No symbol) [0x00007FF7CD33A211]
	GetHandleVerifier [0x00007FF7CD7D94AD+3301629]
	GetHandleVerifier [0x00007FF7CD8236D3+3605283]
	GetHandleVerifier [0x00007FF7CD819450+3563680]
	GetHandleVerifier [0x00007FF7CD574326+790390]
	(No symbol) [0x00007FF7CD44750F]
	(No symbol) [0x00007FF7CD443404]
	(No symbol) [0x00007FF7CD443592]
	(No symbol) [0x00007FF7CD432F9F]
	BaseThreadInitThunk [0x00007FFBED37257D+29]
	RtlUserThreadStart [0x00007FFBEECEAA48+40]

]]></error>
		<system-out><![CDATA[¡Elemento encontrado y clickeado 12 veces con éxito!
¡Elemento encontrado y clickeado 1 veces con éxito!
El texto encontrado es  CUENTA CORRIENTE
]]></system-out>
	</testcase>
</testsuite>
