<?xml version="1.0" encoding="UTF-8"?>
<testsuite name="cuenta_ctacte_historica-20240612165853" tests="2" file=".py" time="57.420" timestamp="2024-06-12T16:59:51" failures="0" errors="2" skipped="0">
	<testcase classname="cuenta_ctacte_historica" name="test_ctacte_historica" time="0.000" timestamp="0001-01-01T00:00:00" file="CtaCte_Histórica.py" line="17">
		<error type="AttributeError" message="'NoneType' object has no attribute 'text'"><![CDATA[Traceback (most recent call last):
  File "c:\Users\luist\repos\Automatizaciones-SILOHUB-\CtaCte_Histórica.py", line 108, in test_ctacte_historica
    validate_character_numeric_element(self.driver, balance_ars)
  File "c:\Users\luist\repos\Automatizaciones-SILOHUB-\Elements.py", line 1119, in validate_character_numeric_element
    valor = elemento.text
AttributeError: 'NoneType' object has no attribute 'text'
]]></error>
		<system-out><![CDATA[¡Elemento encontrado y clickeado 12 veces con éxito!
¡Elemento encontrado y clickeado 1 veces con éxito!
El texto encontrado es  CUENTA CORRIENTE
]]></system-out>
	</testcase>
	<testcase classname="cuenta_ctacte_historica" name="test_ctacte_historica" time="57.420" timestamp="2024-06-12T16:59:51" file="CtaCte_Histórica.py" line="17">
		<error type="NoSuchWindowException" message="Message: no such window: target window already closed
from unknown error: web view not found
  (Session info: chrome=125.0.6422.144)
Stacktrace:
	GetHandleVerifier [0x00007FF76A1A1F52+60322]
	(No symbol) [0x00007FF76A11CEC9]
	(No symbol) [0x00007FF769FD7EBA]
	(No symbol) [0x00007FF769FAD5A5]
	(No symbol) [0x00007FF76A0536B7]
	(No symbol) [0x00007FF76A05A812]
	(No symbol) [0x00007FF76A04C1E0]
	(No symbol) [0x00007FF76A019617]
	(No symbol) [0x00007FF76A01A211]
	GetHandleVerifier [0x00007FF76A4B94AD+3301629]
	GetHandleVerifier [0x00007FF76A5036D3+3605283]
	GetHandleVerifier [0x00007FF76A4F9450+3563680]
	GetHandleVerifier [0x00007FF76A254326+790390]
	(No symbol) [0x00007FF76A12750F]
	(No symbol) [0x00007FF76A123404]
	(No symbol) [0x00007FF76A123592]
	(No symbol) [0x00007FF76A112F9F]
	BaseThreadInitThunk [0x00007FFBED37257D+29]
	RtlUserThreadStart [0x00007FFBEECEAA48+40]
"><![CDATA[Traceback (most recent call last):
  File "c:\Users\luist\repos\Automatizaciones-SILOHUB-\CtaCte_Histórica.py", line 189, in tearDown
    self.driver.close()
  File "C:\Users\luist\AppData\Roaming\Python\Python310\site-packages\selenium\webdriver\remote\webdriver.py", line 459, in close
    self.execute(Command.CLOSE)
  File "C:\Users\luist\AppData\Roaming\Python\Python310\site-packages\selenium\webdriver\remote\webdriver.py", line 348, in execute
    self.error_handler.check_response(response)
  File "C:\Users\luist\AppData\Roaming\Python\Python310\site-packages\selenium\webdriver\remote\errorhandler.py", line 229, in check_response
    raise exception_class(message, screen, stacktrace)
selenium.common.exceptions.NoSuchWindowException: Message: no such window: target window already closed
from unknown error: web view not found
  (Session info: chrome=125.0.6422.144)
Stacktrace:
	GetHandleVerifier [0x00007FF76A1A1F52+60322]
	(No symbol) [0x00007FF76A11CEC9]
	(No symbol) [0x00007FF769FD7EBA]
	(No symbol) [0x00007FF769FAD5A5]
	(No symbol) [0x00007FF76A0536B7]
	(No symbol) [0x00007FF76A05A812]
	(No symbol) [0x00007FF76A04C1E0]
	(No symbol) [0x00007FF76A019617]
	(No symbol) [0x00007FF76A01A211]
	GetHandleVerifier [0x00007FF76A4B94AD+3301629]
	GetHandleVerifier [0x00007FF76A5036D3+3605283]
	GetHandleVerifier [0x00007FF76A4F9450+3563680]
	GetHandleVerifier [0x00007FF76A254326+790390]
	(No symbol) [0x00007FF76A12750F]
	(No symbol) [0x00007FF76A123404]
	(No symbol) [0x00007FF76A123592]
	(No symbol) [0x00007FF76A112F9F]
	BaseThreadInitThunk [0x00007FFBED37257D+29]
	RtlUserThreadStart [0x00007FFBEECEAA48+40]

]]></error>
		<system-out><![CDATA[¡Elemento encontrado y clickeado 12 veces con éxito!
¡Elemento encontrado y clickeado 1 veces con éxito!
El texto encontrado es  CUENTA CORRIENTE
]]></system-out>
	</testcase>
</testsuite>
