<?xml version="1.0" encoding="UTF-8"?>
<testsuite name="comprobanteCtaCteV2-20241031100555" tests="2" file=".py" time="35.009" timestamp="2024-10-31T10:06:30" failures="0" errors="2" skipped="0">
	<testcase classname="comprobanteCtaCteV2" name="test_comprobante_ctacteV2" time="0.000" timestamp="0001-01-01T00:00:00" file="ComproCtaCteV2.py" line="23">
		<error type="NoSuchWindowException" message="Message: no such window: target window already closed
from unknown error: web view not found
  (Session info: chrome=130.0.6723.91)
Stacktrace:
	GetHandleVerifier [0x00007FF7037E3AF5+28005]
	(No symbol) [0x00007FF7037483F0]
	(No symbol) [0x00007FF7035E580A]
	(No symbol) [0x00007FF7035BFA85]
	(No symbol) [0x00007FF703662AD7]
	(No symbol) [0x00007FF70367B1B1]
	(No symbol) [0x00007FF70365B7E3]
	(No symbol) [0x00007FF7036275C8]
	(No symbol) [0x00007FF703628731]
	GetHandleVerifier [0x00007FF703AD646D+3118813]
	GetHandleVerifier [0x00007FF703B26CC0+3448624]
	GetHandleVerifier [0x00007FF703B1CF3D+3408301]
	GetHandleVerifier [0x00007FF7038AA44B+841403]
	(No symbol) [0x00007FF70375344F]
	(No symbol) [0x00007FF70374F4C4]
	(No symbol) [0x00007FF70374F65D]
	(No symbol) [0x00007FF70373EBB9]
	BaseThreadInitThunk [0x00007FF8AAC1257D+29]
	RtlUserThreadStart [0x00007FF8ABB0AF08+40]
"><![CDATA[Traceback (most recent call last):
  File "c:\Users\luist\repos\Automatizaciones_M-dulos-\ComproCtaCteV2.py", line 72, in test_comprobante_ctacteV2
    find_elements(self.driver, select_date_filter1)
  File "c:\Users\luist\repos\Automatizaciones_M-dulos-\Elements.py", line 19, in find_elements
    select_nex_button = WebDriverWait(driver, 10).until(
  File "C:\Users\luist\AppData\Roaming\Python\Python310\site-packages\selenium\webdriver\support\wait.py", line 96, in until
    value = method(self._driver)
  File "C:\Users\luist\AppData\Roaming\Python\Python310\site-packages\selenium\webdriver\support\expected_conditions.py", line 363, in _predicate
    target = driver.find_element(*target)  # grab element at locator
  File "C:\Users\luist\AppData\Roaming\Python\Python310\site-packages\selenium\webdriver\remote\webdriver.py", line 748, in find_element
    return self.execute(Command.FIND_ELEMENT, {"using": by, "value": value})["value"]
  File "C:\Users\luist\AppData\Roaming\Python\Python310\site-packages\selenium\webdriver\remote\webdriver.py", line 354, in execute
    self.error_handler.check_response(response)
  File "C:\Users\luist\AppData\Roaming\Python\Python310\site-packages\selenium\webdriver\remote\errorhandler.py", line 229, in check_response
    raise exception_class(message, screen, stacktrace)
selenium.common.exceptions.NoSuchWindowException: Message: no such window: target window already closed
from unknown error: web view not found
  (Session info: chrome=130.0.6723.91)
Stacktrace:
	GetHandleVerifier [0x00007FF7037E3AF5+28005]
	(No symbol) [0x00007FF7037483F0]
	(No symbol) [0x00007FF7035E580A]
	(No symbol) [0x00007FF7035BFA85]
	(No symbol) [0x00007FF703662AD7]
	(No symbol) [0x00007FF70367B1B1]
	(No symbol) [0x00007FF70365B7E3]
	(No symbol) [0x00007FF7036275C8]
	(No symbol) [0x00007FF703628731]
	GetHandleVerifier [0x00007FF703AD646D+3118813]
	GetHandleVerifier [0x00007FF703B26CC0+3448624]
	GetHandleVerifier [0x00007FF703B1CF3D+3408301]
	GetHandleVerifier [0x00007FF7038AA44B+841403]
	(No symbol) [0x00007FF70375344F]
	(No symbol) [0x00007FF70374F4C4]
	(No symbol) [0x00007FF70374F65D]
	(No symbol) [0x00007FF70373EBB9]
	BaseThreadInitThunk [0x00007FF8AAC1257D+29]
	RtlUserThreadStart [0x00007FF8ABB0AF08+40]

]]></error>
		<system-out><![CDATA[El texto encontrado es  Mis Comprobantes
¡Elemento encontrado y clickeado 10 veces con éxito!
]]></system-out>
	</testcase>
	<testcase classname="comprobanteCtaCteV2" name="test_comprobante_ctacteV2" time="35.009" timestamp="2024-10-31T10:06:30" file="ComproCtaCteV2.py" line="23">
		<error type="WebDriverException" message="Message: disconnected: not connected to DevTools
  (failed to check if window was closed: disconnected: not connected to DevTools)
  (Session info: chrome=130.0.6723.91)
Stacktrace:
	GetHandleVerifier [0x00007FF7037E3AF5+28005]
	(No symbol) [0x00007FF7037483F0]
	(No symbol) [0x00007FF7035E580A]
	(No symbol) [0x00007FF7035D0B06]
	(No symbol) [0x00007FF7035D1FCF]
	(No symbol) [0x00007FF7035E5E23]
	(No symbol) [0x00007FF7035BF55D]
	(No symbol) [0x00007FF703669CE9]
	(No symbol) [0x00007FF70365BA00]
	(No symbol) [0x00007FF7036275C8]
	(No symbol) [0x00007FF703628731]
	GetHandleVerifier [0x00007FF703AD646D+3118813]
	GetHandleVerifier [0x00007FF703B26CC0+3448624]
	GetHandleVerifier [0x00007FF703B1CF3D+3408301]
	GetHandleVerifier [0x00007FF7038AA44B+841403]
	(No symbol) [0x00007FF70375344F]
	(No symbol) [0x00007FF70374F4C4]
	(No symbol) [0x00007FF70374F65D]
	(No symbol) [0x00007FF70373EBB9]
	BaseThreadInitThunk [0x00007FF8AAC1257D+29]
	RtlUserThreadStart [0x00007FF8ABB0AF08+40]
"><![CDATA[Traceback (most recent call last):
  File "c:\Users\luist\repos\Automatizaciones_M-dulos-\ComproCtaCteV2.py", line 124, in tearDown
    self.driver.close()
  File "C:\Users\luist\AppData\Roaming\Python\Python310\site-packages\selenium\webdriver\remote\webdriver.py", line 465, in close
    self.execute(Command.CLOSE)
  File "C:\Users\luist\AppData\Roaming\Python\Python310\site-packages\selenium\webdriver\remote\webdriver.py", line 354, in execute
    self.error_handler.check_response(response)
  File "C:\Users\luist\AppData\Roaming\Python\Python310\site-packages\selenium\webdriver\remote\errorhandler.py", line 229, in check_response
    raise exception_class(message, screen, stacktrace)
selenium.common.exceptions.WebDriverException: Message: disconnected: not connected to DevTools
  (failed to check if window was closed: disconnected: not connected to DevTools)
  (Session info: chrome=130.0.6723.91)
Stacktrace:
	GetHandleVerifier [0x00007FF7037E3AF5+28005]
	(No symbol) [0x00007FF7037483F0]
	(No symbol) [0x00007FF7035E580A]
	(No symbol) [0x00007FF7035D0B06]
	(No symbol) [0x00007FF7035D1FCF]
	(No symbol) [0x00007FF7035E5E23]
	(No symbol) [0x00007FF7035BF55D]
	(No symbol) [0x00007FF703669CE9]
	(No symbol) [0x00007FF70365BA00]
	(No symbol) [0x00007FF7036275C8]
	(No symbol) [0x00007FF703628731]
	GetHandleVerifier [0x00007FF703AD646D+3118813]
	GetHandleVerifier [0x00007FF703B26CC0+3448624]
	GetHandleVerifier [0x00007FF703B1CF3D+3408301]
	GetHandleVerifier [0x00007FF7038AA44B+841403]
	(No symbol) [0x00007FF70375344F]
	(No symbol) [0x00007FF70374F4C4]
	(No symbol) [0x00007FF70374F65D]
	(No symbol) [0x00007FF70373EBB9]
	BaseThreadInitThunk [0x00007FF8AAC1257D+29]
	RtlUserThreadStart [0x00007FF8ABB0AF08+40]

]]></error>
		<system-out><![CDATA[El texto encontrado es  Mis Comprobantes
¡Elemento encontrado y clickeado 10 veces con éxito!
]]></system-out>
	</testcase>
</testsuite>
