<?xml version="1.0" encoding="UTF-8"?>
<testsuite name="cta_cte_apliApagarV2-20241022134844" tests="1" file=".py" time="57.315" timestamp="2024-10-22T13:49:41" failures="0" errors="0" skipped="0">
	<testcase classname="cta_cte_apliApagarV2" name="test_ctacte_apliApagar" time="57.315" timestamp="2024-10-22T13:49:41" file="ctacte_apliApagar2.py" line="18">
		<system-out><![CDATA[El texto encontrado es  Cuenta Corriente Aplicada
El valor es un carácter numérico. Valor: -1.287.608.362,51
El valor es un carácter numérico. Valor: -1.110.435.956,30
El valor es un carácter numérico. Valor: -850.563,64
El texto encontrado es  CUENTA CORRIENTE
El valor es un string. Valor: Movimiento ND 1052 00127094
El valor es un string. Valor: - ARS 333.234,00
El valor es un string. Valor: CTG: 10116939112 / 10216975666-
]]></system-out>
	</testcase>
</testsuite>
