<?xml version="1.0" encoding="UTF-8"?>
<testsuite name="comprobanteContratoV2-20241030180535" tests="2" file=".py" time="102.032" timestamp="2024-10-30T18:07:17" failures="0" errors="2" skipped="0">
	<testcase classname="comprobanteContratoV2" name="test_comprobante_contrato" time="0.000" timestamp="0001-01-01T00:00:00" file="ComproContractV2.py" line="23">
		<error type="AttributeError" message="'NoneType' object has no attribute 'is_displayed'"><![CDATA[Traceback (most recent call last):
  File "c:\Users\luist\repos\Automatizaciones_M-dulos-\ComproContractV2.py", line 127, in test_comprobante_contrato
    find_elements(self.driver,  select_popup1)
  File "c:\Users\luist\repos\Automatizaciones_M-dulos-\Elements.py", line 19, in find_elements
    select_nex_button = WebDriverWait(driver, 10).until(
  File "C:\Users\luist\AppData\Roaming\Python\Python310\site-packages\selenium\webdriver\support\wait.py", line 96, in until
    value = method(self._driver)
  File "C:\Users\luist\AppData\Roaming\Python\Python310\site-packages\selenium\webdriver\support\expected_conditions.py", line 364, in _predicate
    element = visibility_of(target)(driver)
  File "C:\Users\luist\AppData\Roaming\Python\Python310\site-packages\selenium\webdriver\support\expected_conditions.py", line 173, in _predicate
    return _element_if_visible(element)
  File "C:\Users\luist\AppData\Roaming\Python\Python310\site-packages\selenium\webdriver\support\expected_conditions.py", line 179, in _element_if_visible
    return element if element.is_displayed() == visibility else False
AttributeError: 'NoneType' object has no attribute 'is_displayed'
]]></error>
		<system-out><![CDATA[El texto encontrado es  Mis Comprobantes
¡Elemento encontrado y clickeado 10 veces con éxito!
¡Elemento encontrado y clickeado 1 veces con éxito!
El valor es un string. Valor: VN 0001 00125520
El valor es un string. Valor: VN 0001 00125540
Tiempo de espera agotado. El texto por xpaht no está presente.
]]></system-out>
	</testcase>
	<testcase classname="comprobanteContratoV2" name="test_comprobante_contrato" time="102.032" timestamp="2024-10-30T18:07:17" file="ComproContractV2.py" line="23">
		<error type="NoSuchWindowException" message="Message: no such window: target window already closed
from unknown error: web view not found
  (Session info: chrome=130.0.6723.91)
Stacktrace:
	GetHandleVerifier [0x00007FF7784A3AF5+28005]
	(No symbol) [0x00007FF7784083F0]
	(No symbol) [0x00007FF7782A580A]
	(No symbol) [0x00007FF77827FA85]
	(No symbol) [0x00007FF778322AD7]
	(No symbol) [0x00007FF778329D48]
	(No symbol) [0x00007FF77831BA00]
	(No symbol) [0x00007FF7782E75C8]
	(No symbol) [0x00007FF7782E8731]
	GetHandleVerifier [0x00007FF77879646D+3118813]
	GetHandleVerifier [0x00007FF7787E6CC0+3448624]
	GetHandleVerifier [0x00007FF7787DCF3D+3408301]
	GetHandleVerifier [0x00007FF77856A44B+841403]
	(No symbol) [0x00007FF77841344F]
	(No symbol) [0x00007FF77840F4C4]
	(No symbol) [0x00007FF77840F65D]
	(No symbol) [0x00007FF7783FEBB9]
	BaseThreadInitThunk [0x00007FF8AAC1257D+29]
	RtlUserThreadStart [0x00007FF8ABB0AF08+40]
"><![CDATA[Traceback (most recent call last):
  File "c:\Users\luist\repos\Automatizaciones_M-dulos-\ComproContractV2.py", line 138, in tearDown
    self.driver.close()
  File "C:\Users\luist\AppData\Roaming\Python\Python310\site-packages\selenium\webdriver\remote\webdriver.py", line 465, in close
    self.execute(Command.CLOSE)
  File "C:\Users\luist\AppData\Roaming\Python\Python310\site-packages\selenium\webdriver\remote\webdriver.py", line 354, in execute
    self.error_handler.check_response(response)
  File "C:\Users\luist\AppData\Roaming\Python\Python310\site-packages\selenium\webdriver\remote\errorhandler.py", line 229, in check_response
    raise exception_class(message, screen, stacktrace)
selenium.common.exceptions.NoSuchWindowException: Message: no such window: target window already closed
from unknown error: web view not found
  (Session info: chrome=130.0.6723.91)
Stacktrace:
	GetHandleVerifier [0x00007FF7784A3AF5+28005]
	(No symbol) [0x00007FF7784083F0]
	(No symbol) [0x00007FF7782A580A]
	(No symbol) [0x00007FF77827FA85]
	(No symbol) [0x00007FF778322AD7]
	(No symbol) [0x00007FF778329D48]
	(No symbol) [0x00007FF77831BA00]
	(No symbol) [0x00007FF7782E75C8]
	(No symbol) [0x00007FF7782E8731]
	GetHandleVerifier [0x00007FF77879646D+3118813]
	GetHandleVerifier [0x00007FF7787E6CC0+3448624]
	GetHandleVerifier [0x00007FF7787DCF3D+3408301]
	GetHandleVerifier [0x00007FF77856A44B+841403]
	(No symbol) [0x00007FF77841344F]
	(No symbol) [0x00007FF77840F4C4]
	(No symbol) [0x00007FF77840F65D]
	(No symbol) [0x00007FF7783FEBB9]
	BaseThreadInitThunk [0x00007FF8AAC1257D+29]
	RtlUserThreadStart [0x00007FF8ABB0AF08+40]

]]></error>
		<system-out><![CDATA[El texto encontrado es  Mis Comprobantes
¡Elemento encontrado y clickeado 10 veces con éxito!
¡Elemento encontrado y clickeado 1 veces con éxito!
El valor es un string. Valor: VN 0001 00125520
El valor es un string. Valor: VN 0001 00125540
Tiempo de espera agotado. El texto por xpaht no está presente.
]]></system-out>
	</testcase>
</testsuite>
