<?xml version="1.0" encoding="UTF-8"?>
<testsuite name="comprobanteContratoV2-20241030175308" tests="1" file=".py" time="323.887" timestamp="2024-10-30T17:58:31" failures="0" errors="0" skipped="0">
	<testcase classname="comprobanteContratoV2" name="test_comprobante_contrato" time="323.887" timestamp="2024-10-30T17:58:31" file="ComproContractV2.py" line="22">
		<system-out><![CDATA[El texto encontrado es  Mis Comprobantes
¡Elemento encontrado y clickeado 10 veces con éxito!
¡Elemento encontrado y clickeado 1 veces con éxito!
Tiempo de espera agotado. El texto por xpaht no está presente.
Tiempo de espera agotado. El elemento no está presente o no es clickeable.
Tiempo de espera agotado. El texto por xpaht no está presente.
Tiempo de espera agotado. El elemento no está presente o no es visible.
Tiempo de espera agotado. El texto por xpaht no está presente.
Tiempo de espera agotado. El elemento no está presente o no es clickeable.
Tiempo de espera agotado. El elemento no está presente o no es clickeable.
Tiempo de espera agotado. El texto por xpaht no está presente.
Tiempo de espera agotado. El elemento no está presente o no es clickeable.
]]></system-out>
	</testcase>
</testsuite>
