<?xml version="1.0" encoding="UTF-8"?>
<testsuite name="cuenta_ctacte_histAvencer-20240618123646" tests="1" file=".py" time="105.991" timestamp="2024-06-18T12:38:32" failures="0" errors="1" skipped="0">
	<testcase classname="cuenta_ctacte_histAvencer" name="test_ctacte_historica" time="105.991" timestamp="2024-06-18T12:38:32" file="CtaCte_HistoAvenver.py" line="17">
		<error type="NoSuchElementException" message="Message: no such element: Unable to locate element: {&quot;method&quot;:&quot;xpath&quot;,&quot;selector&quot;:&quot;/html/body/app-root/app-layout/app-vertical/div/div/div/div/app-current-account/div/div/div[3]/app-current-account-file-list/app-header-for-responsive-table/div/div/div[1]/div/div[1]/app-totalizer/div/div/div[2]/div[2]/span[1]&quot;}
  (Session info: chrome=125.0.6422.176); For documentation on this error, please visit: https://www.selenium.dev/documentation/webdriver/troubleshooting/errors#no-such-element-exception
Stacktrace:
	GetHandleVerifier [0x00007FF664C41F52+60322]
	(No symbol) [0x00007FF664BBCEC9]
	(No symbol) [0x00007FF664A77EBA]
	(No symbol) [0x00007FF664AC7676]
	(No symbol) [0x00007FF664AC773C]
	(No symbol) [0x00007FF664B0E967]
	(No symbol) [0x00007FF664AEC25F]
	(No symbol) [0x00007FF664B0BC80]
	(No symbol) [0x00007FF664AEBFC3]
	(No symbol) [0x00007FF664AB9617]
	(No symbol) [0x00007FF664ABA211]
	GetHandleVerifier [0x00007FF664F594AD+3301629]
	GetHandleVerifier [0x00007FF664FA36D3+3605283]
	GetHandleVerifier [0x00007FF664F99450+3563680]
	GetHandleVerifier [0x00007FF664CF4326+790390]
	(No symbol) [0x00007FF664BC750F]
	(No symbol) [0x00007FF664BC3404]
	(No symbol) [0x00007FF664BC3592]
	(No symbol) [0x00007FF664BB2F9F]
	BaseThreadInitThunk [0x00007FFBED37257D+29]
	RtlUserThreadStart [0x00007FFBEECEAA48+40]
"><![CDATA[Traceback (most recent call last):
  File "c:\Users\luist\repos\Automatizaciones-SILOHUB-\CtaCte_HistoAvenver.py", line 115, in test_ctacte_historica
    validate_character_numeric_element(self.driver, balance_ars)
  File "c:\Users\luist\repos\Automatizaciones-SILOHUB-\Elements.py", line 1146, in validate_character_numeric_element
    elemento = driver.find_element(By.XPATH, xpath)
  File "C:\Users\luist\AppData\Roaming\Python\Python310\site-packages\selenium\webdriver\remote\webdriver.py", line 742, in find_element
    return self.execute(Command.FIND_ELEMENT, {"using": by, "value": value})["value"]
  File "C:\Users\luist\AppData\Roaming\Python\Python310\site-packages\selenium\webdriver\remote\webdriver.py", line 348, in execute
    self.error_handler.check_response(response)
  File "C:\Users\luist\AppData\Roaming\Python\Python310\site-packages\selenium\webdriver\remote\errorhandler.py", line 229, in check_response
    raise exception_class(message, screen, stacktrace)
selenium.common.exceptions.NoSuchElementException: Message: no such element: Unable to locate element: {"method":"xpath","selector":"/html/body/app-root/app-layout/app-vertical/div/div/div/div/app-current-account/div/div/div[3]/app-current-account-file-list/app-header-for-responsive-table/div/div/div[1]/div/div[1]/app-totalizer/div/div/div[2]/div[2]/span[1]"}
  (Session info: chrome=125.0.6422.176); For documentation on this error, please visit: https://www.selenium.dev/documentation/webdriver/troubleshooting/errors#no-such-element-exception
Stacktrace:
	GetHandleVerifier [0x00007FF664C41F52+60322]
	(No symbol) [0x00007FF664BBCEC9]
	(No symbol) [0x00007FF664A77EBA]
	(No symbol) [0x00007FF664AC7676]
	(No symbol) [0x00007FF664AC773C]
	(No symbol) [0x00007FF664B0E967]
	(No symbol) [0x00007FF664AEC25F]
	(No symbol) [0x00007FF664B0BC80]
	(No symbol) [0x00007FF664AEBFC3]
	(No symbol) [0x00007FF664AB9617]
	(No symbol) [0x00007FF664ABA211]
	GetHandleVerifier [0x00007FF664F594AD+3301629]
	GetHandleVerifier [0x00007FF664FA36D3+3605283]
	GetHandleVerifier [0x00007FF664F99450+3563680]
	GetHandleVerifier [0x00007FF664CF4326+790390]
	(No symbol) [0x00007FF664BC750F]
	(No symbol) [0x00007FF664BC3404]
	(No symbol) [0x00007FF664BC3592]
	(No symbol) [0x00007FF664BB2F9F]
	BaseThreadInitThunk [0x00007FFBED37257D+29]
	RtlUserThreadStart [0x00007FFBEECEAA48+40]

]]></error>
		<system-out><![CDATA[¡Elemento encontrado y clickeado 5 veces con éxito!
¡Elemento encontrado y clickeado 3 veces con éxito!
Tiempo de espera agotado. El texto por xpaht no está presente.
]]></system-out>
	</testcase>
</testsuite>
