<?xml version="1.0" encoding="UTF-8"?>
<testsuite name="cuenta_ctacte_histAvencer-20240405150922" tests="1" file=".py" time="59.716" timestamp="2024-04-05T15:10:22" failures="0" errors="0" skipped="0">
	<testcase classname="cuenta_ctacte_histAvencer" name="test_ctacte_historica" time="59.716" timestamp="2024-04-05T15:10:22" file="CtaCte_HistoAvenver.py" line="17">
		<system-out><![CDATA[¡Elemento encontrado y clickeado con éxito!
¡Elemento encontrado y clickeado con éxito!
¡Elemento encontrado y clickeado con éxito!
¡Elemento encontrado y clickeado con éxito!
¡Elemento encontrado y clickeado con éxito!
¡Elemento encontrado y clickeado con éxito!
¡Elemento encontrado y clickeado con éxito!
¡Elemento encontrado y clickeado con éxito!
¡Elemento encontrado y clickeado con éxito!
¡Elemento encontrado y clickeado con éxito!
¡Elemento encontrado y clickeado con éxito!
¡Elemento encontrado y clickeado 4 veces con éxito!
¡Elemento encontrado y clickeado con éxito!
¡Elemento encontrado y clickeado 4 veces con éxito!
¡Elemento encontrado y clickeado con éxito!
¡Elemento encontrado y clickeado con éxito!
El texto encontrado es  Cuenta Corriente
El valor es un carácter numérico. Valor: -1.400,50
El valor es un carácter numérico. Valor: 0,00
¡Elemento encontrado y clickeado con éxito!
¡Elemento encontrado y clickeado con éxito!
¡Elemento encontrado y clickeado con éxito!
¡Elemento encontrado y clickeado con éxito!
¡Elemento encontrado y clickeado con éxito!
¡Elemento encontrado y clickeado con éxito!
¡Elemento encontrado y clickeado con éxito!
¡Elemento encontrado y clickeado con éxito!
¡Elemento encontrado y clickeado con éxito!
El texto encontrado es  CUENTA CORRIENTE
El texto no fue encontrado Movimiento OP 0011 00499478
El texto no fue encontrado - ARS 87.725,00
El texto no fue encontrado PAGO A CTA.VTA.MAIZ
¡Elemento encontrado y clickeado con éxito!
]]></system-out>
	</testcase>
</testsuite>
