<?xml version="1.0" encoding="UTF-8"?>
<testsuite name="cuenta_ctacte_histAvencer-20241014105604" tests="1" file=".py" time="57.287" timestamp="2024-10-14T10:57:01" failures="0" errors="0" skipped="0">
	<testcase classname="cuenta_ctacte_histAvencer" name="test_ctacte_historica" time="57.287" timestamp="2024-10-14T10:57:01" file="CtaCte_HistoAvenver.py" line="18">
		<system-out><![CDATA[El texto encontrado es  Cuenta Corriente
El texto encontrado es  CUENTA CORRIENTE
El valor es un string. Valor: Movimiento IC 3302 11350776
El valor es un string. Valor: + ARS 9.008,51
El valor es un string. Valor: IVA CBU Liq.1116C SOJA 2324 24000 Kgs.
]]></system-out>
	</testcase>
</testsuite>
