<?xml version="1.0" encoding="UTF-8"?>
<testsuite name="cuenta_ctacte_histAvencer-20241014105202" tests="2" file=".py" time="62.316" timestamp="2024-10-14T10:53:04" failures="0" errors="2" skipped="0">
	<testcase classname="cuenta_ctacte_histAvencer" name="test_ctacte_historica" time="0.000" timestamp="0001-01-01T00:00:00" file="CtaCte_HistoAvenver.py" line="18">
		<error type="AttributeError" message="'NoneType' object has no attribute 'text'"><![CDATA[Traceback (most recent call last):
  File "c:\Users\luist\repos\Automatizaciones_M-dulos-\CtaCte_HistoAvenver.py", line 87, in test_ctacte_historica
    validate_character_numeric_element(self.driver, balance_ars)
  File "c:\Users\luist\repos\Automatizaciones_M-dulos-\Elements.py", line 1160, in validate_character_numeric_element
    valor = elemento.text
AttributeError: 'NoneType' object has no attribute 'text'
]]></error>
		<system-out><![CDATA[El texto encontrado es  Cuenta Corriente
]]></system-out>
	</testcase>
	<testcase classname="cuenta_ctacte_histAvencer" name="test_ctacte_historica" time="62.316" timestamp="2024-10-14T10:53:04" file="CtaCte_HistoAvenver.py" line="18">
		<error type="NoSuchWindowException" message="Message: no such window: target window already closed
from unknown error: web view not found
  (Session info: chrome=129.0.6668.100)
Stacktrace:
	GetHandleVerifier [0x00007FF7D832B095+29557]
	(No symbol) [0x00007FF7D829FA50]
	(No symbol) [0x00007FF7D815B56A]
	(No symbol) [0x00007FF7D812FCC5]
	(No symbol) [0x00007FF7D81DEE07]
	(No symbol) [0x00007FF7D81E6398]
	(No symbol) [0x00007FF7D81D7150]
	(No symbol) [0x00007FF7D81A116F]
	(No symbol) [0x00007FF7D81A22D1]
	GetHandleVerifier [0x00007FF7D865C96D+3378253]
	GetHandleVerifier [0x00007FF7D86A8497+3688311]
	GetHandleVerifier [0x00007FF7D869D1CB+3642539]
	GetHandleVerifier [0x00007FF7D83EA6B6+813462]
	(No symbol) [0x00007FF7D82AAB5F]
	(No symbol) [0x00007FF7D82A6B74]
	(No symbol) [0x00007FF7D82A6D10]
	(No symbol) [0x00007FF7D8295C1F]
	BaseThreadInitThunk [0x00007FF92EF0257D+29]
	RtlUserThreadStart [0x00007FF93006AF08+40]
"><![CDATA[Traceback (most recent call last):
  File "c:\Users\luist\repos\Automatizaciones_M-dulos-\CtaCte_HistoAvenver.py", line 168, in tearDown
    self.driver.close()
  File "C:\Users\luist\AppData\Roaming\Python\Python310\site-packages\selenium\webdriver\remote\webdriver.py", line 465, in close
    self.execute(Command.CLOSE)
  File "C:\Users\luist\AppData\Roaming\Python\Python310\site-packages\selenium\webdriver\remote\webdriver.py", line 354, in execute
    self.error_handler.check_response(response)
  File "C:\Users\luist\AppData\Roaming\Python\Python310\site-packages\selenium\webdriver\remote\errorhandler.py", line 229, in check_response
    raise exception_class(message, screen, stacktrace)
selenium.common.exceptions.NoSuchWindowException: Message: no such window: target window already closed
from unknown error: web view not found
  (Session info: chrome=129.0.6668.100)
Stacktrace:
	GetHandleVerifier [0x00007FF7D832B095+29557]
	(No symbol) [0x00007FF7D829FA50]
	(No symbol) [0x00007FF7D815B56A]
	(No symbol) [0x00007FF7D812FCC5]
	(No symbol) [0x00007FF7D81DEE07]
	(No symbol) [0x00007FF7D81E6398]
	(No symbol) [0x00007FF7D81D7150]
	(No symbol) [0x00007FF7D81A116F]
	(No symbol) [0x00007FF7D81A22D1]
	GetHandleVerifier [0x00007FF7D865C96D+3378253]
	GetHandleVerifier [0x00007FF7D86A8497+3688311]
	GetHandleVerifier [0x00007FF7D869D1CB+3642539]
	GetHandleVerifier [0x00007FF7D83EA6B6+813462]
	(No symbol) [0x00007FF7D82AAB5F]
	(No symbol) [0x00007FF7D82A6B74]
	(No symbol) [0x00007FF7D82A6D10]
	(No symbol) [0x00007FF7D8295C1F]
	BaseThreadInitThunk [0x00007FF92EF0257D+29]
	RtlUserThreadStart [0x00007FF93006AF08+40]

]]></error>
		<system-out><![CDATA[El texto encontrado es  Cuenta Corriente
]]></system-out>
	</testcase>
</testsuite>
