<?xml version="1.0" encoding="UTF-8"?>
<testsuite name="reportPendFacturar-20240524092745" tests="1" file=".py" time="166.216" timestamp="2024-05-24T09:30:31" failures="0" errors="1" skipped="0">
	<testcase classname="reportPendFacturar" name="test_Report_PendFacturar" time="166.216" timestamp="2024-05-24T09:30:31" file="ReportCompPenFact.py" line="17">
		<error type="NoSuchElementException" message="Message: no such element: Unable to locate element: {&quot;method&quot;:&quot;xpath&quot;,&quot;selector&quot;:&quot;/html/body/app-root/app-layout/app-vertical/div/div/div/div/app-pendient/app-responsive-table/div/div/table/tbody/tr[1]/td[1]/span/span&quot;}
  (Session info: chrome=125.0.6422.112); For documentation on this error, please visit: https://www.selenium.dev/documentation/webdriver/troubleshooting/errors#no-such-element-exception
Stacktrace:
	GetHandleVerifier [0x00007FF72AD61F22+60322]
	(No symbol) [0x00007FF72ACDCE99]
	(No symbol) [0x00007FF72AB97EBA]
	(No symbol) [0x00007FF72ABE7676]
	(No symbol) [0x00007FF72ABE773C]
	(No symbol) [0x00007FF72AC2E967]
	(No symbol) [0x00007FF72AC0C25F]
	(No symbol) [0x00007FF72AC2BC80]
	(No symbol) [0x00007FF72AC0BFC3]
	(No symbol) [0x00007FF72ABD9617]
	(No symbol) [0x00007FF72ABDA211]
	GetHandleVerifier [0x00007FF72B07946D+3301613]
	GetHandleVerifier [0x00007FF72B0C3693+3605267]
	GetHandleVerifier [0x00007FF72B0B9410+3563664]
	GetHandleVerifier [0x00007FF72AE142F6+790390]
	(No symbol) [0x00007FF72ACE74DF]
	(No symbol) [0x00007FF72ACE33D4]
	(No symbol) [0x00007FF72ACE3562]
	(No symbol) [0x00007FF72ACD2F6F]
	BaseThreadInitThunk [0x00007FFFE64E257D+29]
	RtlUserThreadStart [0x00007FFFE792AA48+40]
"><![CDATA[Traceback (most recent call last):
  File "c:\Users\luist\repos\Automatizaciones-SILOHUB-\ReportCompPenFact.py", line 94, in test_Report_PendFacturar
    validate_character_numeric_element(self.driver,number_voucher)
  File "c:\Users\luist\repos\Automatizaciones-SILOHUB-\Elements.py", line 1118, in validate_character_numeric_element
    elemento = driver.find_element(By.XPATH, xpath)
  File "C:\Users\luist\AppData\Roaming\Python\Python310\site-packages\selenium\webdriver\remote\webdriver.py", line 742, in find_element
    return self.execute(Command.FIND_ELEMENT, {"using": by, "value": value})["value"]
  File "C:\Users\luist\AppData\Roaming\Python\Python310\site-packages\selenium\webdriver\remote\webdriver.py", line 348, in execute
    self.error_handler.check_response(response)
  File "C:\Users\luist\AppData\Roaming\Python\Python310\site-packages\selenium\webdriver\remote\errorhandler.py", line 229, in check_response
    raise exception_class(message, screen, stacktrace)
selenium.common.exceptions.NoSuchElementException: Message: no such element: Unable to locate element: {"method":"xpath","selector":"/html/body/app-root/app-layout/app-vertical/div/div/div/div/app-pendient/app-responsive-table/div/div/table/tbody/tr[1]/td[1]/span/span"}
  (Session info: chrome=125.0.6422.112); For documentation on this error, please visit: https://www.selenium.dev/documentation/webdriver/troubleshooting/errors#no-such-element-exception
Stacktrace:
	GetHandleVerifier [0x00007FF72AD61F22+60322]
	(No symbol) [0x00007FF72ACDCE99]
	(No symbol) [0x00007FF72AB97EBA]
	(No symbol) [0x00007FF72ABE7676]
	(No symbol) [0x00007FF72ABE773C]
	(No symbol) [0x00007FF72AC2E967]
	(No symbol) [0x00007FF72AC0C25F]
	(No symbol) [0x00007FF72AC2BC80]
	(No symbol) [0x00007FF72AC0BFC3]
	(No symbol) [0x00007FF72ABD9617]
	(No symbol) [0x00007FF72ABDA211]
	GetHandleVerifier [0x00007FF72B07946D+3301613]
	GetHandleVerifier [0x00007FF72B0C3693+3605267]
	GetHandleVerifier [0x00007FF72B0B9410+3563664]
	GetHandleVerifier [0x00007FF72AE142F6+790390]
	(No symbol) [0x00007FF72ACE74DF]
	(No symbol) [0x00007FF72ACE33D4]
	(No symbol) [0x00007FF72ACE3562]
	(No symbol) [0x00007FF72ACD2F6F]
	BaseThreadInitThunk [0x00007FFFE64E257D+29]
	RtlUserThreadStart [0x00007FFFE792AA48+40]

]]></error>
		<system-out><![CDATA[El texto encontrado es  Comprobantes Pendientes de Facturar
Tiempo de espera agotado. El texto por xpaht no está presente.
Tiempo de espera agotado. El texto por xpaht no está presente.
Tiempo de espera agotado. El texto por xpaht no está presente.
El texto no fue encontrado Precio Unit.
El texto encontrado es  Moneda
El texto no fue encontrado Total
]]></system-out>
	</testcase>
</testsuite>
