<?xml version="1.0" encoding="UTF-8"?>
<testsuite name="reportPendFacturar-20240524092605" tests="2" file=".py" time="57.231" timestamp="2024-05-24T09:27:02" failures="0" errors="2" skipped="0">
	<testcase classname="reportPendFacturar" name="test_Report_PendFacturar" time="0.000" timestamp="0001-01-01T00:00:00" file="ReportCompPenFact.py" line="17">
		<error type="TimeoutException" message="Message: 
Stacktrace:
	GetHandleVerifier [0x00007FF72AD61F22+60322]
	(No symbol) [0x00007FF72ACDCE99]
	(No symbol) [0x00007FF72AB97EBA]
	(No symbol) [0x00007FF72ABE7676]
	(No symbol) [0x00007FF72ABE773C]
	(No symbol) [0x00007FF72AC2E967]
	(No symbol) [0x00007FF72AC0C25F]
	(No symbol) [0x00007FF72AC2BC80]
	(No symbol) [0x00007FF72AC0BFC3]
	(No symbol) [0x00007FF72ABD9617]
	(No symbol) [0x00007FF72ABDA211]
	GetHandleVerifier [0x00007FF72B07946D+3301613]
	GetHandleVerifier [0x00007FF72B0C3693+3605267]
	GetHandleVerifier [0x00007FF72B0B9410+3563664]
	GetHandleVerifier [0x00007FF72AE142F6+790390]
	(No symbol) [0x00007FF72ACE74DF]
	(No symbol) [0x00007FF72ACE33D4]
	(No symbol) [0x00007FF72ACE3562]
	(No symbol) [0x00007FF72ACD2F6F]
	BaseThreadInitThunk [0x00007FFFE64E257D+29]
	RtlUserThreadStart [0x00007FFFE792AA48+40]
"><![CDATA[Traceback (most recent call last):
  File "c:\Users\luist\repos\Automatizaciones-SILOHUB-\ReportCompPenFact.py", line 47, in test_Report_PendFacturar
    calendar_todate(self.driver, select_data_day, popup_calendar1)
  File "c:\Users\luist\repos\Automatizaciones-SILOHUB-\Elements.py", line 1422, in calendar_todate
    input_fecha = WebDriverWait(driver, 10).until(
  File "C:\Users\luist\AppData\Roaming\Python\Python310\site-packages\selenium\webdriver\support\wait.py", line 105, in until
    raise TimeoutException(message, screen, stacktrace)
selenium.common.exceptions.TimeoutException: Message: 
Stacktrace:
	GetHandleVerifier [0x00007FF72AD61F22+60322]
	(No symbol) [0x00007FF72ACDCE99]
	(No symbol) [0x00007FF72AB97EBA]
	(No symbol) [0x00007FF72ABE7676]
	(No symbol) [0x00007FF72ABE773C]
	(No symbol) [0x00007FF72AC2E967]
	(No symbol) [0x00007FF72AC0C25F]
	(No symbol) [0x00007FF72AC2BC80]
	(No symbol) [0x00007FF72AC0BFC3]
	(No symbol) [0x00007FF72ABD9617]
	(No symbol) [0x00007FF72ABDA211]
	GetHandleVerifier [0x00007FF72B07946D+3301613]
	GetHandleVerifier [0x00007FF72B0C3693+3605267]
	GetHandleVerifier [0x00007FF72B0B9410+3563664]
	GetHandleVerifier [0x00007FF72AE142F6+790390]
	(No symbol) [0x00007FF72ACE74DF]
	(No symbol) [0x00007FF72ACE33D4]
	(No symbol) [0x00007FF72ACE3562]
	(No symbol) [0x00007FF72ACD2F6F]
	BaseThreadInitThunk [0x00007FFFE64E257D+29]
	RtlUserThreadStart [0x00007FFFE792AA48+40]

]]></error>
	</testcase>
	<testcase classname="reportPendFacturar" name="test_Report_PendFacturar" time="57.231" timestamp="2024-05-24T09:27:02" file="ReportCompPenFact.py" line="17">
		<error type="WebDriverException" message="Message: disconnected: Unable to receive message from renderer
  (failed to check if window was closed: disconnected: not connected to DevTools)
  (Session info: chrome=125.0.6422.112)
Stacktrace:
	GetHandleVerifier [0x00007FF72AD61F22+60322]
	(No symbol) [0x00007FF72ACDCE99]
	(No symbol) [0x00007FF72AB97EBA]
	(No symbol) [0x00007FF72AB8070D]
	(No symbol) [0x00007FF72AB7E39D]
	(No symbol) [0x00007FF72AB7EBAF]
	(No symbol) [0x00007FF72AB984E3]
	(No symbol) [0x00007FF72AB6D08C]
	(No symbol) [0x00007FF72AC1B697]
	(No symbol) [0x00007FF72AC1B099]
	(No symbol) [0x00007FF72AC0C1E0]
	(No symbol) [0x00007FF72ABD9617]
	(No symbol) [0x00007FF72ABDA211]
	GetHandleVerifier [0x00007FF72B07946D+3301613]
	GetHandleVerifier [0x00007FF72B0C3693+3605267]
	GetHandleVerifier [0x00007FF72B0B9410+3563664]
	GetHandleVerifier [0x00007FF72AE142F6+790390]
	(No symbol) [0x00007FF72ACE74DF]
	(No symbol) [0x00007FF72ACE33D4]
	(No symbol) [0x00007FF72ACE3562]
	(No symbol) [0x00007FF72ACD2F6F]
	BaseThreadInitThunk [0x00007FFFE64E257D+29]
	RtlUserThreadStart [0x00007FFFE792AA48+40]
"><![CDATA[Traceback (most recent call last):
  File "c:\Users\luist\repos\Automatizaciones-SILOHUB-\ReportCompPenFact.py", line 180, in tearDown
    self.driver.close()
  File "C:\Users\luist\AppData\Roaming\Python\Python310\site-packages\selenium\webdriver\remote\webdriver.py", line 459, in close
    self.execute(Command.CLOSE)
  File "C:\Users\luist\AppData\Roaming\Python\Python310\site-packages\selenium\webdriver\remote\webdriver.py", line 348, in execute
    self.error_handler.check_response(response)
  File "C:\Users\luist\AppData\Roaming\Python\Python310\site-packages\selenium\webdriver\remote\errorhandler.py", line 229, in check_response
    raise exception_class(message, screen, stacktrace)
selenium.common.exceptions.WebDriverException: Message: disconnected: Unable to receive message from renderer
  (failed to check if window was closed: disconnected: not connected to DevTools)
  (Session info: chrome=125.0.6422.112)
Stacktrace:
	GetHandleVerifier [0x00007FF72AD61F22+60322]
	(No symbol) [0x00007FF72ACDCE99]
	(No symbol) [0x00007FF72AB97EBA]
	(No symbol) [0x00007FF72AB8070D]
	(No symbol) [0x00007FF72AB7E39D]
	(No symbol) [0x00007FF72AB7EBAF]
	(No symbol) [0x00007FF72AB984E3]
	(No symbol) [0x00007FF72AB6D08C]
	(No symbol) [0x00007FF72AC1B697]
	(No symbol) [0x00007FF72AC1B099]
	(No symbol) [0x00007FF72AC0C1E0]
	(No symbol) [0x00007FF72ABD9617]
	(No symbol) [0x00007FF72ABDA211]
	GetHandleVerifier [0x00007FF72B07946D+3301613]
	GetHandleVerifier [0x00007FF72B0C3693+3605267]
	GetHandleVerifier [0x00007FF72B0B9410+3563664]
	GetHandleVerifier [0x00007FF72AE142F6+790390]
	(No symbol) [0x00007FF72ACE74DF]
	(No symbol) [0x00007FF72ACE33D4]
	(No symbol) [0x00007FF72ACE3562]
	(No symbol) [0x00007FF72ACD2F6F]
	BaseThreadInitThunk [0x00007FFFE64E257D+29]
	RtlUserThreadStart [0x00007FFFE792AA48+40]

]]></error>
	</testcase>
</testsuite>
