<?xml version="1.0" encoding="UTF-8"?>
<testsuite name="config_Sucursales-20240408115856" tests="1" file=".py" time="53.674" timestamp="2024-04-08T11:59:50" failures="0" errors="1" skipped="0">
	<testcase classname="config_Sucursales" name="test_settings_branch_offices" time="53.674" timestamp="2024-04-08T11:59:50" file="ConfigSucursales.py" line="19">
		<error type="NoSuchWindowException" message="Message: no such window: target window already closed
from unknown error: web view not found
  (Session info: chrome=123.0.6312.106)
Stacktrace:
	GetHandleVerifier [0x00007FF66F857072+63090]
	(No symbol) [0x00007FF66F7C2CC2]
	(No symbol) [0x00007FF66F65EC65]
	(No symbol) [0x00007FF66F63CA7C]
	(No symbol) [0x00007FF66F6CD687]
	(No symbol) [0x00007FF66F6E2AC1]
	(No symbol) [0x00007FF66F6C6D83]
	(No symbol) [0x00007FF66F6983A8]
	(No symbol) [0x00007FF66F699441]
	GetHandleVerifier [0x00007FF66FC525CD+4238285]
	GetHandleVerifier [0x00007FF66FC8F72D+4488493]
	GetHandleVerifier [0x00007FF66FC87A0F+4456463]
	GetHandleVerifier [0x00007FF66F9305B6+953270]
	(No symbol) [0x00007FF66F7CE58F]
	(No symbol) [0x00007FF66F7C9264]
	(No symbol) [0x00007FF66F7C939B]
	(No symbol) [0x00007FF66F7B9BD4]
	BaseThreadInitThunk [0x00007FFF9727257D+29]
	RtlUserThreadStart [0x00007FFF9922AA58+40]
"><![CDATA[Traceback (most recent call last):
  File "c:\Users\luist\repos\Automatizaciones-SILOHUB-\ConfigSucursales.py", line 44, in test_settings_branch_offices
    validate_text(self.driver,title_branch_offices, value_expected  )
  File "c:\Users\luist\repos\Automatizaciones-SILOHUB-\Elements.py", line 452, in validate_text
    elemento = WebDriverWait(driver, 10).until(
  File "C:\Users\luist\AppData\Roaming\Python\Python310\site-packages\selenium\webdriver\support\wait.py", line 96, in until
    value = method(self._driver)
  File "C:\Users\luist\AppData\Roaming\Python\Python310\site-packages\selenium\webdriver\support\expected_conditions.py", line 84, in _predicate
    return driver.find_element(*locator)
  File "C:\Users\luist\AppData\Roaming\Python\Python310\site-packages\selenium\webdriver\remote\webdriver.py", line 742, in find_element
    return self.execute(Command.FIND_ELEMENT, {"using": by, "value": value})["value"]
  File "C:\Users\luist\AppData\Roaming\Python\Python310\site-packages\selenium\webdriver\remote\webdriver.py", line 348, in execute
    self.error_handler.check_response(response)
  File "C:\Users\luist\AppData\Roaming\Python\Python310\site-packages\selenium\webdriver\remote\errorhandler.py", line 229, in check_response
    raise exception_class(message, screen, stacktrace)
selenium.common.exceptions.NoSuchWindowException: Message: no such window: target window already closed
from unknown error: web view not found
  (Session info: chrome=123.0.6312.106)
Stacktrace:
	GetHandleVerifier [0x00007FF66F857072+63090]
	(No symbol) [0x00007FF66F7C2CC2]
	(No symbol) [0x00007FF66F65EC65]
	(No symbol) [0x00007FF66F63CA7C]
	(No symbol) [0x00007FF66F6CD687]
	(No symbol) [0x00007FF66F6E2AC1]
	(No symbol) [0x00007FF66F6C6D83]
	(No symbol) [0x00007FF66F6983A8]
	(No symbol) [0x00007FF66F699441]
	GetHandleVerifier [0x00007FF66FC525CD+4238285]
	GetHandleVerifier [0x00007FF66FC8F72D+4488493]
	GetHandleVerifier [0x00007FF66FC87A0F+4456463]
	GetHandleVerifier [0x00007FF66F9305B6+953270]
	(No symbol) [0x00007FF66F7CE58F]
	(No symbol) [0x00007FF66F7C9264]
	(No symbol) [0x00007FF66F7C939B]
	(No symbol) [0x00007FF66F7B9BD4]
	BaseThreadInitThunk [0x00007FFF9727257D+29]
	RtlUserThreadStart [0x00007FFF9922AA58+40]

]]></error>
		<system-out><![CDATA[¡Elemento encontrado y clickeado con éxito!
Error al desplazar y hacer clic: Message: no such element: Unable to locate element: {"method":"xpath","selector":"/html/body/app-root/app-layout/app-vertical/div/app-sidebar/div[1]/div[3]/div[1]/ngx-simplebar/div[1]/div[2]/div/div/div/ul/li[10]/div/ul/li[7]/a"}
  (Session info: chrome=123.0.6312.106); For documentation on this error, please visit: https://www.selenium.dev/documentation/webdriver/troubleshooting/errors#no-such-element-exception
Stacktrace:
	GetHandleVerifier [0x00007FF66F857072+63090]
	(No symbol) [0x00007FF66F7C2CC2]
	(No symbol) [0x00007FF66F65EC65]
	(No symbol) [0x00007FF66F6A499D]
	(No symbol) [0x00007FF66F6A4ADC]
	(No symbol) [0x00007FF66F6E5B37]
	(No symbol) [0x00007FF66F6C701F]
	(No symbol) [0x00007FF66F6E3412]
	(No symbol) [0x00007FF66F6C6D83]
	(No symbol) [0x00007FF66F6983A8]
	(No symbol) [0x00007FF66F699441]
	GetHandleVerifier [0x00007FF66FC525CD+4238285]
	GetHandleVerifier [0x00007FF66FC8F72D+4488493]
	GetHandleVerifier [0x00007FF66FC87A0F+4456463]
	GetHandleVerifier [0x00007FF66F9305B6+953270]
	(No symbol) [0x00007FF66F7CE58F]
	(No symbol) [0x00007FF66F7C9264]
	(No symbol) [0x00007FF66F7C939B]
	(No symbol) [0x00007FF66F7B9BD4]
	BaseThreadInitThunk [0x00007FFF9727257D+29]
	RtlUserThreadStart [0x00007FFF9922AA58+40]

El texto no fue encontrado SUCURSALES
]]></system-out>
	</testcase>
</testsuite>
