<?xml version="1.0" encoding="UTF-8"?>
<testsuite name="Perfil_Usuario-20240320165616" tests="1" file=".py" time="34.642" timestamp="2024-03-20T16:56:51" failures="0" errors="0" skipped="0">
	<testcase classname="Perfil_Usuario" name="test_Profile_User" time="34.642" timestamp="2024-03-20T16:56:51" file="Profile_User.py" line="21">
		<system-out><![CDATA[¡Elemento encontrado y clickeado con éxito!
¡Elemento encontrado y clickeado con éxito!
El texto encontrado es  MIS DATOS
El texto encontrado es  Datos personales
¡Input encontrado y enviado con éxito!
¡Input encontrado y enviado con éxito!
La opcion fue seleccionada en el dropdown con exito  
¡Elemento encontrado y clickeado con éxito!
¡Elemento encontrado y clickeado con éxito!
¡Input encontrado y enviado con éxito!
¡Input encontrado y enviado con éxito!
¡Input encontrado y enviado con éxito!
]]></system-out>
	</testcase>
</testsuite>
