<?xml version="1.0" encoding="UTF-8"?>
<testsuite name="confi_Solicitudes-20240321122601" tests="1" file=".py" time="43.631" timestamp="2024-03-21T12:26:45" failures="0" errors="0" skipped="0">
	<testcase classname="confi_Solicitudes" name="test_Profile_User" time="43.631" timestamp="2024-03-21T12:26:45" file="ConfISolicitudes.py" line="19">
		<system-out><![CDATA[¡Elemento encontrado y clickeado con éxito!
¡Elemento encontrado y clickeado con éxito!
El texto encontrado es  SOLICITUDES
¡Input encontrado y enviado con éxito!
¡Elemento encontrado y clickeado con éxito!
¡Input encontrado y enviado con éxito!
¡Elemento encontrado y clickeado con éxito!
¡Elemento encontrado y clickeado con éxito!
Test finalizado con éxito
]]></system-out>
	</testcase>
</testsuite>
