<?xml version="1.0" encoding="UTF-8"?>
<testsuite name="confi_Solicitudes-20240403160452" tests="1" file=".py" time="11.671" timestamp="2024-04-03T16:05:03" failures="0" errors="1" skipped="0">
	<testcase classname="confi_Solicitudes" name="test_settings_User" time="11.671" timestamp="2024-04-03T16:05:03" file="ConfISolicitudes.py" line="19">
		<error type="NoSuchWindowException" message="Message: no such window: target window already closed
from unknown error: web view not found
  (Session info: chrome=123.0.6312.86)
Stacktrace:
	GetHandleVerifier [0x00007FF6BC3F70C2+63090]
	(No symbol) [0x00007FF6BC362D12]
	(No symbol) [0x00007FF6BC1FEC65]
	(No symbol) [0x00007FF6BC1DCA7C]
	(No symbol) [0x00007FF6BC26D687]
	(No symbol) [0x00007FF6BC282AC1]
	(No symbol) [0x00007FF6BC266D83]
	(No symbol) [0x00007FF6BC2383A8]
	(No symbol) [0x00007FF6BC239441]
	GetHandleVerifier [0x00007FF6BC7F262D+4238301]
	GetHandleVerifier [0x00007FF6BC82F78D+4488509]
	GetHandleVerifier [0x00007FF6BC827A6F+4456479]
	GetHandleVerifier [0x00007FF6BC4D0606+953270]
	(No symbol) [0x00007FF6BC36E5DF]
	(No symbol) [0x00007FF6BC3692B4]
	(No symbol) [0x00007FF6BC3693EB]
	(No symbol) [0x00007FF6BC359C24]
	BaseThreadInitThunk [0x00007FF9A544257D+29]
	RtlUserThreadStart [0x00007FF9A6D0AA58+40]
"><![CDATA[Traceback (most recent call last):
  File "c:\Users\luist\repos\Automatizaciones-SILOHUB-\ConfISolicitudes.py", line 22, in test_settings_User
    self.login_sample.select_tenant()
  File "c:\Users\luist\repos\Automatizaciones-SILOHUB-\LoginSample.py", line 19, in select_tenant
    select_tenant = find_element_by_xpath(self.driver, "/html/body/app-root/app-layout/app-vertical/div/div/div/div/app-home-main/div/div[1]/app-tenant-main/app-tenant[8]/div/div/img")
  File "c:\Users\luist\repos\Automatizaciones-SILOHUB-\FindElements.py", line 14, in find_element_by_xpath
    return WebDriverWait(driver, 10).until(EC.presence_of_element_located((By.XPATH, xpath)))
  File "C:\Users\luist\AppData\Roaming\Python\Python310\site-packages\selenium\webdriver\support\wait.py", line 96, in until
    value = method(self._driver)
  File "C:\Users\luist\AppData\Roaming\Python\Python310\site-packages\selenium\webdriver\support\expected_conditions.py", line 84, in _predicate
    return driver.find_element(*locator)
  File "C:\Users\luist\AppData\Roaming\Python\Python310\site-packages\selenium\webdriver\remote\webdriver.py", line 742, in find_element
    return self.execute(Command.FIND_ELEMENT, {"using": by, "value": value})["value"]
  File "C:\Users\luist\AppData\Roaming\Python\Python310\site-packages\selenium\webdriver\remote\webdriver.py", line 348, in execute
    self.error_handler.check_response(response)
  File "C:\Users\luist\AppData\Roaming\Python\Python310\site-packages\selenium\webdriver\remote\errorhandler.py", line 229, in check_response
    raise exception_class(message, screen, stacktrace)
selenium.common.exceptions.NoSuchWindowException: Message: no such window: target window already closed
from unknown error: web view not found
  (Session info: chrome=123.0.6312.86)
Stacktrace:
	GetHandleVerifier [0x00007FF6BC3F70C2+63090]
	(No symbol) [0x00007FF6BC362D12]
	(No symbol) [0x00007FF6BC1FEC65]
	(No symbol) [0x00007FF6BC1DCA7C]
	(No symbol) [0x00007FF6BC26D687]
	(No symbol) [0x00007FF6BC282AC1]
	(No symbol) [0x00007FF6BC266D83]
	(No symbol) [0x00007FF6BC2383A8]
	(No symbol) [0x00007FF6BC239441]
	GetHandleVerifier [0x00007FF6BC7F262D+4238301]
	GetHandleVerifier [0x00007FF6BC82F78D+4488509]
	GetHandleVerifier [0x00007FF6BC827A6F+4456479]
	GetHandleVerifier [0x00007FF6BC4D0606+953270]
	(No symbol) [0x00007FF6BC36E5DF]
	(No symbol) [0x00007FF6BC3692B4]
	(No symbol) [0x00007FF6BC3693EB]
	(No symbol) [0x00007FF6BC359C24]
	BaseThreadInitThunk [0x00007FF9A544257D+29]
	RtlUserThreadStart [0x00007FF9A6D0AA58+40]

]]></error>
	</testcase>
</testsuite>
