<?xml version="1.0" encoding="UTF-8"?>
<testsuite name="cuenta_pend_retirarV2-20241030122159" tests="1" file=".py" time="86.120" timestamp="2024-10-30T12:23:25" failures="0" errors="0" skipped="0">
	<testcase classname="cuenta_pend_retirarV2" name="test_pend_retirarV2" time="86.120" timestamp="2024-10-30T12:23:25" file="ReportPendRetiV2.py" line="20">
		<system-out><![CDATA[¡Elemento encontrado y clickeado 6 veces con éxito!
¡Elemento encontrado y clickeado 6 veces con éxito!
El valor es un carácter numérico. Valor: 0,00
El valor es un carácter numérico. Valor: 847.552,10
El texto encontrado es  Insumos Pendientes de Retirar
Tiempo de espera agotado. El texto por xpaht no está presente.
El valor es un string. Valor: 02/07/2024
El texto encontrado es  Comprobante
El valor es un carácter numérico. Valor: FAC 1051 00015145
El texto encontrado es  Artículo
El valor es un string. Valor: 311302 - Sorgo Forrajero Tob Talero G-193 x 20 kgs TOBIN SRL
El texto encontrado es  Cantidad
El valor es un carácter numérico. Valor: 100
El texto encontrado es  Cant. Pend.
El valor es un carácter numérico. Valor: 100
El texto encontrado es  Moneda
El valor es un carácter alfabético. Valor: USD
El texto encontrado es  Precio
El valor es un carácter numérico. Valor: 48,96
El texto encontrado es  Total USD
El valor es un carácter numérico. Valor: 4.896,00
El texto no fue encontrado  Total ARS 
El valor es un carácter numérico. Valor: 0
]]></system-out>
	</testcase>
</testsuite>
