<?xml version="1.0" encoding="UTF-8"?>
<testsuite name="cuenta_pend_retirarV2-20241030101312" tests="1" file=".py" time="24.644" timestamp="2024-10-30T10:13:37" failures="0" errors="1" skipped="0">
	<testcase classname="cuenta_pend_retirarV2" name="test_pend_retirarV2" time="24.644" timestamp="2024-10-30T10:13:37" file="ReportPendRetiV2.py" line="20">
		<error type="InvalidSelectorException" message="Message: invalid selector
from javascript error: {&quot;status&quot;:32,&quot;value&quot;:&quot;An invalid or illegal selector was specified&quot;}
  (Session info: chrome=130.0.6723.91); For documentation on this error, please visit: https://www.selenium.dev/documentation/webdriver/troubleshooting/errors#invalid-selector-exception
Stacktrace:
	GetHandleVerifier [0x00007FF64A343AF5+28005]
	(No symbol) [0x00007FF64A2A83F0]
	(No symbol) [0x00007FF64A14580A]
	(No symbol) [0x00007FF64A14C2CC]
	(No symbol) [0x00007FF64A14E5E7]
	(No symbol) [0x00007FF64A14E6A0]
	(No symbol) [0x00007FF64A1954EA]
	(No symbol) [0x00007FF64A195D2C]
	(No symbol) [0x00007FF64A1DEA97]
	(No symbol) [0x00007FF64A1BBA7F]
	(No symbol) [0x00007FF64A1DB8B3]
	(No symbol) [0x00007FF64A1BB7E3]
	(No symbol) [0x00007FF64A1875C8]
	(No symbol) [0x00007FF64A188731]
	GetHandleVerifier [0x00007FF64A63646D+3118813]
	GetHandleVerifier [0x00007FF64A686CC0+3448624]
	GetHandleVerifier [0x00007FF64A67CF3D+3408301]
	GetHandleVerifier [0x00007FF64A40A44B+841403]
	(No symbol) [0x00007FF64A2B344F]
	(No symbol) [0x00007FF64A2AF4C4]
	(No symbol) [0x00007FF64A2AF65D]
	(No symbol) [0x00007FF64A29EBB9]
	BaseThreadInitThunk [0x00007FF8AAC1257D+29]
	RtlUserThreadStart [0x00007FF8ABB0AF08+40]
"><![CDATA[Traceback (most recent call last):
  File "c:\Users\luist\repos\Automatizaciones_M-dulos-\ReportPendRetiV2.py", line 51, in test_pend_retirarV2
    calendar_todate_retro_selector(self.driver,select_calendar, popup_selector ,select_chevron, click_chevron, popup_selector2)
  File "c:\Users\luist\repos\Automatizaciones_M-dulos-\Elements2.py", line 55, in calendar_todate_retro_selector
    input_fecha = WebDriverWait(driver, 10).until(
  File "C:\Users\luist\AppData\Roaming\Python\Python310\site-packages\selenium\webdriver\support\wait.py", line 96, in until
    value = method(self._driver)
  File "C:\Users\luist\AppData\Roaming\Python\Python310\site-packages\selenium\webdriver\support\expected_conditions.py", line 363, in _predicate
    target = driver.find_element(*target)  # grab element at locator
  File "C:\Users\luist\AppData\Roaming\Python\Python310\site-packages\selenium\webdriver\remote\webdriver.py", line 748, in find_element
    return self.execute(Command.FIND_ELEMENT, {"using": by, "value": value})["value"]
  File "C:\Users\luist\AppData\Roaming\Python\Python310\site-packages\selenium\webdriver\remote\webdriver.py", line 354, in execute
    self.error_handler.check_response(response)
  File "C:\Users\luist\AppData\Roaming\Python\Python310\site-packages\selenium\webdriver\remote\errorhandler.py", line 229, in check_response
    raise exception_class(message, screen, stacktrace)
selenium.common.exceptions.InvalidSelectorException: Message: invalid selector
from javascript error: {"status":32,"value":"An invalid or illegal selector was specified"}
  (Session info: chrome=130.0.6723.91); For documentation on this error, please visit: https://www.selenium.dev/documentation/webdriver/troubleshooting/errors#invalid-selector-exception
Stacktrace:
	GetHandleVerifier [0x00007FF64A343AF5+28005]
	(No symbol) [0x00007FF64A2A83F0]
	(No symbol) [0x00007FF64A14580A]
	(No symbol) [0x00007FF64A14C2CC]
	(No symbol) [0x00007FF64A14E5E7]
	(No symbol) [0x00007FF64A14E6A0]
	(No symbol) [0x00007FF64A1954EA]
	(No symbol) [0x00007FF64A195D2C]
	(No symbol) [0x00007FF64A1DEA97]
	(No symbol) [0x00007FF64A1BBA7F]
	(No symbol) [0x00007FF64A1DB8B3]
	(No symbol) [0x00007FF64A1BB7E3]
	(No symbol) [0x00007FF64A1875C8]
	(No symbol) [0x00007FF64A188731]
	GetHandleVerifier [0x00007FF64A63646D+3118813]
	GetHandleVerifier [0x00007FF64A686CC0+3448624]
	GetHandleVerifier [0x00007FF64A67CF3D+3408301]
	GetHandleVerifier [0x00007FF64A40A44B+841403]
	(No symbol) [0x00007FF64A2B344F]
	(No symbol) [0x00007FF64A2AF4C4]
	(No symbol) [0x00007FF64A2AF65D]
	(No symbol) [0x00007FF64A29EBB9]
	BaseThreadInitThunk [0x00007FF8AAC1257D+29]
	RtlUserThreadStart [0x00007FF8ABB0AF08+40]

]]></error>
	</testcase>
</testsuite>
