<?xml version="1.0" encoding="UTF-8"?>
<testsuite name="cuenta_pend_retirarV2-20241030110929" tests="1" file=".py" time="36.510" timestamp="2024-10-30T11:10:05" failures="0" errors="1" skipped="0">
	<testcase classname="cuenta_pend_retirarV2" name="test_pend_retirarV2" time="36.510" timestamp="2024-10-30T11:10:05" file="ReportPendRetiV2.py" line="20">
		<error type="TimeoutException" message="Message: 
"><![CDATA[Traceback (most recent call last):
  File "c:\Users\luist\repos\Automatizaciones_M-dulos-\ReportPendRetiV2.py", line 51, in test_pend_retirarV2
    calendar_todate_retro_selector(self.driver,select_calendar, popup_selector ,select_chevron, click_chevron, popup_selector2)
  File "c:\Users\luist\repos\Automatizaciones_M-dulos-\Elements2.py", line 55, in calendar_todate_retro_selector
    input_fecha = WebDriverWait(driver, 10).until(
  File "C:\Users\luist\AppData\Roaming\Python\Python310\site-packages\selenium\webdriver\support\wait.py", line 105, in until
    raise TimeoutException(message, screen, stacktrace)
selenium.common.exceptions.TimeoutException: Message: 

]]></error>
	</testcase>
</testsuite>
