<?xml version="1.0" encoding="UTF-8"?>
<testsuite name="cuenta_pend_retirarV2-20241030120334" tests="2" file=".py" time="45.616" timestamp="2024-10-30T12:04:20" failures="0" errors="2" skipped="0">
	<testcase classname="cuenta_pend_retirarV2" name="test_pend_retirarV2" time="0.000" timestamp="0001-01-01T00:00:00" file="ReportPendRetiV2.py" line="20">
		<error type="AttributeError" message="'NoneType' object has no attribute 'text'"><![CDATA[Traceback (most recent call last):
  File "c:\Users\luist\repos\Automatizaciones_M-dulos-\ReportPendRetiV2.py", line 69, in test_pend_retirarV2
    validate_character_numeric_element(self.driver,totes_value_ARS)
  File "c:\Users\luist\repos\Automatizaciones_M-dulos-\Elements.py", line 1160, in validate_character_numeric_element
    valor = elemento.text
AttributeError: 'NoneType' object has no attribute 'text'
]]></error>
		<system-out><![CDATA[¡Elemento encontrado y clickeado 6 veces con éxito!
¡Elemento encontrado y clickeado 6 veces con éxito!
Tiempo de espera agotado. El elemento no está presente o no es clickeable.
]]></system-out>
	</testcase>
	<testcase classname="cuenta_pend_retirarV2" name="test_pend_retirarV2" time="45.616" timestamp="2024-10-30T12:04:20" file="ReportPendRetiV2.py" line="20">
		<error type="NoSuchWindowException" message="Message: no such window: target window already closed
from unknown error: web view not found
  (Session info: chrome=130.0.6723.91)
Stacktrace:
	GetHandleVerifier [0x00007FF65FC83AF5+28005]
	(No symbol) [0x00007FF65FBE83F0]
	(No symbol) [0x00007FF65FA8580A]
	(No symbol) [0x00007FF65FA5FA85]
	(No symbol) [0x00007FF65FB02AD7]
	(No symbol) [0x00007FF65FB09D48]
	(No symbol) [0x00007FF65FAFBA00]
	(No symbol) [0x00007FF65FAC75C8]
	(No symbol) [0x00007FF65FAC8731]
	GetHandleVerifier [0x00007FF65FF7646D+3118813]
	GetHandleVerifier [0x00007FF65FFC6CC0+3448624]
	GetHandleVerifier [0x00007FF65FFBCF3D+3408301]
	GetHandleVerifier [0x00007FF65FD4A44B+841403]
	(No symbol) [0x00007FF65FBF344F]
	(No symbol) [0x00007FF65FBEF4C4]
	(No symbol) [0x00007FF65FBEF65D]
	(No symbol) [0x00007FF65FBDEBB9]
	BaseThreadInitThunk [0x00007FF8AAC1257D+29]
	RtlUserThreadStart [0x00007FF8ABB0AF08+40]
"><![CDATA[Traceback (most recent call last):
  File "c:\Users\luist\repos\Automatizaciones_M-dulos-\ReportPendRetiV2.py", line 210, in tearDown
    self.driver.close()
  File "C:\Users\luist\AppData\Roaming\Python\Python310\site-packages\selenium\webdriver\remote\webdriver.py", line 465, in close
    self.execute(Command.CLOSE)
  File "C:\Users\luist\AppData\Roaming\Python\Python310\site-packages\selenium\webdriver\remote\webdriver.py", line 354, in execute
    self.error_handler.check_response(response)
  File "C:\Users\luist\AppData\Roaming\Python\Python310\site-packages\selenium\webdriver\remote\errorhandler.py", line 229, in check_response
    raise exception_class(message, screen, stacktrace)
selenium.common.exceptions.NoSuchWindowException: Message: no such window: target window already closed
from unknown error: web view not found
  (Session info: chrome=130.0.6723.91)
Stacktrace:
	GetHandleVerifier [0x00007FF65FC83AF5+28005]
	(No symbol) [0x00007FF65FBE83F0]
	(No symbol) [0x00007FF65FA8580A]
	(No symbol) [0x00007FF65FA5FA85]
	(No symbol) [0x00007FF65FB02AD7]
	(No symbol) [0x00007FF65FB09D48]
	(No symbol) [0x00007FF65FAFBA00]
	(No symbol) [0x00007FF65FAC75C8]
	(No symbol) [0x00007FF65FAC8731]
	GetHandleVerifier [0x00007FF65FF7646D+3118813]
	GetHandleVerifier [0x00007FF65FFC6CC0+3448624]
	GetHandleVerifier [0x00007FF65FFBCF3D+3408301]
	GetHandleVerifier [0x00007FF65FD4A44B+841403]
	(No symbol) [0x00007FF65FBF344F]
	(No symbol) [0x00007FF65FBEF4C4]
	(No symbol) [0x00007FF65FBEF65D]
	(No symbol) [0x00007FF65FBDEBB9]
	BaseThreadInitThunk [0x00007FF8AAC1257D+29]
	RtlUserThreadStart [0x00007FF8ABB0AF08+40]

]]></error>
		<system-out><![CDATA[¡Elemento encontrado y clickeado 6 veces con éxito!
¡Elemento encontrado y clickeado 6 veces con éxito!
Tiempo de espera agotado. El elemento no está presente o no es clickeable.
]]></system-out>
	</testcase>
</testsuite>
