<?xml version="1.0" encoding="UTF-8"?>
<testsuite name="cuenta_mercaderia_remitidaV2-20241030152408" tests="1" file=".py" time="108.546" timestamp="2024-10-30T15:25:57" failures="0" errors="1" skipped="0">
	<testcase classname="cuenta_mercaderia_remitidaV2" name="test_mercaderia_remitidaV2" time="108.546" timestamp="2024-10-30T15:25:57" file="ReportMerRemitV2.py" line="18">
		<error type="NoSuchElementException" message="Message: no such element: Unable to locate element: {&quot;method&quot;:&quot;xpath&quot;,&quot;selector&quot;:&quot;/html/body/app-root/app-layout/app-vertical/div/div/div/div/app-supplies/div/div[3]/app-tab-invoiced-merchandise/app-remitted-merchandise/div[2]/app-header-for-responsive-table/div/div/div[1]/div/div[1]/app-totalizer/div/div/div[2]/div[2]/span[1]&quot;}
  (Session info: chrome=130.0.6723.91); For documentation on this error, please visit: https://www.selenium.dev/documentation/webdriver/troubleshooting/errors#no-such-element-exception
Stacktrace:
	GetHandleVerifier [0x00007FF70EEB3AF5+28005]
	(No symbol) [0x00007FF70EE183F0]
	(No symbol) [0x00007FF70ECB580A]
	(No symbol) [0x00007FF70ED05A3E]
	(No symbol) [0x00007FF70ED05D2C]
	(No symbol) [0x00007FF70ED4EA97]
	(No symbol) [0x00007FF70ED2BA7F]
	(No symbol) [0x00007FF70ED4B8B3]
	(No symbol) [0x00007FF70ED2B7E3]
	(No symbol) [0x00007FF70ECF75C8]
	(No symbol) [0x00007FF70ECF8731]
	GetHandleVerifier [0x00007FF70F1A646D+3118813]
	GetHandleVerifier [0x00007FF70F1F6CC0+3448624]
	GetHandleVerifier [0x00007FF70F1ECF3D+3408301]
	GetHandleVerifier [0x00007FF70EF7A44B+841403]
	(No symbol) [0x00007FF70EE2344F]
	(No symbol) [0x00007FF70EE1F4C4]
	(No symbol) [0x00007FF70EE1F65D]
	(No symbol) [0x00007FF70EE0EBB9]
	BaseThreadInitThunk [0x00007FF8AAC1257D+29]
	RtlUserThreadStart [0x00007FF8ABB0AF08+40]
"><![CDATA[Traceback (most recent call last):
  File "c:\Users\luist\repos\Automatizaciones_M-dulos-\ReportMerRemitV2.py", line 73, in test_mercaderia_remitidaV2
    validate_character_numeric_element(self.driver,totes_value_ARS)
  File "c:\Users\luist\repos\Automatizaciones_M-dulos-\Elements.py", line 1159, in validate_character_numeric_element
    elemento = driver.find_element(By.XPATH, xpath)
  File "C:\Users\luist\AppData\Roaming\Python\Python310\site-packages\selenium\webdriver\remote\webdriver.py", line 748, in find_element
    return self.execute(Command.FIND_ELEMENT, {"using": by, "value": value})["value"]
  File "C:\Users\luist\AppData\Roaming\Python\Python310\site-packages\selenium\webdriver\remote\webdriver.py", line 354, in execute
    self.error_handler.check_response(response)
  File "C:\Users\luist\AppData\Roaming\Python\Python310\site-packages\selenium\webdriver\remote\errorhandler.py", line 229, in check_response
    raise exception_class(message, screen, stacktrace)
selenium.common.exceptions.NoSuchElementException: Message: no such element: Unable to locate element: {"method":"xpath","selector":"/html/body/app-root/app-layout/app-vertical/div/div/div/div/app-supplies/div/div[3]/app-tab-invoiced-merchandise/app-remitted-merchandise/div[2]/app-header-for-responsive-table/div/div/div[1]/div/div[1]/app-totalizer/div/div/div[2]/div[2]/span[1]"}
  (Session info: chrome=130.0.6723.91); For documentation on this error, please visit: https://www.selenium.dev/documentation/webdriver/troubleshooting/errors#no-such-element-exception
Stacktrace:
	GetHandleVerifier [0x00007FF70EEB3AF5+28005]
	(No symbol) [0x00007FF70EE183F0]
	(No symbol) [0x00007FF70ECB580A]
	(No symbol) [0x00007FF70ED05A3E]
	(No symbol) [0x00007FF70ED05D2C]
	(No symbol) [0x00007FF70ED4EA97]
	(No symbol) [0x00007FF70ED2BA7F]
	(No symbol) [0x00007FF70ED4B8B3]
	(No symbol) [0x00007FF70ED2B7E3]
	(No symbol) [0x00007FF70ECF75C8]
	(No symbol) [0x00007FF70ECF8731]
	GetHandleVerifier [0x00007FF70F1A646D+3118813]
	GetHandleVerifier [0x00007FF70F1F6CC0+3448624]
	GetHandleVerifier [0x00007FF70F1ECF3D+3408301]
	GetHandleVerifier [0x00007FF70EF7A44B+841403]
	(No symbol) [0x00007FF70EE2344F]
	(No symbol) [0x00007FF70EE1F4C4]
	(No symbol) [0x00007FF70EE1F65D]
	(No symbol) [0x00007FF70EE0EBB9]
	BaseThreadInitThunk [0x00007FF8AAC1257D+29]
	RtlUserThreadStart [0x00007FF8ABB0AF08+40]

]]></error>
		<system-out><![CDATA[Tiempo de espera agotado. El elemento no está presente o no es clickeable.
Tiempo de espera agotado. El elemento no está presente o no es clickeable.
Tiempo de espera agotado. El elemento no está presente o no es clickeable.
Tiempo de espera agotado. El elemento no está presente o no es clickeable.
¡Input encontrado y enviado con éxito!
Tiempo de espera agotado. El elemento no está presente o no es clickeable.
]]></system-out>
	</testcase>
</testsuite>
