<?xml version="1.0" encoding="UTF-8"?>
<testsuite name="CtaCtoDtalLiquidaciones.detalle_cto_liquidaciones-20240408154103" tests="1" file="CtaCtoDtalLiquidaciones.py" time="65.484" timestamp="2024-04-08T15:54:09" failures="0" errors="0" skipped="0">
	<testcase classname="CtaCtoDtalLiquidaciones.detalle_cto_liquidaciones" name="test_detail_liquidations" time="65.484" timestamp="2024-04-08T15:54:09" file="CtaCtoDtalLiquidaciones.py" line="22">
		<system-out><![CDATA[¡Elemento encontrado y clickeado 3 veces con éxito!
¡Elemento encontrado y clickeado 2 veces con éxito!
¡Elemento encontrado y clickeado 3 veces con éxito!
El texto encontrado es  Estado De Mis Contratos
El texto es visible para el usuario
El texto fue validado correctamente: Contrato 108280
El texto es visible para el usuario
El texto fue validado correctamente: De Maiz
El texto no coincide con los valores esperados. Texto actual: '500.000,00 Kg'
El texto es visible para el usuario
El texto fue validado correctamente: Listado de liquidaciones
El texto es visible para el usuario
El texto fue validado correctamente: Fecha
El texto es visible para el usuario
El texto fue validado correctamente: 29/03/2022
El texto es visible para el usuario
El texto fue validado correctamente: Comprobante
El valor es un carácter numérico. Valor: LC 3302-20433844
El texto es visible para el usuario
El texto fue validado correctamente: Tn Totales
El valor es un carácter numérico. Valor: 3.282
El texto es visible para el usuario
El texto fue validado correctamente: Precio en pesos
El valor es un carácter numérico. Valor: 75.281,51
El texto es visible para el usuario
El texto fue validado correctamente: Fecha de pago
El texto es visible para el usuario
El texto fue validado correctamente: 31/03/2022
Checkbox con XPAHT '/html/body/app-root/app-layout/app-vertical/div/div/div/div/app-detail-contract/app-contract-detail-tabs/div/div[4]/app-contract-closeouts/app-responsive-table/div/div/table/tbody/tr[1]/th/input' seleccionado con éxito!
]]></system-out>
	</testcase>
</testsuite>
