<?xml version="1.0" encoding="UTF-8"?>
<testsuite name="Entregas.cuenta_entregas-20240209114620" tests="1" file="Entregas.py" time="74.366" timestamp="2024-02-09T11:56:50" failures="0" errors="0" skipped="0">
	<testcase classname="Entregas.cuenta_entregas" name="test_cuenta_entregas" time="74.366" timestamp="2024-02-09T11:56:50" file="Entregas.py" line="22">
		<system-out><![CDATA[¡Elemento encontrado y clickeado con éxito!
¡Elemento encontrado y clickeado con éxito!
El texto encontrado es  MIS ENTREGAS
¡Elemento encontrado y clickeado con éxito!
¡Elemento encontrado y clickeado con éxito!
¡Elemento encontrado y clickeado con éxito!
¡Elemento encontrado y clickeado con éxito!
¡Elemento encontrado y clickeado con éxito!
¡Elemento encontrado y clickeado 11 veces con éxito!
¡Elemento encontrado y clickeado con éxito!
¡Elemento encontrado y clickeado 1 veces con éxito!
¡Elemento encontrado y clickeado con éxito!
¡Elemento encontrado y clickeado con éxito!
La cadena de texto es visible para el usuario: '231.360,00'
La cadena de texto es visible para el usuario: '391.060,00'
¡Elemento encontrado y clickeado con éxito!
¡Elemento encontrado y clickeado con éxito!
¡Elemento encontrado y clickeado con éxito!
¡Elemento encontrado y clickeado con éxito!
¡Elemento encontrado y clickeado con éxito!
¡Elemento encontrado y clickeado con éxito!
¡Elemento encontrado y clickeado con éxito!
¡Elemento encontrado y clickeado con éxito!
El texto es visible para el usuario
El texto fue validado correctamente: Entrega TK 0001 00124125
La cadena de texto es visible para el usuario: '37.040,00 Kg'
El texto es visible para el usuario
El texto fue validado correctamente: De Maiz
El texto es visible para el usuario
El texto fue validado correctamente: DATOS DE LA ENTREGA
El texto es visible para el usuario
El texto fue validado correctamente: 27/04/2023
El texto es visible para el usuario
El texto fue validado correctamente: 22/23
El texto es visible para el usuario
El texto fue validado correctamente: JUAN DEMO
El texto es visible para el usuario
El texto fue validado correctamente: 1399 LA MORENITA
¡Elemento encontrado y clickeado con éxito!
El texto es visible para el usuario
El texto fue validado correctamente: ANÁLISIS
El texto es visible para el usuario
El texto fue validado correctamente: Peso Hectolítrico
El texto es visible para el usuario
El texto fue validado correctamente: 72%
¡Elemento encontrado y clickeado con éxito!
¡Elemento encontrado y clickeado con éxito!
]]></system-out>
	</testcase>
</testsuite>
