<?xml version="1.0" encoding="UTF-8"?>
<testsuite name="Home.HomeTenant-20240403161411" tests="1" file="Home.py" time="25.318" timestamp="2024-04-03T16:18:16" failures="0" errors="1" skipped="0">
	<testcase classname="Home.HomeTenant" name="test_start_tenant" time="25.318" timestamp="2024-04-03T16:18:16" file="Home.py" line="19">
		<error type="NoSuchWindowException" message="Message: no such window: target window already closed
from unknown error: web view not found
  (Session info: chrome=123.0.6312.86)
Stacktrace:
	GetHandleVerifier [0x00007FF6C31B70C2+63090]
	(No symbol) [0x00007FF6C3122D12]
	(No symbol) [0x00007FF6C2FBEC65]
	(No symbol) [0x00007FF6C2F9CA7C]
	(No symbol) [0x00007FF6C302D687]
	(No symbol) [0x00007FF6C3042AC1]
	(No symbol) [0x00007FF6C3026D83]
	(No symbol) [0x00007FF6C2FF83A8]
	(No symbol) [0x00007FF6C2FF9441]
	GetHandleVerifier [0x00007FF6C35B262D+4238301]
	GetHandleVerifier [0x00007FF6C35EF78D+4488509]
	GetHandleVerifier [0x00007FF6C35E7A6F+4456479]
	GetHandleVerifier [0x00007FF6C3290606+953270]
	(No symbol) [0x00007FF6C312E5DF]
	(No symbol) [0x00007FF6C31292B4]
	(No symbol) [0x00007FF6C31293EB]
	(No symbol) [0x00007FF6C3119C24]
	BaseThreadInitThunk [0x00007FF9A544257D+29]
	RtlUserThreadStart [0x00007FF9A6D0AA58+40]
"><![CDATA[Traceback (most recent call last):
  File "c:\Users\luist\repos\Automatizaciones-SILOHUB-\Home.py", line 47, in test_start_tenant
    validate_text(self.driver, page_hello, text_expected  )
  File "c:\Users\luist\repos\Automatizaciones-SILOHUB-\Elements.py", line 452, in validate_text
    elemento = WebDriverWait(driver, 10).until(
  File "C:\Users\luist\AppData\Roaming\Python\Python310\site-packages\selenium\webdriver\support\wait.py", line 96, in until
    value = method(self._driver)
  File "C:\Users\luist\AppData\Roaming\Python\Python310\site-packages\selenium\webdriver\support\expected_conditions.py", line 84, in _predicate
    return driver.find_element(*locator)
  File "C:\Users\luist\AppData\Roaming\Python\Python310\site-packages\selenium\webdriver\remote\webdriver.py", line 742, in find_element
    return self.execute(Command.FIND_ELEMENT, {"using": by, "value": value})["value"]
  File "C:\Users\luist\AppData\Roaming\Python\Python310\site-packages\selenium\webdriver\remote\webdriver.py", line 348, in execute
    self.error_handler.check_response(response)
  File "C:\Users\luist\AppData\Roaming\Python\Python310\site-packages\selenium\webdriver\remote\errorhandler.py", line 229, in check_response
    raise exception_class(message, screen, stacktrace)
selenium.common.exceptions.NoSuchWindowException: Message: no such window: target window already closed
from unknown error: web view not found
  (Session info: chrome=123.0.6312.86)
Stacktrace:
	GetHandleVerifier [0x00007FF6C31B70C2+63090]
	(No symbol) [0x00007FF6C3122D12]
	(No symbol) [0x00007FF6C2FBEC65]
	(No symbol) [0x00007FF6C2F9CA7C]
	(No symbol) [0x00007FF6C302D687]
	(No symbol) [0x00007FF6C3042AC1]
	(No symbol) [0x00007FF6C3026D83]
	(No symbol) [0x00007FF6C2FF83A8]
	(No symbol) [0x00007FF6C2FF9441]
	GetHandleVerifier [0x00007FF6C35B262D+4238301]
	GetHandleVerifier [0x00007FF6C35EF78D+4488509]
	GetHandleVerifier [0x00007FF6C35E7A6F+4456479]
	GetHandleVerifier [0x00007FF6C3290606+953270]
	(No symbol) [0x00007FF6C312E5DF]
	(No symbol) [0x00007FF6C31292B4]
	(No symbol) [0x00007FF6C31293EB]
	(No symbol) [0x00007FF6C3119C24]
	BaseThreadInitThunk [0x00007FF9A544257D+29]
	RtlUserThreadStart [0x00007FF9A6D0AA58+40]

]]></error>
		<system-out><![CDATA[¡Elemento encontrado y clickeado con éxito!
¡Elemento encontrado y clickeado con éxito!
¡Elemento encontrado y clickeado con éxito!
¡Elemento encontrado y clickeado con éxito!
]]></system-out>
	</testcase>
</testsuite>
