<?xml version="1.0" encoding="UTF-8"?>
<testsuite name="CtaCtoDtalFijaciones.detalle_ctro_fijaciones-20240517100901" tests="1" file="CtaCtoDtalFijaciones.py" time="66.267" timestamp="2024-05-17T10:23:03" failures="0" errors="1" skipped="0">
	<testcase classname="CtaCtoDtalFijaciones.detalle_ctro_fijaciones" name="test_detail_fixings" time="66.267" timestamp="2024-05-17T10:23:03" file="CtaCtoDtalFijaciones.py" line="22">
		<error type="ElementClickInterceptedException" message="Message: element click intercepted: Element is not clickable at point (470, 1214)
  (Session info: chrome=125.0.6422.60)
Stacktrace:
	GetHandleVerifier [0x00007FF7F09F22C2+60002]
	(No symbol) [0x00007FF7F096CA59]
	(No symbol) [0x00007FF7F0827EDA]
	(No symbol) [0x00007FF7F087F39E]
	(No symbol) [0x00007FF7F087CD62]
	(No symbol) [0x00007FF7F087A1FB]
	(No symbol) [0x00007FF7F08793C6]
	(No symbol) [0x00007FF7F086B4D1]
	(No symbol) [0x00007FF7F089C28A]
	(No symbol) [0x00007FF7F086ADF6]
	(No symbol) [0x00007FF7F089C4A0]
	(No symbol) [0x00007FF7F08BBCC7]
	(No symbol) [0x00007FF7F089C033]
	(No symbol) [0x00007FF7F0869657]
	(No symbol) [0x00007FF7F086A251]
	GetHandleVerifier [0x00007FF7F0D03E2D+3278285]
	GetHandleVerifier [0x00007FF7F0D50190+3590448]
	GetHandleVerifier [0x00007FF7F0D461D0+3549552]
	GetHandleVerifier [0x00007FF7F0AA1DE6+779654]
	(No symbol) [0x00007FF7F0977ACF]
	(No symbol) [0x00007FF7F0972EE4]
	(No symbol) [0x00007FF7F0973072]
	(No symbol) [0x00007FF7F0962C4F]
	BaseThreadInitThunk [0x00007FFAAEB4257D+29]
	RtlUserThreadStart [0x00007FFAAFA8AA48+40]
"><![CDATA[Traceback (most recent call last):
  File "c:\Users\luist\repos\Automatizaciones-SILOHUB-\CtaCtoDtalFijaciones.py", line 124, in test_detail_fixings
    find_elements_id(self.driver, select_liquidations )
  File "c:\Users\luist\repos\Automatizaciones-SILOHUB-\Elements.py", line 47, in find_elements_id
    select_nex_button.click()
  File "C:\Users\luist\AppData\Roaming\Python\Python310\site-packages\selenium\webdriver\remote\webelement.py", line 94, in click
    self._execute(Command.CLICK_ELEMENT)
  File "C:\Users\luist\AppData\Roaming\Python\Python310\site-packages\selenium\webdriver\remote\webelement.py", line 395, in _execute
    return self._parent.execute(command, params)
  File "C:\Users\luist\AppData\Roaming\Python\Python310\site-packages\selenium\webdriver\remote\webdriver.py", line 348, in execute
    self.error_handler.check_response(response)
  File "C:\Users\luist\AppData\Roaming\Python\Python310\site-packages\selenium\webdriver\remote\errorhandler.py", line 229, in check_response
    raise exception_class(message, screen, stacktrace)
selenium.common.exceptions.ElementClickInterceptedException: Message: element click intercepted: Element is not clickable at point (470, 1214)
  (Session info: chrome=125.0.6422.60)
Stacktrace:
	GetHandleVerifier [0x00007FF7F09F22C2+60002]
	(No symbol) [0x00007FF7F096CA59]
	(No symbol) [0x00007FF7F0827EDA]
	(No symbol) [0x00007FF7F087F39E]
	(No symbol) [0x00007FF7F087CD62]
	(No symbol) [0x00007FF7F087A1FB]
	(No symbol) [0x00007FF7F08793C6]
	(No symbol) [0x00007FF7F086B4D1]
	(No symbol) [0x00007FF7F089C28A]
	(No symbol) [0x00007FF7F086ADF6]
	(No symbol) [0x00007FF7F089C4A0]
	(No symbol) [0x00007FF7F08BBCC7]
	(No symbol) [0x00007FF7F089C033]
	(No symbol) [0x00007FF7F0869657]
	(No symbol) [0x00007FF7F086A251]
	GetHandleVerifier [0x00007FF7F0D03E2D+3278285]
	GetHandleVerifier [0x00007FF7F0D50190+3590448]
	GetHandleVerifier [0x00007FF7F0D461D0+3549552]
	GetHandleVerifier [0x00007FF7F0AA1DE6+779654]
	(No symbol) [0x00007FF7F0977ACF]
	(No symbol) [0x00007FF7F0972EE4]
	(No symbol) [0x00007FF7F0973072]
	(No symbol) [0x00007FF7F0962C4F]
	BaseThreadInitThunk [0x00007FFAAEB4257D+29]
	RtlUserThreadStart [0x00007FFAAFA8AA48+40]

]]></error>
		<system-out><![CDATA[¡Elemento encontrado y clickeado 3 veces con éxito!
¡Elemento encontrado y clickeado 2 veces con éxito!
¡Elemento encontrado y clickeado 3 veces con éxito!
El texto encontrado es  Estado De Mis Contratos
El texto es visible para el usuario
El texto fue validado correctamente: Contrato 108280
El texto es visible para el usuario
El texto fue validado correctamente: De Maiz
El texto no coincide con los valores esperados. Texto actual: '5.000,00 QQ'
]]></system-out>
	</testcase>
</testsuite>
