<?xml version="1.0" encoding="UTF-8"?>
<testsuite name="EntregasPendApli.entregas_pend_Aplicadas-20240517100901" tests="2" file="EntregasPendApli.py" time="91.064" timestamp="2024-05-17T10:32:29" failures="0" errors="2" skipped="0">
	<testcase classname="EntregasPendApli.entregas_pend_Aplicadas" name="test_delivery_earrings" time="0.000" timestamp="0001-01-01T00:00:00" file="EntregasPendApli.py" line="22">
		<error type="AttributeError" message="'NoneType' object has no attribute 'is_displayed'"><![CDATA[Traceback (most recent call last):
  File "c:\Users\luist\repos\Automatizaciones-SILOHUB-\EntregasPendApli.py", line 115, in test_delivery_earrings
    find_elements(self.driver, select_movements2 )
  File "c:\Users\luist\repos\Automatizaciones-SILOHUB-\Elements.py", line 19, in find_elements
    select_nex_button = WebDriverWait(driver, 10).until(
  File "C:\Users\luist\AppData\Roaming\Python\Python310\site-packages\selenium\webdriver\support\wait.py", line 96, in until
    value = method(self._driver)
  File "C:\Users\luist\AppData\Roaming\Python\Python310\site-packages\selenium\webdriver\support\expected_conditions.py", line 364, in _predicate
    element = visibility_of(target)(driver)
  File "C:\Users\luist\AppData\Roaming\Python\Python310\site-packages\selenium\webdriver\support\expected_conditions.py", line 173, in _predicate
    return _element_if_visible(element)
  File "C:\Users\luist\AppData\Roaming\Python\Python310\site-packages\selenium\webdriver\support\expected_conditions.py", line 179, in _element_if_visible
    return element if element.is_displayed() == visibility else False
AttributeError: 'NoneType' object has no attribute 'is_displayed'
]]></error>
		<system-out><![CDATA[El texto encontrado es  MIS ENTREGAS
¡Elemento encontrado y clickeado 1 veces con éxito!
¡Elemento encontrado y clickeado 9 veces con éxito!
El texto no coincide con los valores esperados. Texto actual: ''
El texto no coincide con los valores esperados. Texto actual: ''
Tiempo de espera agotado. El elemento no está presente o no es clickeable.
]]></system-out>
	</testcase>
	<testcase classname="EntregasPendApli.entregas_pend_Aplicadas" name="test_delivery_earrings" time="91.064" timestamp="2024-05-17T10:32:29" file="EntregasPendApli.py" line="22">
		<error type="NoSuchWindowException" message="Message: no such window: target window already closed
from unknown error: web view not found
  (Session info: chrome=125.0.6422.60)
Stacktrace:
	GetHandleVerifier [0x00007FF7F09F22C2+60002]
	(No symbol) [0x00007FF7F096CA59]
	(No symbol) [0x00007FF7F0827EDA]
	(No symbol) [0x00007FF7F07FD5B5]
	(No symbol) [0x00007FF7F08A3727]
	(No symbol) [0x00007FF7F08AA882]
	(No symbol) [0x00007FF7F089C250]
	(No symbol) [0x00007FF7F0869657]
	(No symbol) [0x00007FF7F086A251]
	GetHandleVerifier [0x00007FF7F0D03E2D+3278285]
	GetHandleVerifier [0x00007FF7F0D50190+3590448]
	GetHandleVerifier [0x00007FF7F0D461D0+3549552]
	GetHandleVerifier [0x00007FF7F0AA1DE6+779654]
	(No symbol) [0x00007FF7F0977ACF]
	(No symbol) [0x00007FF7F0972EE4]
	(No symbol) [0x00007FF7F0973072]
	(No symbol) [0x00007FF7F0962C4F]
	BaseThreadInitThunk [0x00007FFAAEB4257D+29]
	RtlUserThreadStart [0x00007FFAAFA8AA48+40]
"><![CDATA[Traceback (most recent call last):
  File "c:\Users\luist\repos\Automatizaciones-SILOHUB-\EntregasPendApli.py", line 226, in tearDown
    self.driver.close()
  File "C:\Users\luist\AppData\Roaming\Python\Python310\site-packages\selenium\webdriver\remote\webdriver.py", line 459, in close
    self.execute(Command.CLOSE)
  File "C:\Users\luist\AppData\Roaming\Python\Python310\site-packages\selenium\webdriver\remote\webdriver.py", line 348, in execute
    self.error_handler.check_response(response)
  File "C:\Users\luist\AppData\Roaming\Python\Python310\site-packages\selenium\webdriver\remote\errorhandler.py", line 229, in check_response
    raise exception_class(message, screen, stacktrace)
selenium.common.exceptions.NoSuchWindowException: Message: no such window: target window already closed
from unknown error: web view not found
  (Session info: chrome=125.0.6422.60)
Stacktrace:
	GetHandleVerifier [0x00007FF7F09F22C2+60002]
	(No symbol) [0x00007FF7F096CA59]
	(No symbol) [0x00007FF7F0827EDA]
	(No symbol) [0x00007FF7F07FD5B5]
	(No symbol) [0x00007FF7F08A3727]
	(No symbol) [0x00007FF7F08AA882]
	(No symbol) [0x00007FF7F089C250]
	(No symbol) [0x00007FF7F0869657]
	(No symbol) [0x00007FF7F086A251]
	GetHandleVerifier [0x00007FF7F0D03E2D+3278285]
	GetHandleVerifier [0x00007FF7F0D50190+3590448]
	GetHandleVerifier [0x00007FF7F0D461D0+3549552]
	GetHandleVerifier [0x00007FF7F0AA1DE6+779654]
	(No symbol) [0x00007FF7F0977ACF]
	(No symbol) [0x00007FF7F0972EE4]
	(No symbol) [0x00007FF7F0973072]
	(No symbol) [0x00007FF7F0962C4F]
	BaseThreadInitThunk [0x00007FFAAEB4257D+29]
	RtlUserThreadStart [0x00007FFAAFA8AA48+40]

]]></error>
		<system-out><![CDATA[El texto encontrado es  MIS ENTREGAS
¡Elemento encontrado y clickeado 1 veces con éxito!
¡Elemento encontrado y clickeado 9 veces con éxito!
El texto no coincide con los valores esperados. Texto actual: ''
El texto no coincide con los valores esperados. Texto actual: ''
Tiempo de espera agotado. El elemento no está presente o no es clickeable.
]]></system-out>
	</testcase>
</testsuite>
