<?xml version="1.0" encoding="UTF-8"?>
<testsuite name="Insumos_Producto.insumosProductos-20240319121317" tests="1" file="Insumos_Producto.py" time="60.540" timestamp="2024-03-19T12:19:30" failures="0" errors="0" skipped="0">
	<testcase classname="Insumos_Producto.insumosProductos" name="test_supplies_products" time="60.540" timestamp="2024-03-19T12:19:30" file="Insumos_Producto.py" line="19">
		<system-out><![CDATA[¡Elemento encontrado y clickeado con éxito!
El texto encontrado es  PRODUCTOS
¡Input encontrado y enviado con éxito!
¡Elemento encontrado y clickeado con éxito!
¡Valor '30 días' ingresado y opción seleccionada con éxito!
¡Elemento encontrado y clickeado con éxito!
¡Elemento encontrado y clickeado con éxito!
¡Elemento encontrado y clickeado con éxito!
¡Elemento encontrado y clickeado con éxito!
¡Elemento encontrado y clickeado con éxito!
El texto encontrado es  Productos Seleccionados
El texto no fue encontrado Herbicida 2-4 DB 96% Rainwon x 20 lts RAINWON AGRO
¡Input encontrado y enviado con éxito!
¡Elemento encontrado y clickeado con éxito!
¡Input encontrado y enviado con éxito!
¡Input encontrado y enviado con éxito!
¡Elemento encontrado y clickeado con éxito!
La opcion fue seleccionada en el dropdown con exito  
¡Elemento encontrado y clickeado con éxito!
¡Elemento encontrado y clickeado con éxito!
El texto encontrado es  Tu orden fue enviada al sistema
¡Elemento encontrado y clickeado con éxito!
¡Elemento encontrado y clickeado con éxito!
El texto encontrado es  Mis Órdenes
El texto encontrado es  Número
El valor es un carácter numérico. Valor: 80
El texto encontrado es  Fecha
El texto encontrado '04/03/2024' no coincide con el esperado ''
El texto encontrado es  Hora
El texto encontrado '10:48 hs.' no coincide con el esperado ''
El texto encontrado es  Productor
El texto encontrado '(1023) JUAN DEMO' no coincide con el esperado ''
El texto encontrado es  Estado
El texto encontrado 'Gen. C/ Error' no coincide con el esperado ''
]]></system-out>
	</testcase>
</testsuite>
