<?xml version="1.0" encoding="UTF-8"?>
<testsuite name="ComproContratos.comprobanteContrato-20240405175915" tests="1" file="ComproContratos.py" time="45.814" timestamp="2024-04-05T18:09:27" failures="0" errors="0" skipped="0">
	<testcase classname="ComproContratos.comprobanteContrato" name="test_comprobante_contrato" time="45.814" timestamp="2024-04-05T18:09:27" file="ComproContratos.py" line="22">
		<system-out><![CDATA[¡Elemento encontrado y clickeado con éxito!
¡Elemento encontrado y clickeado con éxito!
El texto encontrado es  COMPROBANTES
¡Elemento encontrado y clickeado con éxito!
¡Elemento encontrado y clickeado con éxito!
¡Elemento encontrado y clickeado con éxito!
¡Elemento encontrado y clickeado 4 veces con éxito!
¡Elemento encontrado y clickeado con éxito!
¡Elemento encontrado y clickeado 1 veces con éxito!
¡Elemento encontrado y clickeado con éxito!
¡Elemento encontrado y clickeado con éxito!
El texto encontrado es  Mis Comprobantes
¡Elemento encontrado y clickeado con éxito!
El texto encontrado es  VC 0001 00125165
El texto encontrado es  VT 0001 00125179
¡Elemento encontrado y clickeado con éxito!
¡Elemento encontrado y clickeado con éxito!
El texto encontrado es  El comprobante seleccionado no se encuentra para su descarga
¡Elemento encontrado y clickeado con éxito!
]]></system-out>
	</testcase>
</testsuite>
