<?xml version="1.0" encoding="UTF-8"?>
<testsuite name="comproContratos.comprobanteContrato-20240304092014" tests="1" file="comproContratos.py" time="49.093" timestamp="2024-03-04T09:32:20" failures="0" errors="0" skipped="0">
	<testcase classname="comproContratos.comprobanteContrato" name="test_vouchers_contract" time="49.093" timestamp="2024-03-04T09:32:20" file="comproContratos.py" line="16">
		<system-out><![CDATA[¡Elemento encontrado y clickeado con éxito!
¡Elemento encontrado y clickeado con éxito!
El texto encontrado es  COMPROBANTES
¡Elemento encontrado y clickeado con éxito!
¡Elemento encontrado y clickeado con éxito!
¡Elemento encontrado y clickeado con éxito!
¡Elemento encontrado y clickeado 2 veces con éxito!
¡Elemento encontrado y clickeado con éxito!
¡Elemento encontrado y clickeado 1 veces con éxito!
¡Elemento encontrado y clickeado con éxito!
¡Elemento encontrado y clickeado con éxito!
El texto encontrado es  Mis Comprobantes
¡Elemento encontrado y clickeado con éxito!
El texto no fue encontrado VC 0001 00125165
El texto no fue encontrado VT 0001 00125179
¡Elemento encontrado y clickeado con éxito!
¡Elemento encontrado y clickeado con éxito!
El texto encontrado es  El comprobante seleccionado no se encuentra para su descarga
¡Elemento encontrado y clickeado con éxito!
]]></system-out>
	</testcase>
</testsuite>
