<?xml version="1.0" encoding="UTF-8"?>
<testsuite name="ComproEntregas.comprobanteEntregas-20240405175915" tests="1" file="ComproEntregas.py" time="46.472" timestamp="2024-04-05T18:12:03" failures="0" errors="0" skipped="0">
	<testcase classname="ComproEntregas.comprobanteEntregas" name="test_vouchers_delivery" time="46.472" timestamp="2024-04-05T18:12:03" file="ComproEntregas.py" line="16">
		<system-out><![CDATA[¡Elemento encontrado y clickeado con éxito!
¡Elemento encontrado y clickeado con éxito!
El texto encontrado es  COMPROBANTES
¡Elemento encontrado y clickeado con éxito!
¡Elemento encontrado y clickeado con éxito!
¡Elemento encontrado y clickeado con éxito!
¡Elemento encontrado y clickeado 4 veces con éxito!
¡Elemento encontrado y clickeado con éxito!
¡Elemento encontrado y clickeado 1 veces con éxito!
¡Elemento encontrado y clickeado con éxito!
¡Elemento encontrado y clickeado con éxito!
El texto encontrado es  Mis Comprobantes
¡Elemento encontrado y clickeado con éxito!
El texto encontrado es  TK 0001 00127175
El texto no fue encontrado TK 0001 00127180
¡Elemento encontrado y clickeado con éxito!
¡Elemento encontrado y clickeado con éxito!
El texto encontrado es  El comprobante seleccionado no se encuentra para su descarga
¡Elemento encontrado y clickeado con éxito!
]]></system-out>
	</testcase>
</testsuite>
