<?xml version="1.0" encoding="UTF-8"?>
<testsuite name="ComproCtaCte.comprobanteCtacte-20240319121317" tests="1" file="ComproCtaCte.py" time="105.302" timestamp="2024-03-19T12:27:17" failures="0" errors="0" skipped="0">
	<testcase classname="ComproCtaCte.comprobanteCtacte" name="test_vouchers_ctacte" time="105.302" timestamp="2024-03-19T12:27:17" file="ComproCtaCte.py" line="16">
		<system-out><![CDATA[¡Elemento encontrado y clickeado con éxito!
¡Elemento encontrado y clickeado con éxito!
El texto encontrado es  COMPROBANTES
¡Elemento encontrado y clickeado con éxito!
¡Elemento encontrado y clickeado con éxito!
¡Elemento encontrado y clickeado 3 veces con éxito!
¡Elemento encontrado y clickeado con éxito!
¡Elemento encontrado y clickeado 1 veces con éxito!
¡Elemento encontrado y clickeado con éxito!
¡Elemento encontrado y clickeado con éxito!
El texto encontrado es  Mis Comprobantes
¡Elemento encontrado y clickeado con éxito!
El texto encontrado es  NC 1053 00000779
El texto encontrado es  FC 1051 00014531
¡Elemento encontrado y clickeado con éxito!
¡Elemento encontrado y clickeado con éxito!
Tiempo de espera agotado. El texto por xpaht no está presente.
Tiempo de espera agotado. El elemento no está presente o no es clickeable.
]]></system-out>
	</testcase>
</testsuite>
