<?xml version="1.0" encoding="UTF-8"?>
<testsuite name="comproCtaCte.comprobantectacte-20240517100901" tests="1" file="comproCtaCte.py" time="322.284" timestamp="2024-05-17T10:42:52" failures="0" errors="0" skipped="0">
	<testcase classname="comproCtaCte.comprobantectacte" name="test_vouchers_ctacte" time="322.284" timestamp="2024-05-17T10:42:52" file="comproCtaCte.py" line="16">
		<system-out><![CDATA[El texto encontrado es  COMPROBANTES
¡Elemento encontrado y clickeado 4 veces con éxito!
¡Elemento encontrado y clickeado 1 veces con éxito!
Tiempo de espera agotado. El texto por xpaht no está presente.
Tiempo de espera agotado. El elemento no está presente o no es clickeable.
Tiempo de espera agotado. El texto por xpaht no está presente.
Tiempo de espera agotado. El elemento no está presente o no es visible.
Tiempo de espera agotado. El texto por xpaht no está presente.
Tiempo de espera agotado. El elemento no está presente o no es clickeable.
Tiempo de espera agotado. El elemento no está presente o no es clickeable.
Tiempo de espera agotado. El texto por xpaht no está presente.
Tiempo de espera agotado. El elemento no está presente o no es clickeable.
]]></system-out>
	</testcase>
</testsuite>
