<?xml version="1.0" encoding="UTF-8"?>
<testsuite name="RegistroUsuario.TestRegistroUsuario-20240209114620" tests="1" file="RegistroUsuario.py" time="212.531" timestamp="2024-02-09T11:49:52" failures="0" errors="0" skipped="0">
	<testcase classname="RegistroUsuario.TestRegistroUsuario" name="test_register_user" time="212.531" timestamp="2024-02-09T11:49:52" file="RegistroUsuario.py" line="18">
		<system-out><![CDATA[Email generado: _bo0hii2r@yopmail.com
El texto encontrado es  Crear usuario
Elemento desplazado, cantidad limpiada y nuevo valor '_bo0hii2r@yopmail.com' ingresado con éxito!
¡Elemento encontrado y clickeado con éxito!
Tiempo de espera agotado. El texto por texto no está presente.
Elemento desplazado, cantidad limpiada y nuevo valor '_bo0hii2r@yopmail.com' ingresado con éxito!
¡Elemento encontrado y clickeado con éxito!
Tiempo de espera agotado. El texto por xpaht no está presente.
¡Elemento encontrado y clickeado con éxito!
¡Elemento encontrado y clickeado con éxito!
Elemento desplazado, cantidad limpiada y nuevo valor '_bo0hii2r@yopmail.com' ingresado con éxito!
¡Elemento encontrado y clickeado con éxito!
¡Elemento encontrado y clickeado con éxito!
¡Elemento encontrado y clickeado con éxito!
El texto encontrado es  Email del usuario validado correctamente.
¡Elemento encontrado y clickeado con éxito!
Tiempo de espera agotado. El elemento no está presente o no es clickeable.
El texto encontrado es  Cuenta Pendiente de Vincular
]]></system-out>
	</testcase>
</testsuite>
