<?xml version="1.0" encoding="UTF-8"?>
<testsuite name="RegistroUsuario.TestRegistroUsuario-20240304092014" tests="1" file="RegistroUsuario.py" time="213.036" timestamp="2024-03-04T09:23:47" failures="0" errors="0" skipped="0">
	<testcase classname="RegistroUsuario.TestRegistroUsuario" name="test_register_user" time="213.036" timestamp="2024-03-04T09:23:47" file="RegistroUsuario.py" line="18">
		<system-out><![CDATA[Email generado: _bbxybihf@yopmail.com
El texto encontrado es  Crear usuario
Elemento desplazado, cantidad limpiada y nuevo valor '_bbxybihf@yopmail.com' ingresado con éxito!
¡Elemento encontrado y clickeado con éxito!
Tiempo de espera agotado. El texto por texto no está presente.
Elemento desplazado, cantidad limpiada y nuevo valor '_bbxybihf@yopmail.com' ingresado con éxito!
¡Elemento encontrado y clickeado con éxito!
Tiempo de espera agotado. El texto por xpaht no está presente.
¡Elemento encontrado y clickeado con éxito!
¡Elemento encontrado y clickeado con éxito!
Elemento desplazado, cantidad limpiada y nuevo valor '_bbxybihf@yopmail.com' ingresado con éxito!
¡Elemento encontrado y clickeado con éxito!
¡Elemento encontrado y clickeado con éxito!
¡Elemento encontrado y clickeado con éxito!
El texto encontrado es  Email del usuario validado correctamente.
¡Elemento encontrado y clickeado con éxito!
Tiempo de espera agotado. El elemento no está presente o no es clickeable.
El texto encontrado es  Cuenta Pendiente de Vincular
]]></system-out>
	</testcase>
</testsuite>
