<?xml version="1.0" encoding="UTF-8"?>
<testsuite name="CtaCte_Aplicada.cuenta_ctacte_aplicada-20240405175915" tests="1" file="CtaCte_Aplicada.py" time="56.400" timestamp="2024-04-05T18:07:40" failures="0" errors="0" skipped="0">
	<testcase classname="CtaCte_Aplicada.cuenta_ctacte_aplicada" name="test_ctacte_aplicada" time="56.400" timestamp="2024-04-05T18:07:40" file="CtaCte_Aplicada.py" line="17">
		<system-out><![CDATA[¡Elemento encontrado y clickeado con éxito!
¡Elemento encontrado y clickeado con éxito!
¡Elemento encontrado y clickeado con éxito!
¡Elemento encontrado y clickeado con éxito!
¡Elemento encontrado y clickeado con éxito!
¡Elemento encontrado y clickeado con éxito!
¡Elemento encontrado y clickeado con éxito!
¡Elemento encontrado y clickeado 6 veces con éxito!
¡Elemento encontrado y clickeado con éxito!
¡Elemento encontrado y clickeado 2 veces con éxito!
¡Elemento encontrado y clickeado con éxito!
¡Elemento encontrado y clickeado con éxito!
El texto encontrado es  CUENTA CORRIENTE APLICADA
El valor es un carácter numérico. Valor: -171.122.569,50
El valor es un carácter numérico. Valor: 51.213.438,74
El valor es un carácter numérico. Valor: 2.912.909,27
¡Elemento encontrado y clickeado con éxito!
¡Elemento encontrado y clickeado con éxito!
¡Elemento encontrado y clickeado con éxito!
¡Elemento encontrado y clickeado con éxito!
¡Elemento encontrado y clickeado con éxito!
¡Elemento encontrado y clickeado con éxito!
El texto encontrado es  CUENTA CORRIENTE
El texto encontrado es  Movimiento FC 1051 00014218
El texto encontrado es  USD 738,10
El texto encontrado es  SILO BOLSA-
¡Elemento encontrado y clickeado con éxito!
]]></system-out>
	</testcase>
</testsuite>
