<?xml version="1.0" encoding="UTF-8"?>
<testsuite name="RegistroUsuario.TestRegistroUsuario-20240403161411" tests="1" file="RegistroUsuario.py" time="219.672" timestamp="2024-04-03T16:17:51" failures="0" errors="0" skipped="0">
	<testcase classname="RegistroUsuario.TestRegistroUsuario" name="test_register_user" time="219.672" timestamp="2024-04-03T16:17:51" file="RegistroUsuario.py" line="18">
		<system-out><![CDATA[Email generado: _fgf3v1ir@yopmail.com
El texto encontrado es  Crear usuario
Elemento desplazado, cantidad limpiada y nuevo valor '_fgf3v1ir@yopmail.com' ingresado con éxito!
¡Elemento encontrado y clickeado con éxito!
Tiempo de espera agotado. El texto por texto no está presente.
Elemento desplazado, cantidad limpiada y nuevo valor '_fgf3v1ir@yopmail.com' ingresado con éxito!
¡Elemento encontrado y clickeado con éxito!
Tiempo de espera agotado. El texto por xpaht no está presente.
¡Elemento encontrado y clickeado con éxito!
¡Elemento encontrado y clickeado con éxito!
Elemento desplazado, cantidad limpiada y nuevo valor '_fgf3v1ir@yopmail.com' ingresado con éxito!
¡Elemento encontrado y clickeado con éxito!
¡Elemento encontrado y clickeado con éxito!
¡Elemento encontrado y clickeado con éxito!
El texto encontrado es  Email del usuario validado correctamente.
¡Elemento encontrado y clickeado con éxito!
Tiempo de espera agotado. El elemento no está presente o no es clickeable.
El texto encontrado es  Cuenta Pendiente de Vincular
]]></system-out>
	</testcase>
</testsuite>
