<?xml version="1.0" encoding="UTF-8"?>
<testsuite name="Home.HomeTenant-20240408154103" tests="1" file="Home.py" time="27.070" timestamp="2024-04-08T15:44:59" failures="0" errors="0" skipped="0">
	<testcase classname="Home.HomeTenant" name="test_start_tenant" time="27.070" timestamp="2024-04-08T15:44:59" file="Home.py" line="19">
		<system-out><![CDATA[El texto encontrado es  Buen día JUAN DEMO!
El texto encontrado es  VENCIDO A HOY
El texto encontrado es  ARS
El valor es un carácter numérico. Valor: 1.640.994.944,91
El texto encontrado es  VENCIDO A HOY
El texto encontrado es  USD
El valor es un carácter numérico. Valor: 1.653.615,10
El texto encontrado es  A VENCER
El texto encontrado es  ARS
El valor es un carácter numérico. Valor: 1.629.238,69
El texto encontrado es  A VENCER
El texto encontrado es  USD
El valor es un carácter numérico. Valor: 1.834.549,36
Validation results registered successfully. File saved as: reportClient\reportHomeClient.xml_20240408154454.xml
Archivo XML generado en: reportClient\reportHomeClient.xml_20240408154454.xml
El texto encontrado es  Resumen de Mis Negocios de Granos
La imagen es visible para el usuario. URL: https://pwa-portal-staging.silohub.ag/assets/images/grains/soja.svg
La imagen es visible para el usuario. URL: https://pwa-portal-staging.silohub.ag/assets/images/grains/maiz.svg
La imagen es visible para el usuario. URL: https://pwa-portal-staging.silohub.ag/assets/images/grains/trigo.svg
El valor es un carácter numérico. Valor: 0 Kg
El valor es un carácter numérico. Valor: 604.498,00 Kg
El valor es un carácter numérico. Valor: 0 Kg
El valor es un carácter numérico. Valor: 0 Kg
El valor es un carácter numérico. Valor: 0 Kg
El texto encontrado es  Entregas y Ventas Recientes
La imagen es visible para el usuario. URL: https://pwa-portal-staging.silohub.ag/assets/images/grains/trigo.svg
El valor es un carácter numérico. Valor: 0010010109864292
El valor es un carácter numérico. Valor: 31.580,00
El texto encontrado es  Ventas Recientes
La imagen es visible para el usuario. URL: https://pwa-portal-staging.silohub.ag/assets/images/grains/soja.svg
El valor es un carácter numérico. Valor: 99,00
El valor es un carácter numérico. Valor: 10,04
Validation results registered successfully. File saved as: reportCliente\reportHomeClient_20240408154457.xml
]]></system-out>
	</testcase>
</testsuite>
