<?xml version="1.0" encoding="UTF-8"?>
<testsuite name="ComproContratos.comprobanteContrato-20240408154103" tests="1" file="ComproContratos.py" time="47.342" timestamp="2024-04-08T16:02:58" failures="0" errors="0" skipped="0">
	<testcase classname="ComproContratos.comprobanteContrato" name="test_comprobante_contrato" time="47.342" timestamp="2024-04-08T16:02:58" file="ComproContratos.py" line="22">
		<system-out><![CDATA[El texto encontrado es  COMPROBANTES
¡Elemento encontrado y clickeado 4 veces con éxito!
¡Elemento encontrado y clickeado 1 veces con éxito!
El texto encontrado es  Mis Comprobantes
El texto encontrado es  VC 0001 00125165
El texto encontrado es  VT 0001 00125179
El texto encontrado es  El comprobante seleccionado no se encuentra para su descarga
]]></system-out>
	</testcase>
</testsuite>
