<?xml version="1.0" encoding="UTF-8"?>
<testsuite name="cta_cte_apliAcobrarV2-20241022134503" tests="1" file=".py" time="55.954" timestamp="2024-10-22T13:45:59" failures="0" errors="0" skipped="0">
	<testcase classname="cta_cte_apliAcobrarV2" name="test_ctacte_aplicada" time="55.954" timestamp="2024-10-22T13:45:59" file="ctacte-apliAcobrar2.py" line="18">
		<system-out><![CDATA[El texto encontrado es  Cuenta Corriente Aplicada
El valor es un carácter numérico. Valor: 683.907.064,57
El valor es un carácter numérico. Valor: 683.175.535,80
El valor es un carácter numérico. Valor: 3.511,90
El texto encontrado es  CUENTA CORRIENTE
El valor es un string. Valor: Movimiento RR 0011 00087914
El valor es un string. Valor: + ARS 251.443,42
El valor es un string. Valor: RET.IB - RG
]]></system-out>
	</testcase>
</testsuite>
