<?xml version="1.0" encoding="UTF-8"?>
<testsuite name="cta_cte_apliAcobrar-20241009120133" tests="2" file=".py" time="72.602" timestamp="2024-10-09T12:02:46" failures="0" errors="2" skipped="0">
	<testcase classname="cta_cte_apliAcobrar" name="test_ctacte_aplicada" time="0.000" timestamp="0001-01-01T00:00:00" file="ctacte_apliAcobrar.py" line="17">
		<error type="NoSuchWindowException" message="Message: no such window: target window already closed
from unknown error: web view not found
  (Session info: chrome=129.0.6668.90)
Stacktrace:
	GetHandleVerifier [0x00007FF62F96B675+29573]
	(No symbol) [0x00007FF62F8E04A0]
	(No symbol) [0x00007FF62F79B6EA]
	(No symbol) [0x00007FF62F76FCD5]
	(No symbol) [0x00007FF62F81EF67]
	(No symbol) [0x00007FF62F837FC1]
	(No symbol) [0x00007FF62F8170A3]
	(No symbol) [0x00007FF62F7E12DF]
	(No symbol) [0x00007FF62F7E2441]
	GetHandleVerifier [0x00007FF62FC9C5BD+3375821]
	GetHandleVerifier [0x00007FF62FCE79B7+3684039]
	GetHandleVerifier [0x00007FF62FCDCDDB+3640043]
	GetHandleVerifier [0x00007FF62FA2B7F6+816390]
	(No symbol) [0x00007FF62F8EB7AF]
	(No symbol) [0x00007FF62F8E75D4]
	(No symbol) [0x00007FF62F8E7770]
	(No symbol) [0x00007FF62F8D65CF]
	BaseThreadInitThunk [0x00007FFFD2F3257D+29]
	RtlUserThreadStart [0x00007FFFD420AF08+40]
"><![CDATA[Traceback (most recent call last):
  File "c:\Users\luist\repos\Automatizaciones_M-dulos-\ctacte_apliAcobrar.py", line 140, in test_ctacte_aplicada
    validate_text_by_strt(self.driver, balance_movements )
  File "c:\Users\luist\repos\Automatizaciones_M-dulos-\Elements.py", line 1054, in validate_text_by_strt
    elemento = WebDriverWait(driver, 10).until(
  File "C:\Users\luist\AppData\Roaming\Python\Python310\site-packages\selenium\webdriver\support\wait.py", line 96, in until
    value = method(self._driver)
  File "C:\Users\luist\AppData\Roaming\Python\Python310\site-packages\selenium\webdriver\support\expected_conditions.py", line 84, in _predicate
    return driver.find_element(*locator)
  File "C:\Users\luist\AppData\Roaming\Python\Python310\site-packages\selenium\webdriver\remote\webdriver.py", line 748, in find_element
    return self.execute(Command.FIND_ELEMENT, {"using": by, "value": value})["value"]
  File "C:\Users\luist\AppData\Roaming\Python\Python310\site-packages\selenium\webdriver\remote\webdriver.py", line 354, in execute
    self.error_handler.check_response(response)
  File "C:\Users\luist\AppData\Roaming\Python\Python310\site-packages\selenium\webdriver\remote\errorhandler.py", line 229, in check_response
    raise exception_class(message, screen, stacktrace)
selenium.common.exceptions.NoSuchWindowException: Message: no such window: target window already closed
from unknown error: web view not found
  (Session info: chrome=129.0.6668.90)
Stacktrace:
	GetHandleVerifier [0x00007FF62F96B675+29573]
	(No symbol) [0x00007FF62F8E04A0]
	(No symbol) [0x00007FF62F79B6EA]
	(No symbol) [0x00007FF62F76FCD5]
	(No symbol) [0x00007FF62F81EF67]
	(No symbol) [0x00007FF62F837FC1]
	(No symbol) [0x00007FF62F8170A3]
	(No symbol) [0x00007FF62F7E12DF]
	(No symbol) [0x00007FF62F7E2441]
	GetHandleVerifier [0x00007FF62FC9C5BD+3375821]
	GetHandleVerifier [0x00007FF62FCE79B7+3684039]
	GetHandleVerifier [0x00007FF62FCDCDDB+3640043]
	GetHandleVerifier [0x00007FF62FA2B7F6+816390]
	(No symbol) [0x00007FF62F8EB7AF]
	(No symbol) [0x00007FF62F8E75D4]
	(No symbol) [0x00007FF62F8E7770]
	(No symbol) [0x00007FF62F8D65CF]
	BaseThreadInitThunk [0x00007FFFD2F3257D+29]
	RtlUserThreadStart [0x00007FFFD420AF08+40]

]]></error>
		<system-out><![CDATA[El texto encontrado es  Cuenta Corriente Aplicada
El valor es un carácter numérico. Valor: -427.260.420,50
El valor es un carácter numérico. Valor: -427.260.420,50
El valor es un carácter numérico. Valor: 0,00
El texto encontrado es  CUENTA CORRIENTE
Tiempo de espera agotado. El texto por texto no está presente.
]]></system-out>
	</testcase>
	<testcase classname="cta_cte_apliAcobrar" name="test_ctacte_aplicada" time="72.602" timestamp="2024-10-09T12:02:46" file="ctacte_apliAcobrar.py" line="17">
		<error type="WebDriverException" message="Message: disconnected: not connected to DevTools
  (failed to check if window was closed: disconnected: not connected to DevTools)
  (Session info: chrome=129.0.6668.90)
Stacktrace:
	GetHandleVerifier [0x00007FF62F96B675+29573]
	(No symbol) [0x00007FF62F8E04A0]
	(No symbol) [0x00007FF62F79B6EA]
	(No symbol) [0x00007FF62F781528]
	(No symbol) [0x00007FF62F7825BF]
	(No symbol) [0x00007FF62F79BD03]
	(No symbol) [0x00007FF62F76F7BD]
	(No symbol) [0x00007FF62F826499]
	(No symbol) [0x00007FF62F8172C0]
	(No symbol) [0x00007FF62F7E12DF]
	(No symbol) [0x00007FF62F7E2441]
	GetHandleVerifier [0x00007FF62FC9C5BD+3375821]
	GetHandleVerifier [0x00007FF62FCE79B7+3684039]
	GetHandleVerifier [0x00007FF62FCDCDDB+3640043]
	GetHandleVerifier [0x00007FF62FA2B7F6+816390]
	(No symbol) [0x00007FF62F8EB7AF]
	(No symbol) [0x00007FF62F8E75D4]
	(No symbol) [0x00007FF62F8E7770]
	(No symbol) [0x00007FF62F8D65CF]
	BaseThreadInitThunk [0x00007FFFD2F3257D+29]
	RtlUserThreadStart [0x00007FFFD420AF08+40]
"><![CDATA[Traceback (most recent call last):
  File "c:\Users\luist\repos\Automatizaciones_M-dulos-\ctacte_apliAcobrar.py", line 155, in tearDown
    self.driver.close()
  File "C:\Users\luist\AppData\Roaming\Python\Python310\site-packages\selenium\webdriver\remote\webdriver.py", line 465, in close
    self.execute(Command.CLOSE)
  File "C:\Users\luist\AppData\Roaming\Python\Python310\site-packages\selenium\webdriver\remote\webdriver.py", line 354, in execute
    self.error_handler.check_response(response)
  File "C:\Users\luist\AppData\Roaming\Python\Python310\site-packages\selenium\webdriver\remote\errorhandler.py", line 229, in check_response
    raise exception_class(message, screen, stacktrace)
selenium.common.exceptions.WebDriverException: Message: disconnected: not connected to DevTools
  (failed to check if window was closed: disconnected: not connected to DevTools)
  (Session info: chrome=129.0.6668.90)
Stacktrace:
	GetHandleVerifier [0x00007FF62F96B675+29573]
	(No symbol) [0x00007FF62F8E04A0]
	(No symbol) [0x00007FF62F79B6EA]
	(No symbol) [0x00007FF62F781528]
	(No symbol) [0x00007FF62F7825BF]
	(No symbol) [0x00007FF62F79BD03]
	(No symbol) [0x00007FF62F76F7BD]
	(No symbol) [0x00007FF62F826499]
	(No symbol) [0x00007FF62F8172C0]
	(No symbol) [0x00007FF62F7E12DF]
	(No symbol) [0x00007FF62F7E2441]
	GetHandleVerifier [0x00007FF62FC9C5BD+3375821]
	GetHandleVerifier [0x00007FF62FCE79B7+3684039]
	GetHandleVerifier [0x00007FF62FCDCDDB+3640043]
	GetHandleVerifier [0x00007FF62FA2B7F6+816390]
	(No symbol) [0x00007FF62F8EB7AF]
	(No symbol) [0x00007FF62F8E75D4]
	(No symbol) [0x00007FF62F8E7770]
	(No symbol) [0x00007FF62F8D65CF]
	BaseThreadInitThunk [0x00007FFFD2F3257D+29]
	RtlUserThreadStart [0x00007FFFD420AF08+40]

]]></error>
		<system-out><![CDATA[El texto encontrado es  Cuenta Corriente Aplicada
El valor es un carácter numérico. Valor: -427.260.420,50
El valor es un carácter numérico. Valor: -427.260.420,50
El valor es un carácter numérico. Valor: 0,00
El texto encontrado es  CUENTA CORRIENTE
Tiempo de espera agotado. El texto por texto no está presente.
]]></system-out>
	</testcase>
</testsuite>
