<?xml version="1.0" encoding="UTF-8"?>
<testsuite name="cta_cte_apliAcobrar-20241009105505" tests="1" file=".py" time="44.342" timestamp="2024-10-09T10:55:49" failures="0" errors="1" skipped="0">
	<testcase classname="cta_cte_apliAcobrar" name="test_ctacte_aplicada" time="44.342" timestamp="2024-10-09T10:55:49" file="ctacte_apliAcobrar.py" line="17">
		<error type="TimeoutException" message="Message: 
Stacktrace:
	GetHandleVerifier [0x00007FF74977B675+29573]
	(No symbol) [0x00007FF7496F04A0]
	(No symbol) [0x00007FF7495AB6EA]
	(No symbol) [0x00007FF7495FF815]
	(No symbol) [0x00007FF7495FFA6C]
	(No symbol) [0x00007FF74964B917]
	(No symbol) [0x00007FF74962733F]
	(No symbol) [0x00007FF7496486BC]
	(No symbol) [0x00007FF7496270A3]
	(No symbol) [0x00007FF7495F12DF]
	(No symbol) [0x00007FF7495F2441]
	GetHandleVerifier [0x00007FF749AAC5BD+3375821]
	GetHandleVerifier [0x00007FF749AF79B7+3684039]
	GetHandleVerifier [0x00007FF749AECDDB+3640043]
	GetHandleVerifier [0x00007FF74983B7F6+816390]
	(No symbol) [0x00007FF7496FB7AF]
	(No symbol) [0x00007FF7496F75D4]
	(No symbol) [0x00007FF7496F7770]
	(No symbol) [0x00007FF7496E65CF]
	BaseThreadInitThunk [0x00007FFFD2F3257D+29]
	RtlUserThreadStart [0x00007FFFD420AF08+40]
"><![CDATA[Traceback (most recent call last):
  File "c:\Users\luist\repos\Automatizaciones_M-dulos-\ctacte_apliAcobrar.py", line 20, in test_ctacte_aplicada
    self.login_helper.select_tenant()
  File "c:\Users\luist\repos\Automatizaciones_M-dulos-\loginhelper.py", line 18, in select_tenant
    select_tenant = find_element_by_xpath(self.driver, "/html/body/app-root/app-layout/app-vertical/div/div/div/div/app-home-main/div/div[1]/app-tenant-main/app-tenant[8]/div/div/img")
  File "c:\Users\luist\repos\Automatizaciones_M-dulos-\findElements.py", line 14, in find_element_by_xpath
    return WebDriverWait(driver, 10).until(EC.presence_of_element_located((By.XPATH, xpath)))
  File "C:\Users\luist\AppData\Roaming\Python\Python310\site-packages\selenium\webdriver\support\wait.py", line 105, in until
    raise TimeoutException(message, screen, stacktrace)
selenium.common.exceptions.TimeoutException: Message: 
Stacktrace:
	GetHandleVerifier [0x00007FF74977B675+29573]
	(No symbol) [0x00007FF7496F04A0]
	(No symbol) [0x00007FF7495AB6EA]
	(No symbol) [0x00007FF7495FF815]
	(No symbol) [0x00007FF7495FFA6C]
	(No symbol) [0x00007FF74964B917]
	(No symbol) [0x00007FF74962733F]
	(No symbol) [0x00007FF7496486BC]
	(No symbol) [0x00007FF7496270A3]
	(No symbol) [0x00007FF7495F12DF]
	(No symbol) [0x00007FF7495F2441]
	GetHandleVerifier [0x00007FF749AAC5BD+3375821]
	GetHandleVerifier [0x00007FF749AF79B7+3684039]
	GetHandleVerifier [0x00007FF749AECDDB+3640043]
	GetHandleVerifier [0x00007FF74983B7F6+816390]
	(No symbol) [0x00007FF7496FB7AF]
	(No symbol) [0x00007FF7496F75D4]
	(No symbol) [0x00007FF7496F7770]
	(No symbol) [0x00007FF7496E65CF]
	BaseThreadInitThunk [0x00007FFFD2F3257D+29]
	RtlUserThreadStart [0x00007FFFD420AF08+40]

]]></error>
	</testcase>
</testsuite>
