<?xml version="1.0" encoding="UTF-8"?>
<testsuite name="HomeEntRecientesTenant-20240722160850" tests="2" file=".py" time="49.413" timestamp="2024-07-22T16:09:39" failures="0" errors="2" skipped="0">
	<testcase classname="HomeEntRecientesTenant" name="test_start_tenant" time="0.000" timestamp="0001-01-01T00:00:00" file="HomeEntRecientes.py" line="18">
		<error type="NoSuchWindowException" message="Message: no such window: target window already closed
from unknown error: web view not found
  (Session info: chrome=126.0.6478.182)
Stacktrace:
	GetHandleVerifier [0x00007FF6A82FEEB2+31554]
	(No symbol) [0x00007FF6A8277EE9]
	(No symbol) [0x00007FF6A813872A]
	(No symbol) [0x00007FF6A810D995]
	(No symbol) [0x00007FF6A81B44D7]
	(No symbol) [0x00007FF6A81CC051]
	(No symbol) [0x00007FF6A81ACDD3]
	(No symbol) [0x00007FF6A817A33B]
	(No symbol) [0x00007FF6A817AED1]
	GetHandleVerifier [0x00007FF6A8608B2D+3217341]
	GetHandleVerifier [0x00007FF6A8655AF3+3532675]
	GetHandleVerifier [0x00007FF6A864B0F0+3489152]
	GetHandleVerifier [0x00007FF6A83AE786+750614]
	(No symbol) [0x00007FF6A828376F]
	(No symbol) [0x00007FF6A827EB24]
	(No symbol) [0x00007FF6A827ECB2]
	(No symbol) [0x00007FF6A826E17F]
	BaseThreadInitThunk [0x00007FFAE791257D+29]
	RtlUserThreadStart [0x00007FFAE888AF28+40]
"><![CDATA[Traceback (most recent call last):
  File "c:\Users\luist\repos\Automatizaciones-SILOHUB-\HomeEntRecientes.py", line 47, in test_start_tenant
    validate_image_css_selector(self.driver, image_4, image_4_expected)
  File "c:\Users\luist\repos\Automatizaciones-SILOHUB-\Elements.py", line 1137, in validate_image_css_selector
    imagen = driver.find_element(By.CSS_SELECTOR, css_selector)
  File "C:\Users\luist\AppData\Roaming\Python\Python310\site-packages\selenium\webdriver\remote\webdriver.py", line 748, in find_element
    return self.execute(Command.FIND_ELEMENT, {"using": by, "value": value})["value"]
  File "C:\Users\luist\AppData\Roaming\Python\Python310\site-packages\selenium\webdriver\remote\webdriver.py", line 354, in execute
    self.error_handler.check_response(response)
  File "C:\Users\luist\AppData\Roaming\Python\Python310\site-packages\selenium\webdriver\remote\errorhandler.py", line 229, in check_response
    raise exception_class(message, screen, stacktrace)
selenium.common.exceptions.NoSuchWindowException: Message: no such window: target window already closed
from unknown error: web view not found
  (Session info: chrome=126.0.6478.182)
Stacktrace:
	GetHandleVerifier [0x00007FF6A82FEEB2+31554]
	(No symbol) [0x00007FF6A8277EE9]
	(No symbol) [0x00007FF6A813872A]
	(No symbol) [0x00007FF6A810D995]
	(No symbol) [0x00007FF6A81B44D7]
	(No symbol) [0x00007FF6A81CC051]
	(No symbol) [0x00007FF6A81ACDD3]
	(No symbol) [0x00007FF6A817A33B]
	(No symbol) [0x00007FF6A817AED1]
	GetHandleVerifier [0x00007FF6A8608B2D+3217341]
	GetHandleVerifier [0x00007FF6A8655AF3+3532675]
	GetHandleVerifier [0x00007FF6A864B0F0+3489152]
	GetHandleVerifier [0x00007FF6A83AE786+750614]
	(No symbol) [0x00007FF6A828376F]
	(No symbol) [0x00007FF6A827EB24]
	(No symbol) [0x00007FF6A827ECB2]
	(No symbol) [0x00007FF6A826E17F]
	BaseThreadInitThunk [0x00007FFAE791257D+29]
	RtlUserThreadStart [0x00007FFAE888AF28+40]

]]></error>
		<system-out><![CDATA[El texto encontrado es  Buen día JUAN DEMO!
Tiempo de espera agotado. El texto por xpaht no está presente.
]]></system-out>
	</testcase>
	<testcase classname="HomeEntRecientesTenant" name="test_start_tenant" time="49.413" timestamp="2024-07-22T16:09:39" file="HomeEntRecientes.py" line="18">
		<error type="WebDriverException" message="Message: disconnected: not connected to DevTools
  (failed to check if window was closed: disconnected: not connected to DevTools)
  (Session info: chrome=126.0.6478.182)
Stacktrace:
	GetHandleVerifier [0x00007FF6A82FEEB2+31554]
	(No symbol) [0x00007FF6A8277EE9]
	(No symbol) [0x00007FF6A813872A]
	(No symbol) [0x00007FF6A811E90F]
	(No symbol) [0x00007FF6A811F47F]
	(No symbol) [0x00007FF6A8138D53]
	(No symbol) [0x00007FF6A810D47C]
	(No symbol) [0x00007FF6A81BB614]
	(No symbol) [0x00007FF6A81ACFF0]
	(No symbol) [0x00007FF6A817A33B]
	(No symbol) [0x00007FF6A817AED1]
	GetHandleVerifier [0x00007FF6A8608B2D+3217341]
	GetHandleVerifier [0x00007FF6A8655AF3+3532675]
	GetHandleVerifier [0x00007FF6A864B0F0+3489152]
	GetHandleVerifier [0x00007FF6A83AE786+750614]
	(No symbol) [0x00007FF6A828376F]
	(No symbol) [0x00007FF6A827EB24]
	(No symbol) [0x00007FF6A827ECB2]
	(No symbol) [0x00007FF6A826E17F]
	BaseThreadInitThunk [0x00007FFAE791257D+29]
	RtlUserThreadStart [0x00007FFAE888AF28+40]
"><![CDATA[Traceback (most recent call last):
  File "c:\Users\luist\repos\Automatizaciones-SILOHUB-\HomeEntRecientes.py", line 88, in tearDown
    self.driver.close()
  File "C:\Users\luist\AppData\Roaming\Python\Python310\site-packages\selenium\webdriver\remote\webdriver.py", line 465, in close
    self.execute(Command.CLOSE)
  File "C:\Users\luist\AppData\Roaming\Python\Python310\site-packages\selenium\webdriver\remote\webdriver.py", line 354, in execute
    self.error_handler.check_response(response)
  File "C:\Users\luist\AppData\Roaming\Python\Python310\site-packages\selenium\webdriver\remote\errorhandler.py", line 229, in check_response
    raise exception_class(message, screen, stacktrace)
selenium.common.exceptions.WebDriverException: Message: disconnected: not connected to DevTools
  (failed to check if window was closed: disconnected: not connected to DevTools)
  (Session info: chrome=126.0.6478.182)
Stacktrace:
	GetHandleVerifier [0x00007FF6A82FEEB2+31554]
	(No symbol) [0x00007FF6A8277EE9]
	(No symbol) [0x00007FF6A813872A]
	(No symbol) [0x00007FF6A811E90F]
	(No symbol) [0x00007FF6A811F47F]
	(No symbol) [0x00007FF6A8138D53]
	(No symbol) [0x00007FF6A810D47C]
	(No symbol) [0x00007FF6A81BB614]
	(No symbol) [0x00007FF6A81ACFF0]
	(No symbol) [0x00007FF6A817A33B]
	(No symbol) [0x00007FF6A817AED1]
	GetHandleVerifier [0x00007FF6A8608B2D+3217341]
	GetHandleVerifier [0x00007FF6A8655AF3+3532675]
	GetHandleVerifier [0x00007FF6A864B0F0+3489152]
	GetHandleVerifier [0x00007FF6A83AE786+750614]
	(No symbol) [0x00007FF6A828376F]
	(No symbol) [0x00007FF6A827EB24]
	(No symbol) [0x00007FF6A827ECB2]
	(No symbol) [0x00007FF6A826E17F]
	BaseThreadInitThunk [0x00007FFAE791257D+29]
	RtlUserThreadStart [0x00007FFAE888AF28+40]

]]></error>
		<system-out><![CDATA[El texto encontrado es  Buen día JUAN DEMO!
Tiempo de espera agotado. El texto por xpaht no está presente.
]]></system-out>
	</testcase>
</testsuite>
