<?xml version="1.0" encoding="UTF-8"?>
<testsuite name="HomeEntRecientesTenant-20240514162529" tests="1" file=".py" time="27.738" timestamp="2024-05-14T16:25:57" failures="0" errors="0" skipped="0">
	<testcase classname="HomeEntRecientesTenant" name="test_start_tenant" time="27.738" timestamp="2024-05-14T16:25:57" file="HomeEntRcientes.py" line="18">
		<system-out><![CDATA[El texto encontrado es  Buen día JUAN DEMO!
El texto encontrado es  Entregas y Ventas Recientes
La imagen es visible para el usuario. URL: https://pwa-portal-staging.silohub.ag/assets/images/grains/trigo.svg
El valor es un carácter numérico. Valor: 0010010109864292
El valor es un carácter numérico. Valor: 31.580,00
El texto encontrado es  Ventas Recientes
La imagen es visible para el usuario. URL: https://pwa-portal-staging.silohub.ag/assets/images/grains/soja.svg
El valor es un carácter numérico. Valor: 1.000,00
El valor es un carácter numérico. Valor: 300
]]></system-out>
	</testcase>
</testsuite>
