<?xml version="1.0" encoding="UTF-8"?>
<testsuite name="HomeEntRecientesTenant-20241014164630" tests="1" file=".py" time="24.470" timestamp="2024-10-14T16:46:54" failures="0" errors="0" skipped="0">
	<testcase classname="HomeEntRecientesTenant" name="test_start_tenant" time="24.470" timestamp="2024-10-14T16:46:54" file="HomeEntRecientes.py" line="18">
		<system-out><![CDATA[El texto encontrado es  Buen día JUAN DEMO!
El texto encontrado es  Entregas y Ventas Recientes
La imagen es visible para el usuario. URL: https://pwa-portal-staging.silohub.ag/assets/images/grains/trigo.svg
El valor es un carácter numérico. Valor: 10118416631
El valor es un carácter numérico. Valor: 28.240,00
El texto encontrado es  Ventas Recientes
La imagen es visible para el usuario. URL: https://pwa-portal-staging.silohub.ag/assets/images/grains/trigo.svg
El valor es un carácter numérico. Valor: 8.240,00
El valor es un carácter numérico. Valor: 12.30
]]></system-out>
	</testcase>
</testsuite>
