<?xml version="1.0" encoding="UTF-8"?>
<testsuite name="HomeEntRecientesTenant-20240515122438" tests="2" file=".py" time="51.007" timestamp="2024-05-15T12:25:29" failures="0" errors="2" skipped="0">
	<testcase classname="HomeEntRecientesTenant" name="test_start_tenant" time="0.000" timestamp="0001-01-01T00:00:00" file="HomeEntRecientes.py" line="18">
		<error type="TypeError" message="expected string or bytes-like object"><![CDATA[Traceback (most recent call last):
  File "c:\Users\luist\repos\Automatizaciones-SILOHUB-\HomeEntRecientes.py", line 80, in test_start_tenant
    validate_character_numeric_element(self.driver, element15  )
  File "c:\Users\luist\repos\Automatizaciones-SILOHUB-\Elements.py", line 1093, in validate_character_numeric_element
    if re.search(r'\d', valor):
  File "C:\Program Files\Python310\lib\re.py", line 200, in search
    return _compile(pattern, flags).search(string)
TypeError: expected string or bytes-like object
]]></error>
		<system-out><![CDATA[El texto encontrado es  Buen día JUAN DEMO!
El texto encontrado es  Entregas y Ventas Recientes
La imagen es visible para el usuario. URL: https://pwa-portal-staging.silohub.ag/assets/images/grains/trigo.svg
El valor es un carácter numérico. Valor: 0010010109864292
El valor es un carácter numérico. Valor: 315,80
El texto encontrado es  Ventas Recientes
La imagen es visible para el usuario. URL: https://pwa-portal-staging.silohub.ag/assets/images/grains/soja.svg
]]></system-out>
	</testcase>
	<testcase classname="HomeEntRecientesTenant" name="test_start_tenant" time="51.007" timestamp="2024-05-15T12:25:29" file="HomeEntRecientes.py" line="18">
		<error type="NoSuchWindowException" message="Message: no such window: target window already closed
from unknown error: web view not found
  (Session info: chrome=124.0.6367.202)
Stacktrace:
	GetHandleVerifier [0x00007FF7CC321522+60802]
	(No symbol) [0x00007FF7CC29AC22]
	(No symbol) [0x00007FF7CC157CE4]
	(No symbol) [0x00007FF7CC12DFDF]
	(No symbol) [0x00007FF7CC1D1E57]
	(No symbol) [0x00007FF7CC1D8FD2]
	(No symbol) [0x00007FF7CC1CAB40]
	(No symbol) [0x00007FF7CC198FEC]
	(No symbol) [0x00007FF7CC199C21]
	GetHandleVerifier [0x00007FF7CC6241BD+3217949]
	GetHandleVerifier [0x00007FF7CC666157+3488183]
	GetHandleVerifier [0x00007FF7CC65F0DF+3459391]
	GetHandleVerifier [0x00007FF7CC3DB8E6+823622]
	(No symbol) [0x00007FF7CC2A5FBF]
	(No symbol) [0x00007FF7CC2A0EE4]
	(No symbol) [0x00007FF7CC2A1072]
	(No symbol) [0x00007FF7CC2918C4]
	BaseThreadInitThunk [0x00007FFA24B4257D+29]
	RtlUserThreadStart [0x00007FFA2654AA48+40]
"><![CDATA[Traceback (most recent call last):
  File "c:\Users\luist\repos\Automatizaciones-SILOHUB-\HomeEntRecientes.py", line 89, in tearDown
    self.driver.close()
  File "C:\Users\luist\AppData\Roaming\Python\Python310\site-packages\selenium\webdriver\remote\webdriver.py", line 459, in close
    self.execute(Command.CLOSE)
  File "C:\Users\luist\AppData\Roaming\Python\Python310\site-packages\selenium\webdriver\remote\webdriver.py", line 348, in execute
    self.error_handler.check_response(response)
  File "C:\Users\luist\AppData\Roaming\Python\Python310\site-packages\selenium\webdriver\remote\errorhandler.py", line 229, in check_response
    raise exception_class(message, screen, stacktrace)
selenium.common.exceptions.NoSuchWindowException: Message: no such window: target window already closed
from unknown error: web view not found
  (Session info: chrome=124.0.6367.202)
Stacktrace:
	GetHandleVerifier [0x00007FF7CC321522+60802]
	(No symbol) [0x00007FF7CC29AC22]
	(No symbol) [0x00007FF7CC157CE4]
	(No symbol) [0x00007FF7CC12DFDF]
	(No symbol) [0x00007FF7CC1D1E57]
	(No symbol) [0x00007FF7CC1D8FD2]
	(No symbol) [0x00007FF7CC1CAB40]
	(No symbol) [0x00007FF7CC198FEC]
	(No symbol) [0x00007FF7CC199C21]
	GetHandleVerifier [0x00007FF7CC6241BD+3217949]
	GetHandleVerifier [0x00007FF7CC666157+3488183]
	GetHandleVerifier [0x00007FF7CC65F0DF+3459391]
	GetHandleVerifier [0x00007FF7CC3DB8E6+823622]
	(No symbol) [0x00007FF7CC2A5FBF]
	(No symbol) [0x00007FF7CC2A0EE4]
	(No symbol) [0x00007FF7CC2A1072]
	(No symbol) [0x00007FF7CC2918C4]
	BaseThreadInitThunk [0x00007FFA24B4257D+29]
	RtlUserThreadStart [0x00007FFA2654AA48+40]

]]></error>
		<system-out><![CDATA[El texto encontrado es  Buen día JUAN DEMO!
El texto encontrado es  Entregas y Ventas Recientes
La imagen es visible para el usuario. URL: https://pwa-portal-staging.silohub.ag/assets/images/grains/trigo.svg
El valor es un carácter numérico. Valor: 0010010109864292
El valor es un carácter numérico. Valor: 315,80
El texto encontrado es  Ventas Recientes
La imagen es visible para el usuario. URL: https://pwa-portal-staging.silohub.ag/assets/images/grains/soja.svg
]]></system-out>
	</testcase>
</testsuite>
