<?xml version="1.0" encoding="UTF-8"?>
<testsuite name="HomeEntRecientesTenant-20241014164131" tests="2" file=".py" time="42.306" timestamp="2024-10-14T16:42:14" failures="0" errors="2" skipped="0">
	<testcase classname="HomeEntRecientesTenant" name="test_start_tenant" time="0.000" timestamp="0001-01-01T00:00:00" file="HomeEntRecientes.py" line="18">
		<error type="NoSuchWindowException" message="Message: no such window: target window already closed
from unknown error: web view not found
  (Session info: chrome=129.0.6668.100)
Stacktrace:
	GetHandleVerifier [0x00007FF7E111B095+29557]
	(No symbol) [0x00007FF7E108FA50]
	(No symbol) [0x00007FF7E0F4B56A]
	(No symbol) [0x00007FF7E0F1FCC5]
	(No symbol) [0x00007FF7E0FCEE07]
	(No symbol) [0x00007FF7E0FE7E21]
	(No symbol) [0x00007FF7E0FC6F33]
	(No symbol) [0x00007FF7E0F9116F]
	(No symbol) [0x00007FF7E0F922D1]
	GetHandleVerifier [0x00007FF7E144C96D+3378253]
	GetHandleVerifier [0x00007FF7E1498497+3688311]
	GetHandleVerifier [0x00007FF7E148D1CB+3642539]
	GetHandleVerifier [0x00007FF7E11DA6B6+813462]
	(No symbol) [0x00007FF7E109AB5F]
	(No symbol) [0x00007FF7E1096B74]
	(No symbol) [0x00007FF7E1096D10]
	(No symbol) [0x00007FF7E1085C1F]
	BaseThreadInitThunk [0x00007FF92EF0257D+29]
	RtlUserThreadStart [0x00007FF93006AF08+40]
"><![CDATA[Traceback (most recent call last):
  File "c:\Users\luist\repos\Automatizaciones_M-dulos-\HomeEntRecientes.py", line 50, in test_start_tenant
    validate_image_css_selector(self.driver, image_4, image_4_expected)
  File "c:\Users\luist\repos\Automatizaciones_M-dulos-\Elements.py", line 1150, in validate_image_css_selector
    imagen = driver.find_element(By.CSS_SELECTOR, css_selector)
  File "C:\Users\luist\AppData\Roaming\Python\Python310\site-packages\selenium\webdriver\remote\webdriver.py", line 748, in find_element
    return self.execute(Command.FIND_ELEMENT, {"using": by, "value": value})["value"]
  File "C:\Users\luist\AppData\Roaming\Python\Python310\site-packages\selenium\webdriver\remote\webdriver.py", line 354, in execute
    self.error_handler.check_response(response)
  File "C:\Users\luist\AppData\Roaming\Python\Python310\site-packages\selenium\webdriver\remote\errorhandler.py", line 229, in check_response
    raise exception_class(message, screen, stacktrace)
selenium.common.exceptions.NoSuchWindowException: Message: no such window: target window already closed
from unknown error: web view not found
  (Session info: chrome=129.0.6668.100)
Stacktrace:
	GetHandleVerifier [0x00007FF7E111B095+29557]
	(No symbol) [0x00007FF7E108FA50]
	(No symbol) [0x00007FF7E0F4B56A]
	(No symbol) [0x00007FF7E0F1FCC5]
	(No symbol) [0x00007FF7E0FCEE07]
	(No symbol) [0x00007FF7E0FE7E21]
	(No symbol) [0x00007FF7E0FC6F33]
	(No symbol) [0x00007FF7E0F9116F]
	(No symbol) [0x00007FF7E0F922D1]
	GetHandleVerifier [0x00007FF7E144C96D+3378253]
	GetHandleVerifier [0x00007FF7E1498497+3688311]
	GetHandleVerifier [0x00007FF7E148D1CB+3642539]
	GetHandleVerifier [0x00007FF7E11DA6B6+813462]
	(No symbol) [0x00007FF7E109AB5F]
	(No symbol) [0x00007FF7E1096B74]
	(No symbol) [0x00007FF7E1096D10]
	(No symbol) [0x00007FF7E1085C1F]
	BaseThreadInitThunk [0x00007FF92EF0257D+29]
	RtlUserThreadStart [0x00007FF93006AF08+40]

]]></error>
		<system-out><![CDATA[El texto encontrado es  Buen día JUAN DEMO!
Tiempo de espera agotado. El texto por xpaht no está presente.
]]></system-out>
	</testcase>
	<testcase classname="HomeEntRecientesTenant" name="test_start_tenant" time="42.306" timestamp="2024-10-14T16:42:14" file="HomeEntRecientes.py" line="18">
		<error type="WebDriverException" message="Message: disconnected: not connected to DevTools
  (failed to check if window was closed: disconnected: not connected to DevTools)
  (Session info: chrome=129.0.6668.100)
Stacktrace:
	GetHandleVerifier [0x00007FF7E111B095+29557]
	(No symbol) [0x00007FF7E108FA50]
	(No symbol) [0x00007FF7E0F4B56A]
	(No symbol) [0x00007FF7E0F31528]
	(No symbol) [0x00007FF7E0F325BF]
	(No symbol) [0x00007FF7E0F4BB83]
	(No symbol) [0x00007FF7E0F1F7AD]
	(No symbol) [0x00007FF7E0FD6339]
	(No symbol) [0x00007FF7E0FC7150]
	(No symbol) [0x00007FF7E0F9116F]
	(No symbol) [0x00007FF7E0F922D1]
	GetHandleVerifier [0x00007FF7E144C96D+3378253]
	GetHandleVerifier [0x00007FF7E1498497+3688311]
	GetHandleVerifier [0x00007FF7E148D1CB+3642539]
	GetHandleVerifier [0x00007FF7E11DA6B6+813462]
	(No symbol) [0x00007FF7E109AB5F]
	(No symbol) [0x00007FF7E1096B74]
	(No symbol) [0x00007FF7E1096D10]
	(No symbol) [0x00007FF7E1085C1F]
	BaseThreadInitThunk [0x00007FF92EF0257D+29]
	RtlUserThreadStart [0x00007FF93006AF08+40]
"><![CDATA[Traceback (most recent call last):
  File "c:\Users\luist\repos\Automatizaciones_M-dulos-\HomeEntRecientes.py", line 91, in tearDown
    self.driver.close()
  File "C:\Users\luist\AppData\Roaming\Python\Python310\site-packages\selenium\webdriver\remote\webdriver.py", line 465, in close
    self.execute(Command.CLOSE)
  File "C:\Users\luist\AppData\Roaming\Python\Python310\site-packages\selenium\webdriver\remote\webdriver.py", line 354, in execute
    self.error_handler.check_response(response)
  File "C:\Users\luist\AppData\Roaming\Python\Python310\site-packages\selenium\webdriver\remote\errorhandler.py", line 229, in check_response
    raise exception_class(message, screen, stacktrace)
selenium.common.exceptions.WebDriverException: Message: disconnected: not connected to DevTools
  (failed to check if window was closed: disconnected: not connected to DevTools)
  (Session info: chrome=129.0.6668.100)
Stacktrace:
	GetHandleVerifier [0x00007FF7E111B095+29557]
	(No symbol) [0x00007FF7E108FA50]
	(No symbol) [0x00007FF7E0F4B56A]
	(No symbol) [0x00007FF7E0F31528]
	(No symbol) [0x00007FF7E0F325BF]
	(No symbol) [0x00007FF7E0F4BB83]
	(No symbol) [0x00007FF7E0F1F7AD]
	(No symbol) [0x00007FF7E0FD6339]
	(No symbol) [0x00007FF7E0FC7150]
	(No symbol) [0x00007FF7E0F9116F]
	(No symbol) [0x00007FF7E0F922D1]
	GetHandleVerifier [0x00007FF7E144C96D+3378253]
	GetHandleVerifier [0x00007FF7E1498497+3688311]
	GetHandleVerifier [0x00007FF7E148D1CB+3642539]
	GetHandleVerifier [0x00007FF7E11DA6B6+813462]
	(No symbol) [0x00007FF7E109AB5F]
	(No symbol) [0x00007FF7E1096B74]
	(No symbol) [0x00007FF7E1096D10]
	(No symbol) [0x00007FF7E1085C1F]
	BaseThreadInitThunk [0x00007FF92EF0257D+29]
	RtlUserThreadStart [0x00007FF93006AF08+40]

]]></error>
		<system-out><![CDATA[El texto encontrado es  Buen día JUAN DEMO!
Tiempo de espera agotado. El texto por xpaht no está presente.
]]></system-out>
	</testcase>
</testsuite>
