<?xml version="1.0" encoding="UTF-8"?>
<testsuite name="HomeEntRecientesTenant-20240618124604" tests="1" file=".py" time="23.087" timestamp="2024-06-18T12:46:27" failures="0" errors="0" skipped="0">
	<testcase classname="HomeEntRecientesTenant" name="test_start_tenant" time="23.087" timestamp="2024-06-18T12:46:27" file="HomeEntRecientes.py" line="18">
		<system-out><![CDATA[El texto encontrado es  Buen día JUAN DEMO!
El texto encontrado es  Entregas y Ventas Recientes
La imagen es visible para el usuario. URL: https://pwa-portal-staging.silohub.ag/assets/images/grains/trigo.svg
El valor es un carácter numérico. Valor: 10109864292
El valor es un carácter numérico. Valor: 31.580,00
El texto encontrado es  Ventas Recientes
La imagen es visible para el usuario. URL: https://pwa-portal-staging.silohub.ag/assets/images/grains/soja.svg
El valor es un carácter numérico. Valor: 2,00
El valor es un carácter numérico. Valor: 0.01
]]></system-out>
	</testcase>
</testsuite>
