<?xml version="1.0" encoding="UTF-8"?>
<testsuite name="HomeEntRecientesTenant-20240909102128" tests="2" file=".py" time="46.812" timestamp="2024-09-09T10:22:15" failures="0" errors="2" skipped="0">
	<testcase classname="HomeEntRecientesTenant" name="test_start_tenant" time="0.000" timestamp="0001-01-01T00:00:00" file="HomeEntRecientes.py" line="18">
		<error type="NoSuchWindowException" message="Message: no such window: target window already closed
from unknown error: web view not found
  (Session info: chrome=128.0.6613.120)
Stacktrace:
	GetHandleVerifier [0x00007FF66636B5D2+29090]
	(No symbol) [0x00007FF6662DE689]
	(No symbol) [0x00007FF66619B1CA]
	(No symbol) [0x00007FF66616FAF5]
	(No symbol) [0x00007FF66621E2E7]
	(No symbol) [0x00007FF666235EE1]
	(No symbol) [0x00007FF666216493]
	(No symbol) [0x00007FF6661E09B1]
	(No symbol) [0x00007FF6661E1B11]
	GetHandleVerifier [0x00007FF666688C5D+3295277]
	GetHandleVerifier [0x00007FF6666D4843+3605523]
	GetHandleVerifier [0x00007FF6666CA707+3564247]
	GetHandleVerifier [0x00007FF666426EB6+797318]
	(No symbol) [0x00007FF6662E980F]
	(No symbol) [0x00007FF6662E53F4]
	(No symbol) [0x00007FF6662E5580]
	(No symbol) [0x00007FF6662D4A1F]
	BaseThreadInitThunk [0x00007FF8EEFD257D+29]
	RtlUserThreadStart [0x00007FF8F08EAF28+40]
"><![CDATA[Traceback (most recent call last):
  File "c:\Users\luist\repos\Automatizaciones_M-dulos-\HomeEntRecientes.py", line 47, in test_start_tenant
    validate_image_css_selector(self.driver, image_4, image_4_expected)
  File "c:\Users\luist\repos\Automatizaciones_M-dulos-\Elements.py", line 1150, in validate_image_css_selector
    imagen = driver.find_element(By.CSS_SELECTOR, css_selector)
  File "C:\Users\luist\AppData\Roaming\Python\Python310\site-packages\selenium\webdriver\remote\webdriver.py", line 748, in find_element
    return self.execute(Command.FIND_ELEMENT, {"using": by, "value": value})["value"]
  File "C:\Users\luist\AppData\Roaming\Python\Python310\site-packages\selenium\webdriver\remote\webdriver.py", line 354, in execute
    self.error_handler.check_response(response)
  File "C:\Users\luist\AppData\Roaming\Python\Python310\site-packages\selenium\webdriver\remote\errorhandler.py", line 229, in check_response
    raise exception_class(message, screen, stacktrace)
selenium.common.exceptions.NoSuchWindowException: Message: no such window: target window already closed
from unknown error: web view not found
  (Session info: chrome=128.0.6613.120)
Stacktrace:
	GetHandleVerifier [0x00007FF66636B5D2+29090]
	(No symbol) [0x00007FF6662DE689]
	(No symbol) [0x00007FF66619B1CA]
	(No symbol) [0x00007FF66616FAF5]
	(No symbol) [0x00007FF66621E2E7]
	(No symbol) [0x00007FF666235EE1]
	(No symbol) [0x00007FF666216493]
	(No symbol) [0x00007FF6661E09B1]
	(No symbol) [0x00007FF6661E1B11]
	GetHandleVerifier [0x00007FF666688C5D+3295277]
	GetHandleVerifier [0x00007FF6666D4843+3605523]
	GetHandleVerifier [0x00007FF6666CA707+3564247]
	GetHandleVerifier [0x00007FF666426EB6+797318]
	(No symbol) [0x00007FF6662E980F]
	(No symbol) [0x00007FF6662E53F4]
	(No symbol) [0x00007FF6662E5580]
	(No symbol) [0x00007FF6662D4A1F]
	BaseThreadInitThunk [0x00007FF8EEFD257D+29]
	RtlUserThreadStart [0x00007FF8F08EAF28+40]

]]></error>
		<system-out><![CDATA[El texto encontrado es  Buen día JUAN DEMO!
Tiempo de espera agotado. El texto por xpaht no está presente.
]]></system-out>
	</testcase>
	<testcase classname="HomeEntRecientesTenant" name="test_start_tenant" time="46.812" timestamp="2024-09-09T10:22:15" file="HomeEntRecientes.py" line="18">
		<error type="WebDriverException" message="Message: disconnected: not connected to DevTools
  (failed to check if window was closed: disconnected: not connected to DevTools)
  (Session info: chrome=128.0.6613.120)
Stacktrace:
	GetHandleVerifier [0x00007FF66636B5D2+29090]
	(No symbol) [0x00007FF6662DE689]
	(No symbol) [0x00007FF66619B1CA]
	(No symbol) [0x00007FF666181296]
	(No symbol) [0x00007FF66618231F]
	(No symbol) [0x00007FF66619B7E3]
	(No symbol) [0x00007FF66616F5ED]
	(No symbol) [0x00007FF666225379]
	(No symbol) [0x00007FF6662166B0]
	(No symbol) [0x00007FF6661E09B1]
	(No symbol) [0x00007FF6661E1B11]
	GetHandleVerifier [0x00007FF666688C5D+3295277]
	GetHandleVerifier [0x00007FF6666D4843+3605523]
	GetHandleVerifier [0x00007FF6666CA707+3564247]
	GetHandleVerifier [0x00007FF666426EB6+797318]
	(No symbol) [0x00007FF6662E980F]
	(No symbol) [0x00007FF6662E53F4]
	(No symbol) [0x00007FF6662E5580]
	(No symbol) [0x00007FF6662D4A1F]
	BaseThreadInitThunk [0x00007FF8EEFD257D+29]
	RtlUserThreadStart [0x00007FF8F08EAF28+40]
"><![CDATA[Traceback (most recent call last):
  File "c:\Users\luist\repos\Automatizaciones_M-dulos-\HomeEntRecientes.py", line 88, in tearDown
    self.driver.close()
  File "C:\Users\luist\AppData\Roaming\Python\Python310\site-packages\selenium\webdriver\remote\webdriver.py", line 465, in close
    self.execute(Command.CLOSE)
  File "C:\Users\luist\AppData\Roaming\Python\Python310\site-packages\selenium\webdriver\remote\webdriver.py", line 354, in execute
    self.error_handler.check_response(response)
  File "C:\Users\luist\AppData\Roaming\Python\Python310\site-packages\selenium\webdriver\remote\errorhandler.py", line 229, in check_response
    raise exception_class(message, screen, stacktrace)
selenium.common.exceptions.WebDriverException: Message: disconnected: not connected to DevTools
  (failed to check if window was closed: disconnected: not connected to DevTools)
  (Session info: chrome=128.0.6613.120)
Stacktrace:
	GetHandleVerifier [0x00007FF66636B5D2+29090]
	(No symbol) [0x00007FF6662DE689]
	(No symbol) [0x00007FF66619B1CA]
	(No symbol) [0x00007FF666181296]
	(No symbol) [0x00007FF66618231F]
	(No symbol) [0x00007FF66619B7E3]
	(No symbol) [0x00007FF66616F5ED]
	(No symbol) [0x00007FF666225379]
	(No symbol) [0x00007FF6662166B0]
	(No symbol) [0x00007FF6661E09B1]
	(No symbol) [0x00007FF6661E1B11]
	GetHandleVerifier [0x00007FF666688C5D+3295277]
	GetHandleVerifier [0x00007FF6666D4843+3605523]
	GetHandleVerifier [0x00007FF6666CA707+3564247]
	GetHandleVerifier [0x00007FF666426EB6+797318]
	(No symbol) [0x00007FF6662E980F]
	(No symbol) [0x00007FF6662E53F4]
	(No symbol) [0x00007FF6662E5580]
	(No symbol) [0x00007FF6662D4A1F]
	BaseThreadInitThunk [0x00007FF8EEFD257D+29]
	RtlUserThreadStart [0x00007FF8F08EAF28+40]

]]></error>
		<system-out><![CDATA[El texto encontrado es  Buen día JUAN DEMO!
Tiempo de espera agotado. El texto por xpaht no está presente.
]]></system-out>
	</testcase>
</testsuite>
