<?xml version="1.0" encoding="UTF-8"?>
<testsuite name="HomeEntRecientesTenant-20241014163635" tests="1" file=".py" time="114.579" timestamp="2024-10-14T16:38:30" failures="0" errors="1" skipped="0">
	<testcase classname="HomeEntRecientesTenant" name="test_start_tenant" time="114.579" timestamp="2024-10-14T16:38:30" file="HomeEntRecientes.py" line="18">
		<error type="NoSuchElementException" message="Message: no such element: Unable to locate element: {&quot;method&quot;:&quot;css selector&quot;,&quot;selector&quot;:&quot;#layout-wrapper &gt; div &gt; div &gt; div &gt; app-home &gt; div &gt; div:nth-child(4) &gt; app-recent-grain-movements &gt; div &gt; div:nth-child(1) &gt; app-recent-deliveries &gt; app-responsive-table-multiple-items &gt; div &gt; table &gt; tbody &gt; tr:nth-child(1) &gt; td:nth-child(1) &gt; div &gt; div &gt; div.me-2 &gt; img&quot;}
  (Session info: chrome=129.0.6668.100); For documentation on this error, please visit: https://www.selenium.dev/documentation/webdriver/troubleshooting/errors#no-such-element-exception
Stacktrace:
	GetHandleVerifier [0x00007FF7E111B095+29557]
	(No symbol) [0x00007FF7E108FA50]
	(No symbol) [0x00007FF7E0F4B56A]
	(No symbol) [0x00007FF7E0F9F695]
	(No symbol) [0x00007FF7E0F9F8EC]
	(No symbol) [0x00007FF7E0FEB777]
	(No symbol) [0x00007FF7E0FC71CF]
	(No symbol) [0x00007FF7E0FE851C]
	(No symbol) [0x00007FF7E0FC6F33]
	(No symbol) [0x00007FF7E0F9116F]
	(No symbol) [0x00007FF7E0F922D1]
	GetHandleVerifier [0x00007FF7E144C96D+3378253]
	GetHandleVerifier [0x00007FF7E1498497+3688311]
	GetHandleVerifier [0x00007FF7E148D1CB+3642539]
	GetHandleVerifier [0x00007FF7E11DA6B6+813462]
	(No symbol) [0x00007FF7E109AB5F]
	(No symbol) [0x00007FF7E1096B74]
	(No symbol) [0x00007FF7E1096D10]
	(No symbol) [0x00007FF7E1085C1F]
	BaseThreadInitThunk [0x00007FF92EF0257D+29]
	RtlUserThreadStart [0x00007FF93006AF08+40]
"><![CDATA[Traceback (most recent call last):
  File "c:\Users\luist\repos\Automatizaciones_M-dulos-\HomeEntRecientes.py", line 47, in test_start_tenant
    validate_image_css_selector(self.driver, image_4, image_4_expected)
  File "c:\Users\luist\repos\Automatizaciones_M-dulos-\Elements.py", line 1150, in validate_image_css_selector
    imagen = driver.find_element(By.CSS_SELECTOR, css_selector)
  File "C:\Users\luist\AppData\Roaming\Python\Python310\site-packages\selenium\webdriver\remote\webdriver.py", line 748, in find_element
    return self.execute(Command.FIND_ELEMENT, {"using": by, "value": value})["value"]
  File "C:\Users\luist\AppData\Roaming\Python\Python310\site-packages\selenium\webdriver\remote\webdriver.py", line 354, in execute
    self.error_handler.check_response(response)
  File "C:\Users\luist\AppData\Roaming\Python\Python310\site-packages\selenium\webdriver\remote\errorhandler.py", line 229, in check_response
    raise exception_class(message, screen, stacktrace)
selenium.common.exceptions.NoSuchElementException: Message: no such element: Unable to locate element: {"method":"css selector","selector":"#layout-wrapper > div > div > div > app-home > div > div:nth-child(4) > app-recent-grain-movements > div > div:nth-child(1) > app-recent-deliveries > app-responsive-table-multiple-items > div > table > tbody > tr:nth-child(1) > td:nth-child(1) > div > div > div.me-2 > img"}
  (Session info: chrome=129.0.6668.100); For documentation on this error, please visit: https://www.selenium.dev/documentation/webdriver/troubleshooting/errors#no-such-element-exception
Stacktrace:
	GetHandleVerifier [0x00007FF7E111B095+29557]
	(No symbol) [0x00007FF7E108FA50]
	(No symbol) [0x00007FF7E0F4B56A]
	(No symbol) [0x00007FF7E0F9F695]
	(No symbol) [0x00007FF7E0F9F8EC]
	(No symbol) [0x00007FF7E0FEB777]
	(No symbol) [0x00007FF7E0FC71CF]
	(No symbol) [0x00007FF7E0FE851C]
	(No symbol) [0x00007FF7E0FC6F33]
	(No symbol) [0x00007FF7E0F9116F]
	(No symbol) [0x00007FF7E0F922D1]
	GetHandleVerifier [0x00007FF7E144C96D+3378253]
	GetHandleVerifier [0x00007FF7E1498497+3688311]
	GetHandleVerifier [0x00007FF7E148D1CB+3642539]
	GetHandleVerifier [0x00007FF7E11DA6B6+813462]
	(No symbol) [0x00007FF7E109AB5F]
	(No symbol) [0x00007FF7E1096B74]
	(No symbol) [0x00007FF7E1096D10]
	(No symbol) [0x00007FF7E1085C1F]
	BaseThreadInitThunk [0x00007FF92EF0257D+29]
	RtlUserThreadStart [0x00007FF93006AF08+40]

]]></error>
		<system-out><![CDATA[Tiempo de espera agotado. El texto por xpaht no está presente.
Tiempo de espera agotado. El texto por xpaht no está presente.
]]></system-out>
	</testcase>
</testsuite>
