<?xml version="1.0" encoding="UTF-8"?>
<testsuite name="EntregasVentasV2-20241017181158" tests="1" file=".py" time="125.239" timestamp="2024-10-17T18:14:03" failures="0" errors="1" skipped="0">
	<testcase classname="EntregasVentasV2" name="test_Report_deliverySales" time="125.239" timestamp="2024-10-17T18:14:03" file="EntVentaV2.py" line="18">
		<error type="AttributeError" message="'NoneType' object has no attribute 'is_displayed'"><![CDATA[Traceback (most recent call last):
  File "c:\Users\luist\repos\Automatizaciones_M-dulos-\EntVentaV2.py", line 62, in test_Report_deliverySales
    select_chevron_deliveries ="/html/body/app-root/app-layout/app-vertical/div/div/div/div/app-grains/div/div[2]/app-tab-deliveries-and-sales/app-deliveries-and-sales/div[2]/div[2]/app-rpt-deliv-and-sale-deliveries-list/div/div/h2/button"
  File "c:\Users\luist\repos\Automatizaciones_M-dulos-\Elements.py", line 19, in find_elements
    select_nex_button = WebDriverWait(driver, 10).until(
  File "C:\Users\luist\AppData\Roaming\Python\Python310\site-packages\selenium\webdriver\support\wait.py", line 96, in until
    value = method(self._driver)
  File "C:\Users\luist\AppData\Roaming\Python\Python310\site-packages\selenium\webdriver\support\expected_conditions.py", line 364, in _predicate
    element = visibility_of(target)(driver)
  File "C:\Users\luist\AppData\Roaming\Python\Python310\site-packages\selenium\webdriver\support\expected_conditions.py", line 173, in _predicate
    return _element_if_visible(element)
  File "C:\Users\luist\AppData\Roaming\Python\Python310\site-packages\selenium\webdriver\support\expected_conditions.py", line 179, in _element_if_visible
    return element if element.is_displayed() == visibility else False
AttributeError: 'NoneType' object has no attribute 'is_displayed'
]]></error>
		<system-out><![CDATA[Tiempo de espera agotado. El chevron no están presentes o no son clickeables.
Tiempo de espera agotado. El chevron no están presentes o no son clickeables.
Tiempo de espera agotado. El texto por xpaht no está presente.
]]></system-out>
	</testcase>
</testsuite>
