<?xml version="1.0" encoding="UTF-8"?>
<testsuite name="cuenta_ventas-20240618175639" tests="1" file=".py" time="48.026" timestamp="2024-06-18T17:57:27" failures="0" errors="0" skipped="0">
	<testcase classname="cuenta_ventas" name="test_cuenta_ventas" time="48.026" timestamp="2024-06-18T17:57:27" file="Ventas.py" line="23">
		<system-out><![CDATA[El texto es visible para el usuario
El texto fue validado correctamente: Mis Ventas
¡Elemento encontrado y clickeado 6 veces con éxito!
¡Elemento encontrado y clickeado 1 veces con éxito!
El texto encontrado es  Producto
El texto es visible para el usuario
El texto fue validado correctamente: Soja
El texto encontrado es  Fecha
El texto es visible para el usuario
El texto fue validado correctamente: 13/12/2023
El texto encontrado es  Comprobante
El texto encontrado es  F 0001 00121262
El texto es visible para el usuario: 'Kg Fijados'
El valor es un carácter numérico. Valor: 30.000,00
El texto es visible para el usuario
El texto fue validado correctamente: Precio
El valor es un carácter numérico. Valor: 300
El texto encontrado es  Moneda
El texto encontrado es  ARS
]]></system-out>
	</testcase>
</testsuite>
