<?xml version="1.0" encoding="UTF-8"?>
<testsuite name="reportMerFacturada-20240613173028" tests="2" file=".py" time="63.492" timestamp="2024-06-13T17:31:31" failures="0" errors="2" skipped="0">
	<testcase classname="reportMerFacturada" name="test_Report_MerFacturada" time="0.000" timestamp="0001-01-01T00:00:00" file="ReportMerFacturada.py" line="17">
		<error type="NoSuchWindowException" message="Message: no such window: target window already closed
from unknown error: web view not found
  (Session info: chrome=125.0.6422.144)
Stacktrace:
	GetHandleVerifier [0x00007FF7BEE31F52+60322]
	(No symbol) [0x00007FF7BEDACEC9]
	(No symbol) [0x00007FF7BEC67EBA]
	(No symbol) [0x00007FF7BEC3D5A5]
	(No symbol) [0x00007FF7BECE36B7]
	(No symbol) [0x00007FF7BECFB331]
	(No symbol) [0x00007FF7BECDBFC3]
	(No symbol) [0x00007FF7BECA9617]
	(No symbol) [0x00007FF7BECAA211]
	GetHandleVerifier [0x00007FF7BF1494AD+3301629]
	GetHandleVerifier [0x00007FF7BF1936D3+3605283]
	GetHandleVerifier [0x00007FF7BF189450+3563680]
	GetHandleVerifier [0x00007FF7BEEE4326+790390]
	(No symbol) [0x00007FF7BEDB750F]
	(No symbol) [0x00007FF7BEDB3404]
	(No symbol) [0x00007FF7BEDB3592]
	(No symbol) [0x00007FF7BEDA2F9F]
	BaseThreadInitThunk [0x00007FFBED37257D+29]
	RtlUserThreadStart [0x00007FFBEECEAA48+40]
"><![CDATA[Traceback (most recent call last):
  File "c:\Users\luist\repos\Automatizaciones-SILOHUB-\ReportMerFacturada.py", line 88, in test_Report_MerFacturada
    validate_text(self.driver,second_column,second_column_expected )
  File "c:\Users\luist\repos\Automatizaciones-SILOHUB-\Elements.py", line 1000, in validate_text
    elemento = WebDriverWait(driver, 10).until(
  File "C:\Users\luist\AppData\Roaming\Python\Python310\site-packages\selenium\webdriver\support\wait.py", line 96, in until
    value = method(self._driver)
  File "C:\Users\luist\AppData\Roaming\Python\Python310\site-packages\selenium\webdriver\support\expected_conditions.py", line 84, in _predicate
    return driver.find_element(*locator)
  File "C:\Users\luist\AppData\Roaming\Python\Python310\site-packages\selenium\webdriver\remote\webdriver.py", line 742, in find_element
    return self.execute(Command.FIND_ELEMENT, {"using": by, "value": value})["value"]
  File "C:\Users\luist\AppData\Roaming\Python\Python310\site-packages\selenium\webdriver\remote\webdriver.py", line 348, in execute
    self.error_handler.check_response(response)
  File "C:\Users\luist\AppData\Roaming\Python\Python310\site-packages\selenium\webdriver\remote\errorhandler.py", line 229, in check_response
    raise exception_class(message, screen, stacktrace)
selenium.common.exceptions.NoSuchWindowException: Message: no such window: target window already closed
from unknown error: web view not found
  (Session info: chrome=125.0.6422.144)
Stacktrace:
	GetHandleVerifier [0x00007FF7BEE31F52+60322]
	(No symbol) [0x00007FF7BEDACEC9]
	(No symbol) [0x00007FF7BEC67EBA]
	(No symbol) [0x00007FF7BEC3D5A5]
	(No symbol) [0x00007FF7BECE36B7]
	(No symbol) [0x00007FF7BECFB331]
	(No symbol) [0x00007FF7BECDBFC3]
	(No symbol) [0x00007FF7BECA9617]
	(No symbol) [0x00007FF7BECAA211]
	GetHandleVerifier [0x00007FF7BF1494AD+3301629]
	GetHandleVerifier [0x00007FF7BF1936D3+3605283]
	GetHandleVerifier [0x00007FF7BF189450+3563680]
	GetHandleVerifier [0x00007FF7BEEE4326+790390]
	(No symbol) [0x00007FF7BEDB750F]
	(No symbol) [0x00007FF7BEDB3404]
	(No symbol) [0x00007FF7BEDB3592]
	(No symbol) [0x00007FF7BEDA2F9F]
	BaseThreadInitThunk [0x00007FFBED37257D+29]
	RtlUserThreadStart [0x00007FFBEECEAA48+40]

]]></error>
		<system-out><![CDATA[El valor es un carácter numérico. Valor: 332.549,00
El valor es un carácter numérico. Valor: 10.000,00
El texto encontrado es  Mercadería Facturada
El texto encontrado es  Fecha
Tiempo de espera agotado. El texto por xpaht no está presente.
]]></system-out>
	</testcase>
	<testcase classname="reportMerFacturada" name="test_Report_MerFacturada" time="63.492" timestamp="2024-06-13T17:31:31" file="ReportMerFacturada.py" line="17">
		<error type="WebDriverException" message="Message: disconnected: not connected to DevTools
  (failed to check if window was closed: disconnected: not connected to DevTools)
  (Session info: chrome=125.0.6422.144)
Stacktrace:
	GetHandleVerifier [0x00007FF7BEE31F52+60322]
	(No symbol) [0x00007FF7BEDACEC9]
	(No symbol) [0x00007FF7BEC67EBA]
	(No symbol) [0x00007FF7BEC4E03F]
	(No symbol) [0x00007FF7BEC4EBAF]
	(No symbol) [0x00007FF7BEC684E3]
	(No symbol) [0x00007FF7BEC3D08C]
	(No symbol) [0x00007FF7BECEA7B4]
	(No symbol) [0x00007FF7BECDC1E0]
	(No symbol) [0x00007FF7BECA9617]
	(No symbol) [0x00007FF7BECAA211]
	GetHandleVerifier [0x00007FF7BF1494AD+3301629]
	GetHandleVerifier [0x00007FF7BF1936D3+3605283]
	GetHandleVerifier [0x00007FF7BF189450+3563680]
	GetHandleVerifier [0x00007FF7BEEE4326+790390]
	(No symbol) [0x00007FF7BEDB750F]
	(No symbol) [0x00007FF7BEDB3404]
	(No symbol) [0x00007FF7BEDB3592]
	(No symbol) [0x00007FF7BEDA2F9F]
	BaseThreadInitThunk [0x00007FFBED37257D+29]
	RtlUserThreadStart [0x00007FFBEECEAA48+40]
"><![CDATA[Traceback (most recent call last):
  File "c:\Users\luist\repos\Automatizaciones-SILOHUB-\ReportMerFacturada.py", line 160, in tearDown
    self.driver.close()
  File "C:\Users\luist\AppData\Roaming\Python\Python310\site-packages\selenium\webdriver\remote\webdriver.py", line 459, in close
    self.execute(Command.CLOSE)
  File "C:\Users\luist\AppData\Roaming\Python\Python310\site-packages\selenium\webdriver\remote\webdriver.py", line 348, in execute
    self.error_handler.check_response(response)
  File "C:\Users\luist\AppData\Roaming\Python\Python310\site-packages\selenium\webdriver\remote\errorhandler.py", line 229, in check_response
    raise exception_class(message, screen, stacktrace)
selenium.common.exceptions.WebDriverException: Message: disconnected: not connected to DevTools
  (failed to check if window was closed: disconnected: not connected to DevTools)
  (Session info: chrome=125.0.6422.144)
Stacktrace:
	GetHandleVerifier [0x00007FF7BEE31F52+60322]
	(No symbol) [0x00007FF7BEDACEC9]
	(No symbol) [0x00007FF7BEC67EBA]
	(No symbol) [0x00007FF7BEC4E03F]
	(No symbol) [0x00007FF7BEC4EBAF]
	(No symbol) [0x00007FF7BEC684E3]
	(No symbol) [0x00007FF7BEC3D08C]
	(No symbol) [0x00007FF7BECEA7B4]
	(No symbol) [0x00007FF7BECDC1E0]
	(No symbol) [0x00007FF7BECA9617]
	(No symbol) [0x00007FF7BECAA211]
	GetHandleVerifier [0x00007FF7BF1494AD+3301629]
	GetHandleVerifier [0x00007FF7BF1936D3+3605283]
	GetHandleVerifier [0x00007FF7BF189450+3563680]
	GetHandleVerifier [0x00007FF7BEEE4326+790390]
	(No symbol) [0x00007FF7BEDB750F]
	(No symbol) [0x00007FF7BEDB3404]
	(No symbol) [0x00007FF7BEDB3592]
	(No symbol) [0x00007FF7BEDA2F9F]
	BaseThreadInitThunk [0x00007FFBED37257D+29]
	RtlUserThreadStart [0x00007FFBEECEAA48+40]

]]></error>
		<system-out><![CDATA[El valor es un carácter numérico. Valor: 332.549,00
El valor es un carácter numérico. Valor: 10.000,00
El texto encontrado es  Mercadería Facturada
El texto encontrado es  Fecha
Tiempo de espera agotado. El texto por xpaht no está presente.
]]></system-out>
	</testcase>
</testsuite>
