<?xml version="1.0" encoding="UTF-8"?>
<testsuite name="reportMerFacturada-20240315111719" tests="1" file=".py" time="42.712" timestamp="2024-03-15T11:18:02" failures="0" errors="0" skipped="0">
	<testcase classname="reportMerFacturada" name="test_Report_MerFacturada" time="42.712" timestamp="2024-03-15T11:18:02" file="ReportMerFacturada.py" line="17">
		<system-out><![CDATA[¡Elemento encontrado y clickeado con éxito!
¡Elemento encontrado y clickeado con éxito!
¡Elemento encontrado y clickeado con éxito!
¡Elemento encontrado y clickeado con éxito!
¡Elemento encontrado y clickeado con éxito!
¡Elemento encontrado y clickeado 2 veces con éxito!
¡Elemento encontrado y clickeado 6 veces con éxito!
¡Elemento encontrado y clickeado con éxito!
¡Elemento encontrado y clickeado con éxito!
¡Elemento encontrado y clickeado con éxito!
El valor es un carácter numérico. Valor: 93.265,00
El valor es un carácter numérico. Valor: 2.075.090,65
El texto encontrado es  Mercadería Facturada
El texto encontrado es  Fecha
El texto encontrado es  30/09/2021
El texto encontrado es  Comprobante
El texto encontrado es  FACBAL 1063 00029204
El texto encontrado es  Artículo
El texto encontrado es  Premezcla Creci Feed Nutricion Superior x 25 kgs
El texto encontrado es  Salidas
El valor es un carácter numérico. Valor: 2.000,00
El texto encontrado es  Precio
El valor es un carácter numérico. Valor: 53,95
El texto encontrado es  Total ARS
El valor es un carácter numérico. Valor: 107.896,40
¡Elemento encontrado y clickeado con éxito!
¡Elemento encontrado y clickeado con éxito!
¡Elemento encontrado y clickeado con éxito!
¡Elemento encontrado y clickeado con éxito!
¡Elemento encontrado y clickeado con éxito!
¡Elemento encontrado y clickeado con éxito!
¡Elemento encontrado y clickeado con éxito!
]]></system-out>
	</testcase>
</testsuite>
