<?xml version="1.0" encoding="UTF-8"?>
<testsuite name="HomeResNegocioTenant-20240514172535" tests="1" file=".py" time="74.216" timestamp="2024-05-14T17:26:50" failures="0" errors="1" skipped="0">
	<testcase classname="HomeResNegocioTenant" name="test_start_tenant" time="74.216" timestamp="2024-05-14T17:26:50" file="HomeResNegocio.py" line="18">
		<error type="WebDriverException" message="Message: disconnected: not connected to DevTools
  (failed to check if window was closed: disconnected: not connected to DevTools)
  (Session info: chrome=124.0.6367.202)
Stacktrace:
	GetHandleVerifier [0x00007FF742C21522+60802]
	(No symbol) [0x00007FF742B9AC22]
	(No symbol) [0x00007FF742A57CE4]
	(No symbol) [0x00007FF742A3E894]
	(No symbol) [0x00007FF742A3F3FF]
	(No symbol) [0x00007FF742A582DD]
	(No symbol) [0x00007FF742A2DACC]
	(No symbol) [0x00007FF742AD8F74]
	(No symbol) [0x00007FF742ACAB40]
	(No symbol) [0x00007FF742A98FEC]
	(No symbol) [0x00007FF742A99C21]
	GetHandleVerifier [0x00007FF742F241BD+3217949]
	GetHandleVerifier [0x00007FF742F66157+3488183]
	GetHandleVerifier [0x00007FF742F5F0DF+3459391]
	GetHandleVerifier [0x00007FF742CDB8E6+823622]
	(No symbol) [0x00007FF742BA5FBF]
	(No symbol) [0x00007FF742BA0EE4]
	(No symbol) [0x00007FF742BA1072]
	(No symbol) [0x00007FF742B918C4]
	BaseThreadInitThunk [0x00007FFCF149257D+29]
	RtlUserThreadStart [0x00007FFCF2C2AA48+40]
"><![CDATA[Traceback (most recent call last):
  File "c:\Users\luist\repos\Automatizaciones-SILOHUB-\HomeResNegocio.py", line 35, in tearDown
    self.driver.close()
  File "C:\Users\luist\AppData\Roaming\Python\Python310\site-packages\selenium\webdriver\remote\webdriver.py", line 459, in close
    self.execute(Command.CLOSE)
  File "C:\Users\luist\AppData\Roaming\Python\Python310\site-packages\selenium\webdriver\remote\webdriver.py", line 348, in execute
    self.error_handler.check_response(response)
  File "C:\Users\luist\AppData\Roaming\Python\Python310\site-packages\selenium\webdriver\remote\errorhandler.py", line 229, in check_response
    raise exception_class(message, screen, stacktrace)
selenium.common.exceptions.WebDriverException: Message: disconnected: not connected to DevTools
  (failed to check if window was closed: disconnected: not connected to DevTools)
  (Session info: chrome=124.0.6367.202)
Stacktrace:
	GetHandleVerifier [0x00007FF742C21522+60802]
	(No symbol) [0x00007FF742B9AC22]
	(No symbol) [0x00007FF742A57CE4]
	(No symbol) [0x00007FF742A3E894]
	(No symbol) [0x00007FF742A3F3FF]
	(No symbol) [0x00007FF742A582DD]
	(No symbol) [0x00007FF742A2DACC]
	(No symbol) [0x00007FF742AD8F74]
	(No symbol) [0x00007FF742ACAB40]
	(No symbol) [0x00007FF742A98FEC]
	(No symbol) [0x00007FF742A99C21]
	GetHandleVerifier [0x00007FF742F241BD+3217949]
	GetHandleVerifier [0x00007FF742F66157+3488183]
	GetHandleVerifier [0x00007FF742F5F0DF+3459391]
	GetHandleVerifier [0x00007FF742CDB8E6+823622]
	(No symbol) [0x00007FF742BA5FBF]
	(No symbol) [0x00007FF742BA0EE4]
	(No symbol) [0x00007FF742BA1072]
	(No symbol) [0x00007FF742B918C4]
	BaseThreadInitThunk [0x00007FFCF149257D+29]
	RtlUserThreadStart [0x00007FFCF2C2AA48+40]

]]></error>
		<system-out><![CDATA[Tiempo de espera agotado. El texto por texto no estÃ¡ presente.
]]></system-out>
	</testcase>
</testsuite>
