<?xml version="1.0" encoding="UTF-8"?>
<testsuite name="HomeResNegocioTenant-20240514180817" tests="1" file=".py" time="23.313" timestamp="2024-05-14T18:08:40" failures="0" errors="0" skipped="0">
	<testcase classname="HomeResNegocioTenant" name="test_start_tenant" time="23.313" timestamp="2024-05-14T18:08:40" file="HomeResNegocio.py" line="18">
		<system-out><![CDATA[El texto encontrado es  Resumen de Mis Negocios de Granos
La imagen es visible para el usuario. URL: https://pwa-portal-staging.silohub.ag/assets/images/grains/soja.svg
]]></system-out>
	</testcase>
</testsuite>
