<?xml version="1.0" encoding="UTF-8"?>
<testsuite name="HomeResNegocioTenant-20241014164735" tests="1" file=".py" time="210.905" timestamp="2024-10-14T16:51:06" failures="0" errors="0" skipped="0">
	<testcase classname="HomeResNegocioTenant" name="test_start_tenant" time="210.905" timestamp="2024-10-14T16:51:06" file="HomeResNegocio.py" line="21">
		<system-out><![CDATA[Tiempo de espera agotado. El elemento no está presente o no es clickeable.
Tiempo de espera agotado. El elemento no está presente o no es clickeable.
Tiempo de espera agotado. El elemento no está presente o no es clickeable.
Tiempo de espera agotado. El elemento no está presente o no es clickeable.
Tiempo de espera agotado. El texto por xpaht no está presente.
La imagen es visible para el usuario. URL: https://pwa-portal-staging.silohub.ag/assets/images/grains/soja.svg
Tiempo de espera agotado. El elemento no se ha vuelto visible.
]]></system-out>
	</testcase>
</testsuite>
