<?xml version="1.0" encoding="UTF-8"?>
<testsuite name="HomeResNegocioTenant-20240514185702" tests="1" file=".py" time="50.349" timestamp="2024-05-14T18:57:52" failures="0" errors="1" skipped="0">
	<testcase classname="HomeResNegocioTenant" name="test_start_tenant" time="50.349" timestamp="2024-05-14T18:57:52" file="HomeResNegocio.py" line="18">
		<error type="WebDriverException" message="Message: disconnected: not connected to DevTools
  (failed to check if window was closed: disconnected: not connected to DevTools)
  (Session info: chrome=124.0.6367.202)
Stacktrace:
	GetHandleVerifier [0x00007FF67C721522+60802]
	(No symbol) [0x00007FF67C69AC22]
	(No symbol) [0x00007FF67C557CE4]
	(No symbol) [0x00007FF67C53E894]
	(No symbol) [0x00007FF67C53F3FF]
	(No symbol) [0x00007FF67C5582DD]
	(No symbol) [0x00007FF67C52DACC]
	(No symbol) [0x00007FF67C5D8F74]
	(No symbol) [0x00007FF67C5CAB40]
	(No symbol) [0x00007FF67C598FEC]
	(No symbol) [0x00007FF67C599C21]
	GetHandleVerifier [0x00007FF67CA241BD+3217949]
	GetHandleVerifier [0x00007FF67CA66157+3488183]
	GetHandleVerifier [0x00007FF67CA5F0DF+3459391]
	GetHandleVerifier [0x00007FF67C7DB8E6+823622]
	(No symbol) [0x00007FF67C6A5FBF]
	(No symbol) [0x00007FF67C6A0EE4]
	(No symbol) [0x00007FF67C6A1072]
	(No symbol) [0x00007FF67C6918C4]
	BaseThreadInitThunk [0x00007FFCF149257D+29]
	RtlUserThreadStart [0x00007FFCF2C2AA48+40]
"><![CDATA[Traceback (most recent call last):
  File "c:\Users\luist\repos\Automatizaciones-SILOHUB-\HomeResNegocio.py", line 77, in tearDown
    self.driver.close()
  File "C:\Users\luist\AppData\Roaming\Python\Python310\site-packages\selenium\webdriver\remote\webdriver.py", line 459, in close
    self.execute(Command.CLOSE)
  File "C:\Users\luist\AppData\Roaming\Python\Python310\site-packages\selenium\webdriver\remote\webdriver.py", line 348, in execute
    self.error_handler.check_response(response)
  File "C:\Users\luist\AppData\Roaming\Python\Python310\site-packages\selenium\webdriver\remote\errorhandler.py", line 229, in check_response
    raise exception_class(message, screen, stacktrace)
selenium.common.exceptions.WebDriverException: Message: disconnected: not connected to DevTools
  (failed to check if window was closed: disconnected: not connected to DevTools)
  (Session info: chrome=124.0.6367.202)
Stacktrace:
	GetHandleVerifier [0x00007FF67C721522+60802]
	(No symbol) [0x00007FF67C69AC22]
	(No symbol) [0x00007FF67C557CE4]
	(No symbol) [0x00007FF67C53E894]
	(No symbol) [0x00007FF67C53F3FF]
	(No symbol) [0x00007FF67C5582DD]
	(No symbol) [0x00007FF67C52DACC]
	(No symbol) [0x00007FF67C5D8F74]
	(No symbol) [0x00007FF67C5CAB40]
	(No symbol) [0x00007FF67C598FEC]
	(No symbol) [0x00007FF67C599C21]
	GetHandleVerifier [0x00007FF67CA241BD+3217949]
	GetHandleVerifier [0x00007FF67CA66157+3488183]
	GetHandleVerifier [0x00007FF67CA5F0DF+3459391]
	GetHandleVerifier [0x00007FF67C7DB8E6+823622]
	(No symbol) [0x00007FF67C6A5FBF]
	(No symbol) [0x00007FF67C6A0EE4]
	(No symbol) [0x00007FF67C6A1072]
	(No symbol) [0x00007FF67C6918C4]
	BaseThreadInitThunk [0x00007FFCF149257D+29]
	RtlUserThreadStart [0x00007FFCF2C2AA48+40]

]]></error>
		<system-out><![CDATA[El texto encontrado es  Resumen de Mis Negocios de Granos
La imagen es visible para el usuario. URL: https://pwa-portal-staging.silohub.ag/assets/images/grains/soja.svg
Tiempo de espera agotado. El elemento no se ha vuelto visible.
]]></system-out>
	</testcase>
</testsuite>
