<?xml version="1.0" encoding="UTF-8"?>
<testsuite name="HomeResNegocioTenant-20241014165432" tests="1" file=".py" time="26.572" timestamp="2024-10-14T16:54:59" failures="0" errors="1" skipped="0">
	<testcase classname="HomeResNegocioTenant" name="test_start_tenant" time="26.572" timestamp="2024-10-14T16:54:59" file="HomeResNegocio.py" line="22">
		<error type="InvalidSelectorException" message="Message: invalid selector
from javascript error: {&quot;status&quot;:32,&quot;value&quot;:&quot;An invalid or illegal selector was specified&quot;}
  (Session info: chrome=129.0.6668.100); For documentation on this error, please visit: https://www.selenium.dev/documentation/webdriver/troubleshooting/errors#invalid-selector-exception
Stacktrace:
	GetHandleVerifier [0x00007FF7E111B095+29557]
	(No symbol) [0x00007FF7E108FA50]
	(No symbol) [0x00007FF7E0F4B56A]
	(No symbol) [0x00007FF7E0F5213E]
	(No symbol) [0x00007FF7E0F544B7]
	(No symbol) [0x00007FF7E0F54570]
	(No symbol) [0x00007FF7E0F9F20F]
	(No symbol) [0x00007FF7E0F9F8EC]
	(No symbol) [0x00007FF7E0FEB777]
	(No symbol) [0x00007FF7E0FC71CF]
	(No symbol) [0x00007FF7E0FE851C]
	(No symbol) [0x00007FF7E0FC6F33]
	(No symbol) [0x00007FF7E0F9116F]
	(No symbol) [0x00007FF7E0F922D1]
	GetHandleVerifier [0x00007FF7E144C96D+3378253]
	GetHandleVerifier [0x00007FF7E1498497+3688311]
	GetHandleVerifier [0x00007FF7E148D1CB+3642539]
	GetHandleVerifier [0x00007FF7E11DA6B6+813462]
	(No symbol) [0x00007FF7E109AB5F]
	(No symbol) [0x00007FF7E1096B74]
	(No symbol) [0x00007FF7E1096D10]
	(No symbol) [0x00007FF7E1085C1F]
	BaseThreadInitThunk [0x00007FF92EF0257D+29]
	RtlUserThreadStart [0x00007FF93006AF08+40]
"><![CDATA[Traceback (most recent call last):
  File "c:\Users\luist\repos\Automatizaciones_M-dulos-\HomeResNegocio.py", line 70, in test_start_tenant
    validate_image_css_selector(self.driver, image_1, image_1_expected)
  File "c:\Users\luist\repos\Automatizaciones_M-dulos-\Elements.py", line 1150, in validate_image_css_selector
    imagen = driver.find_element(By.CSS_SELECTOR, css_selector)
  File "C:\Users\luist\AppData\Roaming\Python\Python310\site-packages\selenium\webdriver\remote\webdriver.py", line 748, in find_element
    return self.execute(Command.FIND_ELEMENT, {"using": by, "value": value})["value"]
  File "C:\Users\luist\AppData\Roaming\Python\Python310\site-packages\selenium\webdriver\remote\webdriver.py", line 354, in execute
    self.error_handler.check_response(response)
  File "C:\Users\luist\AppData\Roaming\Python\Python310\site-packages\selenium\webdriver\remote\errorhandler.py", line 229, in check_response
    raise exception_class(message, screen, stacktrace)
selenium.common.exceptions.InvalidSelectorException: Message: invalid selector
from javascript error: {"status":32,"value":"An invalid or illegal selector was specified"}
  (Session info: chrome=129.0.6668.100); For documentation on this error, please visit: https://www.selenium.dev/documentation/webdriver/troubleshooting/errors#invalid-selector-exception
Stacktrace:
	GetHandleVerifier [0x00007FF7E111B095+29557]
	(No symbol) [0x00007FF7E108FA50]
	(No symbol) [0x00007FF7E0F4B56A]
	(No symbol) [0x00007FF7E0F5213E]
	(No symbol) [0x00007FF7E0F544B7]
	(No symbol) [0x00007FF7E0F54570]
	(No symbol) [0x00007FF7E0F9F20F]
	(No symbol) [0x00007FF7E0F9F8EC]
	(No symbol) [0x00007FF7E0FEB777]
	(No symbol) [0x00007FF7E0FC71CF]
	(No symbol) [0x00007FF7E0FE851C]
	(No symbol) [0x00007FF7E0FC6F33]
	(No symbol) [0x00007FF7E0F9116F]
	(No symbol) [0x00007FF7E0F922D1]
	GetHandleVerifier [0x00007FF7E144C96D+3378253]
	GetHandleVerifier [0x00007FF7E1498497+3688311]
	GetHandleVerifier [0x00007FF7E148D1CB+3642539]
	GetHandleVerifier [0x00007FF7E11DA6B6+813462]
	(No symbol) [0x00007FF7E109AB5F]
	(No symbol) [0x00007FF7E1096B74]
	(No symbol) [0x00007FF7E1096D10]
	(No symbol) [0x00007FF7E1085C1F]
	BaseThreadInitThunk [0x00007FF92EF0257D+29]
	RtlUserThreadStart [0x00007FF93006AF08+40]

]]></error>
		<system-out><![CDATA[El texto encontrado es  Resumen de Mis Negocios de Granos
]]></system-out>
	</testcase>
</testsuite>
