<?xml version="1.0" encoding="UTF-8"?>
<testsuite name="detalle_ctro_fijaciones-20240715161913" tests="1" file=".py" time="86.909" timestamp="2024-07-15T16:20:40" failures="0" errors="0" skipped="0">
	<testcase classname="detalle_ctro_fijaciones" name="test_detail_fixings" time="86.909" timestamp="2024-07-15T16:20:40" file="CtaCtoDtalFijaciones.py" line="22">
		<system-out><![CDATA[¡Elemento encontrado y clickeado 3 veces con éxito!
¡Elemento encontrado y clickeado 5 veces con éxito!
¡Elemento encontrado y clickeado 3 veces con éxito!
El texto encontrado es  Estado De Mis Contratos
El texto es visible para el usuario
El texto fue validado correctamente: Contrato 108169
El texto es visible para el usuario
El texto fue validado correctamente: De Maiz
El texto es visible para el usuario: 'De 500,00 Tn Pactados'
El texto es visible para el usuario
El texto fue validado correctamente: Mis Ventas
El texto es visible para el usuario
El texto fue validado correctamente: Producto
El texto es visible para el usuario
El texto fue validado correctamente: Maiz
El texto es visible para el usuario
El texto fue validado correctamente: Fecha
El texto es visible para el usuario
El texto fue validado correctamente: 20/04/2021
El texto es visible para el usuario
El texto fue validado correctamente: Comprobante
El valor es un carácter numérico. Valor: VN 0001 00108169
El texto es visible para el usuario: 'Tn Fijados'
El valor es un carácter numérico. Valor: 500,00
El texto es visible para el usuario
El texto fue validado correctamente: Precio
El valor es un carácter numérico. Valor: 180,00
El texto es visible para el usuario
El texto fue validado correctamente: Moneda
El texto es visible para el usuario
El texto fue validado correctamente: USD
Checkbox con XPAHT '/html/body/app-root/app-layout/app-vertical/div/div/div/div/app-detail-contract/app-contract-detail-tabs/div/div[2]/app-contract-sales/app-sales-shared/app-responsive-table/div/div/table/tbody/tr/th/input' seleccionado con éxito!
]]></system-out>
	</testcase>
</testsuite>
