<?xml version="1.0" encoding="UTF-8"?>
<testsuite name="detalle_ctro_entregaVentas-20240209171140" tests="1" file=".py" time="53.598" timestamp="2024-02-09T17:12:34" failures="1" errors="0" skipped="0">
	<testcase classname="detalle_ctro_entregaVentas" name="test_detail_deriverySales" time="53.598" timestamp="2024-02-09T17:12:34" file="CtaCtroDtlleEntVta.py" line="22">
		<failure type="AssertionError" message=""><![CDATA[Traceback (most recent call last):
  File "c:\Users\luist\repos\Automatizaciones-SILOHUB-\CtaCtroDtlleEntVta.py", line 187, in test_detail_deriverySales
    validate_text_visible(self.driver, element12, text_expected)
  File "c:\Users\luist\repos\Automatizaciones-SILOHUB-\Elements.py", line 976, in validate_text_visible
    assert text_obtained == text_expected
AssertionError
]]></failure>
		<system-out><![CDATA[¡Elemento encontrado y clickeado con éxito!
¡Elemento encontrado y clickeado con éxito!
¡Elemento encontrado y clickeado con éxito!
¡Elemento encontrado y clickeado con éxito!
¡Elemento encontrado y clickeado con éxito!
¡Elemento encontrado y clickeado con éxito!
¡Elemento encontrado y clickeado con éxito!
¡Elemento encontrado y clickeado con éxito!
¡Elemento encontrado y clickeado 3 veces con éxito!
¡Elemento encontrado y clickeado 1 veces con éxito!
¡Elemento encontrado y clickeado con éxito!
¡Elemento encontrado y clickeado 2 veces con éxito!
¡Elemento encontrado y clickeado con éxito!
¡Elemento encontrado y clickeado con éxito!
El texto encontrado es  Estado De Mis Contratos
¡Elemento encontrado y clickeado con éxito!
El texto es visible para el usuario
El texto fue validado correctamente: Contrato 108280
El texto es visible para el usuario
El texto fue validado correctamente: De Maiz
La cadena de texto no coincide con los valores esperados. Texto actual: '5.000,00 QQ'
El texto es visible para el usuario
El texto fue validado correctamente: Mis Entregas
El texto es visible para el usuario
El texto fue validado correctamente: Producto
El texto es visible para el usuario
El texto fue validado correctamente: Maiz
El texto es visible para el usuario
El texto fue validado correctamente: Fecha
El texto es visible para el usuario
El texto fue validado correctamente: 15/03/2022
La cadena de texto es visible para el usuario: 'QQ Brutos'
El valor es un carácter numérico. Valor: 291,80
El texto es visible para el usuario
El texto fue validado correctamente: Humedad
El valor es un carácter numérico. Valor: 15,70%
El texto es visible para el usuario
El texto fue validado correctamente: Zaranda
El valor es un carácter numérico. Valor: 0,00%
El texto es visible para el usuario
El texto fue validado correctamente: Volátil
El valor es un carácter numérico. Valor: 0,30%
El texto es visible para el usuario
El texto fue validado correctamente: Factor/Grado
El valor es un carácter numérico. Valor: 100/2
El texto es visible para el usuario
]]></system-out>
	</testcase>
</testsuite>
