<?xml version="1.0" encoding="UTF-8"?>
<testsuite name="detalle_ctro_entregaVentas-20240305122802" tests="1" file=".py" time="54.907" timestamp="2024-03-05T12:28:57" failures="0" errors="1" skipped="0">
	<testcase classname="detalle_ctro_entregaVentas" name="test_detail_deriverySales" time="54.907" timestamp="2024-03-05T12:28:57" file="CtaCtroDtlleEntVta.py" line="22">
		<error type="ElementClickInterceptedException" message="Message: element click intercepted: Element &lt;div _ngcontent-oyx-c200=&quot;&quot; class=&quot;d-flex flew-row mt-2&quot;&gt;...&lt;/div&gt; is not clickable at point (461, 515). Other element would receive the click: &lt;ngb-offcanvas-backdrop class=&quot;offcanvas-backdrop fade show&quot;&gt;&lt;/ngb-offcanvas-backdrop&gt;
  (Session info: chrome=122.0.6261.95)
Stacktrace:
	GetHandleVerifier [0x00007FF62879AD22+56930]
	(No symbol) [0x00007FF62870F622]
	(No symbol) [0x00007FF6285C42E5]
	(No symbol) [0x00007FF628610A80]
	(No symbol) [0x00007FF62860E8AB]
	(No symbol) [0x00007FF62860C0B4]
	(No symbol) [0x00007FF62860AE45]
	(No symbol) [0x00007FF6285FF798]
	(No symbol) [0x00007FF62862BC9A]
	(No symbol) [0x00007FF6285FF09A]
	(No symbol) [0x00007FF62862BEB0]
	(No symbol) [0x00007FF6286481E2]
	(No symbol) [0x00007FF62862BA43]
	(No symbol) [0x00007FF6285FD438]
	(No symbol) [0x00007FF6285FE4D1]
	GetHandleVerifier [0x00007FF628B16AAD+3709933]
	GetHandleVerifier [0x00007FF628B6FFED+4075821]
	GetHandleVerifier [0x00007FF628B6817F+4043455]
	GetHandleVerifier [0x00007FF628839756+706710]
	(No symbol) [0x00007FF62871B8FF]
	(No symbol) [0x00007FF628716AE4]
	(No symbol) [0x00007FF628716C3C]
	(No symbol) [0x00007FF6287068F4]
	BaseThreadInitThunk [0x00007FFB7892257D+29]
	RtlUserThreadStart [0x00007FFB7A18AA58+40]
"><![CDATA[Traceback (most recent call last):
  File "c:\Users\luist\repos\Automatizaciones-SILOHUB-\CtaCtroDtlleEntVta.py", line 96, in test_detail_deriverySales
    find_elements(self.driver, selet_list_contract )
  File "c:\Users\luist\repos\Automatizaciones-SILOHUB-\Elements.py", line 21, in find_elements
    select_nex_button.click()
  File "C:\Users\luist\AppData\Roaming\Python\Python310\site-packages\selenium\webdriver\remote\webelement.py", line 94, in click
    self._execute(Command.CLICK_ELEMENT)
  File "C:\Users\luist\AppData\Roaming\Python\Python310\site-packages\selenium\webdriver\remote\webelement.py", line 395, in _execute
    return self._parent.execute(command, params)
  File "C:\Users\luist\AppData\Roaming\Python\Python310\site-packages\selenium\webdriver\remote\webdriver.py", line 348, in execute
    self.error_handler.check_response(response)
  File "C:\Users\luist\AppData\Roaming\Python\Python310\site-packages\selenium\webdriver\remote\errorhandler.py", line 229, in check_response
    raise exception_class(message, screen, stacktrace)
selenium.common.exceptions.ElementClickInterceptedException: Message: element click intercepted: Element <div _ngcontent-oyx-c200="" class="d-flex flew-row mt-2">...</div> is not clickable at point (461, 515). Other element would receive the click: <ngb-offcanvas-backdrop class="offcanvas-backdrop fade show"></ngb-offcanvas-backdrop>
  (Session info: chrome=122.0.6261.95)
Stacktrace:
	GetHandleVerifier [0x00007FF62879AD22+56930]
	(No symbol) [0x00007FF62870F622]
	(No symbol) [0x00007FF6285C42E5]
	(No symbol) [0x00007FF628610A80]
	(No symbol) [0x00007FF62860E8AB]
	(No symbol) [0x00007FF62860C0B4]
	(No symbol) [0x00007FF62860AE45]
	(No symbol) [0x00007FF6285FF798]
	(No symbol) [0x00007FF62862BC9A]
	(No symbol) [0x00007FF6285FF09A]
	(No symbol) [0x00007FF62862BEB0]
	(No symbol) [0x00007FF6286481E2]
	(No symbol) [0x00007FF62862BA43]
	(No symbol) [0x00007FF6285FD438]
	(No symbol) [0x00007FF6285FE4D1]
	GetHandleVerifier [0x00007FF628B16AAD+3709933]
	GetHandleVerifier [0x00007FF628B6FFED+4075821]
	GetHandleVerifier [0x00007FF628B6817F+4043455]
	GetHandleVerifier [0x00007FF628839756+706710]
	(No symbol) [0x00007FF62871B8FF]
	(No symbol) [0x00007FF628716AE4]
	(No symbol) [0x00007FF628716C3C]
	(No symbol) [0x00007FF6287068F4]
	BaseThreadInitThunk [0x00007FFB7892257D+29]
	RtlUserThreadStart [0x00007FFB7A18AA58+40]

]]></error>
		<system-out><![CDATA[¡Elemento encontrado y clickeado con éxito!
¡Elemento encontrado y clickeado con éxito!
¡Elemento encontrado y clickeado con éxito!
¡Elemento encontrado y clickeado con éxito!
¡Elemento encontrado y clickeado con éxito!
¡Elemento encontrado y clickeado con éxito!
¡Elemento encontrado y clickeado con éxito!
¡Elemento encontrado y clickeado con éxito!
¡Elemento encontrado y clickeado 3 veces con éxito!
¡Elemento encontrado y clickeado 1 veces con éxito!
¡Elemento encontrado y clickeado con éxito!
¡Elemento encontrado y clickeado 2 veces con éxito!
¡Elemento encontrado y clickeado con éxito!
¡Elemento encontrado y clickeado con éxito!
El texto encontrado es  Estado De Mis Contratos
]]></system-out>
	</testcase>
</testsuite>
