<?xml version="1.0" encoding="UTF-8"?>
<testsuite name="detalle_cto_liquidaciones-20240715163822" tests="1" file=".py" time="73.315" timestamp="2024-07-15T16:39:35" failures="0" errors="1" skipped="0">
	<testcase classname="detalle_cto_liquidaciones" name="test_detail_liquidations" time="73.315" timestamp="2024-07-15T16:39:35" file="CtaCtoDtalLiquidaciones.py" line="22">
		<error type="AttributeError" message="'NoneType' object has no attribute 'is_displayed'"><![CDATA[Traceback (most recent call last):
  File "c:\Users\luist\repos\Automatizaciones-SILOHUB-\CtaCtoDtalLiquidaciones.py", line 126, in test_detail_liquidations
    find_elements_id(self.driver, select_liquidations )
  File "c:\Users\luist\repos\Automatizaciones-SILOHUB-\Elements.py", line 45, in find_elements_id
    select_nex_button = WebDriverWait(driver, 10).until(
  File "C:\Users\luist\AppData\Roaming\Python\Python310\site-packages\selenium\webdriver\support\wait.py", line 96, in until
    value = method(self._driver)
  File "C:\Users\luist\AppData\Roaming\Python\Python310\site-packages\selenium\webdriver\support\expected_conditions.py", line 364, in _predicate
    element = visibility_of(target)(driver)
  File "C:\Users\luist\AppData\Roaming\Python\Python310\site-packages\selenium\webdriver\support\expected_conditions.py", line 173, in _predicate
    return _element_if_visible(element)
  File "C:\Users\luist\AppData\Roaming\Python\Python310\site-packages\selenium\webdriver\support\expected_conditions.py", line 179, in _element_if_visible
    return element if element.is_displayed() == visibility else False
AttributeError: 'NoneType' object has no attribute 'is_displayed'
]]></error>
		<system-out><![CDATA[¡Elemento encontrado y clickeado 3 veces con éxito!
¡Elemento encontrado y clickeado 5 veces con éxito!
¡Elemento encontrado y clickeado 3 veces con éxito!
El texto encontrado es  Estado De Mis Contratos
El texto es visible para el usuario
El texto fue validado correctamente: Contrato 108169
El texto es visible para el usuario
El texto fue validado correctamente: De Maiz
El texto es visible para el usuario: 'De 500,00 Tn Pactados'
]]></system-out>
	</testcase>
</testsuite>
