<?xml version="1.0" encoding="UTF-8"?>
<testsuite name="detalle_cto_liquidaciones-20241111165146" tests="1" file=".py" time="95.532" timestamp="2024-11-11T16:53:22" failures="0" errors="0" skipped="0">
	<testcase classname="detalle_cto_liquidaciones" name="test_detail_liquidations" time="95.532" timestamp="2024-11-11T16:53:22" file="CtaCtoDtalLiquidaciones.py" line="27">
		<system-out><![CDATA[¡Elemento encontrado y clickeado 1 veces con éxito!
El texto encontrado es  Estado De Mis Contratos
El texto es visible para el usuario
El texto fue validado correctamente: Contrato 124536
El texto es visible para el usuario
El texto fue validado correctamente: De Trigo
El texto es visible para el usuario: 'De 439.853,00 Kg Pactados'
El texto es visible para el usuario
El texto fue validado correctamente: Listado de liquidaciones
El texto es visible para el usuario
El texto fue validado correctamente: Fecha
El texto es visible para el usuario
El texto fue validado correctamente: 25/01/2024
El texto es visible para el usuario
El texto fue validado correctamente: Comprobante
El valor es un carácter numérico. Valor: LC 3302-24879545
El texto es visible para el usuario
El texto fue validado correctamente: Tn Totales
El valor es un carácter numérico. Valor: 15.738
El texto es visible para el usuario
El texto fue validado correctamente: Precio en pesos
El valor es un carácter numérico. Valor: 2.956.744,55
El texto es visible para el usuario
El texto fue validado correctamente: Fecha de pago
El texto es visible para el usuario
El texto fue validado correctamente: 31/01/2024
Checkbox con XPAHT '/html/body/app-root/app-layout/app-vertical/div/div/div/div/app-detail-contract/app-contract-detail-tabs/div/div[4]/app-contract-closeouts/app-responsive-table/div/div/table/tbody/tr[1]/th/input' seleccionado con éxito!
]]></system-out>
	</testcase>
</testsuite>
