<?xml version="1.0" encoding="UTF-8"?>
<testsuite name="detalle_ctro_entregaVentas-20240208155931" tests="1" file=".py" time="45.854" timestamp="2024-02-08T16:00:17" failures="0" errors="1" skipped="0">
	<testcase classname="detalle_ctro_entregaVentas" name="test_detail_deriverySales" time="45.854" timestamp="2024-02-08T16:00:17" file="CtaCtroDtlleEntVta.py" line="22">
		<error type="InvalidSelectorException" message="Message: invalid selector: An invalid or illegal selector was specified
  (Session info: chrome=121.0.6167.141); For documentation on this error, please visit: https://www.selenium.dev/documentation/webdriver/troubleshooting/errors#invalid-selector-exception
Stacktrace:
	GetHandleVerifier [0x00007FF776D25E42+3538674]
	(No symbol) [0x00007FF776944C02]
	(No symbol) [0x00007FF7767F5AEB]
	(No symbol) [0x00007FF7767FAD39]
	(No symbol) [0x00007FF7767FD150]
	(No symbol) [0x00007FF7767FD210]
	(No symbol) [0x00007FF77683BBBC]
	(No symbol) [0x00007FF77683C0CC]
	(No symbol) [0x00007FF77687E477]
	(No symbol) [0x00007FF77685F0EF]
	(No symbol) [0x00007FF77687BDE3]
	(No symbol) [0x00007FF77685EE53]
	(No symbol) [0x00007FF77682F514]
	(No symbol) [0x00007FF776830631]
	GetHandleVerifier [0x00007FF776D56CAD+3738973]
	GetHandleVerifier [0x00007FF776DAC506+4089270]
	GetHandleVerifier [0x00007FF776DA4823+4057299]
	GetHandleVerifier [0x00007FF776A75C49+720121]
	(No symbol) [0x00007FF77695126F]
	(No symbol) [0x00007FF77694C304]
	(No symbol) [0x00007FF77694C432]
	(No symbol) [0x00007FF77693BD04]
	BaseThreadInitThunk [0x00007FFF6D01257D+29]
	RtlUserThreadStart [0x00007FFF6E86AA58+40]
"><![CDATA[Traceback (most recent call last):
  File "c:\Users\luist\repos\Automatizaciones-SILOHUB-\CtaCtroDtlleEntVta.py", line 69, in test_detail_deriverySales
    find_and_click_element_selector(self.driver, arrow_filter1, amount_click1)
  File "c:\Users\luist\repos\Automatizaciones-SILOHUB-\Elements.py", line 322, in find_and_click_element_selector
    element = WebDriverWait(driver, 10).until(
  File "C:\Users\luist\AppData\Roaming\Python\Python310\site-packages\selenium\webdriver\support\wait.py", line 96, in until
    value = method(self._driver)
  File "C:\Users\luist\AppData\Roaming\Python\Python310\site-packages\selenium\webdriver\support\expected_conditions.py", line 363, in _predicate
    target = driver.find_element(*target)  # grab element at locator
  File "C:\Users\luist\AppData\Roaming\Python\Python310\site-packages\selenium\webdriver\remote\webdriver.py", line 742, in find_element
    return self.execute(Command.FIND_ELEMENT, {"using": by, "value": value})["value"]
  File "C:\Users\luist\AppData\Roaming\Python\Python310\site-packages\selenium\webdriver\remote\webdriver.py", line 348, in execute
    self.error_handler.check_response(response)
  File "C:\Users\luist\AppData\Roaming\Python\Python310\site-packages\selenium\webdriver\remote\errorhandler.py", line 229, in check_response
    raise exception_class(message, screen, stacktrace)
selenium.common.exceptions.InvalidSelectorException: Message: invalid selector: An invalid or illegal selector was specified
  (Session info: chrome=121.0.6167.141); For documentation on this error, please visit: https://www.selenium.dev/documentation/webdriver/troubleshooting/errors#invalid-selector-exception
Stacktrace:
	GetHandleVerifier [0x00007FF776D25E42+3538674]
	(No symbol) [0x00007FF776944C02]
	(No symbol) [0x00007FF7767F5AEB]
	(No symbol) [0x00007FF7767FAD39]
	(No symbol) [0x00007FF7767FD150]
	(No symbol) [0x00007FF7767FD210]
	(No symbol) [0x00007FF77683BBBC]
	(No symbol) [0x00007FF77683C0CC]
	(No symbol) [0x00007FF77687E477]
	(No symbol) [0x00007FF77685F0EF]
	(No symbol) [0x00007FF77687BDE3]
	(No symbol) [0x00007FF77685EE53]
	(No symbol) [0x00007FF77682F514]
	(No symbol) [0x00007FF776830631]
	GetHandleVerifier [0x00007FF776D56CAD+3738973]
	GetHandleVerifier [0x00007FF776DAC506+4089270]
	GetHandleVerifier [0x00007FF776DA4823+4057299]
	GetHandleVerifier [0x00007FF776A75C49+720121]
	(No symbol) [0x00007FF77695126F]
	(No symbol) [0x00007FF77694C304]
	(No symbol) [0x00007FF77694C432]
	(No symbol) [0x00007FF77693BD04]
	BaseThreadInitThunk [0x00007FFF6D01257D+29]
	RtlUserThreadStart [0x00007FFF6E86AA58+40]

]]></error>
		<system-out><![CDATA[¡Elemento encontrado y clickeado con éxito!
¡Elemento encontrado y clickeado con éxito!
¡Elemento encontrado y clickeado con éxito!
¡Elemento encontrado y clickeado con éxito!
¡Elemento encontrado y clickeado con éxito!
¡Elemento encontrado y clickeado con éxito!
¡Elemento encontrado y clickeado con éxito!
¡Elemento encontrado y clickeado con éxito!
]]></system-out>
	</testcase>
</testsuite>
