<?xml version="1.0" encoding="UTF-8"?>
<testsuite name="detalle_ctro_entregaVentas-20240304162920" tests="1" file=".py" time="61.971" timestamp="2024-03-04T16:30:22" failures="0" errors="1" skipped="0">
	<testcase classname="detalle_ctro_entregaVentas" name="test_detail_deriverySales" time="61.971" timestamp="2024-03-04T16:30:22" file="CtaCtroDtlleEntVta.py" line="22">
		<error type="ElementClickInterceptedException" message="Message: element click intercepted: Element is not clickable at point (292, 1064)
  (Session info: chrome=122.0.6261.95)
Stacktrace:
	GetHandleVerifier [0x00007FF6FEAAAD22+56930]
	(No symbol) [0x00007FF6FEA1F622]
	(No symbol) [0x00007FF6FE8D42E5]
	(No symbol) [0x00007FF6FE920A80]
	(No symbol) [0x00007FF6FE91E8AB]
	(No symbol) [0x00007FF6FE91C0B4]
	(No symbol) [0x00007FF6FE91AE45]
	(No symbol) [0x00007FF6FE90F798]
	(No symbol) [0x00007FF6FE93BC9A]
	(No symbol) [0x00007FF6FE90F09A]
	(No symbol) [0x00007FF6FE93BEB0]
	(No symbol) [0x00007FF6FE9581E2]
	(No symbol) [0x00007FF6FE93BA43]
	(No symbol) [0x00007FF6FE90D438]
	(No symbol) [0x00007FF6FE90E4D1]
	GetHandleVerifier [0x00007FF6FEE26AAD+3709933]
	GetHandleVerifier [0x00007FF6FEE7FFED+4075821]
	GetHandleVerifier [0x00007FF6FEE7817F+4043455]
	GetHandleVerifier [0x00007FF6FEB49756+706710]
	(No symbol) [0x00007FF6FEA2B8FF]
	(No symbol) [0x00007FF6FEA26AE4]
	(No symbol) [0x00007FF6FEA26C3C]
	(No symbol) [0x00007FF6FEA168F4]
	BaseThreadInitThunk [0x00007FFB7892257D+29]
	RtlUserThreadStart [0x00007FFB7A18AA58+40]
"><![CDATA[Traceback (most recent call last):
  File "c:\Users\luist\repos\Automatizaciones-SILOHUB-\CtaCtroDtlleEntVta.py", line 204, in test_detail_deriverySales
    click_checkbox_xpaht(self.driver, select_moviments )
  File "c:\Users\luist\repos\Automatizaciones-SILOHUB-\Elements.py", line 362, in click_checkbox_xpaht
    checkbox_element.click()
  File "C:\Users\luist\AppData\Roaming\Python\Python310\site-packages\selenium\webdriver\remote\webelement.py", line 94, in click
    self._execute(Command.CLICK_ELEMENT)
  File "C:\Users\luist\AppData\Roaming\Python\Python310\site-packages\selenium\webdriver\remote\webelement.py", line 395, in _execute
    return self._parent.execute(command, params)
  File "C:\Users\luist\AppData\Roaming\Python\Python310\site-packages\selenium\webdriver\remote\webdriver.py", line 348, in execute
    self.error_handler.check_response(response)
  File "C:\Users\luist\AppData\Roaming\Python\Python310\site-packages\selenium\webdriver\remote\errorhandler.py", line 229, in check_response
    raise exception_class(message, screen, stacktrace)
selenium.common.exceptions.ElementClickInterceptedException: Message: element click intercepted: Element is not clickable at point (292, 1064)
  (Session info: chrome=122.0.6261.95)
Stacktrace:
	GetHandleVerifier [0x00007FF6FEAAAD22+56930]
	(No symbol) [0x00007FF6FEA1F622]
	(No symbol) [0x00007FF6FE8D42E5]
	(No symbol) [0x00007FF6FE920A80]
	(No symbol) [0x00007FF6FE91E8AB]
	(No symbol) [0x00007FF6FE91C0B4]
	(No symbol) [0x00007FF6FE91AE45]
	(No symbol) [0x00007FF6FE90F798]
	(No symbol) [0x00007FF6FE93BC9A]
	(No symbol) [0x00007FF6FE90F09A]
	(No symbol) [0x00007FF6FE93BEB0]
	(No symbol) [0x00007FF6FE9581E2]
	(No symbol) [0x00007FF6FE93BA43]
	(No symbol) [0x00007FF6FE90D438]
	(No symbol) [0x00007FF6FE90E4D1]
	GetHandleVerifier [0x00007FF6FEE26AAD+3709933]
	GetHandleVerifier [0x00007FF6FEE7FFED+4075821]
	GetHandleVerifier [0x00007FF6FEE7817F+4043455]
	GetHandleVerifier [0x00007FF6FEB49756+706710]
	(No symbol) [0x00007FF6FEA2B8FF]
	(No symbol) [0x00007FF6FEA26AE4]
	(No symbol) [0x00007FF6FEA26C3C]
	(No symbol) [0x00007FF6FEA168F4]
	BaseThreadInitThunk [0x00007FFB7892257D+29]
	RtlUserThreadStart [0x00007FFB7A18AA58+40]

]]></error>
		<system-out><![CDATA[¡Elemento encontrado y clickeado con éxito!
¡Elemento encontrado y clickeado con éxito!
¡Elemento encontrado y clickeado con éxito!
¡Elemento encontrado y clickeado con éxito!
¡Elemento encontrado y clickeado con éxito!
¡Elemento encontrado y clickeado con éxito!
¡Elemento encontrado y clickeado con éxito!
¡Elemento encontrado y clickeado con éxito!
¡Elemento encontrado y clickeado 3 veces con éxito!
¡Elemento encontrado y clickeado 1 veces con éxito!
¡Elemento encontrado y clickeado con éxito!
¡Elemento encontrado y clickeado 2 veces con éxito!
¡Elemento encontrado y clickeado con éxito!
¡Elemento encontrado y clickeado con éxito!
El texto encontrado es  Estado De Mis Contratos
¡Elemento encontrado y clickeado con éxito!
El texto es visible para el usuario
El texto fue validado correctamente: Contrato 108280
El texto es visible para el usuario
El texto fue validado correctamente: De Maiz
La cadena de texto es visible para el usuario: '500,00 Tn'
El texto es visible para el usuario
El texto fue validado correctamente: Mis Entregas
El texto es visible para el usuario
El texto fue validado correctamente: Producto
El texto es visible para el usuario
El texto fue validado correctamente: Maiz
El texto es visible para el usuario
El texto fue validado correctamente: Fecha
El texto es visible para el usuario
El texto fue validado correctamente: 15/03/2022
La cadena de texto es visible para el usuario: 'Tn Brutos'
El valor es un carácter numérico. Valor: 29,18
El texto es visible para el usuario
El texto fue validado correctamente: Humedad
El valor es un carácter numérico. Valor: 15,70%
El texto es visible para el usuario
El texto fue validado correctamente: Zaranda
El valor es un carácter numérico. Valor: 0,00%
El texto es visible para el usuario
El texto fue validado correctamente: Volátil
El valor es un carácter numérico. Valor: 0,30%
El texto es visible para el usuario
El texto fue validado correctamente: Factor/Grado
El valor es un carácter numérico. Valor: 100/2
La cadena de texto es visible para el usuario: 'Tn Netos'
El valor es un carácter numérico. Valor: 3,28
El texto es visible para el usuario
El texto fue validado correctamente: CTG/CRT
El valor es un carácter numérico. Valor: 0010010102308045
]]></system-out>
	</testcase>
</testsuite>
