<?xml version="1.0" encoding="UTF-8"?>
<testsuite name="detalle_cto_liquidaciones-20240607174021" tests="1" file=".py" time="53.406" timestamp="2024-06-07T17:41:14" failures="1" errors="0" skipped="0">
	<testcase classname="detalle_cto_liquidaciones" name="test_detail_liquidations" time="53.406" timestamp="2024-06-07T17:41:14" file="CtaCtoDtalLiquidaciones.py" line="22">
		<failure type="AssertionError" message=""><![CDATA[Traceback (most recent call last):
  File "c:\Users\luist\repos\Automatizaciones-SILOHUB-\CtaCtoDtalLiquidaciones.py", line 105, in test_detail_liquidations
    validate_text_visible(self.driver, element1, number_expected)
  File "c:\Users\luist\repos\Automatizaciones-SILOHUB-\Elements.py", line 1145, in validate_text_visible
    assert text_obtained == text_expected
AssertionError
]]></failure>
		<system-out><![CDATA[¡Elemento encontrado y clickeado 3 veces con éxito!
¡Elemento encontrado y clickeado 4 veces con éxito!
¡Elemento encontrado y clickeado 3 veces con éxito!
El texto encontrado es  Estado De Mis Contratos
El texto es visible para el usuario
]]></system-out>
	</testcase>
</testsuite>
