<?xml version="1.0" encoding="UTF-8"?>
<testsuite name="detalle_ctro_entregaVentas-20240304171957" tests="1" file=".py" time="74.556" timestamp="2024-03-04T17:21:11" failures="0" errors="1" skipped="0">
	<testcase classname="detalle_ctro_entregaVentas" name="test_detail_deriverySales" time="74.556" timestamp="2024-03-04T17:21:11" file="CtaCtroDtlleEntVta.py" line="22">
		<error type="ElementClickInterceptedException" message="Message: element click intercepted: Element is not clickable at point (1337, -812)
  (Session info: chrome=122.0.6261.95)
Stacktrace:
	GetHandleVerifier [0x00007FF6883EAD22+56930]
	(No symbol) [0x00007FF68835F622]
	(No symbol) [0x00007FF6882142E5]
	(No symbol) [0x00007FF688260A80]
	(No symbol) [0x00007FF68825E8AB]
	(No symbol) [0x00007FF68825C0B4]
	(No symbol) [0x00007FF68825AE45]
	(No symbol) [0x00007FF68824F798]
	(No symbol) [0x00007FF68827BC9A]
	(No symbol) [0x00007FF68824F09A]
	(No symbol) [0x00007FF68827BEB0]
	(No symbol) [0x00007FF6882981E2]
	(No symbol) [0x00007FF68827BA43]
	(No symbol) [0x00007FF68824D438]
	(No symbol) [0x00007FF68824E4D1]
	GetHandleVerifier [0x00007FF688766AAD+3709933]
	GetHandleVerifier [0x00007FF6887BFFED+4075821]
	GetHandleVerifier [0x00007FF6887B817F+4043455]
	GetHandleVerifier [0x00007FF688489756+706710]
	(No symbol) [0x00007FF68836B8FF]
	(No symbol) [0x00007FF688366AE4]
	(No symbol) [0x00007FF688366C3C]
	(No symbol) [0x00007FF6883568F4]
	BaseThreadInitThunk [0x00007FFB7892257D+29]
	RtlUserThreadStart [0x00007FFB7A18AA58+40]
"><![CDATA[Traceback (most recent call last):
  File "c:\Users\luist\repos\Automatizaciones-SILOHUB-\CtaCtroDtlleEntVta.py", line 222, in test_detail_deriverySales
    find_elements(self.driver, go_out_pag )
  File "c:\Users\luist\repos\Automatizaciones-SILOHUB-\Elements.py", line 21, in find_elements
    select_nex_button.click()
  File "C:\Users\luist\AppData\Roaming\Python\Python310\site-packages\selenium\webdriver\remote\webelement.py", line 94, in click
    self._execute(Command.CLICK_ELEMENT)
  File "C:\Users\luist\AppData\Roaming\Python\Python310\site-packages\selenium\webdriver\remote\webelement.py", line 395, in _execute
    return self._parent.execute(command, params)
  File "C:\Users\luist\AppData\Roaming\Python\Python310\site-packages\selenium\webdriver\remote\webdriver.py", line 348, in execute
    self.error_handler.check_response(response)
  File "C:\Users\luist\AppData\Roaming\Python\Python310\site-packages\selenium\webdriver\remote\errorhandler.py", line 229, in check_response
    raise exception_class(message, screen, stacktrace)
selenium.common.exceptions.ElementClickInterceptedException: Message: element click intercepted: Element is not clickable at point (1337, -812)
  (Session info: chrome=122.0.6261.95)
Stacktrace:
	GetHandleVerifier [0x00007FF6883EAD22+56930]
	(No symbol) [0x00007FF68835F622]
	(No symbol) [0x00007FF6882142E5]
	(No symbol) [0x00007FF688260A80]
	(No symbol) [0x00007FF68825E8AB]
	(No symbol) [0x00007FF68825C0B4]
	(No symbol) [0x00007FF68825AE45]
	(No symbol) [0x00007FF68824F798]
	(No symbol) [0x00007FF68827BC9A]
	(No symbol) [0x00007FF68824F09A]
	(No symbol) [0x00007FF68827BEB0]
	(No symbol) [0x00007FF6882981E2]
	(No symbol) [0x00007FF68827BA43]
	(No symbol) [0x00007FF68824D438]
	(No symbol) [0x00007FF68824E4D1]
	GetHandleVerifier [0x00007FF688766AAD+3709933]
	GetHandleVerifier [0x00007FF6887BFFED+4075821]
	GetHandleVerifier [0x00007FF6887B817F+4043455]
	GetHandleVerifier [0x00007FF688489756+706710]
	(No symbol) [0x00007FF68836B8FF]
	(No symbol) [0x00007FF688366AE4]
	(No symbol) [0x00007FF688366C3C]
	(No symbol) [0x00007FF6883568F4]
	BaseThreadInitThunk [0x00007FFB7892257D+29]
	RtlUserThreadStart [0x00007FFB7A18AA58+40]

]]></error>
		<system-out><![CDATA[¡Elemento encontrado y clickeado con éxito!
¡Elemento encontrado y clickeado con éxito!
¡Elemento encontrado y clickeado con éxito!
¡Elemento encontrado y clickeado con éxito!
¡Elemento encontrado y clickeado con éxito!
¡Elemento encontrado y clickeado con éxito!
¡Elemento encontrado y clickeado con éxito!
¡Elemento encontrado y clickeado con éxito!
¡Elemento encontrado y clickeado 3 veces con éxito!
¡Elemento encontrado y clickeado 1 veces con éxito!
¡Elemento encontrado y clickeado con éxito!
¡Elemento encontrado y clickeado 2 veces con éxito!
¡Elemento encontrado y clickeado con éxito!
¡Elemento encontrado y clickeado con éxito!
El texto encontrado es  Estado De Mis Contratos
¡Elemento encontrado y clickeado con éxito!
El texto es visible para el usuario
El texto fue validado correctamente: Contrato 108169
El texto es visible para el usuario
El texto fue validado correctamente: De Maiz
La cadena de texto es visible para el usuario: '500,00 Tn'
El texto es visible para el usuario
El texto fue validado correctamente: Mis Entregas
El texto es visible para el usuario
El texto fue validado correctamente: Producto
El texto es visible para el usuario
El texto fue validado correctamente: Maiz
El texto es visible para el usuario
El texto fue validado correctamente: Fecha
El texto es visible para el usuario
El texto fue validado correctamente: 14/03/2022
La cadena de texto es visible para el usuario: 'Tn Brutos'
El valor es un carácter numérico. Valor: 30,04
El texto es visible para el usuario
El texto fue validado correctamente: Humedad
El valor es un carácter numérico. Valor: 16,70%
El texto es visible para el usuario
El texto fue validado correctamente: Zaranda
El valor es un carácter numérico. Valor: 0,00%
El texto es visible para el usuario
El texto fue validado correctamente: Volátil
El valor es un carácter numérico. Valor: 0,30%
El texto es visible para el usuario
El texto fue validado correctamente: Factor/Grado
El valor es un carácter numérico. Valor: 100/2
La cadena de texto es visible para el usuario: 'Tn Netos'
El valor es un carácter numérico. Valor: 19,07
El texto es visible para el usuario
El texto fue validado correctamente: CTG/CRT
El valor es un carácter numérico. Valor: 0010010102265019
Checkbox con XPAHT '/html/body/app-root/app-layout/app-vertical/div/div/div/div/app-detail-contract/app-contract-detail-tabs/div/div[1]/app-deliveries-applied/app-deliveries-shared/app-responsive-table/div/div[2]/table/tbody/tr[1]/th/input' seleccionado con éxito!
¡Elemento encontrado y clickeado con éxito!
¡Elemento encontrado y clickeado con éxito!
¡Elemento encontrado y clickeado con éxito!
¡Elemento encontrado y clickeado con éxito!
]]></system-out>
	</testcase>
</testsuite>
