<?xml version="1.0" encoding="UTF-8"?>
<testsuite name="contrato_operSecundarias-20240304153314" tests="1" file=".py" time="57.159" timestamp="2024-03-04T15:34:11" failures="0" errors="1" skipped="0">
	<testcase classname="contrato_operSecundarias" name="test_contratc_oparSecondary" time="57.159" timestamp="2024-03-04T15:34:11" file="CtaContOperSecundaria.py" line="22">
		<error type="ElementClickInterceptedException" message="Message: element click intercepted: Element &lt;div _ngcontent-hrh-c200=&quot;&quot; class=&quot;truncate-text&quot;&gt;...&lt;/div&gt; is not clickable at point (527, 430). Other element would receive the click: &lt;ngb-offcanvas-backdrop class=&quot;offcanvas-backdrop fade show&quot;&gt;&lt;/ngb-offcanvas-backdrop&gt;
  (Session info: chrome=122.0.6261.95)
Stacktrace:
	GetHandleVerifier [0x00007FF7D016AD22+56930]
	(No symbol) [0x00007FF7D00DF622]
	(No symbol) [0x00007FF7CFF942E5]
	(No symbol) [0x00007FF7CFFE0A80]
	(No symbol) [0x00007FF7CFFDE8AB]
	(No symbol) [0x00007FF7CFFDC0B4]
	(No symbol) [0x00007FF7CFFDAE45]
	(No symbol) [0x00007FF7CFFCF798]
	(No symbol) [0x00007FF7CFFFBC9A]
	(No symbol) [0x00007FF7CFFCF09A]
	(No symbol) [0x00007FF7CFFFBEB0]
	(No symbol) [0x00007FF7D00181E2]
	(No symbol) [0x00007FF7CFFFBA43]
	(No symbol) [0x00007FF7CFFCD438]
	(No symbol) [0x00007FF7CFFCE4D1]
	GetHandleVerifier [0x00007FF7D04E6AAD+3709933]
	GetHandleVerifier [0x00007FF7D053FFED+4075821]
	GetHandleVerifier [0x00007FF7D053817F+4043455]
	GetHandleVerifier [0x00007FF7D0209756+706710]
	(No symbol) [0x00007FF7D00EB8FF]
	(No symbol) [0x00007FF7D00E6AE4]
	(No symbol) [0x00007FF7D00E6C3C]
	(No symbol) [0x00007FF7D00D68F4]
	BaseThreadInitThunk [0x00007FFB7892257D+29]
	RtlUserThreadStart [0x00007FFB7A18AA58+40]
"><![CDATA[Traceback (most recent call last):
  File "c:\Users\luist\repos\Automatizaciones-SILOHUB-\CtaContOperSecundaria.py", line 90, in test_contratc_oparSecondary
    find_elements(self.driver, selet_list_contract )
  File "c:\Users\luist\repos\Automatizaciones-SILOHUB-\Elements.py", line 21, in find_elements
    select_nex_button.click()
  File "C:\Users\luist\AppData\Roaming\Python\Python310\site-packages\selenium\webdriver\remote\webelement.py", line 94, in click
    self._execute(Command.CLICK_ELEMENT)
  File "C:\Users\luist\AppData\Roaming\Python\Python310\site-packages\selenium\webdriver\remote\webelement.py", line 395, in _execute
    return self._parent.execute(command, params)
  File "C:\Users\luist\AppData\Roaming\Python\Python310\site-packages\selenium\webdriver\remote\webdriver.py", line 348, in execute
    self.error_handler.check_response(response)
  File "C:\Users\luist\AppData\Roaming\Python\Python310\site-packages\selenium\webdriver\remote\errorhandler.py", line 229, in check_response
    raise exception_class(message, screen, stacktrace)
selenium.common.exceptions.ElementClickInterceptedException: Message: element click intercepted: Element <div _ngcontent-hrh-c200="" class="truncate-text">...</div> is not clickable at point (527, 430). Other element would receive the click: <ngb-offcanvas-backdrop class="offcanvas-backdrop fade show"></ngb-offcanvas-backdrop>
  (Session info: chrome=122.0.6261.95)
Stacktrace:
	GetHandleVerifier [0x00007FF7D016AD22+56930]
	(No symbol) [0x00007FF7D00DF622]
	(No symbol) [0x00007FF7CFF942E5]
	(No symbol) [0x00007FF7CFFE0A80]
	(No symbol) [0x00007FF7CFFDE8AB]
	(No symbol) [0x00007FF7CFFDC0B4]
	(No symbol) [0x00007FF7CFFDAE45]
	(No symbol) [0x00007FF7CFFCF798]
	(No symbol) [0x00007FF7CFFFBC9A]
	(No symbol) [0x00007FF7CFFCF09A]
	(No symbol) [0x00007FF7CFFFBEB0]
	(No symbol) [0x00007FF7D00181E2]
	(No symbol) [0x00007FF7CFFFBA43]
	(No symbol) [0x00007FF7CFFCD438]
	(No symbol) [0x00007FF7CFFCE4D1]
	GetHandleVerifier [0x00007FF7D04E6AAD+3709933]
	GetHandleVerifier [0x00007FF7D053FFED+4075821]
	GetHandleVerifier [0x00007FF7D053817F+4043455]
	GetHandleVerifier [0x00007FF7D0209756+706710]
	(No symbol) [0x00007FF7D00EB8FF]
	(No symbol) [0x00007FF7D00E6AE4]
	(No symbol) [0x00007FF7D00E6C3C]
	(No symbol) [0x00007FF7D00D68F4]
	BaseThreadInitThunk [0x00007FFB7892257D+29]
	RtlUserThreadStart [0x00007FFB7A18AA58+40]

]]></error>
		<system-out><![CDATA[¡Elemento encontrado y clickeado con éxito!
¡Elemento encontrado y clickeado con éxito!
¡Elemento encontrado y clickeado con éxito!
¡Elemento encontrado y clickeado con éxito!
¡Elemento encontrado y clickeado con éxito!
¡Elemento encontrado y clickeado con éxito!
¡Elemento encontrado y clickeado con éxito!
Tiempo de espera agotado. El elemento no está presente o no es clickeable.
¡Elemento encontrado y clickeado 3 veces con éxito!
¡Elemento encontrado y clickeado con éxito!
¡Elemento encontrado y clickeado con éxito!
¡Elemento encontrado y clickeado con éxito!
El texto encontrado es  Estado De Mis Contratos
]]></system-out>
	</testcase>
</testsuite>
