<?xml version="1.0" encoding="UTF-8"?>
<testsuite name="detalle_ctro_entregaVentas-20240903121302" tests="1" file=".py" time="73.382" timestamp="2024-09-03T12:14:15" failures="0" errors="1" skipped="0">
	<testcase classname="detalle_ctro_entregaVentas" name="test_detail_deriverySales" time="73.382" timestamp="2024-09-03T12:14:15" file="CtaCtoDtalEntVta.py" line="22">
		<error type="ElementClickInterceptedException" message="Message: element click intercepted: Element is not clickable at point (292, 802)
  (Session info: chrome=128.0.6613.114)
Stacktrace:
	GetHandleVerifier [0x00007FF6FD88B5D2+29090]
	(No symbol) [0x00007FF6FD7FE689]
	(No symbol) [0x00007FF6FD6BB1CA]
	(No symbol) [0x00007FF6FD716C0E]
	(No symbol) [0x00007FF6FD714682]
	(No symbol) [0x00007FF6FD711B9B]
	(No symbol) [0x00007FF6FD710DB5]
	(No symbol) [0x00007FF6FD702D61]
	(No symbol) [0x00007FF6FD7366EA]
	(No symbol) [0x00007FF6FD7026A6]
	(No symbol) [0x00007FF6FD736900]
	(No symbol) [0x00007FF6FD7565D9]
	(No symbol) [0x00007FF6FD736493]
	(No symbol) [0x00007FF6FD7009B1]
	(No symbol) [0x00007FF6FD701B11]
	GetHandleVerifier [0x00007FF6FDBA8C5D+3295277]
	GetHandleVerifier [0x00007FF6FDBF4843+3605523]
	GetHandleVerifier [0x00007FF6FDBEA707+3564247]
	GetHandleVerifier [0x00007FF6FD946EB6+797318]
	(No symbol) [0x00007FF6FD80980F]
	(No symbol) [0x00007FF6FD8053F4]
	(No symbol) [0x00007FF6FD805580]
	(No symbol) [0x00007FF6FD7F4A1F]
	BaseThreadInitThunk [0x00007FF8F8C3257D+29]
	RtlUserThreadStart [0x00007FF8FAB2AF28+40]
"><![CDATA[Traceback (most recent call last):
  File "c:\Users\luist\repos\Automatizaciones-SILOHUB-\CtaCtoDtalEntVta.py", line 198, in test_detail_deriverySales
    click_checkbox_xpaht(self.driver, select_moviments )
  File "c:\Users\luist\repos\Automatizaciones-SILOHUB-\Elements.py", line 456, in click_checkbox_xpaht
    checkbox_element.click()
  File "C:\Users\luist\AppData\Roaming\Python\Python310\site-packages\selenium\webdriver\remote\webelement.py", line 94, in click
    self._execute(Command.CLICK_ELEMENT)
  File "C:\Users\luist\AppData\Roaming\Python\Python310\site-packages\selenium\webdriver\remote\webelement.py", line 395, in _execute
    return self._parent.execute(command, params)
  File "C:\Users\luist\AppData\Roaming\Python\Python310\site-packages\selenium\webdriver\remote\webdriver.py", line 354, in execute
    self.error_handler.check_response(response)
  File "C:\Users\luist\AppData\Roaming\Python\Python310\site-packages\selenium\webdriver\remote\errorhandler.py", line 229, in check_response
    raise exception_class(message, screen, stacktrace)
selenium.common.exceptions.ElementClickInterceptedException: Message: element click intercepted: Element is not clickable at point (292, 802)
  (Session info: chrome=128.0.6613.114)
Stacktrace:
	GetHandleVerifier [0x00007FF6FD88B5D2+29090]
	(No symbol) [0x00007FF6FD7FE689]
	(No symbol) [0x00007FF6FD6BB1CA]
	(No symbol) [0x00007FF6FD716C0E]
	(No symbol) [0x00007FF6FD714682]
	(No symbol) [0x00007FF6FD711B9B]
	(No symbol) [0x00007FF6FD710DB5]
	(No symbol) [0x00007FF6FD702D61]
	(No symbol) [0x00007FF6FD7366EA]
	(No symbol) [0x00007FF6FD7026A6]
	(No symbol) [0x00007FF6FD736900]
	(No symbol) [0x00007FF6FD7565D9]
	(No symbol) [0x00007FF6FD736493]
	(No symbol) [0x00007FF6FD7009B1]
	(No symbol) [0x00007FF6FD701B11]
	GetHandleVerifier [0x00007FF6FDBA8C5D+3295277]
	GetHandleVerifier [0x00007FF6FDBF4843+3605523]
	GetHandleVerifier [0x00007FF6FDBEA707+3564247]
	GetHandleVerifier [0x00007FF6FD946EB6+797318]
	(No symbol) [0x00007FF6FD80980F]
	(No symbol) [0x00007FF6FD8053F4]
	(No symbol) [0x00007FF6FD805580]
	(No symbol) [0x00007FF6FD7F4A1F]
	BaseThreadInitThunk [0x00007FF8F8C3257D+29]
	RtlUserThreadStart [0x00007FF8FAB2AF28+40]

]]></error>
		<system-out><![CDATA[¡Elemento encontrado y clickeado 3 veces con éxito!
¡Elemento encontrado y clickeado 7 veces con éxito!
¡Elemento encontrado y clickeado 3 veces con éxito!
El texto encontrado es  Estado De Mis Contratos
El texto es visible para el usuario
El texto fue validado correctamente: Contrato 108169
El texto es visible para el usuario
El texto fue validado correctamente: De Maiz
El texto es visible para el usuario: 'De 500.000,00 Kg Pactados'
El texto es visible para el usuario
El texto fue validado correctamente: Mis Entregas
El texto es visible para el usuario
El texto fue validado correctamente: Producto
El texto es visible para el usuario
El texto fue validado correctamente: Maiz
El texto es visible para el usuario
El texto fue validado correctamente: Fecha
El texto es visible para el usuario
El texto fue validado correctamente: 14/03/2022
El texto es visible para el usuario: 'Kg Brutos'
El valor es un carácter numérico. Valor: 30.040,00
El texto es visible para el usuario
El texto fue validado correctamente: Humedad
El valor es un carácter numérico. Valor: 16,70%
El texto es visible para el usuario
El texto fue validado correctamente: Zaranda
El valor es un carácter numérico. Valor: 0,00%
El texto es visible para el usuario
El texto fue validado correctamente: Volátil
El valor es un carácter numérico. Valor: 0,30%
El texto es visible para el usuario
El texto fue validado correctamente: Factor/Grado
El valor es un carácter numérico. Valor: 100/2
El texto es visible para el usuario: 'Kg Netos'
El valor es un carácter numérico. Valor: 19.066,00
El texto es visible para el usuario
El texto fue validado correctamente: CTG/CRT
El valor es un carácter numérico. Valor: 10102265019
]]></system-out>
	</testcase>
</testsuite>
