<?xml version="1.0" encoding="UTF-8"?>
<testsuite name="detalle_ctro_fijaciones-20241014155228" tests="1" file=".py" time="81.629" timestamp="2024-10-14T15:53:50" failures="0" errors="0" skipped="0">
	<testcase classname="detalle_ctro_fijaciones" name="test_detail_fixings" time="81.629" timestamp="2024-10-14T15:53:50" file="CtaCtoDtalFijaciones.py" line="22">
		<system-out><![CDATA[¡Elemento encontrado y clickeado 3 veces con éxito!
¡Elemento encontrado y clickeado 8 veces con éxito!
¡Elemento encontrado y clickeado 3 veces con éxito!
El texto encontrado es  Estado De Mis Contratos
El texto es visible para el usuario
El texto fue validado correctamente: Contrato 108169
El texto es visible para el usuario
El texto fue validado correctamente: De Maiz
El texto es visible para el usuario: 'De 500.000,00 Kg Pactados'
El texto es visible para el usuario
El texto fue validado correctamente: Mis Ventas
El texto es visible para el usuario
El texto fue validado correctamente: Producto
El texto es visible para el usuario
El texto fue validado correctamente: Maiz
El texto es visible para el usuario
El texto fue validado correctamente: Fecha
El texto es visible para el usuario
El texto fue validado correctamente: 20/04/2021
El texto es visible para el usuario
El texto fue validado correctamente: Comprobante
El valor es un carácter numérico. Valor: VN 0001 00108169
El texto es visible para el usuario: 'Kg Fijados'
El valor es un carácter numérico. Valor: 500.000,00
El texto es visible para el usuario
El texto fue validado correctamente: Precio
El valor es un carácter numérico. Valor: 0.18
El texto es visible para el usuario
El texto fue validado correctamente: Moneda
El texto es visible para el usuario
El texto fue validado correctamente: USD
]]></system-out>
	</testcase>
</testsuite>
