<?xml version="1.0" encoding="UTF-8"?>
<testsuite name="contrato_tenant-20240917170754" tests="1" file=".py" time="65.329" timestamp="2024-09-17T17:08:59" failures="0" errors="0" skipped="0">
	<testcase classname="contrato_tenant" name="test_contrato_tenant" time="65.329" timestamp="2024-09-17T17:08:59" file="Cuentacontrato.py" line="22">
		<system-out><![CDATA[¡Elemento encontrado y clickeado 3 veces con éxito!
¡Elemento encontrado y clickeado 7 veces con éxito!
¡Elemento encontrado y clickeado 3 veces con éxito!
El texto encontrado es  Estado De Mis Contratos
El texto es visible para el usuario
El texto fue validado correctamente: Contrato 108435
El texto es visible para el usuario
El texto fue validado correctamente: De Soja
El texto es visible para el usuario: 'De 200.000,00 Kg Pactados'
El texto es visible para el usuario: '200.000,00 Kg'
El texto es visible para el usuario: '200.000,00 Kg'
El texto es visible para el usuario: '200.000,00 Kg'
]]></system-out>
	</testcase>
</testsuite>
