<?xml version="1.0" encoding="UTF-8"?>
<testsuite name="contrato_tenant-20240405155843" tests="1" file=".py" time="52.410" timestamp="2024-04-05T15:59:36" failures="0" errors="1" skipped="0">
	<testcase classname="contrato_tenant" name="test_contrato_tenant" time="52.410" timestamp="2024-04-05T15:59:36" file="Cuentacontrato.py" line="22">
		<error type="ElementClickInterceptedException" message="Message: element click intercepted: Element &lt;div _ngcontent-rdb-c200=&quot;&quot; class=&quot;truncate-text&quot;&gt;...&lt;/div&gt; is not clickable at point (513, 438). Other element would receive the click: &lt;ngb-offcanvas-backdrop class=&quot;offcanvas-backdrop fade show&quot;&gt;&lt;/ngb-offcanvas-backdrop&gt;
  (Session info: chrome=123.0.6312.105)
Stacktrace:
	GetHandleVerifier [0x00007FF7FCEB7072+63090]
	(No symbol) [0x00007FF7FCE22CC2]
	(No symbol) [0x00007FF7FCCBEC65]
	(No symbol) [0x00007FF7FCD0BB34]
	(No symbol) [0x00007FF7FCD09954]
	(No symbol) [0x00007FF7FCD07164]
	(No symbol) [0x00007FF7FCD05EF9]
	(No symbol) [0x00007FF7FCCFA708]
	(No symbol) [0x00007FF7FCD26FDA]
	(No symbol) [0x00007FF7FCCFA00A]
	(No symbol) [0x00007FF7FCD271F0]
	(No symbol) [0x00007FF7FCD43412]
	(No symbol) [0x00007FF7FCD26D83]
	(No symbol) [0x00007FF7FCCF83A8]
	(No symbol) [0x00007FF7FCCF9441]
	GetHandleVerifier [0x00007FF7FD2B25CD+4238285]
	GetHandleVerifier [0x00007FF7FD2EF72D+4488493]
	GetHandleVerifier [0x00007FF7FD2E7A0F+4456463]
	GetHandleVerifier [0x00007FF7FCF905B6+953270]
	(No symbol) [0x00007FF7FCE2E58F]
	(No symbol) [0x00007FF7FCE29264]
	(No symbol) [0x00007FF7FCE2939B]
	(No symbol) [0x00007FF7FCE19BD4]
	BaseThreadInitThunk [0x00007FF89FEF257D+29]
	RtlUserThreadStart [0x00007FF8A17AAA58+40]
"><![CDATA[Traceback (most recent call last):
  File "c:\Users\luist\repos\Automatizaciones-SILOHUB-\Cuentacontrato.py", line 88, in test_contrato_tenant
    find_elements(self.driver, selet_list_contract )
  File "c:\Users\luist\repos\Automatizaciones-SILOHUB-\Elements.py", line 21, in find_elements
    select_nex_button.click()
  File "C:\Users\luist\AppData\Roaming\Python\Python310\site-packages\selenium\webdriver\remote\webelement.py", line 94, in click
    self._execute(Command.CLICK_ELEMENT)
  File "C:\Users\luist\AppData\Roaming\Python\Python310\site-packages\selenium\webdriver\remote\webelement.py", line 395, in _execute
    return self._parent.execute(command, params)
  File "C:\Users\luist\AppData\Roaming\Python\Python310\site-packages\selenium\webdriver\remote\webdriver.py", line 348, in execute
    self.error_handler.check_response(response)
  File "C:\Users\luist\AppData\Roaming\Python\Python310\site-packages\selenium\webdriver\remote\errorhandler.py", line 229, in check_response
    raise exception_class(message, screen, stacktrace)
selenium.common.exceptions.ElementClickInterceptedException: Message: element click intercepted: Element <div _ngcontent-rdb-c200="" class="truncate-text">...</div> is not clickable at point (513, 438). Other element would receive the click: <ngb-offcanvas-backdrop class="offcanvas-backdrop fade show"></ngb-offcanvas-backdrop>
  (Session info: chrome=123.0.6312.105)
Stacktrace:
	GetHandleVerifier [0x00007FF7FCEB7072+63090]
	(No symbol) [0x00007FF7FCE22CC2]
	(No symbol) [0x00007FF7FCCBEC65]
	(No symbol) [0x00007FF7FCD0BB34]
	(No symbol) [0x00007FF7FCD09954]
	(No symbol) [0x00007FF7FCD07164]
	(No symbol) [0x00007FF7FCD05EF9]
	(No symbol) [0x00007FF7FCCFA708]
	(No symbol) [0x00007FF7FCD26FDA]
	(No symbol) [0x00007FF7FCCFA00A]
	(No symbol) [0x00007FF7FCD271F0]
	(No symbol) [0x00007FF7FCD43412]
	(No symbol) [0x00007FF7FCD26D83]
	(No symbol) [0x00007FF7FCCF83A8]
	(No symbol) [0x00007FF7FCCF9441]
	GetHandleVerifier [0x00007FF7FD2B25CD+4238285]
	GetHandleVerifier [0x00007FF7FD2EF72D+4488493]
	GetHandleVerifier [0x00007FF7FD2E7A0F+4456463]
	GetHandleVerifier [0x00007FF7FCF905B6+953270]
	(No symbol) [0x00007FF7FCE2E58F]
	(No symbol) [0x00007FF7FCE29264]
	(No symbol) [0x00007FF7FCE2939B]
	(No symbol) [0x00007FF7FCE19BD4]
	BaseThreadInitThunk [0x00007FF89FEF257D+29]
	RtlUserThreadStart [0x00007FF8A17AAA58+40]

]]></error>
		<system-out><![CDATA[¡Elemento encontrado y clickeado con éxito!
¡Elemento encontrado y clickeado con éxito!
¡Elemento encontrado y clickeado con éxito!
¡Elemento encontrado y clickeado con éxito!
¡Elemento encontrado y clickeado con éxito!
¡Elemento encontrado y clickeado con éxito!
¡Elemento encontrado y clickeado con éxito!
¡Elemento encontrado y clickeado 6 veces con éxito!
¡Elemento encontrado y clickeado con éxito!
¡Elemento encontrado y clickeado 1 veces con éxito!
¡Elemento encontrado y clickeado con éxito!
¡Elemento encontrado y clickeado con éxito!
El texto encontrado es  Estado De Mis Contratos
]]></system-out>
	</testcase>
</testsuite>
