<?xml version="1.0" encoding="UTF-8"?>
<testsuite name="detalle_ctro_entregaVentas-20240304183940" tests="1" file=".py" time="96.607" timestamp="2024-03-04T18:41:17" failures="0" errors="1" skipped="0">
	<testcase classname="detalle_ctro_entregaVentas" name="test_detail_deriverySales" time="96.607" timestamp="2024-03-04T18:41:17" file="CtaCtroDtlleEntVta.py" line="22">
		<error type="ElementClickInterceptedException" message="Message: element click intercepted: Element is not clickable at point (1337, -811)
  (Session info: chrome=122.0.6261.95)
Stacktrace:
	GetHandleVerifier [0x00007FF73490AD22+56930]
	(No symbol) [0x00007FF73487F622]
	(No symbol) [0x00007FF7347342E5]
	(No symbol) [0x00007FF734780A80]
	(No symbol) [0x00007FF73477E8AB]
	(No symbol) [0x00007FF73477C0B4]
	(No symbol) [0x00007FF73477AE45]
	(No symbol) [0x00007FF73476F798]
	(No symbol) [0x00007FF73479BC9A]
	(No symbol) [0x00007FF73476F09A]
	(No symbol) [0x00007FF73479BEB0]
	(No symbol) [0x00007FF7347B81E2]
	(No symbol) [0x00007FF73479BA43]
	(No symbol) [0x00007FF73476D438]
	(No symbol) [0x00007FF73476E4D1]
	GetHandleVerifier [0x00007FF734C86AAD+3709933]
	GetHandleVerifier [0x00007FF734CDFFED+4075821]
	GetHandleVerifier [0x00007FF734CD817F+4043455]
	GetHandleVerifier [0x00007FF7349A9756+706710]
	(No symbol) [0x00007FF73488B8FF]
	(No symbol) [0x00007FF734886AE4]
	(No symbol) [0x00007FF734886C3C]
	(No symbol) [0x00007FF7348768F4]
	BaseThreadInitThunk [0x00007FFB7892257D+29]
	RtlUserThreadStart [0x00007FFB7A18AA58+40]
"><![CDATA[Traceback (most recent call last):
  File "c:\Users\luist\repos\Automatizaciones-SILOHUB-\CtaCtroDtlleEntVta.py", line 221, in test_detail_deriverySales
    find_elements(self.driver, go_out_pag )
  File "c:\Users\luist\repos\Automatizaciones-SILOHUB-\Elements.py", line 21, in find_elements
    select_nex_button.click()
  File "C:\Users\luist\AppData\Roaming\Python\Python310\site-packages\selenium\webdriver\remote\webelement.py", line 94, in click
    self._execute(Command.CLICK_ELEMENT)
  File "C:\Users\luist\AppData\Roaming\Python\Python310\site-packages\selenium\webdriver\remote\webelement.py", line 395, in _execute
    return self._parent.execute(command, params)
  File "C:\Users\luist\AppData\Roaming\Python\Python310\site-packages\selenium\webdriver\remote\webdriver.py", line 348, in execute
    self.error_handler.check_response(response)
  File "C:\Users\luist\AppData\Roaming\Python\Python310\site-packages\selenium\webdriver\remote\errorhandler.py", line 229, in check_response
    raise exception_class(message, screen, stacktrace)
selenium.common.exceptions.ElementClickInterceptedException: Message: element click intercepted: Element is not clickable at point (1337, -811)
  (Session info: chrome=122.0.6261.95)
Stacktrace:
	GetHandleVerifier [0x00007FF73490AD22+56930]
	(No symbol) [0x00007FF73487F622]
	(No symbol) [0x00007FF7347342E5]
	(No symbol) [0x00007FF734780A80]
	(No symbol) [0x00007FF73477E8AB]
	(No symbol) [0x00007FF73477C0B4]
	(No symbol) [0x00007FF73477AE45]
	(No symbol) [0x00007FF73476F798]
	(No symbol) [0x00007FF73479BC9A]
	(No symbol) [0x00007FF73476F09A]
	(No symbol) [0x00007FF73479BEB0]
	(No symbol) [0x00007FF7347B81E2]
	(No symbol) [0x00007FF73479BA43]
	(No symbol) [0x00007FF73476D438]
	(No symbol) [0x00007FF73476E4D1]
	GetHandleVerifier [0x00007FF734C86AAD+3709933]
	GetHandleVerifier [0x00007FF734CDFFED+4075821]
	GetHandleVerifier [0x00007FF734CD817F+4043455]
	GetHandleVerifier [0x00007FF7349A9756+706710]
	(No symbol) [0x00007FF73488B8FF]
	(No symbol) [0x00007FF734886AE4]
	(No symbol) [0x00007FF734886C3C]
	(No symbol) [0x00007FF7348768F4]
	BaseThreadInitThunk [0x00007FFB7892257D+29]
	RtlUserThreadStart [0x00007FFB7A18AA58+40]

]]></error>
		<system-out><![CDATA[¡Elemento encontrado y clickeado con éxito!
¡Elemento encontrado y clickeado con éxito!
¡Elemento encontrado y clickeado con éxito!
¡Elemento encontrado y clickeado con éxito!
¡Elemento encontrado y clickeado con éxito!
¡Elemento encontrado y clickeado con éxito!
¡Elemento encontrado y clickeado con éxito!
¡Elemento encontrado y clickeado con éxito!
¡Elemento encontrado y clickeado 3 veces con éxito!
¡Elemento encontrado y clickeado 1 veces con éxito!
¡Elemento encontrado y clickeado con éxito!
¡Elemento encontrado y clickeado 2 veces con éxito!
¡Elemento encontrado y clickeado con éxito!
¡Elemento encontrado y clickeado con éxito!
El texto encontrado es  Estado De Mis Contratos
¡Elemento encontrado y clickeado con éxito!
El texto es visible para el usuario
El texto fue validado correctamente: Contrato 108169
El texto es visible para el usuario
El texto fue validado correctamente: De Maiz
La cadena de texto es visible para el usuario: '500,00 Tn'
El texto es visible para el usuario
El texto fue validado correctamente: Mis Entregas
El texto es visible para el usuario
El texto fue validado correctamente: Producto
El texto es visible para el usuario
El texto fue validado correctamente: Maiz
El texto es visible para el usuario
El texto fue validado correctamente: Fecha
El texto es visible para el usuario
El texto fue validado correctamente: 14/03/2022
La cadena de texto es visible para el usuario: 'Tn Brutos'
El valor es un carácter numérico. Valor: 30,04
El texto es visible para el usuario
El texto fue validado correctamente: Humedad
El valor es un carácter numérico. Valor: 16,70%
El texto es visible para el usuario
El texto fue validado correctamente: Zaranda
El valor es un carácter numérico. Valor: 0,00%
El texto es visible para el usuario
El texto fue validado correctamente: Volátil
El valor es un carácter numérico. Valor: 0,30%
El texto es visible para el usuario
El texto fue validado correctamente: Factor/Grado
El valor es un carácter numérico. Valor: 100/2
La cadena de texto es visible para el usuario: 'Tn Netos'
El valor es un carácter numérico. Valor: 19,07
El texto es visible para el usuario
El texto fue validado correctamente: CTG/CRT
El valor es un carácter numérico. Valor: 0010010102265019
Checkbox con XPAHT '/html/body/app-root/app-layout/app-vertical/div/div/div/div/app-detail-contract/app-contract-detail-tabs/div/div[1]/app-deliveries-applied/app-deliveries-shared/app-responsive-table/div/div[2]/table/tbody/tr[1]/th/input' seleccionado con éxito!
¡Elemento encontrado y clickeado con éxito!
Tiempo de espera agotado. El elemento no está presente o no es clickeable.
¡Elemento encontrado y clickeado con éxito!
Tiempo de espera agotado. El elemento no está presente o no es clickeable.
]]></system-out>
	</testcase>
</testsuite>
