<?xml version="1.0" encoding="UTF-8"?>
<testsuite name="detalle_ctro_fijaciones-20241014154448" tests="1" file=".py" time="87.628" timestamp="2024-10-14T15:46:15" failures="0" errors="1" skipped="0">
	<testcase classname="detalle_ctro_fijaciones" name="test_detail_fixings" time="87.628" timestamp="2024-10-14T15:46:15" file="CtaCtoDtalFijaciones.py" line="22">
		<error type="ElementClickInterceptedException" message="Message: element click intercepted: Element is not clickable at point (290, -458)
  (Session info: chrome=129.0.6668.100)
Stacktrace:
	GetHandleVerifier [0x00007FF6BAFEB095+29557]
	(No symbol) [0x00007FF6BAF5FA50]
	(No symbol) [0x00007FF6BAE1B56A]
	(No symbol) [0x00007FF6BAE7737E]
	(No symbol) [0x00007FF6BAE74DCC]
	(No symbol) [0x00007FF6BAE72288]
	(No symbol) [0x00007FF6BAE7149A]
	(No symbol) [0x00007FF6BAE6354E]
	(No symbol) [0x00007FF6BAE9718A]
	(No symbol) [0x00007FF6BAE62E86]
	(No symbol) [0x00007FF6BAE973A0]
	(No symbol) [0x00007FF6BAEB851C]
	(No symbol) [0x00007FF6BAE96F33]
	(No symbol) [0x00007FF6BAE6116F]
	(No symbol) [0x00007FF6BAE622D1]
	GetHandleVerifier [0x00007FF6BB31C96D+3378253]
	GetHandleVerifier [0x00007FF6BB368497+3688311]
	GetHandleVerifier [0x00007FF6BB35D1CB+3642539]
	GetHandleVerifier [0x00007FF6BB0AA6B6+813462]
	(No symbol) [0x00007FF6BAF6AB5F]
	(No symbol) [0x00007FF6BAF66B74]
	(No symbol) [0x00007FF6BAF66D10]
	(No symbol) [0x00007FF6BAF55C1F]
	BaseThreadInitThunk [0x00007FF92EF0257D+29]
	RtlUserThreadStart [0x00007FF93006AF08+40]
"><![CDATA[Traceback (most recent call last):
  File "c:\Users\luist\repos\Automatizaciones_M-dulos-\CtaCtoDtalFijaciones.py", line 128, in test_detail_fixings
    find_elements_id(self.driver, select_fixings )
  File "c:\Users\luist\repos\Automatizaciones_M-dulos-\Elements.py", line 47, in find_elements_id
    select_nex_button.click()
  File "C:\Users\luist\AppData\Roaming\Python\Python310\site-packages\selenium\webdriver\remote\webelement.py", line 94, in click
    self._execute(Command.CLICK_ELEMENT)
  File "C:\Users\luist\AppData\Roaming\Python\Python310\site-packages\selenium\webdriver\remote\webelement.py", line 395, in _execute
    return self._parent.execute(command, params)
  File "C:\Users\luist\AppData\Roaming\Python\Python310\site-packages\selenium\webdriver\remote\webdriver.py", line 354, in execute
    self.error_handler.check_response(response)
  File "C:\Users\luist\AppData\Roaming\Python\Python310\site-packages\selenium\webdriver\remote\errorhandler.py", line 229, in check_response
    raise exception_class(message, screen, stacktrace)
selenium.common.exceptions.ElementClickInterceptedException: Message: element click intercepted: Element is not clickable at point (290, -458)
  (Session info: chrome=129.0.6668.100)
Stacktrace:
	GetHandleVerifier [0x00007FF6BAFEB095+29557]
	(No symbol) [0x00007FF6BAF5FA50]
	(No symbol) [0x00007FF6BAE1B56A]
	(No symbol) [0x00007FF6BAE7737E]
	(No symbol) [0x00007FF6BAE74DCC]
	(No symbol) [0x00007FF6BAE72288]
	(No symbol) [0x00007FF6BAE7149A]
	(No symbol) [0x00007FF6BAE6354E]
	(No symbol) [0x00007FF6BAE9718A]
	(No symbol) [0x00007FF6BAE62E86]
	(No symbol) [0x00007FF6BAE973A0]
	(No symbol) [0x00007FF6BAEB851C]
	(No symbol) [0x00007FF6BAE96F33]
	(No symbol) [0x00007FF6BAE6116F]
	(No symbol) [0x00007FF6BAE622D1]
	GetHandleVerifier [0x00007FF6BB31C96D+3378253]
	GetHandleVerifier [0x00007FF6BB368497+3688311]
	GetHandleVerifier [0x00007FF6BB35D1CB+3642539]
	GetHandleVerifier [0x00007FF6BB0AA6B6+813462]
	(No symbol) [0x00007FF6BAF6AB5F]
	(No symbol) [0x00007FF6BAF66B74]
	(No symbol) [0x00007FF6BAF66D10]
	(No symbol) [0x00007FF6BAF55C1F]
	BaseThreadInitThunk [0x00007FF92EF0257D+29]
	RtlUserThreadStart [0x00007FF93006AF08+40]

]]></error>
		<system-out><![CDATA[Tiempo de espera agotado. El elemento no está presente o no es clickeable.
¡Elemento encontrado y clickeado 3 veces con éxito!
¡Elemento encontrado y clickeado 8 veces con éxito!
¡Elemento encontrado y clickeado 3 veces con éxito!
El texto encontrado es  Estado De Mis Contratos
El texto es visible para el usuario
El texto fue validado correctamente: Contrato 108169
El texto es visible para el usuario
El texto fue validado correctamente: De Maiz
El texto es visible para el usuario: 'De 500.000,00 Kg Pactados'
]]></system-out>
	</testcase>
</testsuite>
