<?xml version="1.0" encoding="UTF-8"?>
<testsuite name="detalle_cto_certificados-20240306110759" tests="1" file=".py" time="61.466" timestamp="2024-03-06T11:09:01" failures="0" errors="1" skipped="0">
	<testcase classname="detalle_cto_certificados" name="test_detail_liquidations" time="61.466" timestamp="2024-03-06T11:09:01" file="CtaCtoDtalCertificados.py" line="22">
		<error type="ElementClickInterceptedException" message="Message: element click intercepted: Element is not clickable at point (292, 795)
  (Session info: chrome=122.0.6261.111)
Stacktrace:
	GetHandleVerifier [0x00007FF78D7EAD22+56930]
	(No symbol) [0x00007FF78D75F622]
	(No symbol) [0x00007FF78D6142E5]
	(No symbol) [0x00007FF78D660A80]
	(No symbol) [0x00007FF78D65E8AB]
	(No symbol) [0x00007FF78D65C0B4]
	(No symbol) [0x00007FF78D65AE45]
	(No symbol) [0x00007FF78D64F798]
	(No symbol) [0x00007FF78D67BC9A]
	(No symbol) [0x00007FF78D64F09A]
	(No symbol) [0x00007FF78D67BEB0]
	(No symbol) [0x00007FF78D6981E2]
	(No symbol) [0x00007FF78D67BA43]
	(No symbol) [0x00007FF78D64D438]
	(No symbol) [0x00007FF78D64E4D1]
	GetHandleVerifier [0x00007FF78DB66AAD+3709933]
	GetHandleVerifier [0x00007FF78DBBFFED+4075821]
	GetHandleVerifier [0x00007FF78DBB817F+4043455]
	GetHandleVerifier [0x00007FF78D889756+706710]
	(No symbol) [0x00007FF78D76B8FF]
	(No symbol) [0x00007FF78D766AE4]
	(No symbol) [0x00007FF78D766C3C]
	(No symbol) [0x00007FF78D7568F4]
	BaseThreadInitThunk [0x00007FFEC8B8257D+29]
	RtlUserThreadStart [0x00007FFECA20AA58+40]
"><![CDATA[Traceback (most recent call last):
  File "c:\Users\luist\repos\Automatizaciones-SILOHUB-\CtaCtoDtalCertificados.py", line 176, in test_detail_liquidations
    click_checkbox_xpaht(self.driver, select_moviments )
  File "c:\Users\luist\repos\Automatizaciones-SILOHUB-\Elements.py", line 373, in click_checkbox_xpaht
    checkbox_element.click()
  File "C:\Users\luist\AppData\Roaming\Python\Python310\site-packages\selenium\webdriver\remote\webelement.py", line 94, in click
    self._execute(Command.CLICK_ELEMENT)
  File "C:\Users\luist\AppData\Roaming\Python\Python310\site-packages\selenium\webdriver\remote\webelement.py", line 395, in _execute
    return self._parent.execute(command, params)
  File "C:\Users\luist\AppData\Roaming\Python\Python310\site-packages\selenium\webdriver\remote\webdriver.py", line 348, in execute
    self.error_handler.check_response(response)
  File "C:\Users\luist\AppData\Roaming\Python\Python310\site-packages\selenium\webdriver\remote\errorhandler.py", line 229, in check_response
    raise exception_class(message, screen, stacktrace)
selenium.common.exceptions.ElementClickInterceptedException: Message: element click intercepted: Element is not clickable at point (292, 795)
  (Session info: chrome=122.0.6261.111)
Stacktrace:
	GetHandleVerifier [0x00007FF78D7EAD22+56930]
	(No symbol) [0x00007FF78D75F622]
	(No symbol) [0x00007FF78D6142E5]
	(No symbol) [0x00007FF78D660A80]
	(No symbol) [0x00007FF78D65E8AB]
	(No symbol) [0x00007FF78D65C0B4]
	(No symbol) [0x00007FF78D65AE45]
	(No symbol) [0x00007FF78D64F798]
	(No symbol) [0x00007FF78D67BC9A]
	(No symbol) [0x00007FF78D64F09A]
	(No symbol) [0x00007FF78D67BEB0]
	(No symbol) [0x00007FF78D6981E2]
	(No symbol) [0x00007FF78D67BA43]
	(No symbol) [0x00007FF78D64D438]
	(No symbol) [0x00007FF78D64E4D1]
	GetHandleVerifier [0x00007FF78DB66AAD+3709933]
	GetHandleVerifier [0x00007FF78DBBFFED+4075821]
	GetHandleVerifier [0x00007FF78DBB817F+4043455]
	GetHandleVerifier [0x00007FF78D889756+706710]
	(No symbol) [0x00007FF78D76B8FF]
	(No symbol) [0x00007FF78D766AE4]
	(No symbol) [0x00007FF78D766C3C]
	(No symbol) [0x00007FF78D7568F4]
	BaseThreadInitThunk [0x00007FFEC8B8257D+29]
	RtlUserThreadStart [0x00007FFECA20AA58+40]

]]></error>
		<system-out><![CDATA[¡Elemento encontrado y clickeado con éxito!
¡Elemento encontrado y clickeado con éxito!
¡Elemento encontrado y clickeado con éxito!
¡Elemento encontrado y clickeado con éxito!
¡Elemento encontrado y clickeado con éxito!
¡Elemento encontrado y clickeado con éxito!
¡Elemento encontrado y clickeado con éxito!
¡Elemento encontrado y clickeado con éxito!
¡Elemento encontrado y clickeado 3 veces con éxito!
¡Elemento encontrado y clickeado 1 veces con éxito!
¡Elemento encontrado y clickeado con éxito!
¡Elemento encontrado y clickeado 2 veces con éxito!
¡Elemento encontrado y clickeado con éxito!
¡Elemento encontrado y clickeado con éxito!
El texto encontrado es  Estado De Mis Contratos
¡Elemento encontrado y clickeado con éxito!
El texto es visible para el usuario
El texto fue validado correctamente: Contrato 108169
El texto es visible para el usuario
El texto fue validado correctamente: De Maiz
El texto no coincide con los valores esperados. Texto actual: '500.000,00 Kg'
¡Elemento encontrado y clickeado con éxito!
El texto es visible para el usuario
El texto fue validado correctamente: Listado de Certificados
El texto es visible para el usuario
El texto fue validado correctamente: Fecha
El texto es visible para el usuario
El texto fue validado correctamente: 21/03/2022
El texto es visible para el usuario
El texto fue validado correctamente: Comprobante
El valor es un carácter numérico. Valor: LA 3320 13812156
El texto es visible para el usuario
El texto fue validado correctamente: Tn Totales
El valor es un carácter numérico. Valor: 271.774
El texto es visible para el usuario
El texto fue validado correctamente: Tn Aplicadas
El valor es un carácter numérico. Valor: 30.203
El texto es visible para el usuario
El texto fue validado correctamente: Planta
El valor es un carácter numérico. Valor: 30.203
]]></system-out>
	</testcase>
</testsuite>
