<?xml version="1.0" encoding="UTF-8"?>
<testsuite name="detalle_ctro_entregaVentas-20240715124254" tests="1" file=".py" time="51.034" timestamp="2024-07-15T12:43:45" failures="0" errors="1" skipped="0">
	<testcase classname="detalle_ctro_entregaVentas" name="test_detail_deriverySales" time="51.034" timestamp="2024-07-15T12:43:45" file="CtaCtoDtalEntVta.py" line="22">
		<error type="ElementClickInterceptedException" message="Message: element click intercepted: Element &lt;div _ngcontent-rge-c207=&quot;&quot; class=&quot;d-flex flew-row mt-2&quot;&gt;...&lt;/div&gt; is not clickable at point (537, 651). Other element would receive the click: &lt;ngb-offcanvas-backdrop class=&quot;offcanvas-backdrop fade show&quot;&gt;&lt;/ngb-offcanvas-backdrop&gt;
  (Session info: chrome=126.0.6478.127)
Stacktrace:
	GetHandleVerifier [0x00007FF623D5EEA2+31554]
	(No symbol) [0x00007FF623CD7ED9]
	(No symbol) [0x00007FF623B9872A]
	(No symbol) [0x00007FF623BF012E]
	(No symbol) [0x00007FF623BEDAF2]
	(No symbol) [0x00007FF623BEAF8B]
	(No symbol) [0x00007FF623BEA156]
	(No symbol) [0x00007FF623BDC151]
	(No symbol) [0x00007FF623C0D02A]
	(No symbol) [0x00007FF623BDBA76]
	(No symbol) [0x00007FF623C0D240]
	(No symbol) [0x00007FF623C2C977]
	(No symbol) [0x00007FF623C0CDD3]
	(No symbol) [0x00007FF623BDA33B]
	(No symbol) [0x00007FF623BDAED1]
	GetHandleVerifier [0x00007FF624068B1D+3217341]
	GetHandleVerifier [0x00007FF6240B5AE3+3532675]
	GetHandleVerifier [0x00007FF6240AB0E0+3489152]
	GetHandleVerifier [0x00007FF623E0E776+750614]
	(No symbol) [0x00007FF623CE375F]
	(No symbol) [0x00007FF623CDEB14]
	(No symbol) [0x00007FF623CDECA2]
	(No symbol) [0x00007FF623CCE16F]
	BaseThreadInitThunk [0x00007FFBD5F8257D+29]
	RtlUserThreadStart [0x00007FFBD704AF28+40]
"><![CDATA[Traceback (most recent call last):
  File "c:\Users\luist\repos\Automatizaciones-SILOHUB-\CtaCtoDtalEntVta.py", line 96, in test_detail_deriverySales
    find_elements(self.driver, selet_list_contract )
  File "c:\Users\luist\repos\Automatizaciones-SILOHUB-\Elements.py", line 23, in find_elements
    select_nex_button.click()
  File "C:\Users\luist\AppData\Roaming\Python\Python310\site-packages\selenium\webdriver\remote\webelement.py", line 94, in click
    self._execute(Command.CLICK_ELEMENT)
  File "C:\Users\luist\AppData\Roaming\Python\Python310\site-packages\selenium\webdriver\remote\webelement.py", line 395, in _execute
    return self._parent.execute(command, params)
  File "C:\Users\luist\AppData\Roaming\Python\Python310\site-packages\selenium\webdriver\remote\webdriver.py", line 348, in execute
    self.error_handler.check_response(response)
  File "C:\Users\luist\AppData\Roaming\Python\Python310\site-packages\selenium\webdriver\remote\errorhandler.py", line 229, in check_response
    raise exception_class(message, screen, stacktrace)
selenium.common.exceptions.ElementClickInterceptedException: Message: element click intercepted: Element <div _ngcontent-rge-c207="" class="d-flex flew-row mt-2">...</div> is not clickable at point (537, 651). Other element would receive the click: <ngb-offcanvas-backdrop class="offcanvas-backdrop fade show"></ngb-offcanvas-backdrop>
  (Session info: chrome=126.0.6478.127)
Stacktrace:
	GetHandleVerifier [0x00007FF623D5EEA2+31554]
	(No symbol) [0x00007FF623CD7ED9]
	(No symbol) [0x00007FF623B9872A]
	(No symbol) [0x00007FF623BF012E]
	(No symbol) [0x00007FF623BEDAF2]
	(No symbol) [0x00007FF623BEAF8B]
	(No symbol) [0x00007FF623BEA156]
	(No symbol) [0x00007FF623BDC151]
	(No symbol) [0x00007FF623C0D02A]
	(No symbol) [0x00007FF623BDBA76]
	(No symbol) [0x00007FF623C0D240]
	(No symbol) [0x00007FF623C2C977]
	(No symbol) [0x00007FF623C0CDD3]
	(No symbol) [0x00007FF623BDA33B]
	(No symbol) [0x00007FF623BDAED1]
	GetHandleVerifier [0x00007FF624068B1D+3217341]
	GetHandleVerifier [0x00007FF6240B5AE3+3532675]
	GetHandleVerifier [0x00007FF6240AB0E0+3489152]
	GetHandleVerifier [0x00007FF623E0E776+750614]
	(No symbol) [0x00007FF623CE375F]
	(No symbol) [0x00007FF623CDEB14]
	(No symbol) [0x00007FF623CDECA2]
	(No symbol) [0x00007FF623CCE16F]
	BaseThreadInitThunk [0x00007FFBD5F8257D+29]
	RtlUserThreadStart [0x00007FFBD704AF28+40]

]]></error>
		<system-out><![CDATA[¡Elemento encontrado y clickeado 3 veces con éxito!
¡Elemento encontrado y clickeado 5 veces con éxito!
¡Elemento encontrado y clickeado 3 veces con éxito!
El texto encontrado es  Estado De Mis Contratos
]]></system-out>
	</testcase>
</testsuite>
