<?xml version="1.0" encoding="UTF-8"?>
<testsuite name="detalle_cto_certificados-20240405153309" tests="1" file=".py" time="77.246" timestamp="2024-04-05T15:34:26" failures="0" errors="0" skipped="0">
	<testcase classname="detalle_cto_certificados" name="test_detail_certificates" time="77.246" timestamp="2024-04-05T15:34:26" file="CtaCtoDtalCertificados.py" line="22">
		<system-out><![CDATA[¡Elemento encontrado y clickeado con éxito!
¡Elemento encontrado y clickeado con éxito!
¡Elemento encontrado y clickeado con éxito!
¡Elemento encontrado y clickeado con éxito!
¡Elemento encontrado y clickeado con éxito!
¡Elemento encontrado y clickeado con éxito!
¡Elemento encontrado y clickeado con éxito!
¡Elemento encontrado y clickeado con éxito!
¡Elemento encontrado y clickeado 3 veces con éxito!
¡Elemento encontrado y clickeado 2 veces con éxito!
¡Elemento encontrado y clickeado con éxito!
¡Elemento encontrado y clickeado 3 veces con éxito!
¡Elemento encontrado y clickeado con éxito!
¡Elemento encontrado y clickeado con éxito!
El texto encontrado es  Estado De Mis Contratos
¡Elemento encontrado y clickeado con éxito!
El texto es visible para el usuario
El texto fue validado correctamente: Contrato 108280
El texto es visible para el usuario
El texto fue validado correctamente: De Maiz
El texto no coincide con los valores esperados. Texto actual: '5.000,00 QQ'
¡Elemento encontrado y clickeado con éxito!
El texto es visible para el usuario
El texto fue validado correctamente: Listado de Certificados
El texto es visible para el usuario
El texto fue validado correctamente: Fecha
El texto es visible para el usuario
El texto fue validado correctamente: 21/03/2022
El texto es visible para el usuario
El texto fue validado correctamente: Comprobante
El valor es un carácter numérico. Valor: LA 3320 13812071
El texto es visible para el usuario
El texto fue validado correctamente: Tn Totales
El valor es un carácter numérico. Valor: 116.112
El texto es visible para el usuario
El texto fue validado correctamente: Tn Aplicadas
El valor es un carácter numérico. Valor: 116.112
El texto es visible para el usuario
El texto fue validado correctamente: Planta
El valor es un carácter numérico. Valor: 8
Checkbox con XPAHT '/html/body/app-root/app-layout/app-vertical/div/div/div/div/app-detail-contract/app-contract-detail-tabs/div/div[3]/app-contract-certificates/app-responsive-table/div/div/table/tbody/tr[1]/th/input' seleccionado con éxito!
¡Elemento encontrado y clickeado con éxito!
]]></system-out>
	</testcase>
</testsuite>
