<?xml version="1.0" encoding="UTF-8"?>
<testsuite name="cuenta_entregas-20240307092754" tests="1" file=".py" time="31.103" timestamp="2024-03-07T09:28:25" failures="0" errors="1" skipped="0">
	<testcase classname="cuenta_entregas" name="test_cuenta_entregas" time="31.103" timestamp="2024-03-07T09:28:25" file="Entregas.py" line="22">
		<error type="ElementClickInterceptedException" message="Message: element click intercepted: Element &lt;img _ngcontent-dic-c151=&quot;&quot; src=&quot;assets/images/grains/maiz.svg&quot;&gt; is not clickable at point (1290, 24). Other element would receive the click: &lt;div _ngcontent-dic-c132=&quot;&quot; class=&quot;navbar-header&quot;&gt;...&lt;/div&gt;
  (Session info: chrome=122.0.6261.111)
Stacktrace:
	GetHandleVerifier [0x00007FF73F62AD22+56930]
	(No symbol) [0x00007FF73F59F622]
	(No symbol) [0x00007FF73F4542E5]
	(No symbol) [0x00007FF73F4A0A80]
	(No symbol) [0x00007FF73F49E8AB]
	(No symbol) [0x00007FF73F49C0B4]
	(No symbol) [0x00007FF73F49AE45]
	(No symbol) [0x00007FF73F48F798]
	(No symbol) [0x00007FF73F4BBC9A]
	(No symbol) [0x00007FF73F48F09A]
	(No symbol) [0x00007FF73F4BBEB0]
	(No symbol) [0x00007FF73F4D81E2]
	(No symbol) [0x00007FF73F4BBA43]
	(No symbol) [0x00007FF73F48D438]
	(No symbol) [0x00007FF73F48E4D1]
	GetHandleVerifier [0x00007FF73F9A6AAD+3709933]
	GetHandleVerifier [0x00007FF73F9FFFED+4075821]
	GetHandleVerifier [0x00007FF73F9F817F+4043455]
	GetHandleVerifier [0x00007FF73F6C9756+706710]
	(No symbol) [0x00007FF73F5AB8FF]
	(No symbol) [0x00007FF73F5A6AE4]
	(No symbol) [0x00007FF73F5A6C3C]
	(No symbol) [0x00007FF73F5968F4]
	BaseThreadInitThunk [0x00007FFEC8B8257D+29]
	RtlUserThreadStart [0x00007FFECA20AA58+40]
"><![CDATA[Traceback (most recent call last):
  File "c:\Users\luist\repos\Automatizaciones-SILOHUB-\Entregas.py", line 58, in test_cuenta_entregas
    find_elements(self.driver, apply_product_filter )
  File "c:\Users\luist\repos\Automatizaciones-SILOHUB-\Elements.py", line 21, in find_elements
    select_nex_button.click()
  File "C:\Users\luist\AppData\Roaming\Python\Python310\site-packages\selenium\webdriver\remote\webelement.py", line 94, in click
    self._execute(Command.CLICK_ELEMENT)
  File "C:\Users\luist\AppData\Roaming\Python\Python310\site-packages\selenium\webdriver\remote\webelement.py", line 395, in _execute
    return self._parent.execute(command, params)
  File "C:\Users\luist\AppData\Roaming\Python\Python310\site-packages\selenium\webdriver\remote\webdriver.py", line 348, in execute
    self.error_handler.check_response(response)
  File "C:\Users\luist\AppData\Roaming\Python\Python310\site-packages\selenium\webdriver\remote\errorhandler.py", line 229, in check_response
    raise exception_class(message, screen, stacktrace)
selenium.common.exceptions.ElementClickInterceptedException: Message: element click intercepted: Element <img _ngcontent-dic-c151="" src="assets/images/grains/maiz.svg"> is not clickable at point (1290, 24). Other element would receive the click: <div _ngcontent-dic-c132="" class="navbar-header">...</div>
  (Session info: chrome=122.0.6261.111)
Stacktrace:
	GetHandleVerifier [0x00007FF73F62AD22+56930]
	(No symbol) [0x00007FF73F59F622]
	(No symbol) [0x00007FF73F4542E5]
	(No symbol) [0x00007FF73F4A0A80]
	(No symbol) [0x00007FF73F49E8AB]
	(No symbol) [0x00007FF73F49C0B4]
	(No symbol) [0x00007FF73F49AE45]
	(No symbol) [0x00007FF73F48F798]
	(No symbol) [0x00007FF73F4BBC9A]
	(No symbol) [0x00007FF73F48F09A]
	(No symbol) [0x00007FF73F4BBEB0]
	(No symbol) [0x00007FF73F4D81E2]
	(No symbol) [0x00007FF73F4BBA43]
	(No symbol) [0x00007FF73F48D438]
	(No symbol) [0x00007FF73F48E4D1]
	GetHandleVerifier [0x00007FF73F9A6AAD+3709933]
	GetHandleVerifier [0x00007FF73F9FFFED+4075821]
	GetHandleVerifier [0x00007FF73F9F817F+4043455]
	GetHandleVerifier [0x00007FF73F6C9756+706710]
	(No symbol) [0x00007FF73F5AB8FF]
	(No symbol) [0x00007FF73F5A6AE4]
	(No symbol) [0x00007FF73F5A6C3C]
	(No symbol) [0x00007FF73F5968F4]
	BaseThreadInitThunk [0x00007FFEC8B8257D+29]
	RtlUserThreadStart [0x00007FFECA20AA58+40]

]]></error>
		<system-out><![CDATA[¡Elemento encontrado y clickeado con éxito!
¡Elemento encontrado y clickeado con éxito!
El texto encontrado es  MIS ENTREGAS
¡Elemento encontrado y clickeado con éxito!
¡Elemento encontrado y clickeado con éxito!
]]></system-out>
	</testcase>
</testsuite>
