<?xml version="1.0" encoding="UTF-8"?>
<testsuite name="cta_entregasAplicadas-20240612154214" tests="1" file=".py" time="131.424" timestamp="2024-06-12T15:44:25" failures="0" errors="1" skipped="0">
	<testcase classname="cta_entregasAplicadas" name="test_delivery_applied" time="131.424" timestamp="2024-06-12T15:44:25" file="EntregasAplicadas.py" line="22">
		<error type="NoSuchElementException" message="Message: no such element: Unable to locate element: {&quot;method&quot;:&quot;xpath&quot;,&quot;selector&quot;:&quot;/html/body/app-root/app-layout/app-vertical/div/div/div/div/app-detail-deliveries/div/app-header-for-detail/div[1]/div&quot;}
  (Session info: chrome=125.0.6422.144); For documentation on this error, please visit: https://www.selenium.dev/documentation/webdriver/troubleshooting/errors#no-such-element-exception
Stacktrace:
	GetHandleVerifier [0x00007FF732961F52+60322]
	(No symbol) [0x00007FF7328DCEC9]
	(No symbol) [0x00007FF732797EBA]
	(No symbol) [0x00007FF7327E7676]
	(No symbol) [0x00007FF7327E773C]
	(No symbol) [0x00007FF73282E967]
	(No symbol) [0x00007FF73280C25F]
	(No symbol) [0x00007FF73282BC80]
	(No symbol) [0x00007FF73280BFC3]
	(No symbol) [0x00007FF7327D9617]
	(No symbol) [0x00007FF7327DA211]
	GetHandleVerifier [0x00007FF732C794AD+3301629]
	GetHandleVerifier [0x00007FF732CC36D3+3605283]
	GetHandleVerifier [0x00007FF732CB9450+3563680]
	GetHandleVerifier [0x00007FF732A14326+790390]
	(No symbol) [0x00007FF7328E750F]
	(No symbol) [0x00007FF7328E3404]
	(No symbol) [0x00007FF7328E3592]
	(No symbol) [0x00007FF7328D2F9F]
	BaseThreadInitThunk [0x00007FFBED37257D+29]
	RtlUserThreadStart [0x00007FFBEECEAA48+40]
"><![CDATA[Traceback (most recent call last):
  File "c:\Users\luist\repos\Automatizaciones-SILOHUB-\EntregasAplicadas.py", line 155, in test_delivery_applied
    validate_text_visible(self.driver, number_TK, number_TK_expected )
  File "c:\Users\luist\repos\Automatizaciones-SILOHUB-\Elements.py", line 1136, in validate_text_visible
    element = driver.find_element(By.XPATH, xpath)
  File "C:\Users\luist\AppData\Roaming\Python\Python310\site-packages\selenium\webdriver\remote\webdriver.py", line 742, in find_element
    return self.execute(Command.FIND_ELEMENT, {"using": by, "value": value})["value"]
  File "C:\Users\luist\AppData\Roaming\Python\Python310\site-packages\selenium\webdriver\remote\webdriver.py", line 348, in execute
    self.error_handler.check_response(response)
  File "C:\Users\luist\AppData\Roaming\Python\Python310\site-packages\selenium\webdriver\remote\errorhandler.py", line 229, in check_response
    raise exception_class(message, screen, stacktrace)
selenium.common.exceptions.NoSuchElementException: Message: no such element: Unable to locate element: {"method":"xpath","selector":"/html/body/app-root/app-layout/app-vertical/div/div/div/div/app-detail-deliveries/div/app-header-for-detail/div[1]/div"}
  (Session info: chrome=125.0.6422.144); For documentation on this error, please visit: https://www.selenium.dev/documentation/webdriver/troubleshooting/errors#no-such-element-exception
Stacktrace:
	GetHandleVerifier [0x00007FF732961F52+60322]
	(No symbol) [0x00007FF7328DCEC9]
	(No symbol) [0x00007FF732797EBA]
	(No symbol) [0x00007FF7327E7676]
	(No symbol) [0x00007FF7327E773C]
	(No symbol) [0x00007FF73282E967]
	(No symbol) [0x00007FF73280C25F]
	(No symbol) [0x00007FF73282BC80]
	(No symbol) [0x00007FF73280BFC3]
	(No symbol) [0x00007FF7327D9617]
	(No symbol) [0x00007FF7327DA211]
	GetHandleVerifier [0x00007FF732C794AD+3301629]
	GetHandleVerifier [0x00007FF732CC36D3+3605283]
	GetHandleVerifier [0x00007FF732CB9450+3563680]
	GetHandleVerifier [0x00007FF732A14326+790390]
	(No symbol) [0x00007FF7328E750F]
	(No symbol) [0x00007FF7328E3404]
	(No symbol) [0x00007FF7328E3592]
	(No symbol) [0x00007FF7328D2F9F]
	BaseThreadInitThunk [0x00007FFBED37257D+29]
	RtlUserThreadStart [0x00007FFBEECEAA48+40]

]]></error>
		<system-out><![CDATA[El texto encontrado es  MIS ENTREGAS
¡Elemento encontrado y clickeado 2 veces con éxito!
¡Elemento encontrado y clickeado 5 veces con éxito!
¡Elemento encontrado y clickeado 2 veces con éxito!
El texto es visible para el usuario: '992.210,00'
El texto es visible para el usuario: '982.676,00'
Tiempo de espera agotado. El elemento no está presente o no es clickeable.
]]></system-out>
	</testcase>
</testsuite>
