<?xml version="1.0" encoding="UTF-8"?>
<testsuite name="cta_entregasAplicadas-20240405164507" tests="1" file=".py" time="85.102" timestamp="2024-04-05T16:46:32" failures="0" errors="0" skipped="0">
	<testcase classname="cta_entregasAplicadas" name="test_delivery_applied" time="85.102" timestamp="2024-04-05T16:46:32" file="EntregasAplicadas.py" line="22">
		<system-out><![CDATA[¡Elemento encontrado y clickeado con éxito!
¡Elemento encontrado y clickeado con éxito!
El texto encontrado es  MIS ENTREGAS
¡Elemento encontrado y clickeado con éxito!
¡Elemento encontrado y clickeado con éxito!
¡Elemento encontrado y clickeado con éxito!
¡Elemento encontrado y clickeado con éxito!
¡Elemento encontrado y clickeado con éxito!
¡Elemento encontrado y clickeado con éxito!
¡Elemento encontrado y clickeado 2 veces con éxito!
¡Elemento encontrado y clickeado 3 veces con éxito!
¡Elemento encontrado y clickeado con éxito!
¡Elemento encontrado y clickeado 1 veces con éxito!
¡Elemento encontrado y clickeado con éxito!
¡Elemento encontrado y clickeado con éxito!
El texto no coincide con los valores esperados. Texto actual: '10.522,10'
El texto es visible para el usuario: '9.826,76'
¡Elemento encontrado y clickeado con éxito!
¡Elemento encontrado y clickeado con éxito!
¡Elemento encontrado y clickeado con éxito!
¡Elemento encontrado y clickeado con éxito!
¡Elemento encontrado y clickeado con éxito!
¡Elemento encontrado y clickeado con éxito!
¡Elemento encontrado y clickeado con éxito!
¡Elemento encontrado y clickeado con éxito!
El texto es visible para el usuario
El texto fue validado correctamente: Entrega TK 9999 00074351
El texto es visible para el usuario: '303,30 QQ'
El texto es visible para el usuario
El texto fue validado correctamente: De Maiz
El texto es visible para el usuario
El texto fue validado correctamente: DATOS DE LA ENTREGA
El texto es visible para el usuario
El texto fue validado correctamente: 23/02/2022
El texto es visible para el usuario
El texto fue validado correctamente: 21/22
El texto es visible para el usuario
El texto fue validado correctamente: JUAN DEMO
El texto es visible para el usuario
El texto fue validado correctamente: 1032 El Rincon
¡Elemento encontrado y clickeado con éxito!
El texto es visible para el usuario
El texto fue validado correctamente: ANÁLISIS
El texto es visible para el usuario
El texto fue validado correctamente: Peso Hectolítrico
El texto es visible para el usuario
El texto fue validado correctamente: 69.961%
¡Elemento encontrado y clickeado con éxito!
¡Elemento encontrado y clickeado con éxito!
]]></system-out>
	</testcase>
</testsuite>
