<?xml version="1.0" encoding="UTF-8"?>
<testsuite name="cta_entregasAplicadas-20240612154525" tests="1" file=".py" time="49.059" timestamp="2024-06-12T15:46:14" failures="0" errors="1" skipped="0">
	<testcase classname="cta_entregasAplicadas" name="test_delivery_applied" time="49.059" timestamp="2024-06-12T15:46:14" file="EntregasAplicadas.py" line="22">
		<error type="ElementClickInterceptedException" message="Message: element click intercepted: Element &lt;input _ngcontent-uec-c225=&quot;&quot; type=&quot;checkbox&quot; class=&quot;form-check-input&quot;&gt; is not clickable at point (292, 428). Other element would receive the click: &lt;ngb-offcanvas-backdrop class=&quot;offcanvas-backdrop fade show&quot;&gt;&lt;/ngb-offcanvas-backdrop&gt;
  (Session info: chrome=125.0.6422.144)
Stacktrace:
	GetHandleVerifier [0x00007FF732961F52+60322]
	(No symbol) [0x00007FF7328DCEC9]
	(No symbol) [0x00007FF732797EBA]
	(No symbol) [0x00007FF7327EF32E]
	(No symbol) [0x00007FF7327ECCF2]
	(No symbol) [0x00007FF7327EA18B]
	(No symbol) [0x00007FF7327E9356]
	(No symbol) [0x00007FF7327DB491]
	(No symbol) [0x00007FF73280C21A]
	(No symbol) [0x00007FF7327DADB6]
	(No symbol) [0x00007FF73280C430]
	(No symbol) [0x00007FF73282BC80]
	(No symbol) [0x00007FF73280BFC3]
	(No symbol) [0x00007FF7327D9617]
	(No symbol) [0x00007FF7327DA211]
	GetHandleVerifier [0x00007FF732C794AD+3301629]
	GetHandleVerifier [0x00007FF732CC36D3+3605283]
	GetHandleVerifier [0x00007FF732CB9450+3563680]
	GetHandleVerifier [0x00007FF732A14326+790390]
	(No symbol) [0x00007FF7328E750F]
	(No symbol) [0x00007FF7328E3404]
	(No symbol) [0x00007FF7328E3592]
	(No symbol) [0x00007FF7328D2F9F]
	BaseThreadInitThunk [0x00007FFBED37257D+29]
	RtlUserThreadStart [0x00007FFBEECEAA48+40]
"><![CDATA[Traceback (most recent call last):
  File "c:\Users\luist\repos\Automatizaciones-SILOHUB-\EntregasAplicadas.py", line 119, in test_delivery_applied
    find_elements(self.driver, select_movements2 )
  File "c:\Users\luist\repos\Automatizaciones-SILOHUB-\Elements.py", line 22, in find_elements
    select_nex_button.click()
  File "C:\Users\luist\AppData\Roaming\Python\Python310\site-packages\selenium\webdriver\remote\webelement.py", line 94, in click
    self._execute(Command.CLICK_ELEMENT)
  File "C:\Users\luist\AppData\Roaming\Python\Python310\site-packages\selenium\webdriver\remote\webelement.py", line 395, in _execute
    return self._parent.execute(command, params)
  File "C:\Users\luist\AppData\Roaming\Python\Python310\site-packages\selenium\webdriver\remote\webdriver.py", line 348, in execute
    self.error_handler.check_response(response)
  File "C:\Users\luist\AppData\Roaming\Python\Python310\site-packages\selenium\webdriver\remote\errorhandler.py", line 229, in check_response
    raise exception_class(message, screen, stacktrace)
selenium.common.exceptions.ElementClickInterceptedException: Message: element click intercepted: Element <input _ngcontent-uec-c225="" type="checkbox" class="form-check-input"> is not clickable at point (292, 428). Other element would receive the click: <ngb-offcanvas-backdrop class="offcanvas-backdrop fade show"></ngb-offcanvas-backdrop>
  (Session info: chrome=125.0.6422.144)
Stacktrace:
	GetHandleVerifier [0x00007FF732961F52+60322]
	(No symbol) [0x00007FF7328DCEC9]
	(No symbol) [0x00007FF732797EBA]
	(No symbol) [0x00007FF7327EF32E]
	(No symbol) [0x00007FF7327ECCF2]
	(No symbol) [0x00007FF7327EA18B]
	(No symbol) [0x00007FF7327E9356]
	(No symbol) [0x00007FF7327DB491]
	(No symbol) [0x00007FF73280C21A]
	(No symbol) [0x00007FF7327DADB6]
	(No symbol) [0x00007FF73280C430]
	(No symbol) [0x00007FF73282BC80]
	(No symbol) [0x00007FF73280BFC3]
	(No symbol) [0x00007FF7327D9617]
	(No symbol) [0x00007FF7327DA211]
	GetHandleVerifier [0x00007FF732C794AD+3301629]
	GetHandleVerifier [0x00007FF732CC36D3+3605283]
	GetHandleVerifier [0x00007FF732CB9450+3563680]
	GetHandleVerifier [0x00007FF732A14326+790390]
	(No symbol) [0x00007FF7328E750F]
	(No symbol) [0x00007FF7328E3404]
	(No symbol) [0x00007FF7328E3592]
	(No symbol) [0x00007FF7328D2F9F]
	BaseThreadInitThunk [0x00007FFBED37257D+29]
	RtlUserThreadStart [0x00007FFBEECEAA48+40]

]]></error>
		<system-out><![CDATA[El texto encontrado es  MIS ENTREGAS
¡Elemento encontrado y clickeado 2 veces con éxito!
¡Elemento encontrado y clickeado 5 veces con éxito!
¡Elemento encontrado y clickeado 2 veces con éxito!
El texto es visible para el usuario: '992.210,00'
El texto es visible para el usuario: '982.676,00'
]]></system-out>
	</testcase>
</testsuite>
