<?xml version="1.0" encoding="UTF-8"?>
<testsuite name="cta_entregasAplicadas-20240517161454" tests="1" file=".py" time="50.157" timestamp="2024-05-17T16:15:45" failures="0" errors="1" skipped="0">
	<testcase classname="cta_entregasAplicadas" name="test_delivery_applied" time="50.157" timestamp="2024-05-17T16:15:45" file="EntregasAplicadas.py" line="22">
		<error type="ElementClickInterceptedException" message="Message: element click intercepted: Element &lt;input _ngcontent-kjb-c224=&quot;&quot; type=&quot;checkbox&quot; class=&quot;form-check-input&quot;&gt; is not clickable at point (292, 401). Other element would receive the click: &lt;ngb-offcanvas-backdrop class=&quot;offcanvas-backdrop fade show&quot;&gt;&lt;/ngb-offcanvas-backdrop&gt;
  (Session info: chrome=125.0.6422.60)
Stacktrace:
	GetHandleVerifier [0x00007FF6C57D22C2+60002]
	(No symbol) [0x00007FF6C574CA59]
	(No symbol) [0x00007FF6C5607EDA]
	(No symbol) [0x00007FF6C565F39E]
	(No symbol) [0x00007FF6C565CD62]
	(No symbol) [0x00007FF6C565A1FB]
	(No symbol) [0x00007FF6C56593C6]
	(No symbol) [0x00007FF6C564B4D1]
	(No symbol) [0x00007FF6C567C28A]
	(No symbol) [0x00007FF6C564ADF6]
	(No symbol) [0x00007FF6C567C4A0]
	(No symbol) [0x00007FF6C569BCC7]
	(No symbol) [0x00007FF6C567C033]
	(No symbol) [0x00007FF6C5649657]
	(No symbol) [0x00007FF6C564A251]
	GetHandleVerifier [0x00007FF6C5AE3E2D+3278285]
	GetHandleVerifier [0x00007FF6C5B30190+3590448]
	GetHandleVerifier [0x00007FF6C5B261D0+3549552]
	GetHandleVerifier [0x00007FF6C5881DE6+779654]
	(No symbol) [0x00007FF6C5757ACF]
	(No symbol) [0x00007FF6C5752EE4]
	(No symbol) [0x00007FF6C5753072]
	(No symbol) [0x00007FF6C5742C4F]
	BaseThreadInitThunk [0x00007FFAAEB4257D+29]
	RtlUserThreadStart [0x00007FFAAFA8AA48+40]
"><![CDATA[Traceback (most recent call last):
  File "c:\Users\luist\repos\Automatizaciones-SILOHUB-\EntregasAplicadas.py", line 119, in test_delivery_applied
    find_elements(self.driver, select_movements2 )
  File "c:\Users\luist\repos\Automatizaciones-SILOHUB-\Elements.py", line 22, in find_elements
    select_nex_button.click()
  File "C:\Users\luist\AppData\Roaming\Python\Python310\site-packages\selenium\webdriver\remote\webelement.py", line 94, in click
    self._execute(Command.CLICK_ELEMENT)
  File "C:\Users\luist\AppData\Roaming\Python\Python310\site-packages\selenium\webdriver\remote\webelement.py", line 395, in _execute
    return self._parent.execute(command, params)
  File "C:\Users\luist\AppData\Roaming\Python\Python310\site-packages\selenium\webdriver\remote\webdriver.py", line 348, in execute
    self.error_handler.check_response(response)
  File "C:\Users\luist\AppData\Roaming\Python\Python310\site-packages\selenium\webdriver\remote\errorhandler.py", line 229, in check_response
    raise exception_class(message, screen, stacktrace)
selenium.common.exceptions.ElementClickInterceptedException: Message: element click intercepted: Element <input _ngcontent-kjb-c224="" type="checkbox" class="form-check-input"> is not clickable at point (292, 401). Other element would receive the click: <ngb-offcanvas-backdrop class="offcanvas-backdrop fade show"></ngb-offcanvas-backdrop>
  (Session info: chrome=125.0.6422.60)
Stacktrace:
	GetHandleVerifier [0x00007FF6C57D22C2+60002]
	(No symbol) [0x00007FF6C574CA59]
	(No symbol) [0x00007FF6C5607EDA]
	(No symbol) [0x00007FF6C565F39E]
	(No symbol) [0x00007FF6C565CD62]
	(No symbol) [0x00007FF6C565A1FB]
	(No symbol) [0x00007FF6C56593C6]
	(No symbol) [0x00007FF6C564B4D1]
	(No symbol) [0x00007FF6C567C28A]
	(No symbol) [0x00007FF6C564ADF6]
	(No symbol) [0x00007FF6C567C4A0]
	(No symbol) [0x00007FF6C569BCC7]
	(No symbol) [0x00007FF6C567C033]
	(No symbol) [0x00007FF6C5649657]
	(No symbol) [0x00007FF6C564A251]
	GetHandleVerifier [0x00007FF6C5AE3E2D+3278285]
	GetHandleVerifier [0x00007FF6C5B30190+3590448]
	GetHandleVerifier [0x00007FF6C5B261D0+3549552]
	GetHandleVerifier [0x00007FF6C5881DE6+779654]
	(No symbol) [0x00007FF6C5757ACF]
	(No symbol) [0x00007FF6C5752EE4]
	(No symbol) [0x00007FF6C5753072]
	(No symbol) [0x00007FF6C5742C4F]
	BaseThreadInitThunk [0x00007FFAAEB4257D+29]
	RtlUserThreadStart [0x00007FFAAFA8AA48+40]

]]></error>
		<system-out><![CDATA[El texto encontrado es  MIS ENTREGAS
¡Elemento encontrado y clickeado 2 veces con éxito!
¡Elemento encontrado y clickeado 4 veces con éxito!
¡Elemento encontrado y clickeado 2 veces con éxito!
El texto no coincide con los valores esperados. Texto actual: '192.500,60'
El texto no coincide con los valores esperados. Texto actual: '187.237,45'
]]></system-out>
	</testcase>
</testsuite>
