<?xml version="1.0" encoding="UTF-8"?>
<testsuite name="cuenta_entregas-20240517160549" tests="2" file=".py" time="54.285" timestamp="2024-05-17T16:06:43" failures="0" errors="2" skipped="0">
	<testcase classname="cuenta_entregas" name="test_cuenta_entregas" time="0.000" timestamp="0001-01-01T00:00:00" file="Entregas.py" line="22">
		<error type="NoSuchWindowException" message="Message: no such window: target window already closed
from unknown error: web view not found
  (Session info: chrome=125.0.6422.60)
Stacktrace:
	GetHandleVerifier [0x00007FF6C57D22C2+60002]
	(No symbol) [0x00007FF6C574CA59]
	(No symbol) [0x00007FF6C5607EDA]
	(No symbol) [0x00007FF6C55DD5B5]
	(No symbol) [0x00007FF6C5683727]
	(No symbol) [0x00007FF6C569B3A1]
	(No symbol) [0x00007FF6C567C033]
	(No symbol) [0x00007FF6C5649657]
	(No symbol) [0x00007FF6C564A251]
	GetHandleVerifier [0x00007FF6C5AE3E2D+3278285]
	GetHandleVerifier [0x00007FF6C5B30190+3590448]
	GetHandleVerifier [0x00007FF6C5B261D0+3549552]
	GetHandleVerifier [0x00007FF6C5881DE6+779654]
	(No symbol) [0x00007FF6C5757ACF]
	(No symbol) [0x00007FF6C5752EE4]
	(No symbol) [0x00007FF6C5753072]
	(No symbol) [0x00007FF6C5742C4F]
	BaseThreadInitThunk [0x00007FFAAEB4257D+29]
	RtlUserThreadStart [0x00007FFAAFA8AA48+40]
"><![CDATA[Traceback (most recent call last):
  File "c:\Users\luist\repos\Automatizaciones-SILOHUB-\Entregas.py", line 106, in test_cuenta_entregas
    validate_chain_text_xpaht(self.driver, tn_bruto, tn_bruto_expected )
  File "c:\Users\luist\repos\Automatizaciones-SILOHUB-\Elements.py", line 1076, in validate_chain_text_xpaht
    text_element = WebDriverWait(driver, 10).until(
  File "C:\Users\luist\AppData\Roaming\Python\Python310\site-packages\selenium\webdriver\support\wait.py", line 96, in until
    value = method(self._driver)
  File "C:\Users\luist\AppData\Roaming\Python\Python310\site-packages\selenium\webdriver\support\expected_conditions.py", line 156, in _predicate
    return _element_if_visible(driver.find_element(*locator))
  File "C:\Users\luist\AppData\Roaming\Python\Python310\site-packages\selenium\webdriver\remote\webdriver.py", line 742, in find_element
    return self.execute(Command.FIND_ELEMENT, {"using": by, "value": value})["value"]
  File "C:\Users\luist\AppData\Roaming\Python\Python310\site-packages\selenium\webdriver\remote\webdriver.py", line 348, in execute
    self.error_handler.check_response(response)
  File "C:\Users\luist\AppData\Roaming\Python\Python310\site-packages\selenium\webdriver\remote\errorhandler.py", line 229, in check_response
    raise exception_class(message, screen, stacktrace)
selenium.common.exceptions.NoSuchWindowException: Message: no such window: target window already closed
from unknown error: web view not found
  (Session info: chrome=125.0.6422.60)
Stacktrace:
	GetHandleVerifier [0x00007FF6C57D22C2+60002]
	(No symbol) [0x00007FF6C574CA59]
	(No symbol) [0x00007FF6C5607EDA]
	(No symbol) [0x00007FF6C55DD5B5]
	(No symbol) [0x00007FF6C5683727]
	(No symbol) [0x00007FF6C569B3A1]
	(No symbol) [0x00007FF6C567C033]
	(No symbol) [0x00007FF6C5649657]
	(No symbol) [0x00007FF6C564A251]
	GetHandleVerifier [0x00007FF6C5AE3E2D+3278285]
	GetHandleVerifier [0x00007FF6C5B30190+3590448]
	GetHandleVerifier [0x00007FF6C5B261D0+3549552]
	GetHandleVerifier [0x00007FF6C5881DE6+779654]
	(No symbol) [0x00007FF6C5757ACF]
	(No symbol) [0x00007FF6C5752EE4]
	(No symbol) [0x00007FF6C5753072]
	(No symbol) [0x00007FF6C5742C4F]
	BaseThreadInitThunk [0x00007FFAAEB4257D+29]
	RtlUserThreadStart [0x00007FFAAFA8AA48+40]

]]></error>
		<system-out><![CDATA[El texto encontrado es  MIS ENTREGAS
¡Elemento encontrado y clickeado 5 veces con éxito!
¡Elemento encontrado y clickeado 3 veces con éxito!
¡Elemento encontrado y clickeado 1 veces con éxito!
]]></system-out>
	</testcase>
	<testcase classname="cuenta_entregas" name="test_cuenta_entregas" time="54.285" timestamp="2024-05-17T16:06:43" file="Entregas.py" line="22">
		<error type="WebDriverException" message="Message: disconnected: not connected to DevTools
  (failed to check if window was closed: disconnected: not connected to DevTools)
  (Session info: chrome=125.0.6422.60)
Stacktrace:
	GetHandleVerifier [0x00007FF6C57D22C2+60002]
	(No symbol) [0x00007FF6C574CA59]
	(No symbol) [0x00007FF6C5607EDA]
	(No symbol) [0x00007FF6C55EE05F]
	(No symbol) [0x00007FF6C55EEBCF]
	(No symbol) [0x00007FF6C5608503]
	(No symbol) [0x00007FF6C55DD09C]
	(No symbol) [0x00007FF6C568A824]
	(No symbol) [0x00007FF6C567C250]
	(No symbol) [0x00007FF6C5649657]
	(No symbol) [0x00007FF6C564A251]
	GetHandleVerifier [0x00007FF6C5AE3E2D+3278285]
	GetHandleVerifier [0x00007FF6C5B30190+3590448]
	GetHandleVerifier [0x00007FF6C5B261D0+3549552]
	GetHandleVerifier [0x00007FF6C5881DE6+779654]
	(No symbol) [0x00007FF6C5757ACF]
	(No symbol) [0x00007FF6C5752EE4]
	(No symbol) [0x00007FF6C5753072]
	(No symbol) [0x00007FF6C5742C4F]
	BaseThreadInitThunk [0x00007FFAAEB4257D+29]
	RtlUserThreadStart [0x00007FFAAFA8AA48+40]
"><![CDATA[Traceback (most recent call last):
  File "c:\Users\luist\repos\Automatizaciones-SILOHUB-\Entregas.py", line 233, in tearDown
    self.driver.close()
  File "C:\Users\luist\AppData\Roaming\Python\Python310\site-packages\selenium\webdriver\remote\webdriver.py", line 459, in close
    self.execute(Command.CLOSE)
  File "C:\Users\luist\AppData\Roaming\Python\Python310\site-packages\selenium\webdriver\remote\webdriver.py", line 348, in execute
    self.error_handler.check_response(response)
  File "C:\Users\luist\AppData\Roaming\Python\Python310\site-packages\selenium\webdriver\remote\errorhandler.py", line 229, in check_response
    raise exception_class(message, screen, stacktrace)
selenium.common.exceptions.WebDriverException: Message: disconnected: not connected to DevTools
  (failed to check if window was closed: disconnected: not connected to DevTools)
  (Session info: chrome=125.0.6422.60)
Stacktrace:
	GetHandleVerifier [0x00007FF6C57D22C2+60002]
	(No symbol) [0x00007FF6C574CA59]
	(No symbol) [0x00007FF6C5607EDA]
	(No symbol) [0x00007FF6C55EE05F]
	(No symbol) [0x00007FF6C55EEBCF]
	(No symbol) [0x00007FF6C5608503]
	(No symbol) [0x00007FF6C55DD09C]
	(No symbol) [0x00007FF6C568A824]
	(No symbol) [0x00007FF6C567C250]
	(No symbol) [0x00007FF6C5649657]
	(No symbol) [0x00007FF6C564A251]
	GetHandleVerifier [0x00007FF6C5AE3E2D+3278285]
	GetHandleVerifier [0x00007FF6C5B30190+3590448]
	GetHandleVerifier [0x00007FF6C5B261D0+3549552]
	GetHandleVerifier [0x00007FF6C5881DE6+779654]
	(No symbol) [0x00007FF6C5757ACF]
	(No symbol) [0x00007FF6C5752EE4]
	(No symbol) [0x00007FF6C5753072]
	(No symbol) [0x00007FF6C5742C4F]
	BaseThreadInitThunk [0x00007FFAAEB4257D+29]
	RtlUserThreadStart [0x00007FFAAFA8AA48+40]

]]></error>
		<system-out><![CDATA[El texto encontrado es  MIS ENTREGAS
¡Elemento encontrado y clickeado 5 veces con éxito!
¡Elemento encontrado y clickeado 3 veces con éxito!
¡Elemento encontrado y clickeado 1 veces con éxito!
]]></system-out>
	</testcase>
</testsuite>
