<?xml version="1.0" encoding="UTF-8"?>
<testsuite name="cta_entregasAplicadas-20240715175316" tests="1" file=".py" time="83.080" timestamp="2024-07-15T17:54:39" failures="0" errors="0" skipped="0">
	<testcase classname="cta_entregasAplicadas" name="test_delivery_applied" time="83.080" timestamp="2024-07-15T17:54:39" file="EntregasAplicadas.py" line="22">
		<system-out><![CDATA[El texto encontrado es  MIS ENTREGAS
¡Elemento encontrado y clickeado 2 veces con éxito!
¡Elemento encontrado y clickeado 6 veces con éxito!
¡Elemento encontrado y clickeado 2 veces con éxito!
El texto es visible para el usuario: '992,21'
El texto es visible para el usuario: '982,68'
El texto es visible para el usuario
El texto fue validado correctamente: Entrega TK 9999 00074351
El texto es visible para el usuario: '30,33 Tn'
El texto es visible para el usuario
El texto fue validado correctamente: De Maiz
El texto es visible para el usuario
El texto fue validado correctamente: DATOS DE LA ENTREGA
El texto es visible para el usuario
El texto fue validado correctamente: 23/02/2022
El texto es visible para el usuario
El texto fue validado correctamente: 21/22
El texto es visible para el usuario
El texto fue validado correctamente: JUAN DEMO
El texto es visible para el usuario
El texto fue validado correctamente: 1032 El Rincon
El texto es visible para el usuario
El texto fue validado correctamente: ANÁLISIS
El texto es visible para el usuario
El texto fue validado correctamente: Peso Hectolítrico
El texto es visible para el usuario
El texto fue validado correctamente: 69.961%
]]></system-out>
	</testcase>
</testsuite>
