<?xml version="1.0" encoding="UTF-8"?>
<testsuite name="entregas_facturados-20241024112605" tests="2" file=".py" time="29.288" timestamp="2024-10-24T11:26:35" failures="0" errors="2" skipped="0">
	<testcase classname="entregas_facturados" name="test_delivery_applied" time="0.000" timestamp="0001-01-01T00:00:00" file="EntregasFacturados.py" line="23">
		<error type="AttributeError" message="'NoneType' object has no attribute 'is_displayed'"><![CDATA[Traceback (most recent call last):
  File "c:\Users\luist\repos\Automatizaciones_M-dulos-\EntregasFacturados.py", line 47, in test_delivery_applied
    find_elements(self.driver, selct_filter )
  File "c:\Users\luist\repos\Automatizaciones_M-dulos-\Elements.py", line 19, in find_elements
    select_nex_button = WebDriverWait(driver, 10).until(
  File "C:\Users\luist\AppData\Roaming\Python\Python310\site-packages\selenium\webdriver\support\wait.py", line 96, in until
    value = method(self._driver)
  File "C:\Users\luist\AppData\Roaming\Python\Python310\site-packages\selenium\webdriver\support\expected_conditions.py", line 364, in _predicate
    element = visibility_of(target)(driver)
  File "C:\Users\luist\AppData\Roaming\Python\Python310\site-packages\selenium\webdriver\support\expected_conditions.py", line 173, in _predicate
    return _element_if_visible(element)
  File "C:\Users\luist\AppData\Roaming\Python\Python310\site-packages\selenium\webdriver\support\expected_conditions.py", line 179, in _element_if_visible
    return element if element.is_displayed() == visibility else False
AttributeError: 'NoneType' object has no attribute 'is_displayed'
]]></error>
		<system-out><![CDATA[El texto no fue encontrado MIS ENTREGAS
]]></system-out>
	</testcase>
	<testcase classname="entregas_facturados" name="test_delivery_applied" time="29.288" timestamp="2024-10-24T11:26:35" file="EntregasFacturados.py" line="23">
		<error type="NoSuchWindowException" message="Message: no such window: target window already closed
from unknown error: web view not found
  (Session info: chrome=130.0.6723.59)
Stacktrace:
	GetHandleVerifier [0x00007FF743293AB5+28005]
	(No symbol) [0x00007FF7431F83B0]
	(No symbol) [0x00007FF74309580A]
	(No symbol) [0x00007FF74306FA85]
	(No symbol) [0x00007FF743112AD7]
	(No symbol) [0x00007FF743119D48]
	(No symbol) [0x00007FF74310BA00]
	(No symbol) [0x00007FF7430D75C8]
	(No symbol) [0x00007FF7430D8731]
	GetHandleVerifier [0x00007FF74358643D+3118829]
	GetHandleVerifier [0x00007FF7435D6C90+3448640]
	GetHandleVerifier [0x00007FF7435CCF0D+3408317]
	GetHandleVerifier [0x00007FF74335A40B+841403]
	(No symbol) [0x00007FF74320340F]
	(No symbol) [0x00007FF7431FF484]
	(No symbol) [0x00007FF7431FF61D]
	(No symbol) [0x00007FF7431EEB79]
	BaseThreadInitThunk [0x00007FF8AAC1257D+29]
	RtlUserThreadStart [0x00007FF8ABB0AF08+40]
"><![CDATA[Traceback (most recent call last):
  File "c:\Users\luist\repos\Automatizaciones_M-dulos-\EntregasFacturados.py", line 208, in tearDown
    self.driver.close()
  File "C:\Users\luist\AppData\Roaming\Python\Python310\site-packages\selenium\webdriver\remote\webdriver.py", line 465, in close
    self.execute(Command.CLOSE)
  File "C:\Users\luist\AppData\Roaming\Python\Python310\site-packages\selenium\webdriver\remote\webdriver.py", line 354, in execute
    self.error_handler.check_response(response)
  File "C:\Users\luist\AppData\Roaming\Python\Python310\site-packages\selenium\webdriver\remote\errorhandler.py", line 229, in check_response
    raise exception_class(message, screen, stacktrace)
selenium.common.exceptions.NoSuchWindowException: Message: no such window: target window already closed
from unknown error: web view not found
  (Session info: chrome=130.0.6723.59)
Stacktrace:
	GetHandleVerifier [0x00007FF743293AB5+28005]
	(No symbol) [0x00007FF7431F83B0]
	(No symbol) [0x00007FF74309580A]
	(No symbol) [0x00007FF74306FA85]
	(No symbol) [0x00007FF743112AD7]
	(No symbol) [0x00007FF743119D48]
	(No symbol) [0x00007FF74310BA00]
	(No symbol) [0x00007FF7430D75C8]
	(No symbol) [0x00007FF7430D8731]
	GetHandleVerifier [0x00007FF74358643D+3118829]
	GetHandleVerifier [0x00007FF7435D6C90+3448640]
	GetHandleVerifier [0x00007FF7435CCF0D+3408317]
	GetHandleVerifier [0x00007FF74335A40B+841403]
	(No symbol) [0x00007FF74320340F]
	(No symbol) [0x00007FF7431FF484]
	(No symbol) [0x00007FF7431FF61D]
	(No symbol) [0x00007FF7431EEB79]
	BaseThreadInitThunk [0x00007FF8AAC1257D+29]
	RtlUserThreadStart [0x00007FF8ABB0AF08+40]

]]></error>
		<system-out><![CDATA[El texto no fue encontrado MIS ENTREGAS
]]></system-out>
	</testcase>
</testsuite>
