<?xml version="1.0" encoding="UTF-8"?>
<testsuite name="cta_entregasAplicadas-20240612155248" tests="1" file=".py" time="81.388" timestamp="2024-06-12T15:54:09" failures="0" errors="0" skipped="0">
	<testcase classname="cta_entregasAplicadas" name="test_delivery_applied" time="81.388" timestamp="2024-06-12T15:54:09" file="EntregasAplicadas.py" line="22">
		<system-out><![CDATA[El texto encontrado es  MIS ENTREGAS
¡Elemento encontrado y clickeado 2 veces con éxito!
¡Elemento encontrado y clickeado 5 veces con éxito!
¡Elemento encontrado y clickeado 2 veces con éxito!
El texto es visible para el usuario: '992.210,00'
El texto es visible para el usuario: '982.676,00'
El texto es visible para el usuario
El texto fue validado correctamente: Entrega TK 9999 00074351
El texto es visible para el usuario: '30.330,00 Kg'
El texto es visible para el usuario
El texto fue validado correctamente: De Maiz
El texto es visible para el usuario
El texto fue validado correctamente: DATOS DE LA ENTREGA
El texto es visible para el usuario
El texto fue validado correctamente: 23/02/2022
El texto es visible para el usuario
El texto fue validado correctamente: 21/22
El texto es visible para el usuario
El texto fue validado correctamente: JUAN DEMO
El texto es visible para el usuario
El texto fue validado correctamente: 1032 El Rincon
El texto es visible para el usuario
El texto fue validado correctamente: ANÁLISIS
El texto es visible para el usuario
El texto fue validado correctamente: Peso Hectolítrico
El texto es visible para el usuario
El texto fue validado correctamente: 69.961%
]]></system-out>
	</testcase>
</testsuite>
